

================================================================
== Synthesis Summary Report of 'runge_kutta_45'
================================================================
+ General Information: 
    * Date:           Mon Jun 26 15:21:43 2023
    * Version:        2022.1 (Build 3526262 on Mon Apr 18 15:47:01 MDT 2022)
    * Project:        rk45_vitis
    * Solution:       solution1 (Vivado IP Flow Target)
    * Product family: zynq
    * Target device:  xc7z020-clg400-1
    

+ Performance & Resource Estimates: 
    
    PS: '+' for module; 'o' for loop; '*' for dataflow
    +--------------------------------------------------+------+-------+------------+-----------+----------+---------+-------+----------+-----------+----------+-------------+-------------+-----+
    |                      Modules                     | Issue|       |  Latency   |  Latency  | Iteration|         |  Trip |          |           |          |             |             |     |
    |                      & Loops                     | Type | Slack |  (cycles)  |    (ns)   |  Latency | Interval| Count | Pipelined|   BRAM    |    DSP   |      FF     |     LUT     | URAM|
    +--------------------------------------------------+------+-------+------------+-----------+----------+---------+-------+----------+-----------+----------+-------------+-------------+-----+
    |+ runge_kutta_45                                  |     -|   0.00|           -|          -|         -|        -|      -|        no|  207 (73%)|  61 (27%)|  22572 (21%)|  42684 (80%)|    -|
    | + ap_fixed_base                                  |    II|  55.52|           0|      0.000|         -|        1|      -|       yes|          -|         -|            -|    1019 (1%)|    -|
    | + ap_fixed_base                                  |    II|  55.52|           0|      0.000|         -|        1|      -|       yes|          -|         -|            -|    1019 (1%)|    -|
    | + ap_fixed_base                                  |    II|  55.52|           0|      0.000|         -|        1|      -|       yes|          -|         -|            -|    1019 (1%)|    -|
    | + runge_kutta_45_Pipeline_VITIS_LOOP_119_1       |     -|   0.00|           9|    900.000|         -|        9|      -|        no|          -|         -|    210 (~0%)|     95 (~0%)|    -|
    |  o VITIS_LOOP_119_1                              |     -|  73.00|           7|    700.000|         3|        1|      6|       yes|          -|         -|            -|            -|    -|
    |   + ap_fixed_base                                |    II|  55.52|           0|      0.000|         -|        1|      -|       yes|          -|         -|            -|    1019 (1%)|    -|
    | + runge_kutta_45_Pipeline_last_axi_write_yy      |     -|   0.00|           -|          -|         -|        -|      -|        no|          -|         -|    168 (~0%)|    1855 (3%)|    -|
    |  o last_axi_write_yy                             |     -|  73.00|           -|          -|         3|        1|      -|       yes|          -|         -|            -|            -|    -|
    | + runge_kutta_45_Pipeline_last_axi_write_tt      |     -|   0.00|           -|          -|         -|        -|      -|        no|          -|         -|    252 (~0%)|    2399 (4%)|    -|
    |  o last_axi_write_tt                             |     -|  73.00|           -|          -|         8|        1|      -|       yes|          -|         -|            -|            -|    -|
    | o main_loop                                      |     -|  73.00|  1703500064|  1.704e+11|     34070|        -|  50000|        no|          -|         -|            -|            -|    -|
    |  + runge_kutta_45_Pipeline_axi_write_yy          |     -|   0.00|       24579|  2.458e+06|         -|    24579|      -|        no|          -|         -|    151 (~0%)|    1830 (3%)|    -|
    |   o axi_write_yy                                 |     -|  73.00|       24577|  2.458e+06|         3|        1|  24576|       yes|          -|         -|            -|            -|    -|
    |  + runge_kutta_45_Pipeline_axi_write_tt          |     -|   0.00|        4099|  4.099e+05|         -|     4099|      -|        no|          -|         -|    149 (~0%)|    1824 (3%)|    -|
    |   o axi_write_tt                                 |     -|  73.00|        4097|  4.097e+05|         3|        1|   4096|       yes|          -|         -|            -|            -|    -|
    |  + runge_kutta_45_Pipeline_4                     |     -|  67.80|           5|    500.000|         -|        5|      -|        no|          -|         -|    262 (~0%)|    105 (~0%)|    -|
    |   o Loop 1                                       |     -|  73.00|           3|    300.000|         2|        1|      3|       yes|          -|         -|            -|            -|    -|
    |  + runge_kutta_45_Pipeline_6                     |     -|  69.10|           5|    500.000|         -|        5|      -|        no|          -|         -|    262 (~0%)|     85 (~0%)|    -|
    |   o Loop 1                                       |     -|  73.00|           3|    300.000|         2|        1|      3|       yes|          -|         -|            -|            -|    -|
    |  + runge_kutta_45_Pipeline_5                     |     -|  66.15|           5|    500.000|         -|        5|      -|        no|          -|         -|    262 (~0%)|    116 (~0%)|    -|
    |   o Loop 1                                       |     -|  73.00|           3|    300.000|         2|        1|      3|       yes|          -|         -|            -|            -|    -|
    |  + runge_kutta_45_Pipeline_7                     |     -|  69.04|           5|    500.000|         -|        5|      -|        no|          -|         -|    262 (~0%)|     96 (~0%)|    -|
    |   o Loop 1                                       |     -|  73.00|           3|    300.000|         2|        1|      3|       yes|          -|         -|            -|            -|    -|
    |  + runge_kutta_45_Pipeline_10                    |     -|  68.04|           5|    500.000|         -|        5|      -|        no|          -|         -|      4 (~0%)|     59 (~0%)|    -|
    |   o Loop 1                                       |     -|  73.00|           3|    300.000|         1|        1|      3|       yes|          -|         -|            -|            -|    -|
    |  + runge_kutta_45_Pipeline_11                    |     -|  68.04|           5|    500.000|         -|        5|      -|        no|          -|         -|      4 (~0%)|     70 (~0%)|    -|
    |   o Loop 1                                       |     -|  73.00|           3|    300.000|         1|        1|      3|       yes|          -|         -|            -|            -|    -|
    |  + runge_kutta_45_Pipeline_21                    |     -|  67.80|           5|    500.000|         -|        5|      -|        no|          -|         -|    262 (~0%)|    105 (~0%)|    -|
    |   o Loop 1                                       |     -|  73.00|           3|    300.000|         2|        1|      3|       yes|          -|         -|            -|            -|    -|
    |  + runge_kutta_45_Pipeline_23                    |     -|  69.10|           5|    500.000|         -|        5|      -|        no|          -|         -|    262 (~0%)|     85 (~0%)|    -|
    |   o Loop 1                                       |     -|  73.00|           3|    300.000|         2|        1|      3|       yes|          -|         -|            -|            -|    -|
    |  + runge_kutta_45_Pipeline_22                    |     -|  66.15|           5|    500.000|         -|        5|      -|        no|          -|         -|    262 (~0%)|    116 (~0%)|    -|
    |   o Loop 1                                       |     -|  73.00|           3|    300.000|         2|        1|      3|       yes|          -|         -|            -|            -|    -|
    |  + runge_kutta_45_Pipeline_24                    |     -|  69.04|           5|    500.000|         -|        5|      -|        no|          -|         -|    262 (~0%)|     96 (~0%)|    -|
    |   o Loop 1                                       |     -|  73.00|           3|    300.000|         2|        1|      3|       yes|          -|         -|            -|            -|    -|
    |  + runge_kutta_45_Pipeline_27                    |     -|  68.04|           5|    500.000|         -|        5|      -|        no|          -|         -|      4 (~0%)|     59 (~0%)|    -|
    |   o Loop 1                                       |     -|  73.00|           3|    300.000|         1|        1|      3|       yes|          -|         -|            -|            -|    -|
    |  + runge_kutta_45_Pipeline_28                    |     -|  66.27|           5|    500.000|         -|        5|      -|        no|          -|         -|      4 (~0%)|     84 (~0%)|    -|
    |   o Loop 1                                       |     -|  73.00|           3|    300.000|         1|        1|      3|       yes|          -|         -|            -|            -|    -|
    |  + runge_kutta_45_Pipeline_sq_sum_loop5          |     -|  46.79|           8|    800.000|         -|        8|      -|        no|          -|         -|    183 (~0%)|     66 (~0%)|    -|
    |   o sq_sum_loop                                  |     -|  73.00|           6|    600.000|         2|        1|      6|       yes|          -|         -|            -|            -|    -|
    |    + macply                                      |    II|  51.63|           0|      0.000|         -|        1|      -|       yes|          -|   15 (6%)|            -|    294 (~0%)|    -|
    |  + runge_kutta_45_Pipeline_update_1              |     -|  62.37|           8|    800.000|         -|        8|      -|        no|          -|         -|     21 (~0%)|    189 (~0%)|    -|
    |   o update_1                                     |     -|  73.00|           6|    600.000|         2|        1|      6|       yes|          -|         -|            -|            -|    -|
    |  + runge_kutta_45_Pipeline_update_2              |     -|  62.37|           8|    800.000|         -|        8|      -|        no|          -|         -|     21 (~0%)|    189 (~0%)|    -|
    |   o update_2                                     |     -|  73.00|           6|    600.000|         2|        1|      6|       yes|          -|         -|            -|            -|    -|
    |  o update_vel_pos                                |     -|  73.00|        1251|  1.251e+05|       417|        -|      3|        no|          -|         -|            -|            -|    -|
    |   + multiply                                     |    II|  23.71|           0|      0.000|         -|        1|      -|       yes|          -|  46 (20%)|            -|  14833 (27%)|    -|
    |   + runge_kutta_45_Pipeline_add_constant_loop    |     -|  65.58|           5|    500.000|         -|        5|      -|        no|          -|         -|    262 (~0%)|    195 (~0%)|    -|
    |    o add_constant_loop                           |     -|  73.00|           3|    300.000|         1|        1|      3|       yes|          -|         -|            -|            -|    -|
    |   + runge_kutta_45_Pipeline_sq_sum_loop          |     -|  48.34|           5|    500.000|         -|        5|      -|        no|          -|         -|    182 (~0%)|     70 (~0%)|    -|
    |    o sq_sum_loop                                 |     -|  73.00|           3|    300.000|         1|        1|      3|       yes|          -|         -|            -|            -|    -|
    |     + macply                                     |    II|  51.63|           0|      0.000|         -|        1|      -|       yes|          -|   15 (6%)|            -|    294 (~0%)|    -|
    |   + fxp_sqrt_89_34_177_67_s                      |     -|  63.32|          91|  9.100e+03|         -|       91|      -|        no|          -|         -|    453 (~0%)|    530 (~0%)|    -|
    |    o sqrt_loop                                   |     -|  73.00|          89|  8.900e+03|         1|        1|     89|       yes|          -|         -|            -|            -|    -|
    |   + division                                     |     -|  67.93|         200|  2.000e+04|         -|      200|      -|        no|          -|         -|    1101 (1%)|    1549 (2%)|    -|
    |  o k_outer                                       |     -|  73.00|        6719|  6.719e+05|      1344|        -|      5|        no|          -|         -|            -|            -|    -|
    |   + runge_kutta_45_Pipeline_13                   |     -|  67.80|           5|    500.000|         -|        5|      -|        no|          -|         -|    262 (~0%)|    105 (~0%)|    -|
    |    o Loop 1                                      |     -|  73.00|           3|    300.000|         2|        1|      3|       yes|          -|         -|            -|            -|    -|
    |   + runge_kutta_45_Pipeline_15                   |     -|  69.10|           5|    500.000|         -|        5|      -|        no|          -|         -|    262 (~0%)|     85 (~0%)|    -|
    |    o Loop 1                                      |     -|  73.00|           3|    300.000|         2|        1|      3|       yes|          -|         -|            -|            -|    -|
    |   + runge_kutta_45_Pipeline_14                   |     -|  66.15|           5|    500.000|         -|        5|      -|        no|          -|         -|    262 (~0%)|    116 (~0%)|    -|
    |    o Loop 1                                      |     -|  73.00|           3|    300.000|         2|        1|      3|       yes|          -|         -|            -|            -|    -|
    |   + runge_kutta_45_Pipeline_16                   |     -|  69.04|           5|    500.000|         -|        5|      -|        no|          -|         -|    262 (~0%)|     96 (~0%)|    -|
    |    o Loop 1                                      |     -|  73.00|           3|    300.000|         2|        1|      3|       yes|          -|         -|            -|            -|    -|
    |   + runge_kutta_45_Pipeline_19                   |     -|  67.92|           5|    500.000|         -|        5|      -|        no|          -|         -|      4 (~0%)|     73 (~0%)|    -|
    |    o Loop 1                                      |     -|  73.00|           3|    300.000|         1|        1|      3|       yes|          -|         -|            -|            -|    -|
    |   + runge_kutta_45_Pipeline_20                   |     -|  66.27|           5|    500.000|         -|        5|      -|        no|          -|         -|      4 (~0%)|     84 (~0%)|    -|
    |    o Loop 1                                      |     -|  73.00|           3|    300.000|         1|        1|      3|       yes|          -|         -|            -|            -|    -|
    |   o k_middle                                     |     -|  73.00|          59|  5.900e+03|        10|        -|      6|        no|          -|         -|            -|            -|    -|
    |    + runge_kutta_45_Pipeline_k_inner             |     -|  46.79|           7|    700.000|         -|        7|      -|        no|    2 (~0%)|         -|    183 (~0%)|     93 (~0%)|    -|
    |     o k_inner                                    |     -|  73.00|           5|    500.000|         2|        1|      5|       yes|          -|         -|            -|            -|    -|
    |      + macply                                    |    II|  51.63|           0|      0.000|         -|        1|      -|       yes|          -|   15 (6%)|            -|    294 (~0%)|    -|
    |   o update_vel_pos                               |     -|  73.00|        1254|  1.254e+05|       418|        -|      3|        no|          -|         -|            -|            -|    -|
    |    + runge_kutta_45_Pipeline_add_constant_loop1  |     -|  65.58|           5|    500.000|         -|        5|      -|        no|          -|         -|    262 (~0%)|    195 (~0%)|    -|
    |     o add_constant_loop                          |     -|  73.00|           3|    300.000|         1|        1|      3|       yes|          -|         -|            -|            -|    -|
    |    + runge_kutta_45_Pipeline_sq_sum_loop2        |     -|  48.34|           5|    500.000|         -|        5|      -|        no|          -|         -|    182 (~0%)|     70 (~0%)|    -|
    |     o sq_sum_loop                                |     -|  73.00|           3|    300.000|         1|        1|      3|       yes|          -|         -|            -|            -|    -|
    |      + macply                                    |    II|  51.63|           0|      0.000|         -|        1|      -|       yes|          -|   15 (6%)|            -|    294 (~0%)|    -|
    |  o y_new_outer                                   |    II|  73.00|          42|  4.200e+03|         8|        7|      6|       yes|          -|         -|            -|            -|    -|
    |   + macply                                       |    II|  51.63|           0|      0.000|         -|        1|      -|       yes|          -|   15 (6%)|            -|    294 (~0%)|    -|
    |  o update_vel_pos                                |     -|  73.00|        1251|  1.251e+05|       417|        -|      3|        no|          -|         -|            -|            -|    -|
    |   + runge_kutta_45_Pipeline_add_constant_loop3   |     -|  65.58|           5|    500.000|         -|        5|      -|        no|          -|         -|    262 (~0%)|    195 (~0%)|    -|
    |    o add_constant_loop                           |     -|  73.00|           3|    300.000|         1|        1|      3|       yes|          -|         -|            -|            -|    -|
    |   + runge_kutta_45_Pipeline_sq_sum_loop4         |     -|  48.34|           5|    500.000|         -|        5|      -|        no|          -|         -|    182 (~0%)|     70 (~0%)|    -|
    |    o sq_sum_loop                                 |     -|  73.00|           3|    300.000|         1|        1|      3|       yes|          -|         -|            -|            -|    -|
    |     + macply                                     |    II|  51.63|           0|      0.000|         -|        1|      -|       yes|          -|   15 (6%)|            -|    294 (~0%)|    -|
    |  o err_outer                                     |    II|  73.00|          43|  4.300e+03|         9|        7|      6|       yes|          -|         -|            -|            -|    -|
    +--------------------------------------------------+------+-------+------------+-----------+----------+---------+-------+----------+-----------+----------+-------------+-------------+-----+


================================================================
== HW Interfaces
================================================================
* M_AXI
+-------------+------------+---------------+---------+--------+----------+-----------+--------------+--------------+-------------+-------------+
| Interface   | Data Width | Address Width | Latency | Offset | Register | Max Widen | Max Read     | Max Write    | Num Read    | Num Write   |
|             | (SW->HW)   |               |         |        |          | Bitwidth  | Burst Length | Burst Length | Outstanding | Outstanding |
+-------------+------------+---------------+---------+--------+----------+-----------+--------------+--------------+-------------+-------------+
| m_axi_T_BUS | 64 -> 128  | 64            | 0       | slave  | 0        | 128       | 16           | 16           | 1           | 8           |
| m_axi_X_BUS | 64 -> 128  | 64            | 0       | slave  | 0        | 128       | 16           | 16           | 1           | 8           |
+-------------+------------+---------------+---------+--------+----------+-----------+--------------+--------------+-------------+-------------+

* S_AXILITE Interfaces
+---------------+------------+---------------+--------+----------+
| Interface     | Data Width | Address Width | Offset | Register |
+---------------+------------+---------------+--------+----------+
| s_axi_control | 32         | 8             | 16     | 0        |
+---------------+------------+---------------+--------+----------+

* S_AXILITE Registers
+---------------+-----------+--------+-------+--------+----------------------------------+----------------------------------------------------------------------+
| Interface     | Register  | Offset | Width | Access | Description                      | Bit Fields                                                           |
+---------------+-----------+--------+-------+--------+----------------------------------+----------------------------------------------------------------------+
| s_axi_control | CTRL      | 0x00   | 32    | RW     | Control signals                  | 0=AP_START 1=AP_DONE 2=AP_IDLE 3=AP_READY 7=AUTO_RESTART 9=INTERRUPT |
| s_axi_control | GIER      | 0x04   | 32    | RW     | Global Interrupt Enable Register | 0=Enable                                                             |
| s_axi_control | IP_IER    | 0x08   | 32    | RW     | IP Interrupt Enable Register     | 0=CHAN0_INT_EN 1=CHAN1_INT_EN                                        |
| s_axi_control | IP_ISR    | 0x0c   | 32    | RW     | IP Interrupt Status Register     | 0=CHAN0_INT_ST 1=CHAN1_INT_ST                                        |
| s_axi_control | yy_1      | 0x10   | 32    | W      | Data signal of yy                |                                                                      |
| s_axi_control | yy_2      | 0x14   | 32    | W      | Data signal of yy                |                                                                      |
| s_axi_control | tt_1      | 0x1c   | 32    | W      | Data signal of tt                |                                                                      |
| s_axi_control | tt_2      | 0x20   | 32    | W      | Data signal of tt                |                                                                      |
| s_axi_control | tf_1      | 0x28   | 32    | W      | Data signal of tf                |                                                                      |
| s_axi_control | tf_2      | 0x2c   | 32    | W      | Data signal of tf                |                                                                      |
| s_axi_control | h0_1      | 0x34   | 32    | W      | Data signal of h0                |                                                                      |
| s_axi_control | h0_2      | 0x38   | 32    | W      | Data signal of h0                |                                                                      |
| s_axi_control | atol_1    | 0x40   | 32    | W      | Data signal of atol              |                                                                      |
| s_axi_control | atol_2    | 0x44   | 32    | W      | Data signal of atol              |                                                                      |
| s_axi_control | h_max_1   | 0x4c   | 32    | W      | Data signal of h_max             |                                                                      |
| s_axi_control | h_max_2   | 0x50   | 32    | W      | Data signal of h_max             |                                                                      |
| s_axi_control | h_min_1   | 0x58   | 32    | W      | Data signal of h_min             |                                                                      |
| s_axi_control | h_min_2   | 0x5c   | 32    | W      | Data signal of h_min             |                                                                      |
| s_axi_control | mu_1      | 0x64   | 32    | W      | Data signal of mu                |                                                                      |
| s_axi_control | mu_2      | 0x68   | 32    | W      | Data signal of mu                |                                                                      |
| s_axi_control | size      | 0x70   | 32    | R      | Data signal of size              |                                                                      |
| s_axi_control | size_ctrl | 0x74   | 32    | R      | Control signal of size           | 0=size_ap_vld                                                        |
| s_axi_control | flag      | 0x80   | 32    | R      | Data signal of flag              |                                                                      |
| s_axi_control | flag_ctrl | 0x84   | 32    | R      | Control signal of flag           | 0=flag_ap_vld                                                        |
+---------------+-----------+--------+-------+--------+----------------------------------+----------------------------------------------------------------------+

* TOP LEVEL CONTROL
+-----------+------------+-----------+
| Interface | Type       | Ports     |
+-----------+------------+-----------+
| ap_clk    | clock      | ap_clk    |
| ap_rst_n  | reset      | ap_rst_n  |
| interrupt | interrupt  | interrupt |
| ap_ctrl   | ap_ctrl_hs |           |
+-----------+------------+-----------+


================================================================
== SW I/O Information
================================================================
* Top Function Arguments
+----------+-----------+---------------+
| Argument | Direction | Datatype      |
+----------+-----------+---------------+
| yy       | inout     | double*       |
| tt       | inout     | double*       |
| tf       | in        | double const  |
| h0       | in        | double const  |
| atol     | in        | double const  |
| h_max    | in        | double const  |
| h_min    | in        | double const  |
| mu       | in        | double const  |
| size     | out       | unsigned int& |
| flag     | out       | bool&         |
+----------+-----------+---------------+

* SW-to-HW Mapping
+----------+---------------+-----------+----------+-------------------------------------+
| Argument | HW Interface  | HW Type   | HW Usage | HW Info                             |
+----------+---------------+-----------+----------+-------------------------------------+
| yy       | m_axi_X_BUS   | interface |          |                                     |
| yy       | s_axi_control | register  | offset   | name=yy_1 offset=0x10 range=32      |
| yy       | s_axi_control | register  | offset   | name=yy_2 offset=0x14 range=32      |
| tt       | m_axi_T_BUS   | interface |          |                                     |
| tt       | s_axi_control | register  | offset   | name=tt_1 offset=0x1c range=32      |
| tt       | s_axi_control | register  | offset   | name=tt_2 offset=0x20 range=32      |
| tf       | s_axi_control | register  |          | name=tf_1 offset=0x28 range=32      |
| tf       | s_axi_control | register  |          | name=tf_2 offset=0x2c range=32      |
| h0       | s_axi_control | register  |          | name=h0_1 offset=0x34 range=32      |
| h0       | s_axi_control | register  |          | name=h0_2 offset=0x38 range=32      |
| atol     | s_axi_control | register  |          | name=atol_1 offset=0x40 range=32    |
| atol     | s_axi_control | register  |          | name=atol_2 offset=0x44 range=32    |
| h_max    | s_axi_control | register  |          | name=h_max_1 offset=0x4c range=32   |
| h_max    | s_axi_control | register  |          | name=h_max_2 offset=0x50 range=32   |
| h_min    | s_axi_control | register  |          | name=h_min_1 offset=0x58 range=32   |
| h_min    | s_axi_control | register  |          | name=h_min_2 offset=0x5c range=32   |
| mu       | s_axi_control | register  |          | name=mu_1 offset=0x64 range=32      |
| mu       | s_axi_control | register  |          | name=mu_2 offset=0x68 range=32      |
| size     | s_axi_control | register  |          | name=size offset=0x70 range=32      |
| size     | s_axi_control | register  |          | name=size_ctrl offset=0x74 range=32 |
| flag     | s_axi_control | register  |          | name=flag offset=0x80 range=32      |
| flag     | s_axi_control | register  |          | name=flag_ctrl offset=0x84 range=32 |
+----------+---------------+-----------+----------+-------------------------------------+


================================================================
== M_AXI Burst Information
================================================================
 Note: All burst requests might be further partitioned into multiple requests during RTL generation based on max_read_burst_length or max_write_burst_length settings.

* Inferred Burst Summary
+--------------+-----------+----------+-------+-------------------------------+
| HW Interface | Direction | Length   | Width | Location                      |
+--------------+-----------+----------+-------+-------------------------------+
| m_axi_X_BUS  | read      | 3        | 128   | src/runge_kutta_45.cpp:119:23 |
| m_axi_X_BUS  | write     | 12288    | 128   | src/runge_kutta_45.cpp:137:26 |
| m_axi_T_BUS  | write     | 2048     | 128   | src/runge_kutta_45.cpp:140:26 |
| m_axi_X_BUS  | write     | variable | 128   | src/runge_kutta_45.cpp:254:20 |
+--------------+-----------+----------+-------+-------------------------------+

* Inferred Bursts and Widening Missed
+--------------+----------+-------------------+------------------------------------------------+------------+-------------------------------+
| HW Interface | Variable | Loop              | Problem                                        | Resolution | Location                      |
+--------------+----------+-------------------+------------------------------------------------+------------+-------------------------------+
| m_axi_T_BUS  | tt       | last_axi_write_tt | Sequential access length is not divisible by 2 | 214-234    | src/runge_kutta_45.cpp:257:23 |
+--------------+----------+-------------------+------------------------------------------------+------------+-------------------------------+

    * Resolution URL: www.xilinx.com/cgi-bin/docs/rdoc?v=2022.1;t=hls+guidance;d=XXX-YYY.html (replace XXX-YYY with column value)

================================================================
== Bind Op Report
================================================================
+-----------------------------------------------------+-----+--------+-------------------------+-----+--------+---------+
| Name                                                | DSP | Pragma | Variable                | Op  | Impl   | Latency |
+-----------------------------------------------------+-----+--------+-------------------------+-----+--------+---------+
| + runge_kutta_45                                    | 61  |        |                         |     |        |         |
|   man_V_2_fu_2925_p2                                | -   |        | man_V_2                 | sub | fabric | 0       |
|   F2_fu_2945_p2                                     | -   |        | F2                      | sub | fabric | 0       |
|   add_ln616_fu_2957_p2                              | -   |        | add_ln616               | add | fabric | 0       |
|   sub_ln616_fu_2963_p2                              | -   |        | sub_ln616               | sub | fabric | 0       |
|   man_V_6_fu_3198_p2                                | -   |        | man_V_6                 | sub | fabric | 0       |
|   F2_1_fu_3218_p2                                   | -   |        | F2_1                    | sub | fabric | 0       |
|   add_ln616_1_fu_3230_p2                            | -   |        | add_ln616_1             | add | fabric | 0       |
|   sub_ln616_1_fu_3236_p2                            | -   |        | sub_ln616_1             | sub | fabric | 0       |
|   man_V_7_fu_3471_p2                                | -   |        | man_V_7                 | sub | fabric | 0       |
|   F2_2_fu_3491_p2                                   | -   |        | F2_2                    | sub | fabric | 0       |
|   add_ln616_2_fu_3503_p2                            | -   |        | add_ln616_2             | add | fabric | 0       |
|   sub_ln616_2_fu_3509_p2                            | -   |        | sub_ln616_2             | sub | fabric | 0       |
|   add_ln149_fu_3822_p2                              | -   |        | add_ln149               | add | fabric | 0       |
|   y_gap_1_fu_3852_p2                                | -   |        | y_gap_1                 | sub | fabric | 0       |
|   add_ln137_fu_3870_p2                              | -   |        | add_ln137               | add | fabric | 0       |
|   add_ln140_fu_3897_p2                              | -   |        | add_ln140               | add | fabric | 0       |
|   cycles_1_fu_3932_p2                               | -   |        | cycles_1                | add | fabric | 0       |
|   h_loc_7_fu_4029_p2                                | -   |        | h_loc_7                 | sub | fabric | 0       |
|   add_ln63_fu_4049_p2                               | -   |        | add_ln63                | add | fabric | 0       |
|   dr_dt_V_0_fu_4073_p2                              | -   |        | dr_dt_V_0               | add | fabric | 0       |
|   r_V_fu_4201_p2                                    | -   |        | r_V                     | sub | fabric | 0       |
|   ret_V_fu_4122_p2                                  | -   |        | ret_V                   | add | fabric | 0       |
|   add_ln170_fu_4279_p2                              | -   |        | add_ln170               | add | fabric | 0       |
|   empty_83_fu_4305_p2                               | -   |        | empty_83                | sub | fabric | 0       |
|   n_fu_4311_p2                                      | -   |        | n                       | add | fabric | 0       |
|   add_ln63_2_fu_4374_p2                             | -   |        | add_ln63_2              | add | fabric | 0       |
|   dr_dt_V_0_1_fu_4398_p2                            | -   |        | dr_dt_V_0_1             | add | fabric | 0       |
|   r_V_2_fu_4480_p2                                  | -   |        | r_V_2                   | sub | fabric | 0       |
|   i_12_fu_4404_p2                                   | -   |        | i_12                    | add | fabric | 0       |
|   add_ln187_fu_4505_p2                              | -   |        | add_ln187               | add | fabric | 0       |
|   add_ln187_1_fu_4520_p2                            | -   |        | add_ln187_1             | add | fabric | 0       |
|   add_ln187_2_fu_4531_p2                            | -   |        | add_ln187_2             | add | fabric | 0       |
|   add_ln187_3_fu_4563_p2                            | -   |        | add_ln187_3             | add | fabric | 0       |
|   add_ln187_4_fu_4586_p2                            | -   |        | add_ln187_4             | add | fabric | 0       |
|   n_3_fu_4574_p2                                    | -   |        | n_3                     | add | fabric | 0       |
|   add_ln63_1_fu_4686_p2                             | -   |        | add_ln63_1              | add | fabric | 0       |
|   dr_dt_V_0_2_fu_4710_p2                            | -   |        | dr_dt_V_0_2             | add | fabric | 0       |
|   r_V_3_fu_4817_p2                                  | -   |        | r_V_3                   | sub | fabric | 0       |
|   add_ln201_fu_4882_p2                              | -   |        | add_ln201               | add | fabric | 0       |
|   add_ln201_1_fu_4897_p2                            | -   |        | add_ln201_1             | add | fabric | 0       |
|   add_ln201_2_fu_4908_p2                            | -   |        | add_ln201_2             | add | fabric | 0       |
|   add_ln201_3_fu_4940_p2                            | -   |        | add_ln201_3             | add | fabric | 0       |
|   add_ln201_4_fu_4957_p2                            | -   |        | add_ln201_4             | add | fabric | 0       |
|   n_4_fu_4967_p2                                    | -   |        | n_4                     | add | fabric | 0       |
|   sub_ln220_fu_5001_p2                              | -   |        | sub_ln220               | sub | fabric | 0       |
|   grp_fu_2808_p2                                    | -   |        | add_ln859               | add | fabric | 0       |
|   sub_ln231_fu_5031_p2                              | -   |        | sub_ln231               | sub | fabric | 0       |
|   grp_fu_2808_p2                                    | -   |        | add_ln859_3             | add | fabric | 0       |
|   empty_84_fu_5067_p2                               | -   |        | empty_84                | sub | fabric | 0       |
|   y_gap_fu_5336_p2                                  | -   |        | y_gap                   | sub | fabric | 0       |
|   add_ln254_fu_5384_p2                              | -   |        | add_ln254               | add | fabric | 0       |
|   add405_fu_5423_p2                                 | -   |        | add405                  | add | fabric | 0       |
|   size                                              | -   |        | add_ln260               | add | fabric | 0       |
|  + ap_fixed_base (grp_ap_fixed_base_fu_2401)        | 0   |        |                         |     |        |         |
|    man_V_11_fu_88_p2                                | -   |        | man_V_11                | sub | fabric | 0       |
|    F2_fu_108_p2                                     | -   |        | F2                      | sub | fabric | 0       |
|    add_ln616_fu_120_p2                              | -   |        | add_ln616               | add | fabric | 0       |
|    sub_ln616_fu_126_p2                              | -   |        | sub_ln616               | sub | fabric | 0       |
|  + ap_fixed_base (atol_loc_V_ap_fixed_base_fu_2406) | 0   |        |                         |     |        |         |
|    man_V_11_fu_88_p2                                | -   |        | man_V_11                | sub | fabric | 0       |
|    F2_fu_108_p2                                     | -   |        | F2                      | sub | fabric | 0       |
|    add_ln616_fu_120_p2                              | -   |        | add_ln616               | add | fabric | 0       |
|    sub_ln616_fu_126_p2                              | -   |        | sub_ln616               | sub | fabric | 0       |
|  + ap_fixed_base (tf_loc_V_ap_fixed_base_fu_2411)   | 0   |        |                         |     |        |         |
|    man_V_11_fu_88_p2                                | -   |        | man_V_11                | sub | fabric | 0       |
|    F2_fu_108_p2                                     | -   |        | F2                      | sub | fabric | 0       |
|    add_ln616_fu_120_p2                              | -   |        | add_ln616               | add | fabric | 0       |
|    sub_ln616_fu_126_p2                              | -   |        | sub_ln616               | sub | fabric | 0       |
|  + runge_kutta_45_Pipeline_VITIS_LOOP_119_1         | 0   |        |                         |     |        |         |
|    add_ln119_fu_132_p2                              | -   |        | add_ln119               | add | fabric | 0       |
|   + ap_fixed_base (ref_tmp1_ap_fixed_base_fu_103)   | 0   |        |                         |     |        |         |
|     man_V_11_fu_88_p2                               | -   |        | man_V_11                | sub | fabric | 0       |
|     F2_fu_108_p2                                    | -   |        | F2                      | sub | fabric | 0       |
|     add_ln616_fu_120_p2                             | -   |        | add_ln616               | add | fabric | 0       |
|     sub_ln616_fu_126_p2                             | -   |        | sub_ln616               | sub | fabric | 0       |
|  + runge_kutta_45_Pipeline_axi_write_yy             | 0   |        |                         |     |        |         |
|    add_ln137_fu_176_p2                              | -   |        | add_ln137               | add | fabric | 0       |
|    tmp_V_fu_215_p2                                  | -   |        | tmp_V                   | sub | fabric | 0       |
|    NZeros_7_fu_281_p2                               | -   |        | NZeros_7                | add | fabric | 0       |
|    sub_ln1095_fu_295_p2                             | -   |        | sub_ln1095              | sub | fabric | 0       |
|    lsb_index_fu_301_p2                              | -   |        | lsb_index               | add | fabric | 0       |
|    sub_ln1098_fu_327_p2                             | -   |        | sub_ln1098              | sub | fabric | 0       |
|    add_ln1105_fu_409_p2                             | -   |        | add_ln1105              | add | fabric | 0       |
|    sub_ln1106_fu_425_p2                             | -   |        | sub_ln1106              | sub | fabric | 0       |
|    m_9_fu_461_p2                                    | -   |        | m_9                     | add | fabric | 0       |
|  + runge_kutta_45_Pipeline_axi_write_tt             | 0   |        |                         |     |        |         |
|    add_ln140_fu_176_p2                              | -   |        | add_ln140               | add | fabric | 0       |
|    tmp_V_fu_215_p2                                  | -   |        | tmp_V                   | sub | fabric | 0       |
|    NZeros_10_fu_281_p2                              | -   |        | NZeros_10               | add | fabric | 0       |
|    sub_ln1095_fu_295_p2                             | -   |        | sub_ln1095              | sub | fabric | 0       |
|    lsb_index_fu_301_p2                              | -   |        | lsb_index               | add | fabric | 0       |
|    sub_ln1098_fu_327_p2                             | -   |        | sub_ln1098              | sub | fabric | 0       |
|    add_ln1105_fu_409_p2                             | -   |        | add_ln1105              | add | fabric | 0       |
|    sub_ln1106_fu_425_p2                             | -   |        | sub_ln1106              | sub | fabric | 0       |
|    m_13_fu_461_p2                                   | -   |        | m_13                    | add | fabric | 0       |
|  + runge_kutta_45_Pipeline_4                        | 0   |        |                         |     |        |         |
|    empty_63_fu_147_p2                               | -   |        | empty_63                | add | fabric | 0       |
|    empty_64_fu_157_p2                               | -   |        | empty_64                | add | fabric | 0       |
|  + runge_kutta_45_Pipeline_6                        | 0   |        |                         |     |        |         |
|    empty_fu_137_p2                                  | -   |        | empty                   | add | fabric | 0       |
|  + runge_kutta_45_Pipeline_5                        | 0   |        |                         |     |        |         |
|    empty_61_fu_149_p2                               | -   |        | empty_61                | add | fabric | 0       |
|    add_ptr_i18582925_sum_fu_159_p2                  | -   |        | add_ptr_i18582925_sum   | add | fabric | 0       |
|    empty_62_fu_169_p2                               | -   |        | empty_62                | add | fabric | 0       |
|  + runge_kutta_45_Pipeline_7                        | 0   |        |                         |     |        |         |
|    empty_fu_139_p2                                  | -   |        | empty                   | add | fabric | 0       |
|    add_ptr41_i18592926_sum_fu_149_p2                | -   |        | add_ptr41_i18592926_sum | add | fabric | 0       |
|  + runge_kutta_45_Pipeline_add_constant_loop        | 0   |        |                         |     |        |         |
|    add_ln29_fu_174_p2                               | -   |        | add_ln29                | add | fabric | 0       |
|    r_in_V_1_12_fu_212_p2                            | -   |        | r_in_V_1_12             | add | fabric | 0       |
|  + runge_kutta_45_Pipeline_10                       | 0   |        |                         |     |        |         |
|    empty_fu_83_p2                                   | -   |        | empty                   | add | fabric | 0       |
|  + runge_kutta_45_Pipeline_sq_sum_loop              | 0   |        |                         |     |        |         |
|    add_ln35_fu_99_p2                                | -   |        | add_ln35                | add | fabric | 0       |
|   + macply (squared_sum_V_macply_fu_73)             | 15  |        |                         |     |        |         |
|     mul_85s_85s_170_1_1_U56                         | 15  |        | r_V                     | mul | auto   | 0       |
|     ap_return                                       | -   |        | add_ln859               | add | fabric | 0       |
|  + fxp_sqrt_89_34_177_67_s                          | 0   |        |                         |     |        |         |
|    i_13_fu_111_p2                                   | -   |        | i_13                    | add | fabric | 0       |
|    T_V_fu_166_p2                                    | -   |        | T_V                     | sub | fabric | 0       |
|  + multiply                                         | 46  |        |                         |     |        |         |
|    mul_177s_177s_287_1_1_U72                        | 46  |        | r_V                     | mul | auto   | 0       |
|  + runge_kutta_45_Pipeline_11                       | 0   |        |                         |     |        |         |
|    empty_fu_85_p2                                   | -   |        | empty                   | add | fabric | 0       |
|    add_ptr52_i21682927_sum_fu_108_p2                | -   |        | add_ptr52_i21682927_sum | add | fabric | 0       |
|  + runge_kutta_45_Pipeline_k_inner                  | 0   |        |                         |     |        |         |
|    add_ln166_fu_142_p2                              | -   |        | add_ln166               | add | fabric | 0       |
|    add_ln170_1_fu_152_p2                            | -   |        | add_ln170_1             | add | fabric | 0       |
|   + macply (sum_V_1_macply_fu_115)                  | 15  |        |                         |     |        |         |
|     mul_85s_85s_170_1_1_U56                         | 15  |        | r_V                     | mul | auto   | 0       |
|     ap_return                                       | -   |        | add_ln859               | add | fabric | 0       |
|  + runge_kutta_45_Pipeline_13                       | 0   |        |                         |     |        |         |
|    empty_76_fu_147_p2                               | -   |        | empty_76                | add | fabric | 0       |
|    empty_77_fu_157_p2                               | -   |        | empty_77                | add | fabric | 0       |
|  + runge_kutta_45_Pipeline_15                       | 0   |        |                         |     |        |         |
|    empty_fu_137_p2                                  | -   |        | empty                   | add | fabric | 0       |
|  + runge_kutta_45_Pipeline_14                       | 0   |        |                         |     |        |         |
|    empty_74_fu_149_p2                               | -   |        | empty_74                | add | fabric | 0       |
|    add_ptr_i13203186_sum_fu_159_p2                  | -   |        | add_ptr_i13203186_sum   | add | fabric | 0       |
|    empty_75_fu_169_p2                               | -   |        | empty_75                | add | fabric | 0       |
|  + runge_kutta_45_Pipeline_16                       | 0   |        |                         |     |        |         |
|    empty_fu_139_p2                                  | -   |        | empty                   | add | fabric | 0       |
|    add_ptr41_i13213187_sum_fu_149_p2                | -   |        | add_ptr41_i13213187_sum | add | fabric | 0       |
|  + runge_kutta_45_Pipeline_add_constant_loop1       | 0   |        |                         |     |        |         |
|    add_ln29_fu_174_p2                               | -   |        | add_ln29                | add | fabric | 0       |
|    r_in_V_1_8_fu_212_p2                             | -   |        | r_in_V_1_8              | add | fabric | 0       |
|  + runge_kutta_45_Pipeline_19                       | 0   |        |                         |     |        |         |
|    empty_72_fu_93_p2                                | -   |        | empty_72                | add | fabric | 0       |
|    empty_73_fu_103_p2                               | -   |        | empty_73                | add | fabric | 0       |
|  + runge_kutta_45_Pipeline_sq_sum_loop2             | 0   |        |                         |     |        |         |
|    add_ln35_fu_99_p2                                | -   |        | add_ln35                | add | fabric | 0       |
|   + macply (squared_sum_V_2_macply_fu_73)           | 15  |        |                         |     |        |         |
|     mul_85s_85s_170_1_1_U56                         | 15  |        | r_V                     | mul | auto   | 0       |
|     ap_return                                       | -   |        | add_ln859               | add | fabric | 0       |
|  + runge_kutta_45_Pipeline_20                       | 0   |        |                         |     |        |         |
|    empty_70_fu_95_p2                                | -   |        | empty_70                | add | fabric | 0       |
|    add_ptr52_i16303188_sum_fu_118_p2                | -   |        | add_ptr52_i16303188_sum | add | fabric | 0       |
|    empty_71_fu_128_p2                               | -   |        | empty_71                | add | fabric | 0       |
|  + macply (grp_macply_fu_1913)                      | 15  |        |                         |     |        |         |
|    mul_85s_85s_170_1_1_U56                          | 15  |        | r_V                     | mul | auto   | 0       |
|    ap_return                                        | -   |        | add_ln859               | add | fabric | 0       |
|  + runge_kutta_45_Pipeline_21                       | 0   |        |                         |     |        |         |
|    empty_68_fu_147_p2                               | -   |        | empty_68                | add | fabric | 0       |
|    empty_69_fu_157_p2                               | -   |        | empty_69                | add | fabric | 0       |
|  + runge_kutta_45_Pipeline_23                       | 0   |        |                         |     |        |         |
|    empty_fu_137_p2                                  | -   |        | empty                   | add | fabric | 0       |
|  + runge_kutta_45_Pipeline_22                       | 0   |        |                         |     |        |         |
|    empty_66_fu_149_p2                               | -   |        | empty_66                | add | fabric | 0       |
|    add_ptr_i2928_sum_fu_159_p2                      | -   |        | add_ptr_i2928_sum       | add | fabric | 0       |
|    empty_67_fu_169_p2                               | -   |        | empty_67                | add | fabric | 0       |
|  + runge_kutta_45_Pipeline_24                       | 0   |        |                         |     |        |         |
|    empty_fu_139_p2                                  | -   |        | empty                   | add | fabric | 0       |
|    add_ptr41_i2929_sum_fu_149_p2                    | -   |        | add_ptr41_i2929_sum     | add | fabric | 0       |
|  + runge_kutta_45_Pipeline_add_constant_loop3       | 0   |        |                         |     |        |         |
|    add_ln29_fu_174_p2                               | -   |        | add_ln29                | add | fabric | 0       |
|    r_in_V_1_4_fu_212_p2                             | -   |        | r_in_V_1_4              | add | fabric | 0       |
|  + runge_kutta_45_Pipeline_27                       | 0   |        |                         |     |        |         |
|    empty_fu_87_p2                                   | -   |        | empty                   | add | fabric | 0       |
|  + runge_kutta_45_Pipeline_sq_sum_loop4             | 0   |        |                         |     |        |         |
|    add_ln35_fu_99_p2                                | -   |        | add_ln35                | add | fabric | 0       |
|   + macply (squared_sum_V_1_macply_fu_73)           | 15  |        |                         |     |        |         |
|     mul_85s_85s_170_1_1_U56                         | 15  |        | r_V                     | mul | auto   | 0       |
|     ap_return                                       | -   |        | add_ln859               | add | fabric | 0       |
|  + runge_kutta_45_Pipeline_28                       | 0   |        |                         |     |        |         |
|    empty_fu_87_p2                                   | -   |        | empty                   | add | fabric | 0       |
|    add_ptr52_i2930_sum_fu_110_p2                    | -   |        | add_ptr52_i2930_sum     | add | fabric | 0       |
|    empty_65_fu_120_p2                               | -   |        | empty_65                | add | fabric | 0       |
|  + runge_kutta_45_Pipeline_sq_sum_loop5             | 0   |        |                         |     |        |         |
|    add_ln208_fu_96_p2                               | -   |        | add_ln208               | add | fabric | 0       |
|   + macply (err_squared_sum_V_macply_fu_70)         | 15  |        |                         |     |        |         |
|     mul_85s_85s_170_1_1_U56                         | 15  |        | r_V                     | mul | auto   | 0       |
|     ap_return                                       | -   |        | add_ln859               | add | fabric | 0       |
|  + runge_kutta_45_Pipeline_update_1                 | 0   |        |                         |     |        |         |
|    add_ln218_fu_104_p2                              | -   |        | add_ln218               | add | fabric | 0       |
|    add_ln859_fu_119_p2                              | -   |        | add_ln859               | add | fabric | 0       |
|    add_ln220_fu_130_p2                              | -   |        | add_ln220               | add | fabric | 0       |
|    yy_loc_V_d0                                      | -   |        | add_ln859_2             | add | fabric | 0       |
|  + runge_kutta_45_Pipeline_update_2                 | 0   |        |                         |     |        |         |
|    add_ln229_fu_104_p2                              | -   |        | add_ln229               | add | fabric | 0       |
|    add_ln859_fu_119_p2                              | -   |        | add_ln859               | add | fabric | 0       |
|    add_ln231_fu_130_p2                              | -   |        | add_ln231               | add | fabric | 0       |
|    yy_loc_V_d0                                      | -   |        | add_ln859_1             | add | fabric | 0       |
|  + runge_kutta_45_Pipeline_last_axi_write_yy        | 0   |        |                         |     |        |         |
|    add_ln254_fu_176_p2                              | -   |        | add_ln254               | add | fabric | 0       |
|    tmp_V_fu_215_p2                                  | -   |        | tmp_V                   | sub | fabric | 0       |
|    NZeros_1_fu_281_p2                               | -   |        | NZeros_1                | add | fabric | 0       |
|    sub_ln1095_fu_295_p2                             | -   |        | sub_ln1095              | sub | fabric | 0       |
|    lsb_index_fu_301_p2                              | -   |        | lsb_index               | add | fabric | 0       |
|    sub_ln1098_fu_327_p2                             | -   |        | sub_ln1098              | sub | fabric | 0       |
|    add_ln1105_fu_409_p2                             | -   |        | add_ln1105              | add | fabric | 0       |
|    sub_ln1106_fu_425_p2                             | -   |        | sub_ln1106              | sub | fabric | 0       |
|    m_1_fu_461_p2                                    | -   |        | m_1                     | add | fabric | 0       |
|  + runge_kutta_45_Pipeline_last_axi_write_tt        | 0   |        |                         |     |        |         |
|    add_ln257_fu_208_p2                              | -   |        | add_ln257               | add | fabric | 0       |
|    tmp_V_fu_276_p2                                  | -   |        | tmp_V                   | sub | fabric | 0       |
|    NZeros_4_fu_342_p2                               | -   |        | NZeros_4                | add | fabric | 0       |
|    sub_ln1095_fu_356_p2                             | -   |        | sub_ln1095              | sub | fabric | 0       |
|    lsb_index_fu_362_p2                              | -   |        | lsb_index               | add | fabric | 0       |
|    sub_ln1098_fu_388_p2                             | -   |        | sub_ln1098              | sub | fabric | 0       |
|    add_ln1105_fu_470_p2                             | -   |        | add_ln1105              | add | fabric | 0       |
|    sub_ln1106_fu_486_p2                             | -   |        | sub_ln1106              | sub | fabric | 0       |
|    m_5_fu_522_p2                                    | -   |        | m_5                     | add | fabric | 0       |
|    add_ln258_1_fu_613_p2                            | -   |        | add_ln258_1             | add | fabric | 0       |
+-----------------------------------------------------+-----+--------+-------------------------+-----+--------+---------+


================================================================
== Bind Storage Report
================================================================
+------------------------------------+------+------+--------+----------+---------+------+---------+
| Name                               | BRAM | URAM | Pragma | Variable | Storage | Impl | Latency |
+------------------------------------+------+------+--------+----------+---------+------+---------+
| + runge_kutta_45                   | 207  | 0    |        |          |         |      |         |
|   k_V_U                            | 5    | -    |        | k_V      | ram_s2p | auto | 1       |
|   yy_loc_V_U                       | 170  | -    |        | yy_loc_V | ram_s2p | auto | 1       |
|   tt_loc_V_U                       | 20   | -    |        | tt_loc_V | ram_1p  | auto | 1       |
|   c_V_U                            | -    | -    |        | c_V      | ram_t2p | auto | 1       |
|   e_V_U                            | 10   | -    |        | e_V      | ram_t2p | auto | 1       |
|  + runge_kutta_45_Pipeline_k_inner | 2    | 0    |        |          |         |      |         |
|    A_U                             | 2    | -    |        | A        | rom_1p  | auto | 1       |
+------------------------------------+------+------+--------+----------+---------+------+---------+


================================================================
== Pragma Report
================================================================
* Pragmas with Warnings
+------------+-------------------------------------+--------------------------------------+-----------------------------------------------------------------------+
| Type       | Options                             | Location                             | Messages                                                              |
+------------+-------------------------------------+--------------------------------------+-----------------------------------------------------------------------+
| allocation | function instances=division limit=1 | src/runge_kutta_45.cpp:26 in vel_der | Ignoring ALLOCATION pragma, because the corresponding call is removed |
+------------+-------------------------------------+--------------------------------------+-----------------------------------------------------------------------+

* Valid Pragma Syntax
+----------------+----------------------------------------------------------------------------------------------------------------------------------------------------------------------+-----------------------------------------------------+
| Type           | Options                                                                                                                                                              | Location                                            |
+----------------+----------------------------------------------------------------------------------------------------------------------------------------------------------------------+-----------------------------------------------------+
| pipeline       | II=4                                                                                                                                                                 | src/headers/fxp_sqrt.h:86 in fxp_sqrt               |
| inline         | off                                                                                                                                                                  | src/runge_kutta_45.cpp:5 in macply                  |
| inline         | off                                                                                                                                                                  | src/runge_kutta_45.cpp:11 in multiply               |
| inline         | off                                                                                                                                                                  | src/runge_kutta_45.cpp:20 in division               |
| inline         |                                                                                                                                                                      | src/runge_kutta_45.cpp:25 in vel_der                |
| pipeline       | II=1                                                                                                                                                                 | src/runge_kutta_45.cpp:30 in vel_der                |
| pipeline       | II=1                                                                                                                                                                 | src/runge_kutta_45.cpp:36 in vel_der                |
| inline         |                                                                                                                                                                      | src/runge_kutta_45.cpp:51 in ode_fpga               |
| allocation     | function instances=macply limit=1                                                                                                                                    | src/runge_kutta_45.cpp:75 in runge_kutta_45         |
| allocation     | function instances=multiply limit=1                                                                                                                                  | src/runge_kutta_45.cpp:76 in runge_kutta_45         |
| interface      | mode=m_axi bundle=X_BUS depth=12288 max_read_burst_length=16 max_widen_bitwidth=128 max_write_burst_length=16 num_read_outstanding=1 num_write_outstanding=8 port=yy | src/runge_kutta_45.cpp:82 in runge_kutta_45, yy     |
| interface      | mode=m_axi bundle=T_BUS depth=2048 max_read_burst_length=16 max_widen_bitwidth=128 max_write_burst_length=16 num_read_outstanding=1 num_write_outstanding=8 port=tt  | src/runge_kutta_45.cpp:83 in runge_kutta_45, tt     |
| interface      | s_axilite port=yy                                                                                                                                                    | src/runge_kutta_45.cpp:85 in runge_kutta_45, yy     |
| interface      | s_axilite port=tt                                                                                                                                                    | src/runge_kutta_45.cpp:86 in runge_kutta_45, tt     |
| interface      | s_axilite port=tf                                                                                                                                                    | src/runge_kutta_45.cpp:87 in runge_kutta_45, tf     |
| interface      | s_axilite port=h0                                                                                                                                                    | src/runge_kutta_45.cpp:88 in runge_kutta_45, h0     |
| interface      | s_axilite port=atol                                                                                                                                                  | src/runge_kutta_45.cpp:89 in runge_kutta_45, atol   |
| interface      | s_axilite port=h_max                                                                                                                                                 | src/runge_kutta_45.cpp:90 in runge_kutta_45, h_max  |
| interface      | s_axilite port=h_min                                                                                                                                                 | src/runge_kutta_45.cpp:91 in runge_kutta_45, h_min  |
| interface      | s_axilite port=mu                                                                                                                                                    | src/runge_kutta_45.cpp:92 in runge_kutta_45, mu     |
| interface      | s_axilite port=size                                                                                                                                                  | src/runge_kutta_45.cpp:93 in runge_kutta_45, size   |
| interface      | s_axilite port=flag                                                                                                                                                  | src/runge_kutta_45.cpp:94 in runge_kutta_45, flag   |
| interface      | s_axilite port=return                                                                                                                                                | src/runge_kutta_45.cpp:95 in runge_kutta_45, return |
| loop_tripcount | max=50000 avg=25000                                                                                                                                                  | src/runge_kutta_45.cpp:130 in runge_kutta_45        |
| pipeline       | rewind                                                                                                                                                               | src/runge_kutta_45.cpp:163 in runge_kutta_45        |
| loop_tripcount | max=5                                                                                                                                                                | src/runge_kutta_45.cpp:167 in runge_kutta_45        |
| pipeline       |                                                                                                                                                                      | src/runge_kutta_45.cpp:168 in runge_kutta_45        |
| pipeline       | rewind                                                                                                                                                               | src/runge_kutta_45.cpp:181 in runge_kutta_45        |
| pipeline       |                                                                                                                                                                      | src/runge_kutta_45.cpp:185 in runge_kutta_45        |
| pipeline       | rewind                                                                                                                                                               | src/runge_kutta_45.cpp:196 in runge_kutta_45        |
| pipeline       |                                                                                                                                                                      | src/runge_kutta_45.cpp:199 in runge_kutta_45        |
| pipeline       |                                                                                                                                                                      | src/runge_kutta_45.cpp:209 in runge_kutta_45        |
| pipeline       |                                                                                                                                                                      | src/runge_kutta_45.cpp:219 in runge_kutta_45        |
| pipeline       |                                                                                                                                                                      | src/runge_kutta_45.cpp:230 in runge_kutta_45        |
+----------------+----------------------------------------------------------------------------------------------------------------------------------------------------------------------+-----------------------------------------------------+


