

================================================================
== Vitis HLS Report for 'runge_kutta_45_Pipeline_update_2'
================================================================
* Date:           Mon Jun 26 10:21:40 2023

* Version:        2022.1 (Build 3526262 on Mon Apr 18 15:47:01 MDT 2022)
* Project:        rk45_vitis
* Solution:       solution1 (Vivado IP Flow Target)
* Product family: zynq
* Target device:  xc7z020-clg400-1


================================================================
== Performance Estimates
================================================================
+ Timing: 
    * Summary: 
    +--------+----------+-----------+------------+
    |  Clock |  Target  | Estimated | Uncertainty|
    +--------+----------+-----------+------------+
    |ap_clk  |  50.00 ns|  10.629 ns|    13.50 ns|
    +--------+----------+-----------+------------+

+ Latency: 
    * Summary: 
    +---------+---------+----------+----------+-----+-----+---------+
    |  Latency (cycles) |  Latency (absolute) |  Interval | Pipeline|
    |   min   |   max   |    min   |    max   | min | max |   Type  |
    +---------+---------+----------+----------+-----+-----+---------+
    |        8|        8|  0.400 us|  0.400 us|    8|    8|       no|
    +---------+---------+----------+----------+-----+-----+---------+

    + Detail: 
        * Instance: 
        N/A

        * Loop: 
        +------------+---------+---------+----------+-----------+-----------+------+----------+
        |            |  Latency (cycles) | Iteration|  Initiation Interval  | Trip |          |
        |  Loop Name |   min   |   max   |  Latency |  achieved |   target  | Count| Pipelined|
        +------------+---------+---------+----------+-----------+-----------+------+----------+
        |- update_2  |        6|        6|         2|          1|          1|     6|       yes|
        +------------+---------+---------+----------+-----------+-----------+------+----------+



================================================================
== Utilization Estimates
================================================================
* Summary: 
+-----------------+---------+-----+--------+-------+-----+
|       Name      | BRAM_18K| DSP |   FF   |  LUT  | URAM|
+-----------------+---------+-----+--------+-------+-----+
|DSP              |        -|    -|       -|      -|    -|
|Expression       |        -|    -|       0|    153|    -|
|FIFO             |        -|    -|       -|      -|    -|
|Instance         |        -|    -|       -|      -|    -|
|Memory           |        -|    -|       -|      -|    -|
|Multiplexer      |        -|    -|       -|     36|    -|
|Register         |        -|    -|      21|      -|    -|
+-----------------+---------+-----+--------+-------+-----+
|Total            |        0|    0|      21|    189|    0|
+-----------------+---------+-----+--------+-------+-----+
|Available        |      280|  220|  106400|  53200|    0|
+-----------------+---------+-----+--------+-------+-----+
|Utilization (%)  |        0|    0|      ~0|     ~0|    0|
+-----------------+---------+-----+--------+-------+-----+

+ Detail: 
    * Instance: 
    N/A

    * DSP: 
    N/A

    * Memory: 
    N/A

    * FIFO: 
    N/A

    * Expression: 
    +---------------------+----------+----+---+----+------------+------------+
    |    Variable Name    | Operation| DSP| FF| LUT| Bitwidth P0| Bitwidth P1|
    +---------------------+----------+----+---+----+------------+------------+
    |add_ln231_fu_104_p2  |         +|   0|  0|  11|           3|           1|
    |add_ln233_fu_130_p2  |         +|   0|  0|  20|          15|          15|
    |add_ln859_fu_119_p2  |         +|   0|  0|  20|          15|          15|
    |yy_loc_V_d0          |         +|   0|  0|  92|          85|          85|
    |icmp_ln231_fu_98_p2  |      icmp|   0|  0|   8|           3|           3|
    |ap_enable_pp0        |       xor|   0|  0|   2|           1|           2|
    +---------------------+----------+----+---+----+------------+------------+
    |Total                |          |   0|  0| 153|         122|         121|
    +---------------------+----------+----+---+----+------------+------------+

    * Multiplexer: 
    +-------------------------+----+-----------+-----+-----------+
    |           Name          | LUT| Input Size| Bits| Total Bits|
    +-------------------------+----+-----------+-----+-----------+
    |ap_done_int              |   9|          2|    1|          2|
    |ap_enable_reg_pp0_iter1  |   9|          2|    1|          2|
    |ap_sig_allocacmp_n_1     |   9|          2|    3|          6|
    |n_fu_36                  |   9|          2|    3|          6|
    +-------------------------+----+-----------+-----+-----------+
    |Total                    |  36|          8|    8|         16|
    +-------------------------+----+-----------+-----+-----------+

    * Register: 
    +-------------------------+----+----+-----+-----------+
    |           Name          | FF | LUT| Bits| Const Bits|
    +-------------------------+----+----+-----+-----------+
    |add_ln233_reg_167        |  15|   0|   15|          0|
    |ap_CS_fsm                |   1|   0|    1|          0|
    |ap_done_reg              |   1|   0|    1|          0|
    |ap_enable_reg_pp0_iter1  |   1|   0|    1|          0|
    |n_fu_36                  |   3|   0|    3|          0|
    +-------------------------+----+----+-----+-----------+
    |Total                    |  21|   0|   21|          0|
    +-------------------------+----+----+-----+-----------+



================================================================
== Interface
================================================================
* Summary: 
+-------------------+-----+-----+------------+----------------------------------+--------------+
|     RTL Ports     | Dir | Bits|  Protocol  |           Source Object          |    C Type    |
+-------------------+-----+-----+------------+----------------------------------+--------------+
|ap_clk             |   in|    1|  ap_ctrl_hs|  runge_kutta_45_Pipeline_update_2|  return value|
|ap_rst             |   in|    1|  ap_ctrl_hs|  runge_kutta_45_Pipeline_update_2|  return value|
|ap_start           |   in|    1|  ap_ctrl_hs|  runge_kutta_45_Pipeline_update_2|  return value|
|ap_done            |  out|    1|  ap_ctrl_hs|  runge_kutta_45_Pipeline_update_2|  return value|
|ap_idle            |  out|    1|  ap_ctrl_hs|  runge_kutta_45_Pipeline_update_2|  return value|
|ap_ready           |  out|    1|  ap_ctrl_hs|  runge_kutta_45_Pipeline_update_2|  return value|
|empty              |   in|   15|     ap_none|                             empty|        scalar|
|yy_loc_V_address0  |  out|   15|   ap_memory|                          yy_loc_V|         array|
|yy_loc_V_ce0       |  out|    1|   ap_memory|                          yy_loc_V|         array|
|yy_loc_V_we0       |  out|    1|   ap_memory|                          yy_loc_V|         array|
|yy_loc_V_d0        |  out|   85|   ap_memory|                          yy_loc_V|         array|
|yy_loc_V_address1  |  out|   15|   ap_memory|                          yy_loc_V|         array|
|yy_loc_V_ce1       |  out|    1|   ap_memory|                          yy_loc_V|         array|
|yy_loc_V_q1        |   in|   85|   ap_memory|                          yy_loc_V|         array|
|sub_ln233          |   in|   15|     ap_none|                         sub_ln233|        scalar|
|c_V_address0       |  out|    3|   ap_memory|                               c_V|         array|
|c_V_ce0            |  out|    1|   ap_memory|                               c_V|         array|
|c_V_q0             |   in|   85|   ap_memory|                               c_V|         array|
+-------------------+-----+-----+------------+----------------------------------+--------------+

