

================================================================
== Vitis HLS Report for 'runge_kutta_45_Pipeline_24'
================================================================
* Date:           Mon Jun 26 10:21:39 2023

* Version:        2022.1 (Build 3526262 on Mon Apr 18 15:47:01 MDT 2022)
* Project:        rk45_vitis
* Solution:       solution1 (Vivado IP Flow Target)
* Product family: zynq
* Target device:  xc7z020-clg400-1


================================================================
== Performance Estimates
================================================================
+ Timing: 
    * Summary: 
    +--------+----------+----------+------------+
    |  Clock |  Target  | Estimated| Uncertainty|
    +--------+----------+----------+------------+
    |ap_clk  |  50.00 ns|  3.961 ns|    13.50 ns|
    +--------+----------+----------+------------+

+ Latency: 
    * Summary: 
    +---------+---------+----------+----------+-----+-----+---------+
    |  Latency (cycles) |  Latency (absolute) |  Interval | Pipeline|
    |   min   |   max   |    min   |    max   | min | max |   Type  |
    +---------+---------+----------+----------+-----+-----+---------+
    |        5|        5|  0.250 us|  0.250 us|    5|    5|       no|
    +---------+---------+----------+----------+-----+-----+---------+

    + Detail: 
        * Instance: 
        N/A

        * Loop: 
        +----------+---------+---------+----------+-----------+-----------+------+----------+
        |          |  Latency (cycles) | Iteration|  Initiation Interval  | Trip |          |
        | Loop Name|   min   |   max   |  Latency |  achieved |   target  | Count| Pipelined|
        +----------+---------+---------+----------+-----------+-----------+------+----------+
        |- Loop 1  |        3|        3|         2|          1|          1|     3|       yes|
        +----------+---------+---------+----------+-----------+-----------+------+----------+



================================================================
== Utilization Estimates
================================================================
* Summary: 
+-----------------+---------+-----+--------+-------+-----+
|       Name      | BRAM_18K| DSP |   FF   |  LUT  | URAM|
+-----------------+---------+-----+--------+-------+-----+
|DSP              |        -|    -|       -|      -|    -|
|Expression       |        -|    -|       0|     33|    -|
|FIFO             |        -|    -|       -|      -|    -|
|Instance         |        -|    -|       -|      -|    -|
|Memory           |        -|    -|       -|      -|    -|
|Multiplexer      |        -|    -|       -|     63|    -|
|Register         |        -|    -|     262|      -|    -|
+-----------------+---------+-----+--------+-------+-----+
|Total            |        0|    0|     262|     96|    0|
+-----------------+---------+-----+--------+-------+-----+
|Available        |      280|  220|  106400|  53200|    0|
+-----------------+---------+-----+--------+-------+-----+
|Utilization (%)  |        0|    0|      ~0|     ~0|    0|
+-----------------+---------+-----+--------+-------+-----+

+ Detail: 
    * Instance: 
    N/A

    * DSP: 
    N/A

    * Memory: 
    N/A

    * FIFO: 
    N/A

    * Expression: 
    +-------------------------------+----------+----+---+----+------------+------------+
    |         Variable Name         | Operation| DSP| FF| LUT| Bitwidth P0| Bitwidth P1|
    +-------------------------------+----------+----+---+----+------------+------------+
    |add_ptr41_i2929_sum_fu_149_p2  |         +|   0|  0|  11|           3|           2|
    |empty_fu_139_p2                |         +|   0|  0|  10|           2|           1|
    |ap_condition_178               |       and|   0|  0|   2|           1|           1|
    |exitcond519237_fu_133_p2       |      icmp|   0|  0|   8|           2|           2|
    |ap_enable_pp0                  |       xor|   0|  0|   2|           1|           2|
    +-------------------------------+----------+----+---+----+------------+------------+
    |Total                          |          |   0|  0|  33|           9|           8|
    +-------------------------------+----------+----+---+----+------------+------------+

    * Multiplexer: 
    +----------------------------------------+----+-----------+-----+-----------+
    |                  Name                  | LUT| Input Size| Bits| Total Bits|
    +----------------------------------------+----+-----------+-----+-----------+
    |ap_done_int                             |   9|          2|    1|          2|
    |ap_enable_reg_pp0_iter1                 |   9|          2|    1|          2|
    |ap_sig_allocacmp_loop_index2738_t_load  |   9|          2|    2|          4|
    |cv_V_1_5_fu_50                          |   9|          2|   85|        170|
    |cv_V_1_6_fu_54                          |   9|          2|   85|        170|
    |cv_V_1_fu_46                            |   9|          2|   85|        170|
    |loop_index2738_t_fu_42                  |   9|          2|    2|          4|
    +----------------------------------------+----+-----------+-----+-----------+
    |Total                                   |  63|         14|  261|        522|
    +----------------------------------------+----+-----------+-----+-----------+

    * Register: 
    +-------------------------------+----+----+-----+-----------+
    |              Name             | FF | LUT| Bits| Const Bits|
    +-------------------------------+----+----+-----+-----------+
    |ap_CS_fsm                      |   1|   0|    1|          0|
    |ap_done_reg                    |   1|   0|    1|          0|
    |ap_enable_reg_pp0_iter1        |   1|   0|    1|          0|
    |cv_V_1_5_fu_50                 |  85|   0|   85|          0|
    |cv_V_1_6_fu_54                 |  85|   0|   85|          0|
    |cv_V_1_fu_46                   |  85|   0|   85|          0|
    |loop_index2738_t_fu_42         |   2|   0|    2|          0|
    |loop_index2738_t_load_reg_220  |   2|   0|    2|          0|
    +-------------------------------+----+----+-----+-----------+
    |Total                          | 262|   0|  262|          0|
    +-------------------------------+----+----+-----+-----------+



================================================================
== Interface
================================================================
* Summary: 
+-----------------------+-----+-----+------------+----------------------------+--------------+
|       RTL Ports       | Dir | Bits|  Protocol  |        Source Object       |    C Type    |
+-----------------------+-----+-----+------------+----------------------------+--------------+
|ap_clk                 |   in|    1|  ap_ctrl_hs|  runge_kutta_45_Pipeline_24|  return value|
|ap_rst                 |   in|    1|  ap_ctrl_hs|  runge_kutta_45_Pipeline_24|  return value|
|ap_start               |   in|    1|  ap_ctrl_hs|  runge_kutta_45_Pipeline_24|  return value|
|ap_done                |  out|    1|  ap_ctrl_hs|  runge_kutta_45_Pipeline_24|  return value|
|ap_idle                |  out|    1|  ap_ctrl_hs|  runge_kutta_45_Pipeline_24|  return value|
|ap_ready               |  out|    1|  ap_ctrl_hs|  runge_kutta_45_Pipeline_24|  return value|
|cv_V_2_2_010566        |   in|   85|     ap_none|             cv_V_2_2_010566|        scalar|
|cv_V_1_2_010467        |   in|   85|     ap_none|             cv_V_1_2_010467|        scalar|
|cv_V_0_2_010368        |   in|   85|     ap_none|             cv_V_0_2_010368|        scalar|
|c_V_address0           |  out|    3|   ap_memory|                         c_V|         array|
|c_V_ce0                |  out|    1|   ap_memory|                         c_V|         array|
|c_V_q0                 |   in|   85|   ap_memory|                         c_V|         array|
|cv_V_2_2_1_out         |  out|   85|      ap_vld|              cv_V_2_2_1_out|       pointer|
|cv_V_2_2_1_out_ap_vld  |  out|    1|      ap_vld|              cv_V_2_2_1_out|       pointer|
|cv_V_1_2_1_out         |  out|   85|      ap_vld|              cv_V_1_2_1_out|       pointer|
|cv_V_1_2_1_out_ap_vld  |  out|    1|      ap_vld|              cv_V_1_2_1_out|       pointer|
|cv_V_0_2_1_out         |  out|   85|      ap_vld|              cv_V_0_2_1_out|       pointer|
|cv_V_0_2_1_out_ap_vld  |  out|    1|      ap_vld|              cv_V_0_2_1_out|       pointer|
+-----------------------+-----+-----+------------+----------------------------+--------------+

