

================================================================
== Vitis HLS Report for 'division'
================================================================
* Date:           Mon May 22 17:32:29 2023

* Version:        2022.1 (Build 3526262 on Mon Apr 18 15:47:01 MDT 2022)
* Project:        rk45_vitis
* Solution:       solution1 (Vivado IP Flow Target)
* Product family: zynq
* Target device:  xc7z020-clg400-1


================================================================
== Performance Estimates
================================================================
+ Timing: 
    * Summary: 
    +--------+----------+----------+------------+
    |  Clock |  Target  | Estimated| Uncertainty|
    +--------+----------+----------+------------+
    |ap_clk  |  50.00 ns|  5.071 ns|    13.50 ns|
    +--------+----------+----------+------------+

+ Latency: 
    * Summary: 
    +---------+---------+-----------+-----------+-----+-----+---------+
    |  Latency (cycles) |   Latency (absolute)  |  Interval | Pipeline|
    |   min   |   max   |    min    |    max    | min | max |   Type  |
    +---------+---------+-----------+-----------+-----+-----+---------+
    |      203|      203|  10.150 us|  10.150 us|  203|  203|       no|
    +---------+---------+-----------+-----------+-----+-----+---------+

    + Detail: 
        * Instance: 
        N/A

        * Loop: 
        N/A

============================================================
+ Verbose Summary: Synthesis Manager
============================================================
InlineROM: 1
ExposeGlobal: 0
============================================================
+ Verbose Summary: CDFG Model
============================================================
IsTopModel: 0
ResetActiveHigh: 1
IsCombinational: 0
IsDatapathOnly: 0
HasWiredReturn: 1
HasMFsm: 0
HasVarLatency: 1
IsPipeline: 0
IsRtlPipelined: 0
IsInstanceOverlapped: 0
IsDontTouch: 0
HasImplIP: 0
IsGatedGlobalClock: 0


============================================================
+ Verbose Summary: Schedule
============================================================
* Number of FSM states : 204
* Pipeline : 0
* Dataflow Pipeline: 0

* FSM state transitions: 
1 --> 2 
2 --> 3 
3 --> 4 
4 --> 5 
5 --> 6 
6 --> 7 
7 --> 8 
8 --> 9 
9 --> 10 
10 --> 11 
11 --> 12 
12 --> 13 
13 --> 14 
14 --> 15 
15 --> 16 
16 --> 17 
17 --> 18 
18 --> 19 
19 --> 20 
20 --> 21 
21 --> 22 
22 --> 23 
23 --> 24 
24 --> 25 
25 --> 26 
26 --> 27 
27 --> 28 
28 --> 29 
29 --> 30 
30 --> 31 
31 --> 32 
32 --> 33 
33 --> 34 
34 --> 35 
35 --> 36 
36 --> 37 
37 --> 38 
38 --> 39 
39 --> 40 
40 --> 41 
41 --> 42 
42 --> 43 
43 --> 44 
44 --> 45 
45 --> 46 
46 --> 47 
47 --> 48 
48 --> 49 
49 --> 50 
50 --> 51 
51 --> 52 
52 --> 53 
53 --> 54 
54 --> 55 
55 --> 56 
56 --> 57 
57 --> 58 
58 --> 59 
59 --> 60 
60 --> 61 
61 --> 62 
62 --> 63 
63 --> 64 
64 --> 65 
65 --> 66 
66 --> 67 
67 --> 68 
68 --> 69 
69 --> 70 
70 --> 71 
71 --> 72 
72 --> 73 
73 --> 74 
74 --> 75 
75 --> 76 
76 --> 77 
77 --> 78 
78 --> 79 
79 --> 80 
80 --> 81 
81 --> 82 
82 --> 83 
83 --> 84 
84 --> 85 
85 --> 86 
86 --> 87 
87 --> 88 
88 --> 89 
89 --> 90 
90 --> 91 
91 --> 92 
92 --> 93 
93 --> 94 
94 --> 95 
95 --> 96 
96 --> 97 
97 --> 98 
98 --> 99 
99 --> 100 
100 --> 101 
101 --> 102 
102 --> 103 
103 --> 104 
104 --> 105 
105 --> 106 
106 --> 107 
107 --> 108 
108 --> 109 
109 --> 110 
110 --> 111 
111 --> 112 
112 --> 113 
113 --> 114 
114 --> 115 
115 --> 116 
116 --> 117 
117 --> 118 
118 --> 119 
119 --> 120 
120 --> 121 
121 --> 122 
122 --> 123 
123 --> 124 
124 --> 125 
125 --> 126 
126 --> 127 
127 --> 128 
128 --> 129 
129 --> 130 
130 --> 131 
131 --> 132 
132 --> 133 
133 --> 134 
134 --> 135 
135 --> 136 
136 --> 137 
137 --> 138 
138 --> 139 
139 --> 140 
140 --> 141 
141 --> 142 
142 --> 143 
143 --> 144 
144 --> 145 
145 --> 146 
146 --> 147 
147 --> 148 
148 --> 149 
149 --> 150 
150 --> 151 
151 --> 152 
152 --> 153 
153 --> 154 
154 --> 155 
155 --> 156 
156 --> 157 
157 --> 158 
158 --> 159 
159 --> 160 
160 --> 161 
161 --> 162 
162 --> 163 
163 --> 164 
164 --> 165 
165 --> 166 
166 --> 167 
167 --> 168 
168 --> 169 
169 --> 170 
170 --> 171 
171 --> 172 
172 --> 173 
173 --> 174 
174 --> 175 
175 --> 176 
176 --> 177 
177 --> 178 
178 --> 179 
179 --> 180 
180 --> 181 
181 --> 182 
182 --> 183 
183 --> 184 
184 --> 185 
185 --> 186 
186 --> 187 
187 --> 188 
188 --> 189 
189 --> 190 
190 --> 191 
191 --> 192 
192 --> 193 
193 --> 194 
194 --> 195 
195 --> 196 
196 --> 197 
197 --> 198 
198 --> 199 
199 --> 200 
200 --> 201 
201 --> 202 
202 --> 203 
203 --> 204 
204 --> 

* FSM state operations: 

State 1 <SV = 0> <Delay = 5.07>
ST_1 : Operation 205 [1/1] (0.00ns)   --->   "%den_read = read i161 @_ssdm_op_Read.ap_auto.i161, i161 %den"   --->   Operation 205 'read' 'den_read' <Predicate = true> <Delay = 0.00>
ST_1 : Operation 206 [1/1] (0.00ns)   --->   "%num_read = read i80 @_ssdm_op_Read.ap_auto.i80, i80 %num"   --->   Operation 206 'read' 'num_read' <Predicate = true> <Delay = 0.00>
ST_1 : Operation 207 [1/1] (0.00ns)   --->   "%t = bitconcatenate i200 @_ssdm_op_BitConcatenate.i200.i80.i120, i80 %num_read, i120 0"   --->   Operation 207 'bitconcatenate' 't' <Predicate = true> <Delay = 0.00>
ST_1 : Operation 208 [1/1] (0.00ns)   --->   "%sext_ln1349 = sext i161 %den_read"   --->   Operation 208 'sext' 'sext_ln1349' <Predicate = true> <Delay = 0.00>
ST_1 : Operation 209 [1/1] (0.00ns)   --->   "%zext_ln1349 = zext i162 %sext_ln1349"   --->   Operation 209 'zext' 'zext_ln1349' <Predicate = true> <Delay = 0.00>
ST_1 : Operation 210 [204/204] (5.07ns)   --->   "%r_V = sdiv i200 %t, i200 %zext_ln1349"   --->   Operation 210 'sdiv' 'r_V' <Predicate = true> <Delay = 5.07> <CoreInst = "DivnS_SEQ">   --->   Core 7 'DivnS_SEQ' <Latency = 203> <II = 140> <Delay = 5.07> <FuncUnit> <Opcode : 'sdiv' 'srem' 'udiv' 'urem'> <InPorts = 2> <OutPorts = 1>

State 2 <SV = 1> <Delay = 5.07>
ST_2 : Operation 211 [203/204] (5.07ns)   --->   "%r_V = sdiv i200 %t, i200 %zext_ln1349"   --->   Operation 211 'sdiv' 'r_V' <Predicate = true> <Delay = 5.07> <CoreInst = "DivnS_SEQ">   --->   Core 7 'DivnS_SEQ' <Latency = 203> <II = 140> <Delay = 5.07> <FuncUnit> <Opcode : 'sdiv' 'srem' 'udiv' 'urem'> <InPorts = 2> <OutPorts = 1>

State 3 <SV = 2> <Delay = 5.07>
ST_3 : Operation 212 [202/204] (5.07ns)   --->   "%r_V = sdiv i200 %t, i200 %zext_ln1349"   --->   Operation 212 'sdiv' 'r_V' <Predicate = true> <Delay = 5.07> <CoreInst = "DivnS_SEQ">   --->   Core 7 'DivnS_SEQ' <Latency = 203> <II = 140> <Delay = 5.07> <FuncUnit> <Opcode : 'sdiv' 'srem' 'udiv' 'urem'> <InPorts = 2> <OutPorts = 1>

State 4 <SV = 3> <Delay = 5.07>
ST_4 : Operation 213 [201/204] (5.07ns)   --->   "%r_V = sdiv i200 %t, i200 %zext_ln1349"   --->   Operation 213 'sdiv' 'r_V' <Predicate = true> <Delay = 5.07> <CoreInst = "DivnS_SEQ">   --->   Core 7 'DivnS_SEQ' <Latency = 203> <II = 140> <Delay = 5.07> <FuncUnit> <Opcode : 'sdiv' 'srem' 'udiv' 'urem'> <InPorts = 2> <OutPorts = 1>

State 5 <SV = 4> <Delay = 5.07>
ST_5 : Operation 214 [200/204] (5.07ns)   --->   "%r_V = sdiv i200 %t, i200 %zext_ln1349"   --->   Operation 214 'sdiv' 'r_V' <Predicate = true> <Delay = 5.07> <CoreInst = "DivnS_SEQ">   --->   Core 7 'DivnS_SEQ' <Latency = 203> <II = 140> <Delay = 5.07> <FuncUnit> <Opcode : 'sdiv' 'srem' 'udiv' 'urem'> <InPorts = 2> <OutPorts = 1>

State 6 <SV = 5> <Delay = 5.07>
ST_6 : Operation 215 [199/204] (5.07ns)   --->   "%r_V = sdiv i200 %t, i200 %zext_ln1349"   --->   Operation 215 'sdiv' 'r_V' <Predicate = true> <Delay = 5.07> <CoreInst = "DivnS_SEQ">   --->   Core 7 'DivnS_SEQ' <Latency = 203> <II = 140> <Delay = 5.07> <FuncUnit> <Opcode : 'sdiv' 'srem' 'udiv' 'urem'> <InPorts = 2> <OutPorts = 1>

State 7 <SV = 6> <Delay = 5.07>
ST_7 : Operation 216 [198/204] (5.07ns)   --->   "%r_V = sdiv i200 %t, i200 %zext_ln1349"   --->   Operation 216 'sdiv' 'r_V' <Predicate = true> <Delay = 5.07> <CoreInst = "DivnS_SEQ">   --->   Core 7 'DivnS_SEQ' <Latency = 203> <II = 140> <Delay = 5.07> <FuncUnit> <Opcode : 'sdiv' 'srem' 'udiv' 'urem'> <InPorts = 2> <OutPorts = 1>

State 8 <SV = 7> <Delay = 5.07>
ST_8 : Operation 217 [197/204] (5.07ns)   --->   "%r_V = sdiv i200 %t, i200 %zext_ln1349"   --->   Operation 217 'sdiv' 'r_V' <Predicate = true> <Delay = 5.07> <CoreInst = "DivnS_SEQ">   --->   Core 7 'DivnS_SEQ' <Latency = 203> <II = 140> <Delay = 5.07> <FuncUnit> <Opcode : 'sdiv' 'srem' 'udiv' 'urem'> <InPorts = 2> <OutPorts = 1>

State 9 <SV = 8> <Delay = 5.07>
ST_9 : Operation 218 [196/204] (5.07ns)   --->   "%r_V = sdiv i200 %t, i200 %zext_ln1349"   --->   Operation 218 'sdiv' 'r_V' <Predicate = true> <Delay = 5.07> <CoreInst = "DivnS_SEQ">   --->   Core 7 'DivnS_SEQ' <Latency = 203> <II = 140> <Delay = 5.07> <FuncUnit> <Opcode : 'sdiv' 'srem' 'udiv' 'urem'> <InPorts = 2> <OutPorts = 1>

State 10 <SV = 9> <Delay = 5.07>
ST_10 : Operation 219 [195/204] (5.07ns)   --->   "%r_V = sdiv i200 %t, i200 %zext_ln1349"   --->   Operation 219 'sdiv' 'r_V' <Predicate = true> <Delay = 5.07> <CoreInst = "DivnS_SEQ">   --->   Core 7 'DivnS_SEQ' <Latency = 203> <II = 140> <Delay = 5.07> <FuncUnit> <Opcode : 'sdiv' 'srem' 'udiv' 'urem'> <InPorts = 2> <OutPorts = 1>

State 11 <SV = 10> <Delay = 5.07>
ST_11 : Operation 220 [194/204] (5.07ns)   --->   "%r_V = sdiv i200 %t, i200 %zext_ln1349"   --->   Operation 220 'sdiv' 'r_V' <Predicate = true> <Delay = 5.07> <CoreInst = "DivnS_SEQ">   --->   Core 7 'DivnS_SEQ' <Latency = 203> <II = 140> <Delay = 5.07> <FuncUnit> <Opcode : 'sdiv' 'srem' 'udiv' 'urem'> <InPorts = 2> <OutPorts = 1>

State 12 <SV = 11> <Delay = 5.07>
ST_12 : Operation 221 [193/204] (5.07ns)   --->   "%r_V = sdiv i200 %t, i200 %zext_ln1349"   --->   Operation 221 'sdiv' 'r_V' <Predicate = true> <Delay = 5.07> <CoreInst = "DivnS_SEQ">   --->   Core 7 'DivnS_SEQ' <Latency = 203> <II = 140> <Delay = 5.07> <FuncUnit> <Opcode : 'sdiv' 'srem' 'udiv' 'urem'> <InPorts = 2> <OutPorts = 1>

State 13 <SV = 12> <Delay = 5.07>
ST_13 : Operation 222 [192/204] (5.07ns)   --->   "%r_V = sdiv i200 %t, i200 %zext_ln1349"   --->   Operation 222 'sdiv' 'r_V' <Predicate = true> <Delay = 5.07> <CoreInst = "DivnS_SEQ">   --->   Core 7 'DivnS_SEQ' <Latency = 203> <II = 140> <Delay = 5.07> <FuncUnit> <Opcode : 'sdiv' 'srem' 'udiv' 'urem'> <InPorts = 2> <OutPorts = 1>

State 14 <SV = 13> <Delay = 5.07>
ST_14 : Operation 223 [191/204] (5.07ns)   --->   "%r_V = sdiv i200 %t, i200 %zext_ln1349"   --->   Operation 223 'sdiv' 'r_V' <Predicate = true> <Delay = 5.07> <CoreInst = "DivnS_SEQ">   --->   Core 7 'DivnS_SEQ' <Latency = 203> <II = 140> <Delay = 5.07> <FuncUnit> <Opcode : 'sdiv' 'srem' 'udiv' 'urem'> <InPorts = 2> <OutPorts = 1>

State 15 <SV = 14> <Delay = 5.07>
ST_15 : Operation 224 [190/204] (5.07ns)   --->   "%r_V = sdiv i200 %t, i200 %zext_ln1349"   --->   Operation 224 'sdiv' 'r_V' <Predicate = true> <Delay = 5.07> <CoreInst = "DivnS_SEQ">   --->   Core 7 'DivnS_SEQ' <Latency = 203> <II = 140> <Delay = 5.07> <FuncUnit> <Opcode : 'sdiv' 'srem' 'udiv' 'urem'> <InPorts = 2> <OutPorts = 1>

State 16 <SV = 15> <Delay = 5.07>
ST_16 : Operation 225 [189/204] (5.07ns)   --->   "%r_V = sdiv i200 %t, i200 %zext_ln1349"   --->   Operation 225 'sdiv' 'r_V' <Predicate = true> <Delay = 5.07> <CoreInst = "DivnS_SEQ">   --->   Core 7 'DivnS_SEQ' <Latency = 203> <II = 140> <Delay = 5.07> <FuncUnit> <Opcode : 'sdiv' 'srem' 'udiv' 'urem'> <InPorts = 2> <OutPorts = 1>

State 17 <SV = 16> <Delay = 5.07>
ST_17 : Operation 226 [188/204] (5.07ns)   --->   "%r_V = sdiv i200 %t, i200 %zext_ln1349"   --->   Operation 226 'sdiv' 'r_V' <Predicate = true> <Delay = 5.07> <CoreInst = "DivnS_SEQ">   --->   Core 7 'DivnS_SEQ' <Latency = 203> <II = 140> <Delay = 5.07> <FuncUnit> <Opcode : 'sdiv' 'srem' 'udiv' 'urem'> <InPorts = 2> <OutPorts = 1>

State 18 <SV = 17> <Delay = 5.07>
ST_18 : Operation 227 [187/204] (5.07ns)   --->   "%r_V = sdiv i200 %t, i200 %zext_ln1349"   --->   Operation 227 'sdiv' 'r_V' <Predicate = true> <Delay = 5.07> <CoreInst = "DivnS_SEQ">   --->   Core 7 'DivnS_SEQ' <Latency = 203> <II = 140> <Delay = 5.07> <FuncUnit> <Opcode : 'sdiv' 'srem' 'udiv' 'urem'> <InPorts = 2> <OutPorts = 1>

State 19 <SV = 18> <Delay = 5.07>
ST_19 : Operation 228 [186/204] (5.07ns)   --->   "%r_V = sdiv i200 %t, i200 %zext_ln1349"   --->   Operation 228 'sdiv' 'r_V' <Predicate = true> <Delay = 5.07> <CoreInst = "DivnS_SEQ">   --->   Core 7 'DivnS_SEQ' <Latency = 203> <II = 140> <Delay = 5.07> <FuncUnit> <Opcode : 'sdiv' 'srem' 'udiv' 'urem'> <InPorts = 2> <OutPorts = 1>

State 20 <SV = 19> <Delay = 5.07>
ST_20 : Operation 229 [185/204] (5.07ns)   --->   "%r_V = sdiv i200 %t, i200 %zext_ln1349"   --->   Operation 229 'sdiv' 'r_V' <Predicate = true> <Delay = 5.07> <CoreInst = "DivnS_SEQ">   --->   Core 7 'DivnS_SEQ' <Latency = 203> <II = 140> <Delay = 5.07> <FuncUnit> <Opcode : 'sdiv' 'srem' 'udiv' 'urem'> <InPorts = 2> <OutPorts = 1>

State 21 <SV = 20> <Delay = 5.07>
ST_21 : Operation 230 [184/204] (5.07ns)   --->   "%r_V = sdiv i200 %t, i200 %zext_ln1349"   --->   Operation 230 'sdiv' 'r_V' <Predicate = true> <Delay = 5.07> <CoreInst = "DivnS_SEQ">   --->   Core 7 'DivnS_SEQ' <Latency = 203> <II = 140> <Delay = 5.07> <FuncUnit> <Opcode : 'sdiv' 'srem' 'udiv' 'urem'> <InPorts = 2> <OutPorts = 1>

State 22 <SV = 21> <Delay = 5.07>
ST_22 : Operation 231 [183/204] (5.07ns)   --->   "%r_V = sdiv i200 %t, i200 %zext_ln1349"   --->   Operation 231 'sdiv' 'r_V' <Predicate = true> <Delay = 5.07> <CoreInst = "DivnS_SEQ">   --->   Core 7 'DivnS_SEQ' <Latency = 203> <II = 140> <Delay = 5.07> <FuncUnit> <Opcode : 'sdiv' 'srem' 'udiv' 'urem'> <InPorts = 2> <OutPorts = 1>

State 23 <SV = 22> <Delay = 5.07>
ST_23 : Operation 232 [182/204] (5.07ns)   --->   "%r_V = sdiv i200 %t, i200 %zext_ln1349"   --->   Operation 232 'sdiv' 'r_V' <Predicate = true> <Delay = 5.07> <CoreInst = "DivnS_SEQ">   --->   Core 7 'DivnS_SEQ' <Latency = 203> <II = 140> <Delay = 5.07> <FuncUnit> <Opcode : 'sdiv' 'srem' 'udiv' 'urem'> <InPorts = 2> <OutPorts = 1>

State 24 <SV = 23> <Delay = 5.07>
ST_24 : Operation 233 [181/204] (5.07ns)   --->   "%r_V = sdiv i200 %t, i200 %zext_ln1349"   --->   Operation 233 'sdiv' 'r_V' <Predicate = true> <Delay = 5.07> <CoreInst = "DivnS_SEQ">   --->   Core 7 'DivnS_SEQ' <Latency = 203> <II = 140> <Delay = 5.07> <FuncUnit> <Opcode : 'sdiv' 'srem' 'udiv' 'urem'> <InPorts = 2> <OutPorts = 1>

State 25 <SV = 24> <Delay = 5.07>
ST_25 : Operation 234 [180/204] (5.07ns)   --->   "%r_V = sdiv i200 %t, i200 %zext_ln1349"   --->   Operation 234 'sdiv' 'r_V' <Predicate = true> <Delay = 5.07> <CoreInst = "DivnS_SEQ">   --->   Core 7 'DivnS_SEQ' <Latency = 203> <II = 140> <Delay = 5.07> <FuncUnit> <Opcode : 'sdiv' 'srem' 'udiv' 'urem'> <InPorts = 2> <OutPorts = 1>

State 26 <SV = 25> <Delay = 5.07>
ST_26 : Operation 235 [179/204] (5.07ns)   --->   "%r_V = sdiv i200 %t, i200 %zext_ln1349"   --->   Operation 235 'sdiv' 'r_V' <Predicate = true> <Delay = 5.07> <CoreInst = "DivnS_SEQ">   --->   Core 7 'DivnS_SEQ' <Latency = 203> <II = 140> <Delay = 5.07> <FuncUnit> <Opcode : 'sdiv' 'srem' 'udiv' 'urem'> <InPorts = 2> <OutPorts = 1>

State 27 <SV = 26> <Delay = 5.07>
ST_27 : Operation 236 [178/204] (5.07ns)   --->   "%r_V = sdiv i200 %t, i200 %zext_ln1349"   --->   Operation 236 'sdiv' 'r_V' <Predicate = true> <Delay = 5.07> <CoreInst = "DivnS_SEQ">   --->   Core 7 'DivnS_SEQ' <Latency = 203> <II = 140> <Delay = 5.07> <FuncUnit> <Opcode : 'sdiv' 'srem' 'udiv' 'urem'> <InPorts = 2> <OutPorts = 1>

State 28 <SV = 27> <Delay = 5.07>
ST_28 : Operation 237 [177/204] (5.07ns)   --->   "%r_V = sdiv i200 %t, i200 %zext_ln1349"   --->   Operation 237 'sdiv' 'r_V' <Predicate = true> <Delay = 5.07> <CoreInst = "DivnS_SEQ">   --->   Core 7 'DivnS_SEQ' <Latency = 203> <II = 140> <Delay = 5.07> <FuncUnit> <Opcode : 'sdiv' 'srem' 'udiv' 'urem'> <InPorts = 2> <OutPorts = 1>

State 29 <SV = 28> <Delay = 5.07>
ST_29 : Operation 238 [176/204] (5.07ns)   --->   "%r_V = sdiv i200 %t, i200 %zext_ln1349"   --->   Operation 238 'sdiv' 'r_V' <Predicate = true> <Delay = 5.07> <CoreInst = "DivnS_SEQ">   --->   Core 7 'DivnS_SEQ' <Latency = 203> <II = 140> <Delay = 5.07> <FuncUnit> <Opcode : 'sdiv' 'srem' 'udiv' 'urem'> <InPorts = 2> <OutPorts = 1>

State 30 <SV = 29> <Delay = 5.07>
ST_30 : Operation 239 [175/204] (5.07ns)   --->   "%r_V = sdiv i200 %t, i200 %zext_ln1349"   --->   Operation 239 'sdiv' 'r_V' <Predicate = true> <Delay = 5.07> <CoreInst = "DivnS_SEQ">   --->   Core 7 'DivnS_SEQ' <Latency = 203> <II = 140> <Delay = 5.07> <FuncUnit> <Opcode : 'sdiv' 'srem' 'udiv' 'urem'> <InPorts = 2> <OutPorts = 1>

State 31 <SV = 30> <Delay = 5.07>
ST_31 : Operation 240 [174/204] (5.07ns)   --->   "%r_V = sdiv i200 %t, i200 %zext_ln1349"   --->   Operation 240 'sdiv' 'r_V' <Predicate = true> <Delay = 5.07> <CoreInst = "DivnS_SEQ">   --->   Core 7 'DivnS_SEQ' <Latency = 203> <II = 140> <Delay = 5.07> <FuncUnit> <Opcode : 'sdiv' 'srem' 'udiv' 'urem'> <InPorts = 2> <OutPorts = 1>

State 32 <SV = 31> <Delay = 5.07>
ST_32 : Operation 241 [173/204] (5.07ns)   --->   "%r_V = sdiv i200 %t, i200 %zext_ln1349"   --->   Operation 241 'sdiv' 'r_V' <Predicate = true> <Delay = 5.07> <CoreInst = "DivnS_SEQ">   --->   Core 7 'DivnS_SEQ' <Latency = 203> <II = 140> <Delay = 5.07> <FuncUnit> <Opcode : 'sdiv' 'srem' 'udiv' 'urem'> <InPorts = 2> <OutPorts = 1>

State 33 <SV = 32> <Delay = 5.07>
ST_33 : Operation 242 [172/204] (5.07ns)   --->   "%r_V = sdiv i200 %t, i200 %zext_ln1349"   --->   Operation 242 'sdiv' 'r_V' <Predicate = true> <Delay = 5.07> <CoreInst = "DivnS_SEQ">   --->   Core 7 'DivnS_SEQ' <Latency = 203> <II = 140> <Delay = 5.07> <FuncUnit> <Opcode : 'sdiv' 'srem' 'udiv' 'urem'> <InPorts = 2> <OutPorts = 1>

State 34 <SV = 33> <Delay = 5.07>
ST_34 : Operation 243 [171/204] (5.07ns)   --->   "%r_V = sdiv i200 %t, i200 %zext_ln1349"   --->   Operation 243 'sdiv' 'r_V' <Predicate = true> <Delay = 5.07> <CoreInst = "DivnS_SEQ">   --->   Core 7 'DivnS_SEQ' <Latency = 203> <II = 140> <Delay = 5.07> <FuncUnit> <Opcode : 'sdiv' 'srem' 'udiv' 'urem'> <InPorts = 2> <OutPorts = 1>

State 35 <SV = 34> <Delay = 5.07>
ST_35 : Operation 244 [170/204] (5.07ns)   --->   "%r_V = sdiv i200 %t, i200 %zext_ln1349"   --->   Operation 244 'sdiv' 'r_V' <Predicate = true> <Delay = 5.07> <CoreInst = "DivnS_SEQ">   --->   Core 7 'DivnS_SEQ' <Latency = 203> <II = 140> <Delay = 5.07> <FuncUnit> <Opcode : 'sdiv' 'srem' 'udiv' 'urem'> <InPorts = 2> <OutPorts = 1>

State 36 <SV = 35> <Delay = 5.07>
ST_36 : Operation 245 [169/204] (5.07ns)   --->   "%r_V = sdiv i200 %t, i200 %zext_ln1349"   --->   Operation 245 'sdiv' 'r_V' <Predicate = true> <Delay = 5.07> <CoreInst = "DivnS_SEQ">   --->   Core 7 'DivnS_SEQ' <Latency = 203> <II = 140> <Delay = 5.07> <FuncUnit> <Opcode : 'sdiv' 'srem' 'udiv' 'urem'> <InPorts = 2> <OutPorts = 1>

State 37 <SV = 36> <Delay = 5.07>
ST_37 : Operation 246 [168/204] (5.07ns)   --->   "%r_V = sdiv i200 %t, i200 %zext_ln1349"   --->   Operation 246 'sdiv' 'r_V' <Predicate = true> <Delay = 5.07> <CoreInst = "DivnS_SEQ">   --->   Core 7 'DivnS_SEQ' <Latency = 203> <II = 140> <Delay = 5.07> <FuncUnit> <Opcode : 'sdiv' 'srem' 'udiv' 'urem'> <InPorts = 2> <OutPorts = 1>

State 38 <SV = 37> <Delay = 5.07>
ST_38 : Operation 247 [167/204] (5.07ns)   --->   "%r_V = sdiv i200 %t, i200 %zext_ln1349"   --->   Operation 247 'sdiv' 'r_V' <Predicate = true> <Delay = 5.07> <CoreInst = "DivnS_SEQ">   --->   Core 7 'DivnS_SEQ' <Latency = 203> <II = 140> <Delay = 5.07> <FuncUnit> <Opcode : 'sdiv' 'srem' 'udiv' 'urem'> <InPorts = 2> <OutPorts = 1>

State 39 <SV = 38> <Delay = 5.07>
ST_39 : Operation 248 [166/204] (5.07ns)   --->   "%r_V = sdiv i200 %t, i200 %zext_ln1349"   --->   Operation 248 'sdiv' 'r_V' <Predicate = true> <Delay = 5.07> <CoreInst = "DivnS_SEQ">   --->   Core 7 'DivnS_SEQ' <Latency = 203> <II = 140> <Delay = 5.07> <FuncUnit> <Opcode : 'sdiv' 'srem' 'udiv' 'urem'> <InPorts = 2> <OutPorts = 1>

State 40 <SV = 39> <Delay = 5.07>
ST_40 : Operation 249 [165/204] (5.07ns)   --->   "%r_V = sdiv i200 %t, i200 %zext_ln1349"   --->   Operation 249 'sdiv' 'r_V' <Predicate = true> <Delay = 5.07> <CoreInst = "DivnS_SEQ">   --->   Core 7 'DivnS_SEQ' <Latency = 203> <II = 140> <Delay = 5.07> <FuncUnit> <Opcode : 'sdiv' 'srem' 'udiv' 'urem'> <InPorts = 2> <OutPorts = 1>

State 41 <SV = 40> <Delay = 5.07>
ST_41 : Operation 250 [164/204] (5.07ns)   --->   "%r_V = sdiv i200 %t, i200 %zext_ln1349"   --->   Operation 250 'sdiv' 'r_V' <Predicate = true> <Delay = 5.07> <CoreInst = "DivnS_SEQ">   --->   Core 7 'DivnS_SEQ' <Latency = 203> <II = 140> <Delay = 5.07> <FuncUnit> <Opcode : 'sdiv' 'srem' 'udiv' 'urem'> <InPorts = 2> <OutPorts = 1>

State 42 <SV = 41> <Delay = 5.07>
ST_42 : Operation 251 [163/204] (5.07ns)   --->   "%r_V = sdiv i200 %t, i200 %zext_ln1349"   --->   Operation 251 'sdiv' 'r_V' <Predicate = true> <Delay = 5.07> <CoreInst = "DivnS_SEQ">   --->   Core 7 'DivnS_SEQ' <Latency = 203> <II = 140> <Delay = 5.07> <FuncUnit> <Opcode : 'sdiv' 'srem' 'udiv' 'urem'> <InPorts = 2> <OutPorts = 1>

State 43 <SV = 42> <Delay = 5.07>
ST_43 : Operation 252 [162/204] (5.07ns)   --->   "%r_V = sdiv i200 %t, i200 %zext_ln1349"   --->   Operation 252 'sdiv' 'r_V' <Predicate = true> <Delay = 5.07> <CoreInst = "DivnS_SEQ">   --->   Core 7 'DivnS_SEQ' <Latency = 203> <II = 140> <Delay = 5.07> <FuncUnit> <Opcode : 'sdiv' 'srem' 'udiv' 'urem'> <InPorts = 2> <OutPorts = 1>

State 44 <SV = 43> <Delay = 5.07>
ST_44 : Operation 253 [161/204] (5.07ns)   --->   "%r_V = sdiv i200 %t, i200 %zext_ln1349"   --->   Operation 253 'sdiv' 'r_V' <Predicate = true> <Delay = 5.07> <CoreInst = "DivnS_SEQ">   --->   Core 7 'DivnS_SEQ' <Latency = 203> <II = 140> <Delay = 5.07> <FuncUnit> <Opcode : 'sdiv' 'srem' 'udiv' 'urem'> <InPorts = 2> <OutPorts = 1>

State 45 <SV = 44> <Delay = 5.07>
ST_45 : Operation 254 [160/204] (5.07ns)   --->   "%r_V = sdiv i200 %t, i200 %zext_ln1349"   --->   Operation 254 'sdiv' 'r_V' <Predicate = true> <Delay = 5.07> <CoreInst = "DivnS_SEQ">   --->   Core 7 'DivnS_SEQ' <Latency = 203> <II = 140> <Delay = 5.07> <FuncUnit> <Opcode : 'sdiv' 'srem' 'udiv' 'urem'> <InPorts = 2> <OutPorts = 1>

State 46 <SV = 45> <Delay = 5.07>
ST_46 : Operation 255 [159/204] (5.07ns)   --->   "%r_V = sdiv i200 %t, i200 %zext_ln1349"   --->   Operation 255 'sdiv' 'r_V' <Predicate = true> <Delay = 5.07> <CoreInst = "DivnS_SEQ">   --->   Core 7 'DivnS_SEQ' <Latency = 203> <II = 140> <Delay = 5.07> <FuncUnit> <Opcode : 'sdiv' 'srem' 'udiv' 'urem'> <InPorts = 2> <OutPorts = 1>

State 47 <SV = 46> <Delay = 5.07>
ST_47 : Operation 256 [158/204] (5.07ns)   --->   "%r_V = sdiv i200 %t, i200 %zext_ln1349"   --->   Operation 256 'sdiv' 'r_V' <Predicate = true> <Delay = 5.07> <CoreInst = "DivnS_SEQ">   --->   Core 7 'DivnS_SEQ' <Latency = 203> <II = 140> <Delay = 5.07> <FuncUnit> <Opcode : 'sdiv' 'srem' 'udiv' 'urem'> <InPorts = 2> <OutPorts = 1>

State 48 <SV = 47> <Delay = 5.07>
ST_48 : Operation 257 [157/204] (5.07ns)   --->   "%r_V = sdiv i200 %t, i200 %zext_ln1349"   --->   Operation 257 'sdiv' 'r_V' <Predicate = true> <Delay = 5.07> <CoreInst = "DivnS_SEQ">   --->   Core 7 'DivnS_SEQ' <Latency = 203> <II = 140> <Delay = 5.07> <FuncUnit> <Opcode : 'sdiv' 'srem' 'udiv' 'urem'> <InPorts = 2> <OutPorts = 1>

State 49 <SV = 48> <Delay = 5.07>
ST_49 : Operation 258 [156/204] (5.07ns)   --->   "%r_V = sdiv i200 %t, i200 %zext_ln1349"   --->   Operation 258 'sdiv' 'r_V' <Predicate = true> <Delay = 5.07> <CoreInst = "DivnS_SEQ">   --->   Core 7 'DivnS_SEQ' <Latency = 203> <II = 140> <Delay = 5.07> <FuncUnit> <Opcode : 'sdiv' 'srem' 'udiv' 'urem'> <InPorts = 2> <OutPorts = 1>

State 50 <SV = 49> <Delay = 5.07>
ST_50 : Operation 259 [155/204] (5.07ns)   --->   "%r_V = sdiv i200 %t, i200 %zext_ln1349"   --->   Operation 259 'sdiv' 'r_V' <Predicate = true> <Delay = 5.07> <CoreInst = "DivnS_SEQ">   --->   Core 7 'DivnS_SEQ' <Latency = 203> <II = 140> <Delay = 5.07> <FuncUnit> <Opcode : 'sdiv' 'srem' 'udiv' 'urem'> <InPorts = 2> <OutPorts = 1>

State 51 <SV = 50> <Delay = 5.07>
ST_51 : Operation 260 [154/204] (5.07ns)   --->   "%r_V = sdiv i200 %t, i200 %zext_ln1349"   --->   Operation 260 'sdiv' 'r_V' <Predicate = true> <Delay = 5.07> <CoreInst = "DivnS_SEQ">   --->   Core 7 'DivnS_SEQ' <Latency = 203> <II = 140> <Delay = 5.07> <FuncUnit> <Opcode : 'sdiv' 'srem' 'udiv' 'urem'> <InPorts = 2> <OutPorts = 1>

State 52 <SV = 51> <Delay = 5.07>
ST_52 : Operation 261 [153/204] (5.07ns)   --->   "%r_V = sdiv i200 %t, i200 %zext_ln1349"   --->   Operation 261 'sdiv' 'r_V' <Predicate = true> <Delay = 5.07> <CoreInst = "DivnS_SEQ">   --->   Core 7 'DivnS_SEQ' <Latency = 203> <II = 140> <Delay = 5.07> <FuncUnit> <Opcode : 'sdiv' 'srem' 'udiv' 'urem'> <InPorts = 2> <OutPorts = 1>

State 53 <SV = 52> <Delay = 5.07>
ST_53 : Operation 262 [152/204] (5.07ns)   --->   "%r_V = sdiv i200 %t, i200 %zext_ln1349"   --->   Operation 262 'sdiv' 'r_V' <Predicate = true> <Delay = 5.07> <CoreInst = "DivnS_SEQ">   --->   Core 7 'DivnS_SEQ' <Latency = 203> <II = 140> <Delay = 5.07> <FuncUnit> <Opcode : 'sdiv' 'srem' 'udiv' 'urem'> <InPorts = 2> <OutPorts = 1>

State 54 <SV = 53> <Delay = 5.07>
ST_54 : Operation 263 [151/204] (5.07ns)   --->   "%r_V = sdiv i200 %t, i200 %zext_ln1349"   --->   Operation 263 'sdiv' 'r_V' <Predicate = true> <Delay = 5.07> <CoreInst = "DivnS_SEQ">   --->   Core 7 'DivnS_SEQ' <Latency = 203> <II = 140> <Delay = 5.07> <FuncUnit> <Opcode : 'sdiv' 'srem' 'udiv' 'urem'> <InPorts = 2> <OutPorts = 1>

State 55 <SV = 54> <Delay = 5.07>
ST_55 : Operation 264 [150/204] (5.07ns)   --->   "%r_V = sdiv i200 %t, i200 %zext_ln1349"   --->   Operation 264 'sdiv' 'r_V' <Predicate = true> <Delay = 5.07> <CoreInst = "DivnS_SEQ">   --->   Core 7 'DivnS_SEQ' <Latency = 203> <II = 140> <Delay = 5.07> <FuncUnit> <Opcode : 'sdiv' 'srem' 'udiv' 'urem'> <InPorts = 2> <OutPorts = 1>

State 56 <SV = 55> <Delay = 5.07>
ST_56 : Operation 265 [149/204] (5.07ns)   --->   "%r_V = sdiv i200 %t, i200 %zext_ln1349"   --->   Operation 265 'sdiv' 'r_V' <Predicate = true> <Delay = 5.07> <CoreInst = "DivnS_SEQ">   --->   Core 7 'DivnS_SEQ' <Latency = 203> <II = 140> <Delay = 5.07> <FuncUnit> <Opcode : 'sdiv' 'srem' 'udiv' 'urem'> <InPorts = 2> <OutPorts = 1>

State 57 <SV = 56> <Delay = 5.07>
ST_57 : Operation 266 [148/204] (5.07ns)   --->   "%r_V = sdiv i200 %t, i200 %zext_ln1349"   --->   Operation 266 'sdiv' 'r_V' <Predicate = true> <Delay = 5.07> <CoreInst = "DivnS_SEQ">   --->   Core 7 'DivnS_SEQ' <Latency = 203> <II = 140> <Delay = 5.07> <FuncUnit> <Opcode : 'sdiv' 'srem' 'udiv' 'urem'> <InPorts = 2> <OutPorts = 1>

State 58 <SV = 57> <Delay = 5.07>
ST_58 : Operation 267 [147/204] (5.07ns)   --->   "%r_V = sdiv i200 %t, i200 %zext_ln1349"   --->   Operation 267 'sdiv' 'r_V' <Predicate = true> <Delay = 5.07> <CoreInst = "DivnS_SEQ">   --->   Core 7 'DivnS_SEQ' <Latency = 203> <II = 140> <Delay = 5.07> <FuncUnit> <Opcode : 'sdiv' 'srem' 'udiv' 'urem'> <InPorts = 2> <OutPorts = 1>

State 59 <SV = 58> <Delay = 5.07>
ST_59 : Operation 268 [146/204] (5.07ns)   --->   "%r_V = sdiv i200 %t, i200 %zext_ln1349"   --->   Operation 268 'sdiv' 'r_V' <Predicate = true> <Delay = 5.07> <CoreInst = "DivnS_SEQ">   --->   Core 7 'DivnS_SEQ' <Latency = 203> <II = 140> <Delay = 5.07> <FuncUnit> <Opcode : 'sdiv' 'srem' 'udiv' 'urem'> <InPorts = 2> <OutPorts = 1>

State 60 <SV = 59> <Delay = 5.07>
ST_60 : Operation 269 [145/204] (5.07ns)   --->   "%r_V = sdiv i200 %t, i200 %zext_ln1349"   --->   Operation 269 'sdiv' 'r_V' <Predicate = true> <Delay = 5.07> <CoreInst = "DivnS_SEQ">   --->   Core 7 'DivnS_SEQ' <Latency = 203> <II = 140> <Delay = 5.07> <FuncUnit> <Opcode : 'sdiv' 'srem' 'udiv' 'urem'> <InPorts = 2> <OutPorts = 1>

State 61 <SV = 60> <Delay = 5.07>
ST_61 : Operation 270 [144/204] (5.07ns)   --->   "%r_V = sdiv i200 %t, i200 %zext_ln1349"   --->   Operation 270 'sdiv' 'r_V' <Predicate = true> <Delay = 5.07> <CoreInst = "DivnS_SEQ">   --->   Core 7 'DivnS_SEQ' <Latency = 203> <II = 140> <Delay = 5.07> <FuncUnit> <Opcode : 'sdiv' 'srem' 'udiv' 'urem'> <InPorts = 2> <OutPorts = 1>

State 62 <SV = 61> <Delay = 5.07>
ST_62 : Operation 271 [143/204] (5.07ns)   --->   "%r_V = sdiv i200 %t, i200 %zext_ln1349"   --->   Operation 271 'sdiv' 'r_V' <Predicate = true> <Delay = 5.07> <CoreInst = "DivnS_SEQ">   --->   Core 7 'DivnS_SEQ' <Latency = 203> <II = 140> <Delay = 5.07> <FuncUnit> <Opcode : 'sdiv' 'srem' 'udiv' 'urem'> <InPorts = 2> <OutPorts = 1>

State 63 <SV = 62> <Delay = 5.07>
ST_63 : Operation 272 [142/204] (5.07ns)   --->   "%r_V = sdiv i200 %t, i200 %zext_ln1349"   --->   Operation 272 'sdiv' 'r_V' <Predicate = true> <Delay = 5.07> <CoreInst = "DivnS_SEQ">   --->   Core 7 'DivnS_SEQ' <Latency = 203> <II = 140> <Delay = 5.07> <FuncUnit> <Opcode : 'sdiv' 'srem' 'udiv' 'urem'> <InPorts = 2> <OutPorts = 1>

State 64 <SV = 63> <Delay = 5.07>
ST_64 : Operation 273 [141/204] (5.07ns)   --->   "%r_V = sdiv i200 %t, i200 %zext_ln1349"   --->   Operation 273 'sdiv' 'r_V' <Predicate = true> <Delay = 5.07> <CoreInst = "DivnS_SEQ">   --->   Core 7 'DivnS_SEQ' <Latency = 203> <II = 140> <Delay = 5.07> <FuncUnit> <Opcode : 'sdiv' 'srem' 'udiv' 'urem'> <InPorts = 2> <OutPorts = 1>

State 65 <SV = 64> <Delay = 5.07>
ST_65 : Operation 274 [140/204] (5.07ns)   --->   "%r_V = sdiv i200 %t, i200 %zext_ln1349"   --->   Operation 274 'sdiv' 'r_V' <Predicate = true> <Delay = 5.07> <CoreInst = "DivnS_SEQ">   --->   Core 7 'DivnS_SEQ' <Latency = 203> <II = 140> <Delay = 5.07> <FuncUnit> <Opcode : 'sdiv' 'srem' 'udiv' 'urem'> <InPorts = 2> <OutPorts = 1>

State 66 <SV = 65> <Delay = 5.07>
ST_66 : Operation 275 [139/204] (5.07ns)   --->   "%r_V = sdiv i200 %t, i200 %zext_ln1349"   --->   Operation 275 'sdiv' 'r_V' <Predicate = true> <Delay = 5.07> <CoreInst = "DivnS_SEQ">   --->   Core 7 'DivnS_SEQ' <Latency = 203> <II = 140> <Delay = 5.07> <FuncUnit> <Opcode : 'sdiv' 'srem' 'udiv' 'urem'> <InPorts = 2> <OutPorts = 1>

State 67 <SV = 66> <Delay = 5.07>
ST_67 : Operation 276 [138/204] (5.07ns)   --->   "%r_V = sdiv i200 %t, i200 %zext_ln1349"   --->   Operation 276 'sdiv' 'r_V' <Predicate = true> <Delay = 5.07> <CoreInst = "DivnS_SEQ">   --->   Core 7 'DivnS_SEQ' <Latency = 203> <II = 140> <Delay = 5.07> <FuncUnit> <Opcode : 'sdiv' 'srem' 'udiv' 'urem'> <InPorts = 2> <OutPorts = 1>

State 68 <SV = 67> <Delay = 5.07>
ST_68 : Operation 277 [137/204] (5.07ns)   --->   "%r_V = sdiv i200 %t, i200 %zext_ln1349"   --->   Operation 277 'sdiv' 'r_V' <Predicate = true> <Delay = 5.07> <CoreInst = "DivnS_SEQ">   --->   Core 7 'DivnS_SEQ' <Latency = 203> <II = 140> <Delay = 5.07> <FuncUnit> <Opcode : 'sdiv' 'srem' 'udiv' 'urem'> <InPorts = 2> <OutPorts = 1>

State 69 <SV = 68> <Delay = 5.07>
ST_69 : Operation 278 [136/204] (5.07ns)   --->   "%r_V = sdiv i200 %t, i200 %zext_ln1349"   --->   Operation 278 'sdiv' 'r_V' <Predicate = true> <Delay = 5.07> <CoreInst = "DivnS_SEQ">   --->   Core 7 'DivnS_SEQ' <Latency = 203> <II = 140> <Delay = 5.07> <FuncUnit> <Opcode : 'sdiv' 'srem' 'udiv' 'urem'> <InPorts = 2> <OutPorts = 1>

State 70 <SV = 69> <Delay = 5.07>
ST_70 : Operation 279 [135/204] (5.07ns)   --->   "%r_V = sdiv i200 %t, i200 %zext_ln1349"   --->   Operation 279 'sdiv' 'r_V' <Predicate = true> <Delay = 5.07> <CoreInst = "DivnS_SEQ">   --->   Core 7 'DivnS_SEQ' <Latency = 203> <II = 140> <Delay = 5.07> <FuncUnit> <Opcode : 'sdiv' 'srem' 'udiv' 'urem'> <InPorts = 2> <OutPorts = 1>

State 71 <SV = 70> <Delay = 5.07>
ST_71 : Operation 280 [134/204] (5.07ns)   --->   "%r_V = sdiv i200 %t, i200 %zext_ln1349"   --->   Operation 280 'sdiv' 'r_V' <Predicate = true> <Delay = 5.07> <CoreInst = "DivnS_SEQ">   --->   Core 7 'DivnS_SEQ' <Latency = 203> <II = 140> <Delay = 5.07> <FuncUnit> <Opcode : 'sdiv' 'srem' 'udiv' 'urem'> <InPorts = 2> <OutPorts = 1>

State 72 <SV = 71> <Delay = 5.07>
ST_72 : Operation 281 [133/204] (5.07ns)   --->   "%r_V = sdiv i200 %t, i200 %zext_ln1349"   --->   Operation 281 'sdiv' 'r_V' <Predicate = true> <Delay = 5.07> <CoreInst = "DivnS_SEQ">   --->   Core 7 'DivnS_SEQ' <Latency = 203> <II = 140> <Delay = 5.07> <FuncUnit> <Opcode : 'sdiv' 'srem' 'udiv' 'urem'> <InPorts = 2> <OutPorts = 1>

State 73 <SV = 72> <Delay = 5.07>
ST_73 : Operation 282 [132/204] (5.07ns)   --->   "%r_V = sdiv i200 %t, i200 %zext_ln1349"   --->   Operation 282 'sdiv' 'r_V' <Predicate = true> <Delay = 5.07> <CoreInst = "DivnS_SEQ">   --->   Core 7 'DivnS_SEQ' <Latency = 203> <II = 140> <Delay = 5.07> <FuncUnit> <Opcode : 'sdiv' 'srem' 'udiv' 'urem'> <InPorts = 2> <OutPorts = 1>

State 74 <SV = 73> <Delay = 5.07>
ST_74 : Operation 283 [131/204] (5.07ns)   --->   "%r_V = sdiv i200 %t, i200 %zext_ln1349"   --->   Operation 283 'sdiv' 'r_V' <Predicate = true> <Delay = 5.07> <CoreInst = "DivnS_SEQ">   --->   Core 7 'DivnS_SEQ' <Latency = 203> <II = 140> <Delay = 5.07> <FuncUnit> <Opcode : 'sdiv' 'srem' 'udiv' 'urem'> <InPorts = 2> <OutPorts = 1>

State 75 <SV = 74> <Delay = 5.07>
ST_75 : Operation 284 [130/204] (5.07ns)   --->   "%r_V = sdiv i200 %t, i200 %zext_ln1349"   --->   Operation 284 'sdiv' 'r_V' <Predicate = true> <Delay = 5.07> <CoreInst = "DivnS_SEQ">   --->   Core 7 'DivnS_SEQ' <Latency = 203> <II = 140> <Delay = 5.07> <FuncUnit> <Opcode : 'sdiv' 'srem' 'udiv' 'urem'> <InPorts = 2> <OutPorts = 1>

State 76 <SV = 75> <Delay = 5.07>
ST_76 : Operation 285 [129/204] (5.07ns)   --->   "%r_V = sdiv i200 %t, i200 %zext_ln1349"   --->   Operation 285 'sdiv' 'r_V' <Predicate = true> <Delay = 5.07> <CoreInst = "DivnS_SEQ">   --->   Core 7 'DivnS_SEQ' <Latency = 203> <II = 140> <Delay = 5.07> <FuncUnit> <Opcode : 'sdiv' 'srem' 'udiv' 'urem'> <InPorts = 2> <OutPorts = 1>

State 77 <SV = 76> <Delay = 5.07>
ST_77 : Operation 286 [128/204] (5.07ns)   --->   "%r_V = sdiv i200 %t, i200 %zext_ln1349"   --->   Operation 286 'sdiv' 'r_V' <Predicate = true> <Delay = 5.07> <CoreInst = "DivnS_SEQ">   --->   Core 7 'DivnS_SEQ' <Latency = 203> <II = 140> <Delay = 5.07> <FuncUnit> <Opcode : 'sdiv' 'srem' 'udiv' 'urem'> <InPorts = 2> <OutPorts = 1>

State 78 <SV = 77> <Delay = 5.07>
ST_78 : Operation 287 [127/204] (5.07ns)   --->   "%r_V = sdiv i200 %t, i200 %zext_ln1349"   --->   Operation 287 'sdiv' 'r_V' <Predicate = true> <Delay = 5.07> <CoreInst = "DivnS_SEQ">   --->   Core 7 'DivnS_SEQ' <Latency = 203> <II = 140> <Delay = 5.07> <FuncUnit> <Opcode : 'sdiv' 'srem' 'udiv' 'urem'> <InPorts = 2> <OutPorts = 1>

State 79 <SV = 78> <Delay = 5.07>
ST_79 : Operation 288 [126/204] (5.07ns)   --->   "%r_V = sdiv i200 %t, i200 %zext_ln1349"   --->   Operation 288 'sdiv' 'r_V' <Predicate = true> <Delay = 5.07> <CoreInst = "DivnS_SEQ">   --->   Core 7 'DivnS_SEQ' <Latency = 203> <II = 140> <Delay = 5.07> <FuncUnit> <Opcode : 'sdiv' 'srem' 'udiv' 'urem'> <InPorts = 2> <OutPorts = 1>

State 80 <SV = 79> <Delay = 5.07>
ST_80 : Operation 289 [125/204] (5.07ns)   --->   "%r_V = sdiv i200 %t, i200 %zext_ln1349"   --->   Operation 289 'sdiv' 'r_V' <Predicate = true> <Delay = 5.07> <CoreInst = "DivnS_SEQ">   --->   Core 7 'DivnS_SEQ' <Latency = 203> <II = 140> <Delay = 5.07> <FuncUnit> <Opcode : 'sdiv' 'srem' 'udiv' 'urem'> <InPorts = 2> <OutPorts = 1>

State 81 <SV = 80> <Delay = 5.07>
ST_81 : Operation 290 [124/204] (5.07ns)   --->   "%r_V = sdiv i200 %t, i200 %zext_ln1349"   --->   Operation 290 'sdiv' 'r_V' <Predicate = true> <Delay = 5.07> <CoreInst = "DivnS_SEQ">   --->   Core 7 'DivnS_SEQ' <Latency = 203> <II = 140> <Delay = 5.07> <FuncUnit> <Opcode : 'sdiv' 'srem' 'udiv' 'urem'> <InPorts = 2> <OutPorts = 1>

State 82 <SV = 81> <Delay = 5.07>
ST_82 : Operation 291 [123/204] (5.07ns)   --->   "%r_V = sdiv i200 %t, i200 %zext_ln1349"   --->   Operation 291 'sdiv' 'r_V' <Predicate = true> <Delay = 5.07> <CoreInst = "DivnS_SEQ">   --->   Core 7 'DivnS_SEQ' <Latency = 203> <II = 140> <Delay = 5.07> <FuncUnit> <Opcode : 'sdiv' 'srem' 'udiv' 'urem'> <InPorts = 2> <OutPorts = 1>

State 83 <SV = 82> <Delay = 5.07>
ST_83 : Operation 292 [122/204] (5.07ns)   --->   "%r_V = sdiv i200 %t, i200 %zext_ln1349"   --->   Operation 292 'sdiv' 'r_V' <Predicate = true> <Delay = 5.07> <CoreInst = "DivnS_SEQ">   --->   Core 7 'DivnS_SEQ' <Latency = 203> <II = 140> <Delay = 5.07> <FuncUnit> <Opcode : 'sdiv' 'srem' 'udiv' 'urem'> <InPorts = 2> <OutPorts = 1>

State 84 <SV = 83> <Delay = 5.07>
ST_84 : Operation 293 [121/204] (5.07ns)   --->   "%r_V = sdiv i200 %t, i200 %zext_ln1349"   --->   Operation 293 'sdiv' 'r_V' <Predicate = true> <Delay = 5.07> <CoreInst = "DivnS_SEQ">   --->   Core 7 'DivnS_SEQ' <Latency = 203> <II = 140> <Delay = 5.07> <FuncUnit> <Opcode : 'sdiv' 'srem' 'udiv' 'urem'> <InPorts = 2> <OutPorts = 1>

State 85 <SV = 84> <Delay = 5.07>
ST_85 : Operation 294 [120/204] (5.07ns)   --->   "%r_V = sdiv i200 %t, i200 %zext_ln1349"   --->   Operation 294 'sdiv' 'r_V' <Predicate = true> <Delay = 5.07> <CoreInst = "DivnS_SEQ">   --->   Core 7 'DivnS_SEQ' <Latency = 203> <II = 140> <Delay = 5.07> <FuncUnit> <Opcode : 'sdiv' 'srem' 'udiv' 'urem'> <InPorts = 2> <OutPorts = 1>

State 86 <SV = 85> <Delay = 5.07>
ST_86 : Operation 295 [119/204] (5.07ns)   --->   "%r_V = sdiv i200 %t, i200 %zext_ln1349"   --->   Operation 295 'sdiv' 'r_V' <Predicate = true> <Delay = 5.07> <CoreInst = "DivnS_SEQ">   --->   Core 7 'DivnS_SEQ' <Latency = 203> <II = 140> <Delay = 5.07> <FuncUnit> <Opcode : 'sdiv' 'srem' 'udiv' 'urem'> <InPorts = 2> <OutPorts = 1>

State 87 <SV = 86> <Delay = 5.07>
ST_87 : Operation 296 [118/204] (5.07ns)   --->   "%r_V = sdiv i200 %t, i200 %zext_ln1349"   --->   Operation 296 'sdiv' 'r_V' <Predicate = true> <Delay = 5.07> <CoreInst = "DivnS_SEQ">   --->   Core 7 'DivnS_SEQ' <Latency = 203> <II = 140> <Delay = 5.07> <FuncUnit> <Opcode : 'sdiv' 'srem' 'udiv' 'urem'> <InPorts = 2> <OutPorts = 1>

State 88 <SV = 87> <Delay = 5.07>
ST_88 : Operation 297 [117/204] (5.07ns)   --->   "%r_V = sdiv i200 %t, i200 %zext_ln1349"   --->   Operation 297 'sdiv' 'r_V' <Predicate = true> <Delay = 5.07> <CoreInst = "DivnS_SEQ">   --->   Core 7 'DivnS_SEQ' <Latency = 203> <II = 140> <Delay = 5.07> <FuncUnit> <Opcode : 'sdiv' 'srem' 'udiv' 'urem'> <InPorts = 2> <OutPorts = 1>

State 89 <SV = 88> <Delay = 5.07>
ST_89 : Operation 298 [116/204] (5.07ns)   --->   "%r_V = sdiv i200 %t, i200 %zext_ln1349"   --->   Operation 298 'sdiv' 'r_V' <Predicate = true> <Delay = 5.07> <CoreInst = "DivnS_SEQ">   --->   Core 7 'DivnS_SEQ' <Latency = 203> <II = 140> <Delay = 5.07> <FuncUnit> <Opcode : 'sdiv' 'srem' 'udiv' 'urem'> <InPorts = 2> <OutPorts = 1>

State 90 <SV = 89> <Delay = 5.07>
ST_90 : Operation 299 [115/204] (5.07ns)   --->   "%r_V = sdiv i200 %t, i200 %zext_ln1349"   --->   Operation 299 'sdiv' 'r_V' <Predicate = true> <Delay = 5.07> <CoreInst = "DivnS_SEQ">   --->   Core 7 'DivnS_SEQ' <Latency = 203> <II = 140> <Delay = 5.07> <FuncUnit> <Opcode : 'sdiv' 'srem' 'udiv' 'urem'> <InPorts = 2> <OutPorts = 1>

State 91 <SV = 90> <Delay = 5.07>
ST_91 : Operation 300 [114/204] (5.07ns)   --->   "%r_V = sdiv i200 %t, i200 %zext_ln1349"   --->   Operation 300 'sdiv' 'r_V' <Predicate = true> <Delay = 5.07> <CoreInst = "DivnS_SEQ">   --->   Core 7 'DivnS_SEQ' <Latency = 203> <II = 140> <Delay = 5.07> <FuncUnit> <Opcode : 'sdiv' 'srem' 'udiv' 'urem'> <InPorts = 2> <OutPorts = 1>

State 92 <SV = 91> <Delay = 5.07>
ST_92 : Operation 301 [113/204] (5.07ns)   --->   "%r_V = sdiv i200 %t, i200 %zext_ln1349"   --->   Operation 301 'sdiv' 'r_V' <Predicate = true> <Delay = 5.07> <CoreInst = "DivnS_SEQ">   --->   Core 7 'DivnS_SEQ' <Latency = 203> <II = 140> <Delay = 5.07> <FuncUnit> <Opcode : 'sdiv' 'srem' 'udiv' 'urem'> <InPorts = 2> <OutPorts = 1>

State 93 <SV = 92> <Delay = 5.07>
ST_93 : Operation 302 [112/204] (5.07ns)   --->   "%r_V = sdiv i200 %t, i200 %zext_ln1349"   --->   Operation 302 'sdiv' 'r_V' <Predicate = true> <Delay = 5.07> <CoreInst = "DivnS_SEQ">   --->   Core 7 'DivnS_SEQ' <Latency = 203> <II = 140> <Delay = 5.07> <FuncUnit> <Opcode : 'sdiv' 'srem' 'udiv' 'urem'> <InPorts = 2> <OutPorts = 1>

State 94 <SV = 93> <Delay = 5.07>
ST_94 : Operation 303 [111/204] (5.07ns)   --->   "%r_V = sdiv i200 %t, i200 %zext_ln1349"   --->   Operation 303 'sdiv' 'r_V' <Predicate = true> <Delay = 5.07> <CoreInst = "DivnS_SEQ">   --->   Core 7 'DivnS_SEQ' <Latency = 203> <II = 140> <Delay = 5.07> <FuncUnit> <Opcode : 'sdiv' 'srem' 'udiv' 'urem'> <InPorts = 2> <OutPorts = 1>

State 95 <SV = 94> <Delay = 5.07>
ST_95 : Operation 304 [110/204] (5.07ns)   --->   "%r_V = sdiv i200 %t, i200 %zext_ln1349"   --->   Operation 304 'sdiv' 'r_V' <Predicate = true> <Delay = 5.07> <CoreInst = "DivnS_SEQ">   --->   Core 7 'DivnS_SEQ' <Latency = 203> <II = 140> <Delay = 5.07> <FuncUnit> <Opcode : 'sdiv' 'srem' 'udiv' 'urem'> <InPorts = 2> <OutPorts = 1>

State 96 <SV = 95> <Delay = 5.07>
ST_96 : Operation 305 [109/204] (5.07ns)   --->   "%r_V = sdiv i200 %t, i200 %zext_ln1349"   --->   Operation 305 'sdiv' 'r_V' <Predicate = true> <Delay = 5.07> <CoreInst = "DivnS_SEQ">   --->   Core 7 'DivnS_SEQ' <Latency = 203> <II = 140> <Delay = 5.07> <FuncUnit> <Opcode : 'sdiv' 'srem' 'udiv' 'urem'> <InPorts = 2> <OutPorts = 1>

State 97 <SV = 96> <Delay = 5.07>
ST_97 : Operation 306 [108/204] (5.07ns)   --->   "%r_V = sdiv i200 %t, i200 %zext_ln1349"   --->   Operation 306 'sdiv' 'r_V' <Predicate = true> <Delay = 5.07> <CoreInst = "DivnS_SEQ">   --->   Core 7 'DivnS_SEQ' <Latency = 203> <II = 140> <Delay = 5.07> <FuncUnit> <Opcode : 'sdiv' 'srem' 'udiv' 'urem'> <InPorts = 2> <OutPorts = 1>

State 98 <SV = 97> <Delay = 5.07>
ST_98 : Operation 307 [107/204] (5.07ns)   --->   "%r_V = sdiv i200 %t, i200 %zext_ln1349"   --->   Operation 307 'sdiv' 'r_V' <Predicate = true> <Delay = 5.07> <CoreInst = "DivnS_SEQ">   --->   Core 7 'DivnS_SEQ' <Latency = 203> <II = 140> <Delay = 5.07> <FuncUnit> <Opcode : 'sdiv' 'srem' 'udiv' 'urem'> <InPorts = 2> <OutPorts = 1>

State 99 <SV = 98> <Delay = 5.07>
ST_99 : Operation 308 [106/204] (5.07ns)   --->   "%r_V = sdiv i200 %t, i200 %zext_ln1349"   --->   Operation 308 'sdiv' 'r_V' <Predicate = true> <Delay = 5.07> <CoreInst = "DivnS_SEQ">   --->   Core 7 'DivnS_SEQ' <Latency = 203> <II = 140> <Delay = 5.07> <FuncUnit> <Opcode : 'sdiv' 'srem' 'udiv' 'urem'> <InPorts = 2> <OutPorts = 1>

State 100 <SV = 99> <Delay = 5.07>
ST_100 : Operation 309 [105/204] (5.07ns)   --->   "%r_V = sdiv i200 %t, i200 %zext_ln1349"   --->   Operation 309 'sdiv' 'r_V' <Predicate = true> <Delay = 5.07> <CoreInst = "DivnS_SEQ">   --->   Core 7 'DivnS_SEQ' <Latency = 203> <II = 140> <Delay = 5.07> <FuncUnit> <Opcode : 'sdiv' 'srem' 'udiv' 'urem'> <InPorts = 2> <OutPorts = 1>

State 101 <SV = 100> <Delay = 5.07>
ST_101 : Operation 310 [104/204] (5.07ns)   --->   "%r_V = sdiv i200 %t, i200 %zext_ln1349"   --->   Operation 310 'sdiv' 'r_V' <Predicate = true> <Delay = 5.07> <CoreInst = "DivnS_SEQ">   --->   Core 7 'DivnS_SEQ' <Latency = 203> <II = 140> <Delay = 5.07> <FuncUnit> <Opcode : 'sdiv' 'srem' 'udiv' 'urem'> <InPorts = 2> <OutPorts = 1>

State 102 <SV = 101> <Delay = 5.07>
ST_102 : Operation 311 [103/204] (5.07ns)   --->   "%r_V = sdiv i200 %t, i200 %zext_ln1349"   --->   Operation 311 'sdiv' 'r_V' <Predicate = true> <Delay = 5.07> <CoreInst = "DivnS_SEQ">   --->   Core 7 'DivnS_SEQ' <Latency = 203> <II = 140> <Delay = 5.07> <FuncUnit> <Opcode : 'sdiv' 'srem' 'udiv' 'urem'> <InPorts = 2> <OutPorts = 1>

State 103 <SV = 102> <Delay = 5.07>
ST_103 : Operation 312 [102/204] (5.07ns)   --->   "%r_V = sdiv i200 %t, i200 %zext_ln1349"   --->   Operation 312 'sdiv' 'r_V' <Predicate = true> <Delay = 5.07> <CoreInst = "DivnS_SEQ">   --->   Core 7 'DivnS_SEQ' <Latency = 203> <II = 140> <Delay = 5.07> <FuncUnit> <Opcode : 'sdiv' 'srem' 'udiv' 'urem'> <InPorts = 2> <OutPorts = 1>

State 104 <SV = 103> <Delay = 5.07>
ST_104 : Operation 313 [101/204] (5.07ns)   --->   "%r_V = sdiv i200 %t, i200 %zext_ln1349"   --->   Operation 313 'sdiv' 'r_V' <Predicate = true> <Delay = 5.07> <CoreInst = "DivnS_SEQ">   --->   Core 7 'DivnS_SEQ' <Latency = 203> <II = 140> <Delay = 5.07> <FuncUnit> <Opcode : 'sdiv' 'srem' 'udiv' 'urem'> <InPorts = 2> <OutPorts = 1>

State 105 <SV = 104> <Delay = 5.07>
ST_105 : Operation 314 [100/204] (5.07ns)   --->   "%r_V = sdiv i200 %t, i200 %zext_ln1349"   --->   Operation 314 'sdiv' 'r_V' <Predicate = true> <Delay = 5.07> <CoreInst = "DivnS_SEQ">   --->   Core 7 'DivnS_SEQ' <Latency = 203> <II = 140> <Delay = 5.07> <FuncUnit> <Opcode : 'sdiv' 'srem' 'udiv' 'urem'> <InPorts = 2> <OutPorts = 1>

State 106 <SV = 105> <Delay = 5.07>
ST_106 : Operation 315 [99/204] (5.07ns)   --->   "%r_V = sdiv i200 %t, i200 %zext_ln1349"   --->   Operation 315 'sdiv' 'r_V' <Predicate = true> <Delay = 5.07> <CoreInst = "DivnS_SEQ">   --->   Core 7 'DivnS_SEQ' <Latency = 203> <II = 140> <Delay = 5.07> <FuncUnit> <Opcode : 'sdiv' 'srem' 'udiv' 'urem'> <InPorts = 2> <OutPorts = 1>

State 107 <SV = 106> <Delay = 5.07>
ST_107 : Operation 316 [98/204] (5.07ns)   --->   "%r_V = sdiv i200 %t, i200 %zext_ln1349"   --->   Operation 316 'sdiv' 'r_V' <Predicate = true> <Delay = 5.07> <CoreInst = "DivnS_SEQ">   --->   Core 7 'DivnS_SEQ' <Latency = 203> <II = 140> <Delay = 5.07> <FuncUnit> <Opcode : 'sdiv' 'srem' 'udiv' 'urem'> <InPorts = 2> <OutPorts = 1>

State 108 <SV = 107> <Delay = 5.07>
ST_108 : Operation 317 [97/204] (5.07ns)   --->   "%r_V = sdiv i200 %t, i200 %zext_ln1349"   --->   Operation 317 'sdiv' 'r_V' <Predicate = true> <Delay = 5.07> <CoreInst = "DivnS_SEQ">   --->   Core 7 'DivnS_SEQ' <Latency = 203> <II = 140> <Delay = 5.07> <FuncUnit> <Opcode : 'sdiv' 'srem' 'udiv' 'urem'> <InPorts = 2> <OutPorts = 1>

State 109 <SV = 108> <Delay = 5.07>
ST_109 : Operation 318 [96/204] (5.07ns)   --->   "%r_V = sdiv i200 %t, i200 %zext_ln1349"   --->   Operation 318 'sdiv' 'r_V' <Predicate = true> <Delay = 5.07> <CoreInst = "DivnS_SEQ">   --->   Core 7 'DivnS_SEQ' <Latency = 203> <II = 140> <Delay = 5.07> <FuncUnit> <Opcode : 'sdiv' 'srem' 'udiv' 'urem'> <InPorts = 2> <OutPorts = 1>

State 110 <SV = 109> <Delay = 5.07>
ST_110 : Operation 319 [95/204] (5.07ns)   --->   "%r_V = sdiv i200 %t, i200 %zext_ln1349"   --->   Operation 319 'sdiv' 'r_V' <Predicate = true> <Delay = 5.07> <CoreInst = "DivnS_SEQ">   --->   Core 7 'DivnS_SEQ' <Latency = 203> <II = 140> <Delay = 5.07> <FuncUnit> <Opcode : 'sdiv' 'srem' 'udiv' 'urem'> <InPorts = 2> <OutPorts = 1>

State 111 <SV = 110> <Delay = 5.07>
ST_111 : Operation 320 [94/204] (5.07ns)   --->   "%r_V = sdiv i200 %t, i200 %zext_ln1349"   --->   Operation 320 'sdiv' 'r_V' <Predicate = true> <Delay = 5.07> <CoreInst = "DivnS_SEQ">   --->   Core 7 'DivnS_SEQ' <Latency = 203> <II = 140> <Delay = 5.07> <FuncUnit> <Opcode : 'sdiv' 'srem' 'udiv' 'urem'> <InPorts = 2> <OutPorts = 1>

State 112 <SV = 111> <Delay = 5.07>
ST_112 : Operation 321 [93/204] (5.07ns)   --->   "%r_V = sdiv i200 %t, i200 %zext_ln1349"   --->   Operation 321 'sdiv' 'r_V' <Predicate = true> <Delay = 5.07> <CoreInst = "DivnS_SEQ">   --->   Core 7 'DivnS_SEQ' <Latency = 203> <II = 140> <Delay = 5.07> <FuncUnit> <Opcode : 'sdiv' 'srem' 'udiv' 'urem'> <InPorts = 2> <OutPorts = 1>

State 113 <SV = 112> <Delay = 5.07>
ST_113 : Operation 322 [92/204] (5.07ns)   --->   "%r_V = sdiv i200 %t, i200 %zext_ln1349"   --->   Operation 322 'sdiv' 'r_V' <Predicate = true> <Delay = 5.07> <CoreInst = "DivnS_SEQ">   --->   Core 7 'DivnS_SEQ' <Latency = 203> <II = 140> <Delay = 5.07> <FuncUnit> <Opcode : 'sdiv' 'srem' 'udiv' 'urem'> <InPorts = 2> <OutPorts = 1>

State 114 <SV = 113> <Delay = 5.07>
ST_114 : Operation 323 [91/204] (5.07ns)   --->   "%r_V = sdiv i200 %t, i200 %zext_ln1349"   --->   Operation 323 'sdiv' 'r_V' <Predicate = true> <Delay = 5.07> <CoreInst = "DivnS_SEQ">   --->   Core 7 'DivnS_SEQ' <Latency = 203> <II = 140> <Delay = 5.07> <FuncUnit> <Opcode : 'sdiv' 'srem' 'udiv' 'urem'> <InPorts = 2> <OutPorts = 1>

State 115 <SV = 114> <Delay = 5.07>
ST_115 : Operation 324 [90/204] (5.07ns)   --->   "%r_V = sdiv i200 %t, i200 %zext_ln1349"   --->   Operation 324 'sdiv' 'r_V' <Predicate = true> <Delay = 5.07> <CoreInst = "DivnS_SEQ">   --->   Core 7 'DivnS_SEQ' <Latency = 203> <II = 140> <Delay = 5.07> <FuncUnit> <Opcode : 'sdiv' 'srem' 'udiv' 'urem'> <InPorts = 2> <OutPorts = 1>

State 116 <SV = 115> <Delay = 5.07>
ST_116 : Operation 325 [89/204] (5.07ns)   --->   "%r_V = sdiv i200 %t, i200 %zext_ln1349"   --->   Operation 325 'sdiv' 'r_V' <Predicate = true> <Delay = 5.07> <CoreInst = "DivnS_SEQ">   --->   Core 7 'DivnS_SEQ' <Latency = 203> <II = 140> <Delay = 5.07> <FuncUnit> <Opcode : 'sdiv' 'srem' 'udiv' 'urem'> <InPorts = 2> <OutPorts = 1>

State 117 <SV = 116> <Delay = 5.07>
ST_117 : Operation 326 [88/204] (5.07ns)   --->   "%r_V = sdiv i200 %t, i200 %zext_ln1349"   --->   Operation 326 'sdiv' 'r_V' <Predicate = true> <Delay = 5.07> <CoreInst = "DivnS_SEQ">   --->   Core 7 'DivnS_SEQ' <Latency = 203> <II = 140> <Delay = 5.07> <FuncUnit> <Opcode : 'sdiv' 'srem' 'udiv' 'urem'> <InPorts = 2> <OutPorts = 1>

State 118 <SV = 117> <Delay = 5.07>
ST_118 : Operation 327 [87/204] (5.07ns)   --->   "%r_V = sdiv i200 %t, i200 %zext_ln1349"   --->   Operation 327 'sdiv' 'r_V' <Predicate = true> <Delay = 5.07> <CoreInst = "DivnS_SEQ">   --->   Core 7 'DivnS_SEQ' <Latency = 203> <II = 140> <Delay = 5.07> <FuncUnit> <Opcode : 'sdiv' 'srem' 'udiv' 'urem'> <InPorts = 2> <OutPorts = 1>

State 119 <SV = 118> <Delay = 5.07>
ST_119 : Operation 328 [86/204] (5.07ns)   --->   "%r_V = sdiv i200 %t, i200 %zext_ln1349"   --->   Operation 328 'sdiv' 'r_V' <Predicate = true> <Delay = 5.07> <CoreInst = "DivnS_SEQ">   --->   Core 7 'DivnS_SEQ' <Latency = 203> <II = 140> <Delay = 5.07> <FuncUnit> <Opcode : 'sdiv' 'srem' 'udiv' 'urem'> <InPorts = 2> <OutPorts = 1>

State 120 <SV = 119> <Delay = 5.07>
ST_120 : Operation 329 [85/204] (5.07ns)   --->   "%r_V = sdiv i200 %t, i200 %zext_ln1349"   --->   Operation 329 'sdiv' 'r_V' <Predicate = true> <Delay = 5.07> <CoreInst = "DivnS_SEQ">   --->   Core 7 'DivnS_SEQ' <Latency = 203> <II = 140> <Delay = 5.07> <FuncUnit> <Opcode : 'sdiv' 'srem' 'udiv' 'urem'> <InPorts = 2> <OutPorts = 1>

State 121 <SV = 120> <Delay = 5.07>
ST_121 : Operation 330 [84/204] (5.07ns)   --->   "%r_V = sdiv i200 %t, i200 %zext_ln1349"   --->   Operation 330 'sdiv' 'r_V' <Predicate = true> <Delay = 5.07> <CoreInst = "DivnS_SEQ">   --->   Core 7 'DivnS_SEQ' <Latency = 203> <II = 140> <Delay = 5.07> <FuncUnit> <Opcode : 'sdiv' 'srem' 'udiv' 'urem'> <InPorts = 2> <OutPorts = 1>

State 122 <SV = 121> <Delay = 5.07>
ST_122 : Operation 331 [83/204] (5.07ns)   --->   "%r_V = sdiv i200 %t, i200 %zext_ln1349"   --->   Operation 331 'sdiv' 'r_V' <Predicate = true> <Delay = 5.07> <CoreInst = "DivnS_SEQ">   --->   Core 7 'DivnS_SEQ' <Latency = 203> <II = 140> <Delay = 5.07> <FuncUnit> <Opcode : 'sdiv' 'srem' 'udiv' 'urem'> <InPorts = 2> <OutPorts = 1>

State 123 <SV = 122> <Delay = 5.07>
ST_123 : Operation 332 [82/204] (5.07ns)   --->   "%r_V = sdiv i200 %t, i200 %zext_ln1349"   --->   Operation 332 'sdiv' 'r_V' <Predicate = true> <Delay = 5.07> <CoreInst = "DivnS_SEQ">   --->   Core 7 'DivnS_SEQ' <Latency = 203> <II = 140> <Delay = 5.07> <FuncUnit> <Opcode : 'sdiv' 'srem' 'udiv' 'urem'> <InPorts = 2> <OutPorts = 1>

State 124 <SV = 123> <Delay = 5.07>
ST_124 : Operation 333 [81/204] (5.07ns)   --->   "%r_V = sdiv i200 %t, i200 %zext_ln1349"   --->   Operation 333 'sdiv' 'r_V' <Predicate = true> <Delay = 5.07> <CoreInst = "DivnS_SEQ">   --->   Core 7 'DivnS_SEQ' <Latency = 203> <II = 140> <Delay = 5.07> <FuncUnit> <Opcode : 'sdiv' 'srem' 'udiv' 'urem'> <InPorts = 2> <OutPorts = 1>

State 125 <SV = 124> <Delay = 5.07>
ST_125 : Operation 334 [80/204] (5.07ns)   --->   "%r_V = sdiv i200 %t, i200 %zext_ln1349"   --->   Operation 334 'sdiv' 'r_V' <Predicate = true> <Delay = 5.07> <CoreInst = "DivnS_SEQ">   --->   Core 7 'DivnS_SEQ' <Latency = 203> <II = 140> <Delay = 5.07> <FuncUnit> <Opcode : 'sdiv' 'srem' 'udiv' 'urem'> <InPorts = 2> <OutPorts = 1>

State 126 <SV = 125> <Delay = 5.07>
ST_126 : Operation 335 [79/204] (5.07ns)   --->   "%r_V = sdiv i200 %t, i200 %zext_ln1349"   --->   Operation 335 'sdiv' 'r_V' <Predicate = true> <Delay = 5.07> <CoreInst = "DivnS_SEQ">   --->   Core 7 'DivnS_SEQ' <Latency = 203> <II = 140> <Delay = 5.07> <FuncUnit> <Opcode : 'sdiv' 'srem' 'udiv' 'urem'> <InPorts = 2> <OutPorts = 1>

State 127 <SV = 126> <Delay = 5.07>
ST_127 : Operation 336 [78/204] (5.07ns)   --->   "%r_V = sdiv i200 %t, i200 %zext_ln1349"   --->   Operation 336 'sdiv' 'r_V' <Predicate = true> <Delay = 5.07> <CoreInst = "DivnS_SEQ">   --->   Core 7 'DivnS_SEQ' <Latency = 203> <II = 140> <Delay = 5.07> <FuncUnit> <Opcode : 'sdiv' 'srem' 'udiv' 'urem'> <InPorts = 2> <OutPorts = 1>

State 128 <SV = 127> <Delay = 5.07>
ST_128 : Operation 337 [77/204] (5.07ns)   --->   "%r_V = sdiv i200 %t, i200 %zext_ln1349"   --->   Operation 337 'sdiv' 'r_V' <Predicate = true> <Delay = 5.07> <CoreInst = "DivnS_SEQ">   --->   Core 7 'DivnS_SEQ' <Latency = 203> <II = 140> <Delay = 5.07> <FuncUnit> <Opcode : 'sdiv' 'srem' 'udiv' 'urem'> <InPorts = 2> <OutPorts = 1>

State 129 <SV = 128> <Delay = 5.07>
ST_129 : Operation 338 [76/204] (5.07ns)   --->   "%r_V = sdiv i200 %t, i200 %zext_ln1349"   --->   Operation 338 'sdiv' 'r_V' <Predicate = true> <Delay = 5.07> <CoreInst = "DivnS_SEQ">   --->   Core 7 'DivnS_SEQ' <Latency = 203> <II = 140> <Delay = 5.07> <FuncUnit> <Opcode : 'sdiv' 'srem' 'udiv' 'urem'> <InPorts = 2> <OutPorts = 1>

State 130 <SV = 129> <Delay = 5.07>
ST_130 : Operation 339 [75/204] (5.07ns)   --->   "%r_V = sdiv i200 %t, i200 %zext_ln1349"   --->   Operation 339 'sdiv' 'r_V' <Predicate = true> <Delay = 5.07> <CoreInst = "DivnS_SEQ">   --->   Core 7 'DivnS_SEQ' <Latency = 203> <II = 140> <Delay = 5.07> <FuncUnit> <Opcode : 'sdiv' 'srem' 'udiv' 'urem'> <InPorts = 2> <OutPorts = 1>

State 131 <SV = 130> <Delay = 5.07>
ST_131 : Operation 340 [74/204] (5.07ns)   --->   "%r_V = sdiv i200 %t, i200 %zext_ln1349"   --->   Operation 340 'sdiv' 'r_V' <Predicate = true> <Delay = 5.07> <CoreInst = "DivnS_SEQ">   --->   Core 7 'DivnS_SEQ' <Latency = 203> <II = 140> <Delay = 5.07> <FuncUnit> <Opcode : 'sdiv' 'srem' 'udiv' 'urem'> <InPorts = 2> <OutPorts = 1>

State 132 <SV = 131> <Delay = 5.07>
ST_132 : Operation 341 [73/204] (5.07ns)   --->   "%r_V = sdiv i200 %t, i200 %zext_ln1349"   --->   Operation 341 'sdiv' 'r_V' <Predicate = true> <Delay = 5.07> <CoreInst = "DivnS_SEQ">   --->   Core 7 'DivnS_SEQ' <Latency = 203> <II = 140> <Delay = 5.07> <FuncUnit> <Opcode : 'sdiv' 'srem' 'udiv' 'urem'> <InPorts = 2> <OutPorts = 1>

State 133 <SV = 132> <Delay = 5.07>
ST_133 : Operation 342 [72/204] (5.07ns)   --->   "%r_V = sdiv i200 %t, i200 %zext_ln1349"   --->   Operation 342 'sdiv' 'r_V' <Predicate = true> <Delay = 5.07> <CoreInst = "DivnS_SEQ">   --->   Core 7 'DivnS_SEQ' <Latency = 203> <II = 140> <Delay = 5.07> <FuncUnit> <Opcode : 'sdiv' 'srem' 'udiv' 'urem'> <InPorts = 2> <OutPorts = 1>

State 134 <SV = 133> <Delay = 5.07>
ST_134 : Operation 343 [71/204] (5.07ns)   --->   "%r_V = sdiv i200 %t, i200 %zext_ln1349"   --->   Operation 343 'sdiv' 'r_V' <Predicate = true> <Delay = 5.07> <CoreInst = "DivnS_SEQ">   --->   Core 7 'DivnS_SEQ' <Latency = 203> <II = 140> <Delay = 5.07> <FuncUnit> <Opcode : 'sdiv' 'srem' 'udiv' 'urem'> <InPorts = 2> <OutPorts = 1>

State 135 <SV = 134> <Delay = 5.07>
ST_135 : Operation 344 [70/204] (5.07ns)   --->   "%r_V = sdiv i200 %t, i200 %zext_ln1349"   --->   Operation 344 'sdiv' 'r_V' <Predicate = true> <Delay = 5.07> <CoreInst = "DivnS_SEQ">   --->   Core 7 'DivnS_SEQ' <Latency = 203> <II = 140> <Delay = 5.07> <FuncUnit> <Opcode : 'sdiv' 'srem' 'udiv' 'urem'> <InPorts = 2> <OutPorts = 1>

State 136 <SV = 135> <Delay = 5.07>
ST_136 : Operation 345 [69/204] (5.07ns)   --->   "%r_V = sdiv i200 %t, i200 %zext_ln1349"   --->   Operation 345 'sdiv' 'r_V' <Predicate = true> <Delay = 5.07> <CoreInst = "DivnS_SEQ">   --->   Core 7 'DivnS_SEQ' <Latency = 203> <II = 140> <Delay = 5.07> <FuncUnit> <Opcode : 'sdiv' 'srem' 'udiv' 'urem'> <InPorts = 2> <OutPorts = 1>

State 137 <SV = 136> <Delay = 5.07>
ST_137 : Operation 346 [68/204] (5.07ns)   --->   "%r_V = sdiv i200 %t, i200 %zext_ln1349"   --->   Operation 346 'sdiv' 'r_V' <Predicate = true> <Delay = 5.07> <CoreInst = "DivnS_SEQ">   --->   Core 7 'DivnS_SEQ' <Latency = 203> <II = 140> <Delay = 5.07> <FuncUnit> <Opcode : 'sdiv' 'srem' 'udiv' 'urem'> <InPorts = 2> <OutPorts = 1>

State 138 <SV = 137> <Delay = 5.07>
ST_138 : Operation 347 [67/204] (5.07ns)   --->   "%r_V = sdiv i200 %t, i200 %zext_ln1349"   --->   Operation 347 'sdiv' 'r_V' <Predicate = true> <Delay = 5.07> <CoreInst = "DivnS_SEQ">   --->   Core 7 'DivnS_SEQ' <Latency = 203> <II = 140> <Delay = 5.07> <FuncUnit> <Opcode : 'sdiv' 'srem' 'udiv' 'urem'> <InPorts = 2> <OutPorts = 1>

State 139 <SV = 138> <Delay = 5.07>
ST_139 : Operation 348 [66/204] (5.07ns)   --->   "%r_V = sdiv i200 %t, i200 %zext_ln1349"   --->   Operation 348 'sdiv' 'r_V' <Predicate = true> <Delay = 5.07> <CoreInst = "DivnS_SEQ">   --->   Core 7 'DivnS_SEQ' <Latency = 203> <II = 140> <Delay = 5.07> <FuncUnit> <Opcode : 'sdiv' 'srem' 'udiv' 'urem'> <InPorts = 2> <OutPorts = 1>

State 140 <SV = 139> <Delay = 5.07>
ST_140 : Operation 349 [65/204] (5.07ns)   --->   "%r_V = sdiv i200 %t, i200 %zext_ln1349"   --->   Operation 349 'sdiv' 'r_V' <Predicate = true> <Delay = 5.07> <CoreInst = "DivnS_SEQ">   --->   Core 7 'DivnS_SEQ' <Latency = 203> <II = 140> <Delay = 5.07> <FuncUnit> <Opcode : 'sdiv' 'srem' 'udiv' 'urem'> <InPorts = 2> <OutPorts = 1>

State 141 <SV = 140> <Delay = 5.07>
ST_141 : Operation 350 [64/204] (5.07ns)   --->   "%r_V = sdiv i200 %t, i200 %zext_ln1349"   --->   Operation 350 'sdiv' 'r_V' <Predicate = true> <Delay = 5.07> <CoreInst = "DivnS_SEQ">   --->   Core 7 'DivnS_SEQ' <Latency = 203> <II = 140> <Delay = 5.07> <FuncUnit> <Opcode : 'sdiv' 'srem' 'udiv' 'urem'> <InPorts = 2> <OutPorts = 1>

State 142 <SV = 141> <Delay = 5.07>
ST_142 : Operation 351 [63/204] (5.07ns)   --->   "%r_V = sdiv i200 %t, i200 %zext_ln1349"   --->   Operation 351 'sdiv' 'r_V' <Predicate = true> <Delay = 5.07> <CoreInst = "DivnS_SEQ">   --->   Core 7 'DivnS_SEQ' <Latency = 203> <II = 140> <Delay = 5.07> <FuncUnit> <Opcode : 'sdiv' 'srem' 'udiv' 'urem'> <InPorts = 2> <OutPorts = 1>

State 143 <SV = 142> <Delay = 5.07>
ST_143 : Operation 352 [62/204] (5.07ns)   --->   "%r_V = sdiv i200 %t, i200 %zext_ln1349"   --->   Operation 352 'sdiv' 'r_V' <Predicate = true> <Delay = 5.07> <CoreInst = "DivnS_SEQ">   --->   Core 7 'DivnS_SEQ' <Latency = 203> <II = 140> <Delay = 5.07> <FuncUnit> <Opcode : 'sdiv' 'srem' 'udiv' 'urem'> <InPorts = 2> <OutPorts = 1>

State 144 <SV = 143> <Delay = 5.07>
ST_144 : Operation 353 [61/204] (5.07ns)   --->   "%r_V = sdiv i200 %t, i200 %zext_ln1349"   --->   Operation 353 'sdiv' 'r_V' <Predicate = true> <Delay = 5.07> <CoreInst = "DivnS_SEQ">   --->   Core 7 'DivnS_SEQ' <Latency = 203> <II = 140> <Delay = 5.07> <FuncUnit> <Opcode : 'sdiv' 'srem' 'udiv' 'urem'> <InPorts = 2> <OutPorts = 1>

State 145 <SV = 144> <Delay = 5.07>
ST_145 : Operation 354 [60/204] (5.07ns)   --->   "%r_V = sdiv i200 %t, i200 %zext_ln1349"   --->   Operation 354 'sdiv' 'r_V' <Predicate = true> <Delay = 5.07> <CoreInst = "DivnS_SEQ">   --->   Core 7 'DivnS_SEQ' <Latency = 203> <II = 140> <Delay = 5.07> <FuncUnit> <Opcode : 'sdiv' 'srem' 'udiv' 'urem'> <InPorts = 2> <OutPorts = 1>

State 146 <SV = 145> <Delay = 5.07>
ST_146 : Operation 355 [59/204] (5.07ns)   --->   "%r_V = sdiv i200 %t, i200 %zext_ln1349"   --->   Operation 355 'sdiv' 'r_V' <Predicate = true> <Delay = 5.07> <CoreInst = "DivnS_SEQ">   --->   Core 7 'DivnS_SEQ' <Latency = 203> <II = 140> <Delay = 5.07> <FuncUnit> <Opcode : 'sdiv' 'srem' 'udiv' 'urem'> <InPorts = 2> <OutPorts = 1>

State 147 <SV = 146> <Delay = 5.07>
ST_147 : Operation 356 [58/204] (5.07ns)   --->   "%r_V = sdiv i200 %t, i200 %zext_ln1349"   --->   Operation 356 'sdiv' 'r_V' <Predicate = true> <Delay = 5.07> <CoreInst = "DivnS_SEQ">   --->   Core 7 'DivnS_SEQ' <Latency = 203> <II = 140> <Delay = 5.07> <FuncUnit> <Opcode : 'sdiv' 'srem' 'udiv' 'urem'> <InPorts = 2> <OutPorts = 1>

State 148 <SV = 147> <Delay = 5.07>
ST_148 : Operation 357 [57/204] (5.07ns)   --->   "%r_V = sdiv i200 %t, i200 %zext_ln1349"   --->   Operation 357 'sdiv' 'r_V' <Predicate = true> <Delay = 5.07> <CoreInst = "DivnS_SEQ">   --->   Core 7 'DivnS_SEQ' <Latency = 203> <II = 140> <Delay = 5.07> <FuncUnit> <Opcode : 'sdiv' 'srem' 'udiv' 'urem'> <InPorts = 2> <OutPorts = 1>

State 149 <SV = 148> <Delay = 5.07>
ST_149 : Operation 358 [56/204] (5.07ns)   --->   "%r_V = sdiv i200 %t, i200 %zext_ln1349"   --->   Operation 358 'sdiv' 'r_V' <Predicate = true> <Delay = 5.07> <CoreInst = "DivnS_SEQ">   --->   Core 7 'DivnS_SEQ' <Latency = 203> <II = 140> <Delay = 5.07> <FuncUnit> <Opcode : 'sdiv' 'srem' 'udiv' 'urem'> <InPorts = 2> <OutPorts = 1>

State 150 <SV = 149> <Delay = 5.07>
ST_150 : Operation 359 [55/204] (5.07ns)   --->   "%r_V = sdiv i200 %t, i200 %zext_ln1349"   --->   Operation 359 'sdiv' 'r_V' <Predicate = true> <Delay = 5.07> <CoreInst = "DivnS_SEQ">   --->   Core 7 'DivnS_SEQ' <Latency = 203> <II = 140> <Delay = 5.07> <FuncUnit> <Opcode : 'sdiv' 'srem' 'udiv' 'urem'> <InPorts = 2> <OutPorts = 1>

State 151 <SV = 150> <Delay = 5.07>
ST_151 : Operation 360 [54/204] (5.07ns)   --->   "%r_V = sdiv i200 %t, i200 %zext_ln1349"   --->   Operation 360 'sdiv' 'r_V' <Predicate = true> <Delay = 5.07> <CoreInst = "DivnS_SEQ">   --->   Core 7 'DivnS_SEQ' <Latency = 203> <II = 140> <Delay = 5.07> <FuncUnit> <Opcode : 'sdiv' 'srem' 'udiv' 'urem'> <InPorts = 2> <OutPorts = 1>

State 152 <SV = 151> <Delay = 5.07>
ST_152 : Operation 361 [53/204] (5.07ns)   --->   "%r_V = sdiv i200 %t, i200 %zext_ln1349"   --->   Operation 361 'sdiv' 'r_V' <Predicate = true> <Delay = 5.07> <CoreInst = "DivnS_SEQ">   --->   Core 7 'DivnS_SEQ' <Latency = 203> <II = 140> <Delay = 5.07> <FuncUnit> <Opcode : 'sdiv' 'srem' 'udiv' 'urem'> <InPorts = 2> <OutPorts = 1>

State 153 <SV = 152> <Delay = 5.07>
ST_153 : Operation 362 [52/204] (5.07ns)   --->   "%r_V = sdiv i200 %t, i200 %zext_ln1349"   --->   Operation 362 'sdiv' 'r_V' <Predicate = true> <Delay = 5.07> <CoreInst = "DivnS_SEQ">   --->   Core 7 'DivnS_SEQ' <Latency = 203> <II = 140> <Delay = 5.07> <FuncUnit> <Opcode : 'sdiv' 'srem' 'udiv' 'urem'> <InPorts = 2> <OutPorts = 1>

State 154 <SV = 153> <Delay = 5.07>
ST_154 : Operation 363 [51/204] (5.07ns)   --->   "%r_V = sdiv i200 %t, i200 %zext_ln1349"   --->   Operation 363 'sdiv' 'r_V' <Predicate = true> <Delay = 5.07> <CoreInst = "DivnS_SEQ">   --->   Core 7 'DivnS_SEQ' <Latency = 203> <II = 140> <Delay = 5.07> <FuncUnit> <Opcode : 'sdiv' 'srem' 'udiv' 'urem'> <InPorts = 2> <OutPorts = 1>

State 155 <SV = 154> <Delay = 5.07>
ST_155 : Operation 364 [50/204] (5.07ns)   --->   "%r_V = sdiv i200 %t, i200 %zext_ln1349"   --->   Operation 364 'sdiv' 'r_V' <Predicate = true> <Delay = 5.07> <CoreInst = "DivnS_SEQ">   --->   Core 7 'DivnS_SEQ' <Latency = 203> <II = 140> <Delay = 5.07> <FuncUnit> <Opcode : 'sdiv' 'srem' 'udiv' 'urem'> <InPorts = 2> <OutPorts = 1>

State 156 <SV = 155> <Delay = 5.07>
ST_156 : Operation 365 [49/204] (5.07ns)   --->   "%r_V = sdiv i200 %t, i200 %zext_ln1349"   --->   Operation 365 'sdiv' 'r_V' <Predicate = true> <Delay = 5.07> <CoreInst = "DivnS_SEQ">   --->   Core 7 'DivnS_SEQ' <Latency = 203> <II = 140> <Delay = 5.07> <FuncUnit> <Opcode : 'sdiv' 'srem' 'udiv' 'urem'> <InPorts = 2> <OutPorts = 1>

State 157 <SV = 156> <Delay = 5.07>
ST_157 : Operation 366 [48/204] (5.07ns)   --->   "%r_V = sdiv i200 %t, i200 %zext_ln1349"   --->   Operation 366 'sdiv' 'r_V' <Predicate = true> <Delay = 5.07> <CoreInst = "DivnS_SEQ">   --->   Core 7 'DivnS_SEQ' <Latency = 203> <II = 140> <Delay = 5.07> <FuncUnit> <Opcode : 'sdiv' 'srem' 'udiv' 'urem'> <InPorts = 2> <OutPorts = 1>

State 158 <SV = 157> <Delay = 5.07>
ST_158 : Operation 367 [47/204] (5.07ns)   --->   "%r_V = sdiv i200 %t, i200 %zext_ln1349"   --->   Operation 367 'sdiv' 'r_V' <Predicate = true> <Delay = 5.07> <CoreInst = "DivnS_SEQ">   --->   Core 7 'DivnS_SEQ' <Latency = 203> <II = 140> <Delay = 5.07> <FuncUnit> <Opcode : 'sdiv' 'srem' 'udiv' 'urem'> <InPorts = 2> <OutPorts = 1>

State 159 <SV = 158> <Delay = 5.07>
ST_159 : Operation 368 [46/204] (5.07ns)   --->   "%r_V = sdiv i200 %t, i200 %zext_ln1349"   --->   Operation 368 'sdiv' 'r_V' <Predicate = true> <Delay = 5.07> <CoreInst = "DivnS_SEQ">   --->   Core 7 'DivnS_SEQ' <Latency = 203> <II = 140> <Delay = 5.07> <FuncUnit> <Opcode : 'sdiv' 'srem' 'udiv' 'urem'> <InPorts = 2> <OutPorts = 1>

State 160 <SV = 159> <Delay = 5.07>
ST_160 : Operation 369 [45/204] (5.07ns)   --->   "%r_V = sdiv i200 %t, i200 %zext_ln1349"   --->   Operation 369 'sdiv' 'r_V' <Predicate = true> <Delay = 5.07> <CoreInst = "DivnS_SEQ">   --->   Core 7 'DivnS_SEQ' <Latency = 203> <II = 140> <Delay = 5.07> <FuncUnit> <Opcode : 'sdiv' 'srem' 'udiv' 'urem'> <InPorts = 2> <OutPorts = 1>

State 161 <SV = 160> <Delay = 5.07>
ST_161 : Operation 370 [44/204] (5.07ns)   --->   "%r_V = sdiv i200 %t, i200 %zext_ln1349"   --->   Operation 370 'sdiv' 'r_V' <Predicate = true> <Delay = 5.07> <CoreInst = "DivnS_SEQ">   --->   Core 7 'DivnS_SEQ' <Latency = 203> <II = 140> <Delay = 5.07> <FuncUnit> <Opcode : 'sdiv' 'srem' 'udiv' 'urem'> <InPorts = 2> <OutPorts = 1>

State 162 <SV = 161> <Delay = 5.07>
ST_162 : Operation 371 [43/204] (5.07ns)   --->   "%r_V = sdiv i200 %t, i200 %zext_ln1349"   --->   Operation 371 'sdiv' 'r_V' <Predicate = true> <Delay = 5.07> <CoreInst = "DivnS_SEQ">   --->   Core 7 'DivnS_SEQ' <Latency = 203> <II = 140> <Delay = 5.07> <FuncUnit> <Opcode : 'sdiv' 'srem' 'udiv' 'urem'> <InPorts = 2> <OutPorts = 1>

State 163 <SV = 162> <Delay = 5.07>
ST_163 : Operation 372 [42/204] (5.07ns)   --->   "%r_V = sdiv i200 %t, i200 %zext_ln1349"   --->   Operation 372 'sdiv' 'r_V' <Predicate = true> <Delay = 5.07> <CoreInst = "DivnS_SEQ">   --->   Core 7 'DivnS_SEQ' <Latency = 203> <II = 140> <Delay = 5.07> <FuncUnit> <Opcode : 'sdiv' 'srem' 'udiv' 'urem'> <InPorts = 2> <OutPorts = 1>

State 164 <SV = 163> <Delay = 5.07>
ST_164 : Operation 373 [41/204] (5.07ns)   --->   "%r_V = sdiv i200 %t, i200 %zext_ln1349"   --->   Operation 373 'sdiv' 'r_V' <Predicate = true> <Delay = 5.07> <CoreInst = "DivnS_SEQ">   --->   Core 7 'DivnS_SEQ' <Latency = 203> <II = 140> <Delay = 5.07> <FuncUnit> <Opcode : 'sdiv' 'srem' 'udiv' 'urem'> <InPorts = 2> <OutPorts = 1>

State 165 <SV = 164> <Delay = 5.07>
ST_165 : Operation 374 [40/204] (5.07ns)   --->   "%r_V = sdiv i200 %t, i200 %zext_ln1349"   --->   Operation 374 'sdiv' 'r_V' <Predicate = true> <Delay = 5.07> <CoreInst = "DivnS_SEQ">   --->   Core 7 'DivnS_SEQ' <Latency = 203> <II = 140> <Delay = 5.07> <FuncUnit> <Opcode : 'sdiv' 'srem' 'udiv' 'urem'> <InPorts = 2> <OutPorts = 1>

State 166 <SV = 165> <Delay = 5.07>
ST_166 : Operation 375 [39/204] (5.07ns)   --->   "%r_V = sdiv i200 %t, i200 %zext_ln1349"   --->   Operation 375 'sdiv' 'r_V' <Predicate = true> <Delay = 5.07> <CoreInst = "DivnS_SEQ">   --->   Core 7 'DivnS_SEQ' <Latency = 203> <II = 140> <Delay = 5.07> <FuncUnit> <Opcode : 'sdiv' 'srem' 'udiv' 'urem'> <InPorts = 2> <OutPorts = 1>

State 167 <SV = 166> <Delay = 5.07>
ST_167 : Operation 376 [38/204] (5.07ns)   --->   "%r_V = sdiv i200 %t, i200 %zext_ln1349"   --->   Operation 376 'sdiv' 'r_V' <Predicate = true> <Delay = 5.07> <CoreInst = "DivnS_SEQ">   --->   Core 7 'DivnS_SEQ' <Latency = 203> <II = 140> <Delay = 5.07> <FuncUnit> <Opcode : 'sdiv' 'srem' 'udiv' 'urem'> <InPorts = 2> <OutPorts = 1>

State 168 <SV = 167> <Delay = 5.07>
ST_168 : Operation 377 [37/204] (5.07ns)   --->   "%r_V = sdiv i200 %t, i200 %zext_ln1349"   --->   Operation 377 'sdiv' 'r_V' <Predicate = true> <Delay = 5.07> <CoreInst = "DivnS_SEQ">   --->   Core 7 'DivnS_SEQ' <Latency = 203> <II = 140> <Delay = 5.07> <FuncUnit> <Opcode : 'sdiv' 'srem' 'udiv' 'urem'> <InPorts = 2> <OutPorts = 1>

State 169 <SV = 168> <Delay = 5.07>
ST_169 : Operation 378 [36/204] (5.07ns)   --->   "%r_V = sdiv i200 %t, i200 %zext_ln1349"   --->   Operation 378 'sdiv' 'r_V' <Predicate = true> <Delay = 5.07> <CoreInst = "DivnS_SEQ">   --->   Core 7 'DivnS_SEQ' <Latency = 203> <II = 140> <Delay = 5.07> <FuncUnit> <Opcode : 'sdiv' 'srem' 'udiv' 'urem'> <InPorts = 2> <OutPorts = 1>

State 170 <SV = 169> <Delay = 5.07>
ST_170 : Operation 379 [35/204] (5.07ns)   --->   "%r_V = sdiv i200 %t, i200 %zext_ln1349"   --->   Operation 379 'sdiv' 'r_V' <Predicate = true> <Delay = 5.07> <CoreInst = "DivnS_SEQ">   --->   Core 7 'DivnS_SEQ' <Latency = 203> <II = 140> <Delay = 5.07> <FuncUnit> <Opcode : 'sdiv' 'srem' 'udiv' 'urem'> <InPorts = 2> <OutPorts = 1>

State 171 <SV = 170> <Delay = 5.07>
ST_171 : Operation 380 [34/204] (5.07ns)   --->   "%r_V = sdiv i200 %t, i200 %zext_ln1349"   --->   Operation 380 'sdiv' 'r_V' <Predicate = true> <Delay = 5.07> <CoreInst = "DivnS_SEQ">   --->   Core 7 'DivnS_SEQ' <Latency = 203> <II = 140> <Delay = 5.07> <FuncUnit> <Opcode : 'sdiv' 'srem' 'udiv' 'urem'> <InPorts = 2> <OutPorts = 1>

State 172 <SV = 171> <Delay = 5.07>
ST_172 : Operation 381 [33/204] (5.07ns)   --->   "%r_V = sdiv i200 %t, i200 %zext_ln1349"   --->   Operation 381 'sdiv' 'r_V' <Predicate = true> <Delay = 5.07> <CoreInst = "DivnS_SEQ">   --->   Core 7 'DivnS_SEQ' <Latency = 203> <II = 140> <Delay = 5.07> <FuncUnit> <Opcode : 'sdiv' 'srem' 'udiv' 'urem'> <InPorts = 2> <OutPorts = 1>

State 173 <SV = 172> <Delay = 5.07>
ST_173 : Operation 382 [32/204] (5.07ns)   --->   "%r_V = sdiv i200 %t, i200 %zext_ln1349"   --->   Operation 382 'sdiv' 'r_V' <Predicate = true> <Delay = 5.07> <CoreInst = "DivnS_SEQ">   --->   Core 7 'DivnS_SEQ' <Latency = 203> <II = 140> <Delay = 5.07> <FuncUnit> <Opcode : 'sdiv' 'srem' 'udiv' 'urem'> <InPorts = 2> <OutPorts = 1>

State 174 <SV = 173> <Delay = 5.07>
ST_174 : Operation 383 [31/204] (5.07ns)   --->   "%r_V = sdiv i200 %t, i200 %zext_ln1349"   --->   Operation 383 'sdiv' 'r_V' <Predicate = true> <Delay = 5.07> <CoreInst = "DivnS_SEQ">   --->   Core 7 'DivnS_SEQ' <Latency = 203> <II = 140> <Delay = 5.07> <FuncUnit> <Opcode : 'sdiv' 'srem' 'udiv' 'urem'> <InPorts = 2> <OutPorts = 1>

State 175 <SV = 174> <Delay = 5.07>
ST_175 : Operation 384 [30/204] (5.07ns)   --->   "%r_V = sdiv i200 %t, i200 %zext_ln1349"   --->   Operation 384 'sdiv' 'r_V' <Predicate = true> <Delay = 5.07> <CoreInst = "DivnS_SEQ">   --->   Core 7 'DivnS_SEQ' <Latency = 203> <II = 140> <Delay = 5.07> <FuncUnit> <Opcode : 'sdiv' 'srem' 'udiv' 'urem'> <InPorts = 2> <OutPorts = 1>

State 176 <SV = 175> <Delay = 5.07>
ST_176 : Operation 385 [29/204] (5.07ns)   --->   "%r_V = sdiv i200 %t, i200 %zext_ln1349"   --->   Operation 385 'sdiv' 'r_V' <Predicate = true> <Delay = 5.07> <CoreInst = "DivnS_SEQ">   --->   Core 7 'DivnS_SEQ' <Latency = 203> <II = 140> <Delay = 5.07> <FuncUnit> <Opcode : 'sdiv' 'srem' 'udiv' 'urem'> <InPorts = 2> <OutPorts = 1>

State 177 <SV = 176> <Delay = 5.07>
ST_177 : Operation 386 [28/204] (5.07ns)   --->   "%r_V = sdiv i200 %t, i200 %zext_ln1349"   --->   Operation 386 'sdiv' 'r_V' <Predicate = true> <Delay = 5.07> <CoreInst = "DivnS_SEQ">   --->   Core 7 'DivnS_SEQ' <Latency = 203> <II = 140> <Delay = 5.07> <FuncUnit> <Opcode : 'sdiv' 'srem' 'udiv' 'urem'> <InPorts = 2> <OutPorts = 1>

State 178 <SV = 177> <Delay = 5.07>
ST_178 : Operation 387 [27/204] (5.07ns)   --->   "%r_V = sdiv i200 %t, i200 %zext_ln1349"   --->   Operation 387 'sdiv' 'r_V' <Predicate = true> <Delay = 5.07> <CoreInst = "DivnS_SEQ">   --->   Core 7 'DivnS_SEQ' <Latency = 203> <II = 140> <Delay = 5.07> <FuncUnit> <Opcode : 'sdiv' 'srem' 'udiv' 'urem'> <InPorts = 2> <OutPorts = 1>

State 179 <SV = 178> <Delay = 5.07>
ST_179 : Operation 388 [26/204] (5.07ns)   --->   "%r_V = sdiv i200 %t, i200 %zext_ln1349"   --->   Operation 388 'sdiv' 'r_V' <Predicate = true> <Delay = 5.07> <CoreInst = "DivnS_SEQ">   --->   Core 7 'DivnS_SEQ' <Latency = 203> <II = 140> <Delay = 5.07> <FuncUnit> <Opcode : 'sdiv' 'srem' 'udiv' 'urem'> <InPorts = 2> <OutPorts = 1>

State 180 <SV = 179> <Delay = 5.07>
ST_180 : Operation 389 [25/204] (5.07ns)   --->   "%r_V = sdiv i200 %t, i200 %zext_ln1349"   --->   Operation 389 'sdiv' 'r_V' <Predicate = true> <Delay = 5.07> <CoreInst = "DivnS_SEQ">   --->   Core 7 'DivnS_SEQ' <Latency = 203> <II = 140> <Delay = 5.07> <FuncUnit> <Opcode : 'sdiv' 'srem' 'udiv' 'urem'> <InPorts = 2> <OutPorts = 1>

State 181 <SV = 180> <Delay = 5.07>
ST_181 : Operation 390 [24/204] (5.07ns)   --->   "%r_V = sdiv i200 %t, i200 %zext_ln1349"   --->   Operation 390 'sdiv' 'r_V' <Predicate = true> <Delay = 5.07> <CoreInst = "DivnS_SEQ">   --->   Core 7 'DivnS_SEQ' <Latency = 203> <II = 140> <Delay = 5.07> <FuncUnit> <Opcode : 'sdiv' 'srem' 'udiv' 'urem'> <InPorts = 2> <OutPorts = 1>

State 182 <SV = 181> <Delay = 5.07>
ST_182 : Operation 391 [23/204] (5.07ns)   --->   "%r_V = sdiv i200 %t, i200 %zext_ln1349"   --->   Operation 391 'sdiv' 'r_V' <Predicate = true> <Delay = 5.07> <CoreInst = "DivnS_SEQ">   --->   Core 7 'DivnS_SEQ' <Latency = 203> <II = 140> <Delay = 5.07> <FuncUnit> <Opcode : 'sdiv' 'srem' 'udiv' 'urem'> <InPorts = 2> <OutPorts = 1>

State 183 <SV = 182> <Delay = 5.07>
ST_183 : Operation 392 [22/204] (5.07ns)   --->   "%r_V = sdiv i200 %t, i200 %zext_ln1349"   --->   Operation 392 'sdiv' 'r_V' <Predicate = true> <Delay = 5.07> <CoreInst = "DivnS_SEQ">   --->   Core 7 'DivnS_SEQ' <Latency = 203> <II = 140> <Delay = 5.07> <FuncUnit> <Opcode : 'sdiv' 'srem' 'udiv' 'urem'> <InPorts = 2> <OutPorts = 1>

State 184 <SV = 183> <Delay = 5.07>
ST_184 : Operation 393 [21/204] (5.07ns)   --->   "%r_V = sdiv i200 %t, i200 %zext_ln1349"   --->   Operation 393 'sdiv' 'r_V' <Predicate = true> <Delay = 5.07> <CoreInst = "DivnS_SEQ">   --->   Core 7 'DivnS_SEQ' <Latency = 203> <II = 140> <Delay = 5.07> <FuncUnit> <Opcode : 'sdiv' 'srem' 'udiv' 'urem'> <InPorts = 2> <OutPorts = 1>

State 185 <SV = 184> <Delay = 5.07>
ST_185 : Operation 394 [20/204] (5.07ns)   --->   "%r_V = sdiv i200 %t, i200 %zext_ln1349"   --->   Operation 394 'sdiv' 'r_V' <Predicate = true> <Delay = 5.07> <CoreInst = "DivnS_SEQ">   --->   Core 7 'DivnS_SEQ' <Latency = 203> <II = 140> <Delay = 5.07> <FuncUnit> <Opcode : 'sdiv' 'srem' 'udiv' 'urem'> <InPorts = 2> <OutPorts = 1>

State 186 <SV = 185> <Delay = 5.07>
ST_186 : Operation 395 [19/204] (5.07ns)   --->   "%r_V = sdiv i200 %t, i200 %zext_ln1349"   --->   Operation 395 'sdiv' 'r_V' <Predicate = true> <Delay = 5.07> <CoreInst = "DivnS_SEQ">   --->   Core 7 'DivnS_SEQ' <Latency = 203> <II = 140> <Delay = 5.07> <FuncUnit> <Opcode : 'sdiv' 'srem' 'udiv' 'urem'> <InPorts = 2> <OutPorts = 1>

State 187 <SV = 186> <Delay = 5.07>
ST_187 : Operation 396 [18/204] (5.07ns)   --->   "%r_V = sdiv i200 %t, i200 %zext_ln1349"   --->   Operation 396 'sdiv' 'r_V' <Predicate = true> <Delay = 5.07> <CoreInst = "DivnS_SEQ">   --->   Core 7 'DivnS_SEQ' <Latency = 203> <II = 140> <Delay = 5.07> <FuncUnit> <Opcode : 'sdiv' 'srem' 'udiv' 'urem'> <InPorts = 2> <OutPorts = 1>

State 188 <SV = 187> <Delay = 5.07>
ST_188 : Operation 397 [17/204] (5.07ns)   --->   "%r_V = sdiv i200 %t, i200 %zext_ln1349"   --->   Operation 397 'sdiv' 'r_V' <Predicate = true> <Delay = 5.07> <CoreInst = "DivnS_SEQ">   --->   Core 7 'DivnS_SEQ' <Latency = 203> <II = 140> <Delay = 5.07> <FuncUnit> <Opcode : 'sdiv' 'srem' 'udiv' 'urem'> <InPorts = 2> <OutPorts = 1>

State 189 <SV = 188> <Delay = 5.07>
ST_189 : Operation 398 [16/204] (5.07ns)   --->   "%r_V = sdiv i200 %t, i200 %zext_ln1349"   --->   Operation 398 'sdiv' 'r_V' <Predicate = true> <Delay = 5.07> <CoreInst = "DivnS_SEQ">   --->   Core 7 'DivnS_SEQ' <Latency = 203> <II = 140> <Delay = 5.07> <FuncUnit> <Opcode : 'sdiv' 'srem' 'udiv' 'urem'> <InPorts = 2> <OutPorts = 1>

State 190 <SV = 189> <Delay = 5.07>
ST_190 : Operation 399 [15/204] (5.07ns)   --->   "%r_V = sdiv i200 %t, i200 %zext_ln1349"   --->   Operation 399 'sdiv' 'r_V' <Predicate = true> <Delay = 5.07> <CoreInst = "DivnS_SEQ">   --->   Core 7 'DivnS_SEQ' <Latency = 203> <II = 140> <Delay = 5.07> <FuncUnit> <Opcode : 'sdiv' 'srem' 'udiv' 'urem'> <InPorts = 2> <OutPorts = 1>

State 191 <SV = 190> <Delay = 5.07>
ST_191 : Operation 400 [14/204] (5.07ns)   --->   "%r_V = sdiv i200 %t, i200 %zext_ln1349"   --->   Operation 400 'sdiv' 'r_V' <Predicate = true> <Delay = 5.07> <CoreInst = "DivnS_SEQ">   --->   Core 7 'DivnS_SEQ' <Latency = 203> <II = 140> <Delay = 5.07> <FuncUnit> <Opcode : 'sdiv' 'srem' 'udiv' 'urem'> <InPorts = 2> <OutPorts = 1>

State 192 <SV = 191> <Delay = 5.07>
ST_192 : Operation 401 [13/204] (5.07ns)   --->   "%r_V = sdiv i200 %t, i200 %zext_ln1349"   --->   Operation 401 'sdiv' 'r_V' <Predicate = true> <Delay = 5.07> <CoreInst = "DivnS_SEQ">   --->   Core 7 'DivnS_SEQ' <Latency = 203> <II = 140> <Delay = 5.07> <FuncUnit> <Opcode : 'sdiv' 'srem' 'udiv' 'urem'> <InPorts = 2> <OutPorts = 1>

State 193 <SV = 192> <Delay = 5.07>
ST_193 : Operation 402 [12/204] (5.07ns)   --->   "%r_V = sdiv i200 %t, i200 %zext_ln1349"   --->   Operation 402 'sdiv' 'r_V' <Predicate = true> <Delay = 5.07> <CoreInst = "DivnS_SEQ">   --->   Core 7 'DivnS_SEQ' <Latency = 203> <II = 140> <Delay = 5.07> <FuncUnit> <Opcode : 'sdiv' 'srem' 'udiv' 'urem'> <InPorts = 2> <OutPorts = 1>

State 194 <SV = 193> <Delay = 5.07>
ST_194 : Operation 403 [11/204] (5.07ns)   --->   "%r_V = sdiv i200 %t, i200 %zext_ln1349"   --->   Operation 403 'sdiv' 'r_V' <Predicate = true> <Delay = 5.07> <CoreInst = "DivnS_SEQ">   --->   Core 7 'DivnS_SEQ' <Latency = 203> <II = 140> <Delay = 5.07> <FuncUnit> <Opcode : 'sdiv' 'srem' 'udiv' 'urem'> <InPorts = 2> <OutPorts = 1>

State 195 <SV = 194> <Delay = 5.07>
ST_195 : Operation 404 [10/204] (5.07ns)   --->   "%r_V = sdiv i200 %t, i200 %zext_ln1349"   --->   Operation 404 'sdiv' 'r_V' <Predicate = true> <Delay = 5.07> <CoreInst = "DivnS_SEQ">   --->   Core 7 'DivnS_SEQ' <Latency = 203> <II = 140> <Delay = 5.07> <FuncUnit> <Opcode : 'sdiv' 'srem' 'udiv' 'urem'> <InPorts = 2> <OutPorts = 1>

State 196 <SV = 195> <Delay = 5.07>
ST_196 : Operation 405 [9/204] (5.07ns)   --->   "%r_V = sdiv i200 %t, i200 %zext_ln1349"   --->   Operation 405 'sdiv' 'r_V' <Predicate = true> <Delay = 5.07> <CoreInst = "DivnS_SEQ">   --->   Core 7 'DivnS_SEQ' <Latency = 203> <II = 140> <Delay = 5.07> <FuncUnit> <Opcode : 'sdiv' 'srem' 'udiv' 'urem'> <InPorts = 2> <OutPorts = 1>

State 197 <SV = 196> <Delay = 5.07>
ST_197 : Operation 406 [8/204] (5.07ns)   --->   "%r_V = sdiv i200 %t, i200 %zext_ln1349"   --->   Operation 406 'sdiv' 'r_V' <Predicate = true> <Delay = 5.07> <CoreInst = "DivnS_SEQ">   --->   Core 7 'DivnS_SEQ' <Latency = 203> <II = 140> <Delay = 5.07> <FuncUnit> <Opcode : 'sdiv' 'srem' 'udiv' 'urem'> <InPorts = 2> <OutPorts = 1>

State 198 <SV = 197> <Delay = 5.07>
ST_198 : Operation 407 [7/204] (5.07ns)   --->   "%r_V = sdiv i200 %t, i200 %zext_ln1349"   --->   Operation 407 'sdiv' 'r_V' <Predicate = true> <Delay = 5.07> <CoreInst = "DivnS_SEQ">   --->   Core 7 'DivnS_SEQ' <Latency = 203> <II = 140> <Delay = 5.07> <FuncUnit> <Opcode : 'sdiv' 'srem' 'udiv' 'urem'> <InPorts = 2> <OutPorts = 1>

State 199 <SV = 198> <Delay = 5.07>
ST_199 : Operation 408 [6/204] (5.07ns)   --->   "%r_V = sdiv i200 %t, i200 %zext_ln1349"   --->   Operation 408 'sdiv' 'r_V' <Predicate = true> <Delay = 5.07> <CoreInst = "DivnS_SEQ">   --->   Core 7 'DivnS_SEQ' <Latency = 203> <II = 140> <Delay = 5.07> <FuncUnit> <Opcode : 'sdiv' 'srem' 'udiv' 'urem'> <InPorts = 2> <OutPorts = 1>

State 200 <SV = 199> <Delay = 5.07>
ST_200 : Operation 409 [5/204] (5.07ns)   --->   "%r_V = sdiv i200 %t, i200 %zext_ln1349"   --->   Operation 409 'sdiv' 'r_V' <Predicate = true> <Delay = 5.07> <CoreInst = "DivnS_SEQ">   --->   Core 7 'DivnS_SEQ' <Latency = 203> <II = 140> <Delay = 5.07> <FuncUnit> <Opcode : 'sdiv' 'srem' 'udiv' 'urem'> <InPorts = 2> <OutPorts = 1>

State 201 <SV = 200> <Delay = 5.07>
ST_201 : Operation 410 [4/204] (5.07ns)   --->   "%r_V = sdiv i200 %t, i200 %zext_ln1349"   --->   Operation 410 'sdiv' 'r_V' <Predicate = true> <Delay = 5.07> <CoreInst = "DivnS_SEQ">   --->   Core 7 'DivnS_SEQ' <Latency = 203> <II = 140> <Delay = 5.07> <FuncUnit> <Opcode : 'sdiv' 'srem' 'udiv' 'urem'> <InPorts = 2> <OutPorts = 1>

State 202 <SV = 201> <Delay = 5.07>
ST_202 : Operation 411 [3/204] (5.07ns)   --->   "%r_V = sdiv i200 %t, i200 %zext_ln1349"   --->   Operation 411 'sdiv' 'r_V' <Predicate = true> <Delay = 5.07> <CoreInst = "DivnS_SEQ">   --->   Core 7 'DivnS_SEQ' <Latency = 203> <II = 140> <Delay = 5.07> <FuncUnit> <Opcode : 'sdiv' 'srem' 'udiv' 'urem'> <InPorts = 2> <OutPorts = 1>

State 203 <SV = 202> <Delay = 5.07>
ST_203 : Operation 412 [2/204] (5.07ns)   --->   "%r_V = sdiv i200 %t, i200 %zext_ln1349"   --->   Operation 412 'sdiv' 'r_V' <Predicate = true> <Delay = 5.07> <CoreInst = "DivnS_SEQ">   --->   Core 7 'DivnS_SEQ' <Latency = 203> <II = 140> <Delay = 5.07> <FuncUnit> <Opcode : 'sdiv' 'srem' 'udiv' 'urem'> <InPorts = 2> <OutPorts = 1>

State 204 <SV = 203> <Delay = 5.07>
ST_204 : Operation 413 [1/204] (5.07ns)   --->   "%r_V = sdiv i200 %t, i200 %zext_ln1349"   --->   Operation 413 'sdiv' 'r_V' <Predicate = true> <Delay = 5.07> <CoreInst = "DivnS_SEQ">   --->   Core 7 'DivnS_SEQ' <Latency = 203> <II = 140> <Delay = 5.07> <FuncUnit> <Opcode : 'sdiv' 'srem' 'udiv' 'urem'> <InPorts = 2> <OutPorts = 1>
ST_204 : Operation 414 [1/1] (0.00ns)   --->   "%trunc_ln0 = trunc i140 %r_V"   --->   Operation 414 'trunc' 'trunc_ln0' <Predicate = true> <Delay = 0.00>
ST_204 : Operation 415 [1/1] (0.00ns)   --->   "%ret_ln62 = ret i140 %trunc_ln0" [src/runge_kutta_45.cpp:62]   --->   Operation 415 'ret' 'ret_ln62' <Predicate = true> <Delay = 0.00>


============================================================
+ Verbose Summary: Binding
============================================================
STG Binding: 
---------------- STG Properties BEGIN ----------------
- Is combinational: 0
- Is one-state seq: 0
- Is datapath-only: 0
- Is pipelined: 0
- Is top level: 0
Port [ Return ] is wired: 1; IO mode=ap_ctrl_hs:ce=0
Port [ num]:  wired=1; compound=0; hidden=0; nouse=0; global=0; static=0; extern=0; dir=0; type=0; pingpong=0; private_global=0; IO mode=ap_none:ce=0
Port [ den]:  wired=1; compound=0; hidden=0; nouse=0; global=0; static=0; extern=0; dir=0; type=0; pingpong=0; private_global=0; IO mode=ap_none:ce=0
---------------- STG Properties END ------------------

---------------- Datapath Model BEGIN ----------------

<LifeTime>
<method=bitvector/>
den_read    (read          ) [ 0000000000000000000000000000000000000000000000000000000000000000000000000000000000000000000000000000000000000000000000000000000000000000000000000000000000000000000000000000000000000000000000000000000000000]
num_read    (read          ) [ 0000000000000000000000000000000000000000000000000000000000000000000000000000000000000000000000000000000000000000000000000000000000000000000000000000000000000000000000000000000000000000000000000000000000000]
t           (bitconcatenate) [ 0011111111111111111111111111111111111111111111111111111111111111111111111111111111111111111111111111111111111111111111111111111111111111111111111111111111111111111111111111111111111111111111111111111111111]
sext_ln1349 (sext          ) [ 0000000000000000000000000000000000000000000000000000000000000000000000000000000000000000000000000000000000000000000000000000000000000000000000000000000000000000000000000000000000000000000000000000000000000]
zext_ln1349 (zext          ) [ 0011111111111111111111111111111111111111111111111111111111111111111111111111111111111111111111111111111111111111111111111111111111111111111111111111111111111111111111111111111111111111111111111111111111111]
r_V         (sdiv          ) [ 0000000000000000000000000000000000000000000000000000000000000000000000000000000000000000000000000000000000000000000000000000000000000000000000000000000000000000000000000000000000000000000000000000000000000]
trunc_ln0   (trunc         ) [ 0000000000000000000000000000000000000000000000000000000000000000000000000000000000000000000000000000000000000000000000000000000000000000000000000000000000000000000000000000000000000000000000000000000000000]
ret_ln62    (ret           ) [ 0000000000000000000000000000000000000000000000000000000000000000000000000000000000000000000000000000000000000000000000000000000000000000000000000000000000000000000000000000000000000000000000000000000000000]
</LifeTime>

<model>

<comp_list>
<comp id="0" class="1000" name="num">
<pin_list>
<pin id="1" dir="1" index="0" bw="1" slack="0"/>
</pin_list>
<bind>
<StgValue><ssdm name="num"/></StgValue>
</bind>
</comp>

<comp id="2" class="1000" name="den">
<pin_list>
<pin id="3" dir="1" index="0" bw="1" slack="0"/>
</pin_list>
<bind>
<StgValue><ssdm name="den"/></StgValue>
</bind>
</comp>

<comp id="4" class="1001" name="const_4">
<pin_list>
<pin id="5" dir="1" index="0" bw="1" slack="0"/>
</pin_list>
<bind>
<StgValue><ssdm name="_ssdm_op_Read.ap_auto.i161"/></StgValue>
</bind>
</comp>

<comp id="6" class="1001" name="const_6">
<pin_list>
<pin id="7" dir="1" index="0" bw="1" slack="0"/>
</pin_list>
<bind>
<StgValue><ssdm name="_ssdm_op_Read.ap_auto.i80"/></StgValue>
</bind>
</comp>

<comp id="8" class="1001" name="const_8">
<pin_list>
<pin id="9" dir="1" index="0" bw="1" slack="0"/>
</pin_list>
<bind>
<StgValue><ssdm name="_ssdm_op_BitConcatenate.i200.i80.i120"/></StgValue>
</bind>
</comp>

<comp id="10" class="1001" name="const_10">
<pin_list>
<pin id="11" dir="1" index="0" bw="1" slack="0"/>
</pin_list>
<bind>
<StgValue><ssdm name=""/></StgValue>
</bind>
</comp>

<comp id="12" class="1004" name="den_read_read_fu_12">
<pin_list>
<pin id="13" dir="0" index="0" bw="161" slack="0"/>
<pin id="14" dir="0" index="1" bw="161" slack="0"/>
<pin id="15" dir="1" index="2" bw="161" slack="0"/>
</pin_list>
<bind>
<opcode="read(1150) " fcode="read"/>
<opset="den_read/1 "/>
</bind>
</comp>

<comp id="18" class="1004" name="num_read_read_fu_18">
<pin_list>
<pin id="19" dir="0" index="0" bw="80" slack="0"/>
<pin id="20" dir="0" index="1" bw="80" slack="0"/>
<pin id="21" dir="1" index="2" bw="80" slack="0"/>
</pin_list>
<bind>
<opcode="read(1150) " fcode="read"/>
<opset="num_read/1 "/>
</bind>
</comp>

<comp id="24" class="1004" name="t_fu_24">
<pin_list>
<pin id="25" dir="0" index="0" bw="200" slack="0"/>
<pin id="26" dir="0" index="1" bw="80" slack="0"/>
<pin id="27" dir="0" index="2" bw="1" slack="0"/>
<pin id="28" dir="1" index="3" bw="200" slack="0"/>
</pin_list>
<bind>
<opcode="bitconcatenate(1004) " fcode="bitconcatenate"/>
<opset="t/1 "/>
</bind>
</comp>

<comp id="32" class="1004" name="sext_ln1349_fu_32">
<pin_list>
<pin id="33" dir="0" index="0" bw="161" slack="0"/>
<pin id="34" dir="1" index="1" bw="162" slack="0"/>
</pin_list>
<bind>
<opcode="sext(35) " fcode="sext"/>
<opset="sext_ln1349/1 "/>
</bind>
</comp>

<comp id="36" class="1004" name="zext_ln1349_fu_36">
<pin_list>
<pin id="37" dir="0" index="0" bw="161" slack="0"/>
<pin id="38" dir="1" index="1" bw="200" slack="0"/>
</pin_list>
<bind>
<opcode="zext(34) " fcode="zext"/>
<opset="zext_ln1349/1 "/>
</bind>
</comp>

<comp id="40" class="1004" name="grp_fu_40">
<pin_list>
<pin id="41" dir="0" index="0" bw="200" slack="0"/>
<pin id="42" dir="0" index="1" bw="163" slack="0"/>
<pin id="43" dir="1" index="2" bw="140" slack="0"/>
</pin_list>
<bind>
<opcode="sdiv(15) " fcode="sdiv"/>
<opset="r_V/1 "/>
</bind>
</comp>

<comp id="46" class="1004" name="trunc_ln0_fu_46">
<pin_list>
<pin id="47" dir="0" index="0" bw="140" slack="0"/>
<pin id="48" dir="1" index="1" bw="140" slack="2147483647"/>
</pin_list>
<bind>
<opcode="trunc(33) " fcode="trunc"/>
<opset="trunc_ln0/204 "/>
</bind>
</comp>

<comp id="50" class="1005" name="t_reg_50">
<pin_list>
<pin id="51" dir="0" index="0" bw="200" slack="1"/>
<pin id="52" dir="1" index="1" bw="200" slack="1"/>
</pin_list>
<bind>
<opset="t "/>
</bind>
</comp>

<comp id="55" class="1005" name="zext_ln1349_reg_55">
<pin_list>
<pin id="56" dir="0" index="0" bw="200" slack="1"/>
<pin id="57" dir="1" index="1" bw="200" slack="1"/>
</pin_list>
<bind>
<opset="zext_ln1349 "/>
</bind>
</comp>

</comp_list>

<net_list>
<net id="16"><net_src comp="4" pin="0"/><net_sink comp="12" pin=0"/></net>

<net id="17"><net_src comp="2" pin="0"/><net_sink comp="12" pin=1"/></net>

<net id="22"><net_src comp="6" pin="0"/><net_sink comp="18" pin=0"/></net>

<net id="23"><net_src comp="0" pin="0"/><net_sink comp="18" pin=1"/></net>

<net id="29"><net_src comp="8" pin="0"/><net_sink comp="24" pin=0"/></net>

<net id="30"><net_src comp="18" pin="2"/><net_sink comp="24" pin=1"/></net>

<net id="31"><net_src comp="10" pin="0"/><net_sink comp="24" pin=2"/></net>

<net id="35"><net_src comp="12" pin="2"/><net_sink comp="32" pin=0"/></net>

<net id="39"><net_src comp="32" pin="1"/><net_sink comp="36" pin=0"/></net>

<net id="44"><net_src comp="24" pin="3"/><net_sink comp="40" pin=0"/></net>

<net id="45"><net_src comp="36" pin="1"/><net_sink comp="40" pin=1"/></net>

<net id="49"><net_src comp="40" pin="2"/><net_sink comp="46" pin=0"/></net>

<net id="53"><net_src comp="24" pin="3"/><net_sink comp="50" pin=0"/></net>

<net id="54"><net_src comp="50" pin="1"/><net_sink comp="40" pin=0"/></net>

<net id="58"><net_src comp="36" pin="1"/><net_sink comp="55" pin=0"/></net>

<net id="59"><net_src comp="55" pin="1"/><net_sink comp="40" pin=1"/></net>

</net_list>

</model> 
---------------- Datapath Model END ------------------

* FSMD analyzer results:
  - Output states:
 - Input state : 
	Port: division : num | {1 }
	Port: division : den | {1 }
  - Chain level:
	State 1
		zext_ln1349 : 1
		r_V : 2
	State 2
	State 3
	State 4
	State 5
	State 6
	State 7
	State 8
	State 9
	State 10
	State 11
	State 12
	State 13
	State 14
	State 15
	State 16
	State 17
	State 18
	State 19
	State 20
	State 21
	State 22
	State 23
	State 24
	State 25
	State 26
	State 27
	State 28
	State 29
	State 30
	State 31
	State 32
	State 33
	State 34
	State 35
	State 36
	State 37
	State 38
	State 39
	State 40
	State 41
	State 42
	State 43
	State 44
	State 45
	State 46
	State 47
	State 48
	State 49
	State 50
	State 51
	State 52
	State 53
	State 54
	State 55
	State 56
	State 57
	State 58
	State 59
	State 60
	State 61
	State 62
	State 63
	State 64
	State 65
	State 66
	State 67
	State 68
	State 69
	State 70
	State 71
	State 72
	State 73
	State 74
	State 75
	State 76
	State 77
	State 78
	State 79
	State 80
	State 81
	State 82
	State 83
	State 84
	State 85
	State 86
	State 87
	State 88
	State 89
	State 90
	State 91
	State 92
	State 93
	State 94
	State 95
	State 96
	State 97
	State 98
	State 99
	State 100
	State 101
	State 102
	State 103
	State 104
	State 105
	State 106
	State 107
	State 108
	State 109
	State 110
	State 111
	State 112
	State 113
	State 114
	State 115
	State 116
	State 117
	State 118
	State 119
	State 120
	State 121
	State 122
	State 123
	State 124
	State 125
	State 126
	State 127
	State 128
	State 129
	State 130
	State 131
	State 132
	State 133
	State 134
	State 135
	State 136
	State 137
	State 138
	State 139
	State 140
	State 141
	State 142
	State 143
	State 144
	State 145
	State 146
	State 147
	State 148
	State 149
	State 150
	State 151
	State 152
	State 153
	State 154
	State 155
	State 156
	State 157
	State 158
	State 159
	State 160
	State 161
	State 162
	State 163
	State 164
	State 165
	State 166
	State 167
	State 168
	State 169
	State 170
	State 171
	State 172
	State 173
	State 174
	State 175
	State 176
	State 177
	State 178
	State 179
	State 180
	State 181
	State 182
	State 183
	State 184
	State 185
	State 186
	State 187
	State 188
	State 189
	State 190
	State 191
	State 192
	State 193
	State 194
	State 195
	State 196
	State 197
	State 198
	State 199
	State 200
	State 201
	State 202
	State 203
	State 204
		trunc_ln0 : 1
		ret_ln62 : 2


============================================================
+ Verbose Summary: Datapath Resource usage 
============================================================

* Functional unit list:
|----------|---------------------|---------|---------|
| Operation|   Functional Unit   |    FF   |   LUT   |
|----------|---------------------|---------|---------|
|   sdiv   |      grp_fu_40      |   779   |   469   |
|----------|---------------------|---------|---------|
|   read   | den_read_read_fu_12 |    0    |    0    |
|          | num_read_read_fu_18 |    0    |    0    |
|----------|---------------------|---------|---------|
|bitconcatenate|       t_fu_24       |    0    |    0    |
|----------|---------------------|---------|---------|
|   sext   |  sext_ln1349_fu_32  |    0    |    0    |
|----------|---------------------|---------|---------|
|   zext   |  zext_ln1349_fu_36  |    0    |    0    |
|----------|---------------------|---------|---------|
|   trunc  |   trunc_ln0_fu_46   |    0    |    0    |
|----------|---------------------|---------|---------|
|   Total  |                     |   779   |   469   |
|----------|---------------------|---------|---------|

Memories:
N/A

* Register list:
+------------------+--------+
|                  |   FF   |
+------------------+--------+
|     t_reg_50     |   200  |
|zext_ln1349_reg_55|   200  |
+------------------+--------+
|       Total      |   400  |
+------------------+--------+

* Multiplexer (MUX) list: 
|-----------|------|------|------|--------||---------||---------|
|    Comp   |  Pin | Size |  BW  | S x BW ||  Delay  ||   LUT   |
|-----------|------|------|------|--------||---------||---------|
| grp_fu_40 |  p0  |   2  |  200 |   400  ||    9    |
| grp_fu_40 |  p1  |   2  |  163 |   326  ||    9    |
|-----------|------|------|------|--------||---------||---------|
|   Total   |      |      |      |   726  ||  3.176  ||    18   |
|-----------|------|------|------|--------||---------||---------|



* Summary:
+-----------+--------+--------+--------+
|           |  Delay |   FF   |   LUT  |
+-----------+--------+--------+--------+
|  Function |    -   |   779  |   469  |
|   Memory  |    -   |    -   |    -   |
|Multiplexer|    3   |    -   |   18   |
|  Register |    -   |   400  |    -   |
+-----------+--------+--------+--------+
|   Total   |    3   |  1179  |   487  |
+-----------+--------+--------+--------+
