

================================================================
== Vitis HLS Report for 'fxp_sqrt_89_34_177_67_s'
================================================================
* Date:           Mon Jun 26 15:21:17 2023

* Version:        2022.1 (Build 3526262 on Mon Apr 18 15:47:01 MDT 2022)
* Project:        rk45_vitis
* Solution:       solution1 (Vivado IP Flow Target)
* Product family: zynq
* Target device:  xc7z020-clg400-1


================================================================
== Performance Estimates
================================================================
+ Timing: 
    * Summary: 
    +--------+---------+----------+------------+
    |  Clock |  Target | Estimated| Uncertainty|
    +--------+---------+----------+------------+
    |ap_clk  |  0.10 us|  9.679 ns|    27.00 ns|
    +--------+---------+----------+------------+

+ Latency: 
    * Summary: 
    +---------+---------+----------+----------+-----+-----+---------+
    |  Latency (cycles) |  Latency (absolute) |  Interval | Pipeline|
    |   min   |   max   |    min   |    max   | min | max |   Type  |
    +---------+---------+----------+----------+-----+-----+---------+
    |       91|       91|  9.100 us|  9.100 us|   91|   91|       no|
    +---------+---------+----------+----------+-----+-----+---------+

    + Detail: 
        * Instance: 
        N/A

        * Loop: 
        +-------------+---------+---------+----------+-----------+-----------+------+----------+
        |             |  Latency (cycles) | Iteration|  Initiation Interval  | Trip |          |
        |  Loop Name  |   min   |   max   |  Latency |  achieved |   target  | Count| Pipelined|
        +-------------+---------+---------+----------+-----------+-----------+------+----------+
        |- sqrt_loop  |       89|       89|         1|          1|          4|    89|       yes|
        +-------------+---------+---------+----------+-----------+-----------+------+----------+

============================================================
+ Verbose Summary: Synthesis Manager
============================================================
InlineROM: 1
ExposeGlobal: 0
============================================================
+ Verbose Summary: CDFG Model
============================================================
IsTopModel: 0
ResetActiveHigh: 1
IsCombinational: 0
IsDatapathOnly: 0
HasWiredReturn: 1
HasMFsm: 2
HasVarLatency: 1
IsPipeline: 0
IsRtlPipelined: 0
IsInstanceOverlapped: 0
IsDontTouch: 0
HasImplIP: 0
IsGatedGlobalClock: 0

+ Individual pipeline summary: 
  * Pipeline-0: initiation interval (II) = 1, depth = 2


============================================================
+ Verbose Summary: Schedule
============================================================
* Number of FSM states : 2
* Pipeline : 1
  Pipeline-0 : II = 1, D = 2, States = { 1 2 }
* Dataflow Pipeline: 0

* FSM state transitions: 
1 --> 2 
2 --> 

* FSM state operations: 

State 1 <SV = 0> <Delay = 1.58>
ST_1 : Operation 4 [1/1] (0.00ns)   --->   "%Q_V_2 = alloca i32 1"   --->   Operation 4 'alloca' 'Q_V_2' <Predicate = true> <Delay = 0.00>
ST_1 : Operation 5 [1/1] (0.00ns)   --->   "%p_Val2_s = alloca i32 1"   --->   Operation 5 'alloca' 'p_Val2_s' <Predicate = true> <Delay = 0.00>
ST_1 : Operation 6 [1/1] (0.00ns)   --->   "%A_V = alloca i32 1"   --->   Operation 6 'alloca' 'A_V' <Predicate = true> <Delay = 0.00>
ST_1 : Operation 7 [1/1] (0.00ns)   --->   "%i_04 = alloca i32 1"   --->   Operation 7 'alloca' 'i_04' <Predicate = true> <Delay = 0.00>
ST_1 : Operation 8 [1/1] (0.00ns)   --->   "%in_val_V_read_1 = read i177 @_ssdm_op_Read.ap_auto.i177, i177 %in_val_V_read" [src/headers/fxp_sqrt.h:63]   --->   Operation 8 'read' 'in_val_V_read_1' <Predicate = true> <Delay = 0.00>
ST_1 : Operation 9 [1/1] (0.00ns)   --->   "%zext_ln449 = zext i177 %in_val_V_read_1"   --->   Operation 9 'zext' 'zext_ln449' <Predicate = true> <Delay = 0.00>
ST_1 : Operation 10 [1/1] (1.58ns)   --->   "%store_ln85 = store i7 0, i7 %i_04" [src/headers/fxp_sqrt.h:85]   --->   Operation 10 'store' 'store_ln85' <Predicate = true> <Delay = 1.58>
ST_1 : Operation 11 [1/1] (1.58ns)   --->   "%store_ln85 = store i176 0, i176 %A_V" [src/headers/fxp_sqrt.h:85]   --->   Operation 11 'store' 'store_ln85' <Predicate = true> <Delay = 1.58>
ST_1 : Operation 12 [1/1] (1.58ns)   --->   "%store_ln85 = store i178 %zext_ln449, i178 %p_Val2_s" [src/headers/fxp_sqrt.h:85]   --->   Operation 12 'store' 'store_ln85' <Predicate = true> <Delay = 1.58>
ST_1 : Operation 13 [1/1] (1.58ns)   --->   "%store_ln85 = store i89 0, i89 %Q_V_2" [src/headers/fxp_sqrt.h:85]   --->   Operation 13 'store' 'store_ln85' <Predicate = true> <Delay = 1.58>
ST_1 : Operation 14 [1/1] (0.00ns)   --->   "%br_ln85 = br void %_ZlSILi178ELb0EER11ap_int_baseIXT_EXT0_EES2_i.exit" [src/headers/fxp_sqrt.h:85]   --->   Operation 14 'br' 'br_ln85' <Predicate = true> <Delay = 0.00>

State 2 <SV = 1> <Delay = 9.67>
ST_2 : Operation 15 [1/1] (0.00ns)   --->   "%i = load i7 %i_04" [src/headers/fxp_sqrt.h:85]   --->   Operation 15 'load' 'i' <Predicate = true> <Delay = 0.00>
ST_2 : Operation 16 [1/1] (1.48ns)   --->   "%icmp_ln85 = icmp_eq  i7 %i, i7 89" [src/headers/fxp_sqrt.h:85]   --->   Operation 16 'icmp' 'icmp_ln85' <Predicate = true> <Delay = 1.48> <CoreInst = "Cmp">   --->   Core 9 'Cmp' <Latency = 0> <II = 1> <Delay = 1.48> <FuncUnit> <Opcode : 'icmp'> <InPorts = 2> <OutPorts = 1>
ST_2 : Operation 17 [1/1] (0.00ns)   --->   "%speclooptripcount_ln0 = speclooptripcount void @_ssdm_op_SpecLoopTripCount, i64 89, i64 89, i64 89"   --->   Operation 17 'speclooptripcount' 'speclooptripcount_ln0' <Predicate = true> <Delay = 0.00>
ST_2 : Operation 18 [1/1] (1.87ns)   --->   "%i_13 = add i7 %i, i7 1" [src/headers/fxp_sqrt.h:85]   --->   Operation 18 'add' 'i_13' <Predicate = true> <Delay = 1.87> <CoreInst = "Adder">   --->   Core 1 'Adder' <Latency = 0> <II = 1> <Delay = 1.87> <FuncUnit> <Opcode : 'add' 'sub'> <InPorts = 2> <OutPorts = 1>
ST_2 : Operation 19 [1/1] (0.00ns)   --->   "%br_ln85 = br i1 %icmp_ln85, void %_ZlSILi178ELb0EER11ap_int_baseIXT_EXT0_EES2_i.exit.split_ifconv, void %for.end" [src/headers/fxp_sqrt.h:85]   --->   Operation 19 'br' 'br_ln85' <Predicate = true> <Delay = 0.00>
ST_2 : Operation 20 [1/1] (0.00ns)   --->   "%Q_V_2_load = load i89 %Q_V_2"   --->   Operation 20 'load' 'Q_V_2_load' <Predicate = (!icmp_ln85)> <Delay = 0.00>
ST_2 : Operation 21 [1/1] (0.00ns)   --->   "%p_Val2_load = load i178 %p_Val2_s"   --->   Operation 21 'load' 'p_Val2_load' <Predicate = (!icmp_ln85)> <Delay = 0.00>
ST_2 : Operation 22 [1/1] (0.00ns)   --->   "%A_V_load = load i176 %A_V"   --->   Operation 22 'load' 'A_V_load' <Predicate = (!icmp_ln85)> <Delay = 0.00>
ST_2 : Operation 23 [1/1] (0.00ns)   --->   "%specpipeline_ln86 = specpipeline void @_ssdm_op_SpecPipeline, i32 4, i32 0, i32 0, i32 0, void @empty_24" [src/headers/fxp_sqrt.h:86]   --->   Operation 23 'specpipeline' 'specpipeline_ln86' <Predicate = (!icmp_ln85)> <Delay = 0.00>
ST_2 : Operation 24 [1/1] (0.00ns)   --->   "%specloopname_ln1016 = specloopname void @_ssdm_op_SpecLoopName, void @empty_31"   --->   Operation 24 'specloopname' 'specloopname_ln1016' <Predicate = (!icmp_ln85)> <Delay = 0.00>
ST_2 : Operation 25 [1/1] (0.00ns)   --->   "%tmp2 = partselect i2 @_ssdm_op_PartSelect.i2.i178.i32.i32, i178 %p_Val2_load, i32 176, i32 177"   --->   Operation 25 'partselect' 'tmp2' <Predicate = (!icmp_ln85)> <Delay = 0.00>
ST_2 : Operation 26 [1/1] (0.00ns)   --->   "%p_Result_29 = bitconcatenate i178 @_ssdm_op_BitConcatenate.i178.i176.i2, i176 %A_V_load, i2 %tmp2"   --->   Operation 26 'bitconcatenate' 'p_Result_29' <Predicate = (!icmp_ln85)> <Delay = 0.00>
ST_2 : Operation 27 [1/1] (0.00ns)   --->   "%X_V = shl i178 %p_Val2_load, i178 2"   --->   Operation 27 'shl' 'X_V' <Predicate = (!icmp_ln85)> <Delay = 0.00>
ST_2 : Operation 28 [1/1] (0.00ns)   --->   "%trunc_ln312 = trunc i89 %Q_V_2_load"   --->   Operation 28 'trunc' 'trunc_ln312' <Predicate = (!icmp_ln85)> <Delay = 0.00>
ST_2 : Operation 29 [1/1] (0.00ns)   --->   "%i_op_assign = bitconcatenate i64 @_ssdm_op_BitConcatenate.i64.i62.i2, i62 %trunc_ln312, i2 1"   --->   Operation 29 'bitconcatenate' 'i_op_assign' <Predicate = (!icmp_ln85)> <Delay = 0.00>
ST_2 : Operation 30 [1/1] (0.00ns)   --->   "%zext_ln75 = zext i64 %i_op_assign"   --->   Operation 30 'zext' 'zext_ln75' <Predicate = (!icmp_ln85)> <Delay = 0.00>
ST_2 : Operation 31 [1/1] (6.81ns)   --->   "%T_V = sub i178 %p_Result_29, i178 %zext_ln75"   --->   Operation 31 'sub' 'T_V' <Predicate = (!icmp_ln85)> <Delay = 6.81> <CoreInst = "Adder">   --->   Core 1 'Adder' <Latency = 0> <II = 1> <Delay = 6.81> <FuncUnit> <Opcode : 'add' 'sub'> <InPorts = 2> <OutPorts = 1>
ST_2 : Operation 32 [1/1] (0.00ns) (grouped into LUT with out node Q_V_1)   --->   "%trunc_ln1027 = trunc i89 %Q_V_2_load"   --->   Operation 32 'trunc' 'trunc_ln1027' <Predicate = (!icmp_ln85)> <Delay = 0.00>
ST_2 : Operation 33 [1/1] (0.00ns) (grouped into LUT with out node Q_V_1)   --->   "%Q_V_3 = shl i89 %Q_V_2_load, i89 1"   --->   Operation 33 'shl' 'Q_V_3' <Predicate = (!icmp_ln85)> <Delay = 0.00>
ST_2 : Operation 34 [1/1] (0.00ns)   --->   "%p_Result_s = bitselect i1 @_ssdm_op_BitSelect.i1.i178.i32, i178 %T_V, i32 177"   --->   Operation 34 'bitselect' 'p_Result_s' <Predicate = (!icmp_ln85)> <Delay = 0.00>
ST_2 : Operation 35 [1/1] (0.00ns) (grouped into LUT with out node Q_V_1)   --->   "%p_Result_30 = bitconcatenate i89 @_ssdm_op_BitConcatenate.i89.i88.i1, i88 %trunc_ln1027, i1 1"   --->   Operation 35 'bitconcatenate' 'p_Result_30' <Predicate = (!icmp_ln85)> <Delay = 0.00>
ST_2 : Operation 36 [1/1] (1.05ns) (out node of the LUT)   --->   "%Q_V_1 = select i1 %p_Result_s, i89 %Q_V_3, i89 %p_Result_30"   --->   Operation 36 'select' 'Q_V_1' <Predicate = (!icmp_ln85)> <Delay = 1.05> <CoreInst = "Sel">   --->   Core 73 'Sel' <Latency = 0> <II = 1> <Delay = 1.05> <FuncUnit> <Opcode : 'select'> <InPorts = 3> <OutPorts = 1>
ST_2 : Operation 37 [1/1] (0.00ns)   --->   "%trunc_ln642 = trunc i176 %A_V_load"   --->   Operation 37 'trunc' 'trunc_ln642' <Predicate = (!icmp_ln85)> <Delay = 0.00>
ST_2 : Operation 38 [1/1] (0.00ns)   --->   "%tmp_s = bitconcatenate i176 @_ssdm_op_BitConcatenate.i176.i174.i2, i174 %trunc_ln642, i2 %tmp2"   --->   Operation 38 'bitconcatenate' 'tmp_s' <Predicate = (!icmp_ln85)> <Delay = 0.00>
ST_2 : Operation 39 [1/1] (0.00ns)   --->   "%trunc_ln642_1 = trunc i178 %T_V"   --->   Operation 39 'trunc' 'trunc_ln642_1' <Predicate = (!icmp_ln85)> <Delay = 0.00>
ST_2 : Operation 40 [1/1] (1.27ns)   --->   "%A_V_3 = select i1 %p_Result_s, i176 %tmp_s, i176 %trunc_ln642_1"   --->   Operation 40 'select' 'A_V_3' <Predicate = (!icmp_ln85)> <Delay = 1.27> <CoreInst = "Sel">   --->   Core 73 'Sel' <Latency = 0> <II = 1> <Delay = 1.27> <FuncUnit> <Opcode : 'select'> <InPorts = 3> <OutPorts = 1>
ST_2 : Operation 41 [1/1] (1.58ns)   --->   "%store_ln85 = store i7 %i_13, i7 %i_04" [src/headers/fxp_sqrt.h:85]   --->   Operation 41 'store' 'store_ln85' <Predicate = (!icmp_ln85)> <Delay = 1.58>
ST_2 : Operation 42 [1/1] (1.58ns)   --->   "%store_ln85 = store i176 %A_V_3, i176 %A_V" [src/headers/fxp_sqrt.h:85]   --->   Operation 42 'store' 'store_ln85' <Predicate = (!icmp_ln85)> <Delay = 1.58>
ST_2 : Operation 43 [1/1] (1.58ns)   --->   "%store_ln85 = store i178 %X_V, i178 %p_Val2_s" [src/headers/fxp_sqrt.h:85]   --->   Operation 43 'store' 'store_ln85' <Predicate = (!icmp_ln85)> <Delay = 1.58>
ST_2 : Operation 44 [1/1] (1.58ns)   --->   "%store_ln85 = store i89 %Q_V_1, i89 %Q_V_2" [src/headers/fxp_sqrt.h:85]   --->   Operation 44 'store' 'store_ln85' <Predicate = (!icmp_ln85)> <Delay = 1.58>
ST_2 : Operation 45 [1/1] (0.00ns)   --->   "%br_ln85 = br void %_ZlSILi178ELb0EER11ap_int_baseIXT_EXT0_EES2_i.exit" [src/headers/fxp_sqrt.h:85]   --->   Operation 45 'br' 'br_ln85' <Predicate = (!icmp_ln85)> <Delay = 0.00>
ST_2 : Operation 46 [1/1] (0.00ns)   --->   "%Q_V_2_load_1 = load i89 %Q_V_2" [src/headers/fxp_sqrt.h:120]   --->   Operation 46 'load' 'Q_V_2_load_1' <Predicate = (icmp_ln85)> <Delay = 0.00>
ST_2 : Operation 47 [1/1] (0.00ns)   --->   "%ret_ln120 = ret i89 %Q_V_2_load_1" [src/headers/fxp_sqrt.h:120]   --->   Operation 47 'ret' 'ret_ln120' <Predicate = (icmp_ln85)> <Delay = 0.00>


============================================================
+ Verbose Summary: Timing violations
============================================================
Target clock period: 100ns, clock uncertainty: 27ns.

 <State 1>: 1.59ns
The critical path consists of the following:
	'alloca' operation ('i') [5]  (0 ns)
	'store' operation ('store_ln85', src/headers/fxp_sqrt.h:85) of constant 0 on local variable 'i' [8]  (1.59 ns)

 <State 2>: 9.68ns
The critical path consists of the following:
	'load' operation ('Q_V_2_load') on local variable 'result.V' [20]  (0 ns)
	'sub' operation ('T.V') [31]  (6.82 ns)
	'select' operation ('A.V') [40]  (1.27 ns)
	'store' operation ('store_ln85', src/headers/fxp_sqrt.h:85) of variable 'A.V' on local variable 'A.V' [42]  (1.59 ns)


============================================================
+ Verbose Summary: Binding
============================================================
N/A
* FSMD analyzer results:
  - Output states:
 - Input state : 
  - Chain level:
	State 1
	State 2


============================================================
+ Verbose Summary: Datapath Resource usage 
============================================================
N/A
