

================================================================
== Vitis HLS Report for 'macply'
================================================================
* Date:           Sat Jun 24 07:23:10 2023

* Version:        2022.1 (Build 3526262 on Mon Apr 18 15:47:01 MDT 2022)
* Project:        rk45_vitis
* Solution:       solution1 (Vivado IP Flow Target)
* Product family: zynq
* Target device:  xc7z020-clg400-1


================================================================
== Performance Estimates
================================================================
+ Timing: 
    * Summary: 
    +--------+---------+-----------+------------+
    |  Clock |  Target | Estimated | Uncertainty|
    +--------+---------+-----------+------------+
    |ap_clk  |  0.10 us|  59.021 ns|    27.00 ns|
    +--------+---------+-----------+------------+

+ Latency: 
    * Summary: 
    +---------+---------+----------+----------+-----+-----+---------+
    |  Latency (cycles) |  Latency (absolute) |  Interval | Pipeline|
    |   min   |   max   |    min   |    max   | min | max |   Type  |
    +---------+---------+----------+----------+-----+-----+---------+
    |        0|        0|      0 ns|      0 ns|    1|    1|      yes|
    +---------+---------+----------+----------+-----+-----+---------+

    + Detail: 
        * Instance: 
        N/A

        * Loop: 
        N/A



================================================================
== Utilization Estimates
================================================================
* Summary: 
+-----------------+---------+-----+--------+-------+-----+
|       Name      | BRAM_18K| DSP |   FF   |  LUT  | URAM|
+-----------------+---------+-----+--------+-------+-----+
|DSP              |        -|    -|       -|      -|    -|
|Expression       |        -|    -|       0|    290|    -|
|FIFO             |        -|    -|       -|      -|    -|
|Instance         |        -|   46|       0|  14833|    -|
|Memory           |        -|    -|       -|      -|    -|
|Multiplexer      |        -|    -|       -|      -|    -|
|Register         |        -|    -|       -|      -|    -|
+-----------------+---------+-----+--------+-------+-----+
|Total            |        0|   46|       0|  15123|    0|
+-----------------+---------+-----+--------+-------+-----+
|Available        |      280|  220|  106400|  53200|    0|
+-----------------+---------+-----+--------+-------+-----+
|Utilization (%)  |        0|   20|       0|     28|    0|
+-----------------+---------+-----+--------+-------+-----+

+ Detail: 
    * Instance: 
    +---------------------------+-----------------------+---------+----+---+-------+-----+
    |          Instance         |         Module        | BRAM_18K| DSP| FF|  LUT  | URAM|
    +---------------------------+-----------------------+---------+----+---+-------+-----+
    |mul_177s_177s_280_1_1_U68  |mul_177s_177s_280_1_1  |        0|  46|  0|  14833|    0|
    +---------------------------+-----------------------+---------+----+---+-------+-----+
    |Total                      |                       |        0|  46|  0|  14833|    0|
    +---------------------------+-----------------------+---------+----+---+-------+-----+

    * DSP: 
    N/A

    * Memory: 
    N/A

    * FIFO: 
    N/A

    * Expression: 
    +----------------+----------+----+---+-----+------------+------------+
    |  Variable Name | Operation| DSP| FF| LUT | Bitwidth P0| Bitwidth P1|
    +----------------+----------+----+---+-----+------------+------------+
    |ret_V_fu_62_p2  |         +|   0|  0|  290|         287|         287|
    +----------------+----------+----+---+-----+------------+------------+
    |Total           |          |   0|  0|  290|         287|         287|
    +----------------+----------+----+---+-----+------------+------------+

    * Multiplexer: 
    N/A

    * Register: 
    N/A



================================================================
== Interface
================================================================
* Summary: 
+---------------+-----+-----+------------+---------------+--------------+
|   RTL Ports   | Dir | Bits|  Protocol  | Source Object |    C Type    |
+---------------+-----+-----+------------+---------------+--------------+
|ap_ready       |  out|    1|  ap_ctrl_hs|         macply|  return value|
|ap_return      |  out|  177|  ap_ctrl_hs|         macply|  return value|
|result_V_read  |   in|  177|     ap_none|  result_V_read|        scalar|
|x_V_read       |   in|  177|     ap_none|       x_V_read|        scalar|
|y_V_read       |   in|  177|     ap_none|       y_V_read|        scalar|
+---------------+-----+-----+------------+---------------+--------------+

============================================================
+ Verbose Summary: Synthesis Manager
============================================================
InlineROM: 1
ExposeGlobal: 0
============================================================
+ Verbose Summary: CDFG Model
============================================================
IsTopModel: 0
ResetActiveHigh: 1
IsCombinational: 1
IsDatapathOnly: 2
HasWiredReturn: 1
HasMFsm: 2
HasVarLatency: 0
IsPipeline: 1
IsRtlPipelined: 0
IsInstanceOverlapped: 0
IsDontTouch: 0
HasImplIP: 0
IsGatedGlobalClock: 0

+ Individual pipeline summary: 
  * Pipeline-0: initiation interval (II) = 1, depth = 1


============================================================
+ Verbose Summary: Schedule
============================================================
* Number of FSM states : 1
* Pipeline : 1
  Pipeline-0 : II = 1, D = 1, States = { 1 }
* Dataflow Pipeline: 0

* FSM state transitions: 
1 --> 

* FSM state operations: 

State 1 <SV = 0> <Delay = 59.0>
ST_1 : Operation 2 [1/1] (0.00ns)   --->   "%y_V_read_1 = read i177 @_ssdm_op_Read.ap_auto.i177, i177 %y_V_read"   --->   Operation 2 'read' 'y_V_read_1' <Predicate = true> <Delay = 0.00>
ST_1 : Operation 3 [1/1] (0.00ns)   --->   "%x_V_read_1 = read i177 @_ssdm_op_Read.ap_auto.i177, i177 %x_V_read"   --->   Operation 3 'read' 'x_V_read_1' <Predicate = true> <Delay = 0.00>
ST_1 : Operation 4 [1/1] (0.00ns)   --->   "%result_V_read_1 = read i177 @_ssdm_op_Read.ap_auto.i177, i177 %result_V_read"   --->   Operation 4 'read' 'result_V_read_1' <Predicate = true> <Delay = 0.00>
ST_1 : Operation 5 [1/1] (0.00ns)   --->   "%sext_ln1316 = sext i177 %x_V_read_1"   --->   Operation 5 'sext' 'sext_ln1316' <Predicate = true> <Delay = 0.00>
ST_1 : Operation 6 [1/1] (0.00ns)   --->   "%sext_ln1319 = sext i177 %y_V_read_1"   --->   Operation 6 'sext' 'sext_ln1319' <Predicate = true> <Delay = 0.00>
ST_1 : Operation 7 [1/1] (49.2ns)   --->   "%r_V = mul i280 %sext_ln1319, i280 %sext_ln1316"   --->   Operation 7 'mul' 'r_V' <Predicate = true> <Delay = 49.2> <CoreInst = "Multiplier">   --->   Core 3 'Multiplier' <Latency = 0> <II = 1> <Delay = 49.2> <FuncUnit> <Opcode : 'mul'> <InPorts = 2> <OutPorts = 1>
ST_1 : Operation 8 [1/1] (0.00ns)   --->   "%lhs = bitconcatenate i287 @_ssdm_op_BitConcatenate.i287.i177.i110, i177 %result_V_read_1, i110 0"   --->   Operation 8 'bitconcatenate' 'lhs' <Predicate = true> <Delay = 0.00>
ST_1 : Operation 9 [1/1] (0.00ns)   --->   "%sext_ln859 = sext i280 %r_V"   --->   Operation 9 'sext' 'sext_ln859' <Predicate = true> <Delay = 0.00>
ST_1 : Operation 10 [1/1] (9.73ns)   --->   "%ret_V = add i287 %lhs, i287 %sext_ln859"   --->   Operation 10 'add' 'ret_V' <Predicate = true> <Delay = 9.73> <CoreInst = "Adder">   --->   Core 1 'Adder' <Latency = 0> <II = 1> <Delay = 9.73> <FuncUnit> <Opcode : 'add' 'sub'> <InPorts = 2> <OutPorts = 1>
ST_1 : Operation 11 [1/1] (0.00ns)   --->   "%result_V_write_assign = partselect i177 @_ssdm_op_PartSelect.i177.i287.i32.i32, i287 %ret_V, i32 110, i32 286"   --->   Operation 11 'partselect' 'result_V_write_assign' <Predicate = true> <Delay = 0.00>
ST_1 : Operation 12 [1/1] (0.00ns)   --->   "%ret_ln39 = ret i177 %result_V_write_assign" [src/runge_kutta_45.cpp:39]   --->   Operation 12 'ret' 'ret_ln39' <Predicate = true> <Delay = 0.00>


============================================================
+ Verbose Summary: Binding
============================================================
STG Binding: 
---------------- STG Properties BEGIN ----------------
- Is combinational: 1
- Is one-state seq: 0
- Is datapath-only: 0
- Is pipelined: 1
- Is top level: 0
Port [ Return ] is wired: 1; IO mode=ap_ctrl_hs:ce=0
Port [ result_V_read]:  wired=1; compound=0; hidden=0; nouse=0; global=0; static=0; extern=0; dir=0; type=0; pingpong=0; private_global=0; IO mode=ap_none:ce=0
Port [ x_V_read]:  wired=1; compound=0; hidden=0; nouse=0; global=0; static=0; extern=0; dir=0; type=0; pingpong=0; private_global=0; IO mode=ap_none:ce=0
Port [ y_V_read]:  wired=1; compound=0; hidden=0; nouse=0; global=0; static=0; extern=0; dir=0; type=0; pingpong=0; private_global=0; IO mode=ap_none:ce=0
---------------- STG Properties END ------------------

---------------- Datapath Model BEGIN ----------------

<LifeTime>
<method=bitvector/>
y_V_read_1            (read          ) [ 00]
x_V_read_1            (read          ) [ 00]
result_V_read_1       (read          ) [ 00]
sext_ln1316           (sext          ) [ 00]
sext_ln1319           (sext          ) [ 00]
r_V                   (mul           ) [ 00]
lhs                   (bitconcatenate) [ 00]
sext_ln859            (sext          ) [ 00]
ret_V                 (add           ) [ 00]
result_V_write_assign (partselect    ) [ 00]
ret_ln39              (ret           ) [ 00]
</LifeTime>

<model>

<comp_list>
<comp id="0" class="1000" name="result_V_read">
<pin_list>
<pin id="1" dir="1" index="0" bw="1" slack="0"/>
</pin_list>
<bind>
<StgValue><ssdm name="result_V_read"/></StgValue>
</bind>
</comp>

<comp id="2" class="1000" name="x_V_read">
<pin_list>
<pin id="3" dir="1" index="0" bw="1" slack="0"/>
</pin_list>
<bind>
<StgValue><ssdm name="x_V_read"/></StgValue>
</bind>
</comp>

<comp id="4" class="1000" name="y_V_read">
<pin_list>
<pin id="5" dir="1" index="0" bw="1" slack="0"/>
</pin_list>
<bind>
<StgValue><ssdm name="y_V_read"/></StgValue>
</bind>
</comp>

<comp id="6" class="1001" name="const_6">
<pin_list>
<pin id="7" dir="1" index="0" bw="1" slack="0"/>
</pin_list>
<bind>
<StgValue><ssdm name="_ssdm_op_Read.ap_auto.i177"/></StgValue>
</bind>
</comp>

<comp id="8" class="1001" name="const_8">
<pin_list>
<pin id="9" dir="1" index="0" bw="1" slack="0"/>
</pin_list>
<bind>
<StgValue><ssdm name="_ssdm_op_BitConcatenate.i287.i177.i110"/></StgValue>
</bind>
</comp>

<comp id="10" class="1001" name="const_10">
<pin_list>
<pin id="11" dir="1" index="0" bw="1" slack="0"/>
</pin_list>
<bind>
<StgValue><ssdm name=""/></StgValue>
</bind>
</comp>

<comp id="12" class="1001" name="const_12">
<pin_list>
<pin id="13" dir="1" index="0" bw="1" slack="0"/>
</pin_list>
<bind>
<StgValue><ssdm name="_ssdm_op_PartSelect.i177.i287.i32.i32"/></StgValue>
</bind>
</comp>

<comp id="14" class="1001" name="const_14">
<pin_list>
<pin id="15" dir="1" index="0" bw="1" slack="0"/>
</pin_list>
<bind>
<StgValue><ssdm name=""/></StgValue>
</bind>
</comp>

<comp id="16" class="1001" name="const_16">
<pin_list>
<pin id="17" dir="1" index="0" bw="1" slack="0"/>
</pin_list>
<bind>
<StgValue><ssdm name=""/></StgValue>
</bind>
</comp>

<comp id="18" class="1004" name="y_V_read_1_read_fu_18">
<pin_list>
<pin id="19" dir="0" index="0" bw="177" slack="0"/>
<pin id="20" dir="0" index="1" bw="177" slack="0"/>
<pin id="21" dir="1" index="2" bw="177" slack="0"/>
</pin_list>
<bind>
<opcode="read(1150) " fcode="read"/>
<opset="y_V_read_1/1 "/>
</bind>
</comp>

<comp id="24" class="1004" name="x_V_read_1_read_fu_24">
<pin_list>
<pin id="25" dir="0" index="0" bw="177" slack="0"/>
<pin id="26" dir="0" index="1" bw="177" slack="0"/>
<pin id="27" dir="1" index="2" bw="177" slack="0"/>
</pin_list>
<bind>
<opcode="read(1150) " fcode="read"/>
<opset="x_V_read_1/1 "/>
</bind>
</comp>

<comp id="30" class="1004" name="result_V_read_1_read_fu_30">
<pin_list>
<pin id="31" dir="0" index="0" bw="177" slack="0"/>
<pin id="32" dir="0" index="1" bw="177" slack="0"/>
<pin id="33" dir="1" index="2" bw="177" slack="0"/>
</pin_list>
<bind>
<opcode="read(1150) " fcode="read"/>
<opset="result_V_read_1/1 "/>
</bind>
</comp>

<comp id="36" class="1004" name="sext_ln1316_fu_36">
<pin_list>
<pin id="37" dir="0" index="0" bw="177" slack="0"/>
<pin id="38" dir="1" index="1" bw="280" slack="0"/>
</pin_list>
<bind>
<opcode="sext(35) " fcode="sext"/>
<opset="sext_ln1316/1 "/>
</bind>
</comp>

<comp id="40" class="1004" name="sext_ln1319_fu_40">
<pin_list>
<pin id="41" dir="0" index="0" bw="177" slack="0"/>
<pin id="42" dir="1" index="1" bw="280" slack="0"/>
</pin_list>
<bind>
<opcode="sext(35) " fcode="sext"/>
<opset="sext_ln1319/1 "/>
</bind>
</comp>

<comp id="44" class="1004" name="r_V_fu_44">
<pin_list>
<pin id="45" dir="0" index="0" bw="177" slack="0"/>
<pin id="46" dir="0" index="1" bw="177" slack="0"/>
<pin id="47" dir="1" index="2" bw="280" slack="0"/>
</pin_list>
<bind>
<opcode="mul(12) " fcode="mul"/>
<opset="r_V/1 "/>
</bind>
</comp>

<comp id="50" class="1004" name="lhs_fu_50">
<pin_list>
<pin id="51" dir="0" index="0" bw="287" slack="0"/>
<pin id="52" dir="0" index="1" bw="177" slack="0"/>
<pin id="53" dir="0" index="2" bw="1" slack="0"/>
<pin id="54" dir="1" index="3" bw="287" slack="0"/>
</pin_list>
<bind>
<opcode="bitconcatenate(1004) " fcode="bitconcatenate"/>
<opset="lhs/1 "/>
</bind>
</comp>

<comp id="58" class="1004" name="sext_ln859_fu_58">
<pin_list>
<pin id="59" dir="0" index="0" bw="280" slack="0"/>
<pin id="60" dir="1" index="1" bw="287" slack="0"/>
</pin_list>
<bind>
<opcode="sext(35) " fcode="sext"/>
<opset="sext_ln859/1 "/>
</bind>
</comp>

<comp id="62" class="1004" name="ret_V_fu_62">
<pin_list>
<pin id="63" dir="0" index="0" bw="287" slack="0"/>
<pin id="64" dir="0" index="1" bw="280" slack="0"/>
<pin id="65" dir="1" index="2" bw="287" slack="0"/>
</pin_list>
<bind>
<opcode="add(8) " fcode="add"/>
<opset="ret_V/1 "/>
</bind>
</comp>

<comp id="68" class="1004" name="result_V_write_assign_fu_68">
<pin_list>
<pin id="69" dir="0" index="0" bw="177" slack="0"/>
<pin id="70" dir="0" index="1" bw="287" slack="0"/>
<pin id="71" dir="0" index="2" bw="8" slack="0"/>
<pin id="72" dir="0" index="3" bw="10" slack="0"/>
<pin id="73" dir="1" index="4" bw="177" slack="2147483647"/>
</pin_list>
<bind>
<opcode="partselect(1002) " fcode="partselect"/>
<opset="result_V_write_assign/1 "/>
</bind>
</comp>

</comp_list>

<net_list>
<net id="22"><net_src comp="6" pin="0"/><net_sink comp="18" pin=0"/></net>

<net id="23"><net_src comp="4" pin="0"/><net_sink comp="18" pin=1"/></net>

<net id="28"><net_src comp="6" pin="0"/><net_sink comp="24" pin=0"/></net>

<net id="29"><net_src comp="2" pin="0"/><net_sink comp="24" pin=1"/></net>

<net id="34"><net_src comp="6" pin="0"/><net_sink comp="30" pin=0"/></net>

<net id="35"><net_src comp="0" pin="0"/><net_sink comp="30" pin=1"/></net>

<net id="39"><net_src comp="24" pin="2"/><net_sink comp="36" pin=0"/></net>

<net id="43"><net_src comp="18" pin="2"/><net_sink comp="40" pin=0"/></net>

<net id="48"><net_src comp="40" pin="1"/><net_sink comp="44" pin=0"/></net>

<net id="49"><net_src comp="36" pin="1"/><net_sink comp="44" pin=1"/></net>

<net id="55"><net_src comp="8" pin="0"/><net_sink comp="50" pin=0"/></net>

<net id="56"><net_src comp="30" pin="2"/><net_sink comp="50" pin=1"/></net>

<net id="57"><net_src comp="10" pin="0"/><net_sink comp="50" pin=2"/></net>

<net id="61"><net_src comp="44" pin="2"/><net_sink comp="58" pin=0"/></net>

<net id="66"><net_src comp="50" pin="3"/><net_sink comp="62" pin=0"/></net>

<net id="67"><net_src comp="58" pin="1"/><net_sink comp="62" pin=1"/></net>

<net id="74"><net_src comp="12" pin="0"/><net_sink comp="68" pin=0"/></net>

<net id="75"><net_src comp="62" pin="2"/><net_sink comp="68" pin=1"/></net>

<net id="76"><net_src comp="14" pin="0"/><net_sink comp="68" pin=2"/></net>

<net id="77"><net_src comp="16" pin="0"/><net_sink comp="68" pin=3"/></net>

</net_list>

</model> 
---------------- Datapath Model END ------------------

* FSMD analyzer results:
  - Output states:
 - Input state : 
	Port: macply : result_V_read | {1 }
	Port: macply : x_V_read | {1 }
	Port: macply : y_V_read | {1 }
  - Chain level:
	State 1
		r_V : 1
		sext_ln859 : 2
		ret_V : 3
		result_V_write_assign : 4
		ret_ln39 : 5


============================================================
+ Verbose Summary: Datapath Resource usage 
============================================================

* Functional unit list:
|----------|-----------------------------|---------|---------|---------|
| Operation|       Functional Unit       |   DSP   |    FF   |   LUT   |
|----------|-----------------------------|---------|---------|---------|
|    mul   |          r_V_fu_44          |    46   |    0    |  14833  |
|----------|-----------------------------|---------|---------|---------|
|    add   |         ret_V_fu_62         |    0    |    0    |   290   |
|----------|-----------------------------|---------|---------|---------|
|          |    y_V_read_1_read_fu_18    |    0    |    0    |    0    |
|   read   |    x_V_read_1_read_fu_24    |    0    |    0    |    0    |
|          |  result_V_read_1_read_fu_30 |    0    |    0    |    0    |
|----------|-----------------------------|---------|---------|---------|
|          |      sext_ln1316_fu_36      |    0    |    0    |    0    |
|   sext   |      sext_ln1319_fu_40      |    0    |    0    |    0    |
|          |       sext_ln859_fu_58      |    0    |    0    |    0    |
|----------|-----------------------------|---------|---------|---------|
|bitconcatenate|          lhs_fu_50          |    0    |    0    |    0    |
|----------|-----------------------------|---------|---------|---------|
|partselect| result_V_write_assign_fu_68 |    0    |    0    |    0    |
|----------|-----------------------------|---------|---------|---------|
|   Total  |                             |    46   |    0    |  15123  |
|----------|-----------------------------|---------|---------|---------|

Memories:
N/A

* Register list:
N/A

* Multiplexer (MUX) list: 
|--------|------|------|------|--------|
|  Comp  |  Pin | Size |  BW  | S x BW |
|--------|------|------|------|--------|
|  Total |      |      |      |    0   |
|--------|------|------|------|--------|



* Summary:
+-----------+--------+--------+--------+
|           |   DSP  |   FF   |   LUT  |
+-----------+--------+--------+--------+
|  Function |   46   |    0   |  15123 |
|   Memory  |    -   |    -   |    -   |
|Multiplexer|    -   |    -   |    -   |
|  Register |    -   |    -   |    -   |
+-----------+--------+--------+--------+
|   Total   |   46   |    0   |  15123 |
+-----------+--------+--------+--------+
