

================================================================
== Vitis HLS Report for 'multiply'
================================================================
* Date:           Mon Jun 26 10:21:28 2023

* Version:        2022.1 (Build 3526262 on Mon Apr 18 15:47:01 MDT 2022)
* Project:        rk45_vitis
* Solution:       solution1 (Vivado IP Flow Target)
* Product family: zynq
* Target device:  xc7z020-clg400-1


================================================================
== Performance Estimates
================================================================
+ Timing: 
    * Summary: 
    +--------+----------+-----------+------------+
    |  Clock |  Target  | Estimated | Uncertainty|
    +--------+----------+-----------+------------+
    |ap_clk  |  50.00 ns|  10.338 ns|    13.50 ns|
    +--------+----------+-----------+------------+

+ Latency: 
    * Summary: 
    +---------+---------+-----------+-----------+-----+-----+---------+
    |  Latency (cycles) |   Latency (absolute)  |  Interval | Pipeline|
    |   min   |   max   |    min    |    max    | min | max |   Type  |
    +---------+---------+-----------+-----------+-----+-----+---------+
    |        1|        1|  50.000 ns|  50.000 ns|    1|    1|      yes|
    +---------+---------+-----------+-----------+-----+-----+---------+

    + Detail: 
        * Instance: 
        N/A

        * Loop: 
        N/A

============================================================
+ Verbose Summary: Synthesis Manager
============================================================
InlineROM: 1
ExposeGlobal: 0
============================================================
+ Verbose Summary: CDFG Model
============================================================
IsTopModel: 0
ResetActiveHigh: 1
IsCombinational: 0
IsDatapathOnly: 0
HasWiredReturn: 1
HasMFsm: 2
HasVarLatency: 0
IsPipeline: 1
IsRtlPipelined: 1
IsInstanceOverlapped: 0
IsDontTouch: 0
HasImplIP: 0
IsGatedGlobalClock: 0

+ Individual pipeline summary: 
  * Pipeline-0: initiation interval (II) = 1, depth = 2


============================================================
+ Verbose Summary: Schedule
============================================================
* Number of FSM states : 2
* Pipeline : 1
  Pipeline-0 : II = 1, D = 2, States = { 1 2 }
* Dataflow Pipeline: 0

* FSM state transitions: 
1 --> 2 
2 --> 

* FSM state operations: 

State 1 <SV = 0> <Delay = 10.3>
ST_1 : Operation 3 [1/1] (0.00ns)   --->   "%y_V_read_1 = read i177 @_ssdm_op_Read.ap_auto.i177, i177 %y_V_read" [src/runge_kutta_45.cpp:10]   --->   Operation 3 'read' 'y_V_read_1' <Predicate = true> <Delay = 0.00>
ST_1 : Operation 4 [1/1] (0.00ns)   --->   "%x_V_read_1 = read i177 @_ssdm_op_Read.ap_auto.i177, i177 %x_V_read" [src/runge_kutta_45.cpp:10]   --->   Operation 4 'read' 'x_V_read_1' <Predicate = true> <Delay = 0.00>
ST_1 : Operation 5 [1/1] (0.00ns)   --->   "%sext_ln1316 = sext i177 %x_V_read_1"   --->   Operation 5 'sext' 'sext_ln1316' <Predicate = true> <Delay = 0.00>
ST_1 : Operation 6 [1/1] (0.00ns)   --->   "%sext_ln1319 = sext i177 %y_V_read_1"   --->   Operation 6 'sext' 'sext_ln1319' <Predicate = true> <Delay = 0.00>
ST_1 : Operation 7 [2/2] (10.3ns)   --->   "%r_V = mul i287 %sext_ln1319, i287 %sext_ln1316"   --->   Operation 7 'mul' 'r_V' <Predicate = true> <Delay = 10.3> <CoreInst = "Multiplier">   --->   Core 3 'Multiplier' <Latency = 1> <II = 1> <Delay = 10.3> <FuncUnit> <Opcode : 'mul'> <InPorts = 2> <OutPorts = 1>

State 2 <SV = 1> <Delay = 10.3>
ST_2 : Operation 8 [1/2] (10.3ns)   --->   "%r_V = mul i287 %sext_ln1319, i287 %sext_ln1316"   --->   Operation 8 'mul' 'r_V' <Predicate = true> <Delay = 10.3> <CoreInst = "Multiplier">   --->   Core 3 'Multiplier' <Latency = 1> <II = 1> <Delay = 10.3> <FuncUnit> <Opcode : 'mul'> <InPorts = 2> <OutPorts = 1>
ST_2 : Operation 9 [1/1] (0.00ns)   --->   "%this_V_write_assign = partselect i177 @_ssdm_op_PartSelect.i177.i287.i32.i32, i287 %r_V, i32 110, i32 286"   --->   Operation 9 'partselect' 'this_V_write_assign' <Predicate = true> <Delay = 0.00>
ST_2 : Operation 10 [1/1] (0.00ns)   --->   "%ret_ln12 = ret i177 %this_V_write_assign" [src/runge_kutta_45.cpp:12]   --->   Operation 10 'ret' 'ret_ln12' <Predicate = true> <Delay = 0.00>


============================================================
+ Verbose Summary: Binding
============================================================
STG Binding: 
---------------- STG Properties BEGIN ----------------
- Is combinational: 0
- Is one-state seq: 0
- Is datapath-only: 1
- Is pipelined: 1
- Is top level: 0
Port [ Return ] is wired: 1; IO mode=ap_ctrl_hs:ce=0
Port [ x_V_read]:  wired=1; compound=0; hidden=0; nouse=0; global=0; static=0; extern=0; dir=0; type=0; pingpong=0; private_global=0; IO mode=ap_none:ce=0
Port [ y_V_read]:  wired=1; compound=0; hidden=0; nouse=0; global=0; static=0; extern=0; dir=0; type=0; pingpong=0; private_global=0; IO mode=ap_none:ce=0
---------------- STG Properties END ------------------

---------------- Datapath Model BEGIN ----------------

<LifeTime>
<method=bitvector/>
y_V_read_1          (read      ) [ 000]
x_V_read_1          (read      ) [ 000]
sext_ln1316         (sext      ) [ 011]
sext_ln1319         (sext      ) [ 011]
r_V                 (mul       ) [ 000]
this_V_write_assign (partselect) [ 000]
ret_ln12            (ret       ) [ 000]
</LifeTime>

<model>

<comp_list>
<comp id="0" class="1000" name="x_V_read">
<pin_list>
<pin id="1" dir="1" index="0" bw="1" slack="0"/>
</pin_list>
<bind>
<StgValue><ssdm name="x_V_read"/></StgValue>
</bind>
</comp>

<comp id="2" class="1000" name="y_V_read">
<pin_list>
<pin id="3" dir="1" index="0" bw="1" slack="0"/>
</pin_list>
<bind>
<StgValue><ssdm name="y_V_read"/></StgValue>
</bind>
</comp>

<comp id="4" class="1001" name="const_4">
<pin_list>
<pin id="5" dir="1" index="0" bw="1" slack="0"/>
</pin_list>
<bind>
<StgValue><ssdm name="_ssdm_op_Read.ap_auto.i177"/></StgValue>
</bind>
</comp>

<comp id="6" class="1001" name="const_6">
<pin_list>
<pin id="7" dir="1" index="0" bw="1" slack="0"/>
</pin_list>
<bind>
<StgValue><ssdm name="_ssdm_op_PartSelect.i177.i287.i32.i32"/></StgValue>
</bind>
</comp>

<comp id="8" class="1001" name="const_8">
<pin_list>
<pin id="9" dir="1" index="0" bw="1" slack="0"/>
</pin_list>
<bind>
<StgValue><ssdm name=""/></StgValue>
</bind>
</comp>

<comp id="10" class="1001" name="const_10">
<pin_list>
<pin id="11" dir="1" index="0" bw="1" slack="0"/>
</pin_list>
<bind>
<StgValue><ssdm name=""/></StgValue>
</bind>
</comp>

<comp id="12" class="1004" name="y_V_read_1_read_fu_12">
<pin_list>
<pin id="13" dir="0" index="0" bw="177" slack="0"/>
<pin id="14" dir="0" index="1" bw="177" slack="0"/>
<pin id="15" dir="1" index="2" bw="177" slack="0"/>
</pin_list>
<bind>
<opcode="read(1150) " fcode="read"/>
<opset="y_V_read_1/1 "/>
</bind>
</comp>

<comp id="18" class="1004" name="x_V_read_1_read_fu_18">
<pin_list>
<pin id="19" dir="0" index="0" bw="177" slack="0"/>
<pin id="20" dir="0" index="1" bw="177" slack="0"/>
<pin id="21" dir="1" index="2" bw="177" slack="0"/>
</pin_list>
<bind>
<opcode="read(1150) " fcode="read"/>
<opset="x_V_read_1/1 "/>
</bind>
</comp>

<comp id="24" class="1004" name="sext_ln1316_fu_24">
<pin_list>
<pin id="25" dir="0" index="0" bw="177" slack="0"/>
<pin id="26" dir="1" index="1" bw="287" slack="0"/>
</pin_list>
<bind>
<opcode="sext(35) " fcode="sext"/>
<opset="sext_ln1316/1 "/>
</bind>
</comp>

<comp id="28" class="1004" name="sext_ln1319_fu_28">
<pin_list>
<pin id="29" dir="0" index="0" bw="177" slack="0"/>
<pin id="30" dir="1" index="1" bw="287" slack="0"/>
</pin_list>
<bind>
<opcode="sext(35) " fcode="sext"/>
<opset="sext_ln1319/1 "/>
</bind>
</comp>

<comp id="32" class="1004" name="grp_fu_32">
<pin_list>
<pin id="33" dir="0" index="0" bw="177" slack="0"/>
<pin id="34" dir="0" index="1" bw="177" slack="0"/>
<pin id="35" dir="1" index="2" bw="287" slack="0"/>
</pin_list>
<bind>
<opcode="mul(12) " fcode="mul"/>
<opset="r_V/1 "/>
</bind>
</comp>

<comp id="38" class="1004" name="this_V_write_assign_fu_38">
<pin_list>
<pin id="39" dir="0" index="0" bw="177" slack="0"/>
<pin id="40" dir="0" index="1" bw="287" slack="0"/>
<pin id="41" dir="0" index="2" bw="8" slack="0"/>
<pin id="42" dir="0" index="3" bw="10" slack="0"/>
<pin id="43" dir="1" index="4" bw="177" slack="2147483647"/>
</pin_list>
<bind>
<opcode="partselect(1002) " fcode="partselect"/>
<opset="this_V_write_assign/2 "/>
</bind>
</comp>

<comp id="48" class="1005" name="sext_ln1316_reg_48">
<pin_list>
<pin id="49" dir="0" index="0" bw="287" slack="1"/>
<pin id="50" dir="1" index="1" bw="287" slack="1"/>
</pin_list>
<bind>
<opset="sext_ln1316 "/>
</bind>
</comp>

<comp id="53" class="1005" name="sext_ln1319_reg_53">
<pin_list>
<pin id="54" dir="0" index="0" bw="287" slack="1"/>
<pin id="55" dir="1" index="1" bw="287" slack="1"/>
</pin_list>
<bind>
<opset="sext_ln1319 "/>
</bind>
</comp>

</comp_list>

<net_list>
<net id="16"><net_src comp="4" pin="0"/><net_sink comp="12" pin=0"/></net>

<net id="17"><net_src comp="2" pin="0"/><net_sink comp="12" pin=1"/></net>

<net id="22"><net_src comp="4" pin="0"/><net_sink comp="18" pin=0"/></net>

<net id="23"><net_src comp="0" pin="0"/><net_sink comp="18" pin=1"/></net>

<net id="27"><net_src comp="18" pin="2"/><net_sink comp="24" pin=0"/></net>

<net id="31"><net_src comp="12" pin="2"/><net_sink comp="28" pin=0"/></net>

<net id="36"><net_src comp="28" pin="1"/><net_sink comp="32" pin=0"/></net>

<net id="37"><net_src comp="24" pin="1"/><net_sink comp="32" pin=1"/></net>

<net id="44"><net_src comp="6" pin="0"/><net_sink comp="38" pin=0"/></net>

<net id="45"><net_src comp="32" pin="2"/><net_sink comp="38" pin=1"/></net>

<net id="46"><net_src comp="8" pin="0"/><net_sink comp="38" pin=2"/></net>

<net id="47"><net_src comp="10" pin="0"/><net_sink comp="38" pin=3"/></net>

<net id="51"><net_src comp="24" pin="1"/><net_sink comp="48" pin=0"/></net>

<net id="52"><net_src comp="48" pin="1"/><net_sink comp="32" pin=1"/></net>

<net id="56"><net_src comp="28" pin="1"/><net_sink comp="53" pin=0"/></net>

<net id="57"><net_src comp="53" pin="1"/><net_sink comp="32" pin=0"/></net>

</net_list>

</model> 
---------------- Datapath Model END ------------------

* FSMD analyzer results:
  - Output states:
 - Input state : 
	Port: multiply : x_V_read | {1 }
	Port: multiply : y_V_read | {1 }
  - Chain level:
	State 1
		r_V : 1
	State 2
		this_V_write_assign : 1
		ret_ln12 : 2


============================================================
+ Verbose Summary: Datapath Resource usage 
============================================================

* Functional unit list:
|----------|---------------------------|---------|---------|---------|
| Operation|      Functional Unit      |   DSP   |    FF   |   LUT   |
|----------|---------------------------|---------|---------|---------|
|    mul   |         grp_fu_32         |    46   |   361   |   195   |
|----------|---------------------------|---------|---------|---------|
|   read   |   y_V_read_1_read_fu_12   |    0    |    0    |    0    |
|          |   x_V_read_1_read_fu_18   |    0    |    0    |    0    |
|----------|---------------------------|---------|---------|---------|
|   sext   |     sext_ln1316_fu_24     |    0    |    0    |    0    |
|          |     sext_ln1319_fu_28     |    0    |    0    |    0    |
|----------|---------------------------|---------|---------|---------|
|partselect| this_V_write_assign_fu_38 |    0    |    0    |    0    |
|----------|---------------------------|---------|---------|---------|
|   Total  |                           |    46   |   361   |   195   |
|----------|---------------------------|---------|---------|---------|

Memories:
N/A

* Register list:
+------------------+--------+
|                  |   FF   |
+------------------+--------+
|sext_ln1316_reg_48|   287  |
|sext_ln1319_reg_53|   287  |
+------------------+--------+
|       Total      |   574  |
+------------------+--------+

* Multiplexer (MUX) list: 
|-----------|------|------|------|--------||---------||---------|
|    Comp   |  Pin | Size |  BW  | S x BW ||  Delay  ||   LUT   |
|-----------|------|------|------|--------||---------||---------|
| grp_fu_32 |  p0  |   2  |  177 |   354  ||    9    |
| grp_fu_32 |  p1  |   2  |  177 |   354  ||    9    |
|-----------|------|------|------|--------||---------||---------|
|   Total   |      |      |      |   708  ||  3.176  ||    18   |
|-----------|------|------|------|--------||---------||---------|



* Summary:
+-----------+--------+--------+--------+--------+
|           |   DSP  |  Delay |   FF   |   LUT  |
+-----------+--------+--------+--------+--------+
|  Function |   46   |    -   |   361  |   195  |
|   Memory  |    -   |    -   |    -   |    -   |
|Multiplexer|    -   |    3   |    -   |   18   |
|  Register |    -   |    -   |   574  |    -   |
+-----------+--------+--------+--------+--------+
|   Total   |   46   |    3   |   935  |   213  |
+-----------+--------+--------+--------+--------+
