

================================================================
== Vitis HLS Report for 'runge_kutta_45_Pipeline_last_axi_write_yy'
================================================================
* Date:           Mon Jun 26 11:08:21 2023

* Version:        2022.1 (Build 3526262 on Mon Apr 18 15:47:01 MDT 2022)
* Project:        rk45_vitis
* Solution:       solution1 (Vivado IP Flow Target)
* Product family: zynq
* Target device:  xc7z020-clg400-1


================================================================
== Performance Estimates
================================================================
+ Timing: 
    * Summary: 
    +--------+---------+-----------+------------+
    |  Clock |  Target | Estimated | Uncertainty|
    +--------+---------+-----------+------------+
    |ap_clk  |  0.10 us|  73.000 ns|    27.00 ns|
    +--------+---------+-----------+------------+

+ Latency: 
    * Summary: 
    +---------+---------+----------+----------+-----+-----+---------+
    |  Latency (cycles) |  Latency (absolute) |  Interval | Pipeline|
    |   min   |   max   |    min   |    max   | min | max |   Type  |
    +---------+---------+----------+----------+-----+-----+---------+
    |        ?|        ?|         ?|         ?|    ?|    ?|       no|
    +---------+---------+----------+----------+-----+-----+---------+

    + Detail: 
        * Instance: 
        N/A

        * Loop: 
        +---------------------+---------+---------+----------+-----------+-----------+------+----------+
        |                     |  Latency (cycles) | Iteration|  Initiation Interval  | Trip |          |
        |      Loop Name      |   min   |   max   |  Latency |  achieved |   target  | Count| Pipelined|
        +---------------------+---------+---------+----------+-----------+-----------+------+----------+
        |- last_axi_write_yy  |        ?|        ?|         3|          1|          1|     ?|       yes|
        +---------------------+---------+---------+----------+-----------+-----------+------+----------+

============================================================
+ Verbose Summary: Synthesis Manager
============================================================
InlineROM: 1
ExposeGlobal: 0
============================================================
+ Verbose Summary: CDFG Model
============================================================
IsTopModel: 0
ResetActiveHigh: 1
IsCombinational: 0
IsDatapathOnly: 0
HasWiredReturn: 1
HasMFsm: 2
HasVarLatency: 1
IsPipeline: 0
IsRtlPipelined: 0
IsInstanceOverlapped: 0
IsDontTouch: 0
HasImplIP: 0
IsGatedGlobalClock: 0

+ Individual pipeline summary: 
  * Pipeline-0: initiation interval (II) = 1, depth = 3


============================================================
+ Verbose Summary: Schedule
============================================================
* Number of FSM states : 3
* Pipeline : 1
  Pipeline-0 : II = 1, D = 3, States = { 1 2 3 }
* Dataflow Pipeline: 0

* FSM state transitions: 
1 --> 2 
2 --> 3 
3 --> 

* FSM state operations: 

State 1 <SV = 0> <Delay = 4.14>
ST_1 : Operation 6 [1/1] (0.00ns)   --->   "%phi_ln255 = alloca i32 1"   --->   Operation 6 'alloca' 'phi_ln255' <Predicate = true> <Delay = 0.00>
ST_1 : Operation 7 [1/1] (0.00ns)   --->   "%i_5 = alloca i32 1"   --->   Operation 7 'alloca' 'i_5' <Predicate = true> <Delay = 0.00>
ST_1 : Operation 8 [1/1] (0.00ns)   --->   "%mul389_read = read i32 @_ssdm_op_Read.ap_auto.i32, i32 %mul389"   --->   Operation 8 'read' 'mul389_read' <Predicate = true> <Delay = 0.00>
ST_1 : Operation 9 [1/1] (0.00ns)   --->   "%sext_ln254_read = read i60 @_ssdm_op_Read.ap_auto.i60, i60 %sext_ln254"   --->   Operation 9 'read' 'sext_ln254_read' <Predicate = true> <Delay = 0.00>
ST_1 : Operation 10 [1/1] (0.00ns)   --->   "%sext_ln254_cast = sext i60 %sext_ln254_read"   --->   Operation 10 'sext' 'sext_ln254_cast' <Predicate = true> <Delay = 0.00>
ST_1 : Operation 11 [1/1] (0.00ns)   --->   "%specinterface_ln0 = specinterface void @_ssdm_op_SpecInterface, i128 %X_BUS, void @empty_9, i32 0, i32 0, void @empty_24, i32 0, i32 12288, void @empty_13, void @empty_11, void @empty_24, i32 1, i32 8, i32 16, i32 16, void @empty_24, void @empty_24, i32 4294967295, i32 0"   --->   Operation 11 'specinterface' 'specinterface_ln0' <Predicate = true> <Delay = 0.00>
ST_1 : Operation 12 [1/1] (1.58ns)   --->   "%store_ln0 = store i32 0, i32 %i_5"   --->   Operation 12 'store' 'store_ln0' <Predicate = true> <Delay = 1.58>
ST_1 : Operation 13 [1/1] (1.58ns)   --->   "%store_ln0 = store i64 0, i64 %phi_ln255"   --->   Operation 13 'store' 'store_ln0' <Predicate = true> <Delay = 1.58>
ST_1 : Operation 14 [1/1] (0.00ns)   --->   "%br_ln0 = br void %for.body392"   --->   Operation 14 'br' 'br_ln0' <Predicate = true> <Delay = 0.00>
ST_1 : Operation 15 [1/1] (0.00ns)   --->   "%i = load i32 %i_5"   --->   Operation 15 'load' 'i' <Predicate = true> <Delay = 0.00>
ST_1 : Operation 16 [1/1] (2.47ns)   --->   "%icmp_ln254 = icmp_eq  i32 %i, i32 %mul389_read" [src/runge_kutta_45.cpp:254]   --->   Operation 16 'icmp' 'icmp_ln254' <Predicate = true> <Delay = 2.47> <CoreInst = "Cmp">   --->   Core 9 'Cmp' <Latency = 0> <II = 1> <Delay = 2.47> <FuncUnit> <Opcode : 'icmp'> <InPorts = 2> <OutPorts = 1>
ST_1 : Operation 17 [1/1] (2.55ns)   --->   "%add_ln254 = add i32 %i, i32 1" [src/runge_kutta_45.cpp:254]   --->   Operation 17 'add' 'add_ln254' <Predicate = true> <Delay = 2.55> <CoreInst = "Adder">   --->   Core 1 'Adder' <Latency = 0> <II = 1> <Delay = 2.55> <FuncUnit> <Opcode : 'add' 'sub'> <InPorts = 2> <OutPorts = 1>
ST_1 : Operation 18 [1/1] (0.00ns)   --->   "%br_ln254 = br i1 %icmp_ln254, void %for.body392.split_ifconv, void %last_axi_write_tt.loopexit.exitStub" [src/runge_kutta_45.cpp:254]   --->   Operation 18 'br' 'br_ln254' <Predicate = true> <Delay = 0.00>
ST_1 : Operation 19 [1/1] (0.00ns)   --->   "%i_5_cast83 = zext i32 %i"   --->   Operation 19 'zext' 'i_5_cast83' <Predicate = (!icmp_ln254)> <Delay = 0.00>
ST_1 : Operation 20 [1/1] (0.00ns)   --->   "%yy_loc_V_addr_2 = getelementptr i85 %yy_loc_V, i64 0, i64 %i_5_cast83"   --->   Operation 20 'getelementptr' 'yy_loc_V_addr_2' <Predicate = (!icmp_ln254)> <Delay = 0.00>
ST_1 : Operation 21 [1/1] (0.00ns)   --->   "%empty = trunc i32 %i"   --->   Operation 21 'trunc' 'empty' <Predicate = (!icmp_ln254)> <Delay = 0.00>
ST_1 : Operation 22 [2/2] (3.25ns)   --->   "%p_Val2_s = load i15 %yy_loc_V_addr_2"   --->   Operation 22 'load' 'p_Val2_s' <Predicate = (!icmp_ln254)> <Delay = 3.25> <CoreInst = "RAM">   --->   Core 82 'RAM' <Latency = 1> <II = 1> <Delay = 3.25> <Storage> <Opcode : 'load' 'store'> <Ports = 2> <Width = 85> <Depth = 24576> <RAM>
ST_1 : Operation 23 [1/1] (0.00ns)   --->   "%br_ln255 = br i1 %empty, void %for.inc400._crit_edge, void" [src/runge_kutta_45.cpp:255]   --->   Operation 23 'br' 'br_ln255' <Predicate = (!icmp_ln254)> <Delay = 0.00>
ST_1 : Operation 24 [1/1] (1.58ns)   --->   "%store_ln254 = store i32 %add_ln254, i32 %i_5" [src/runge_kutta_45.cpp:254]   --->   Operation 24 'store' 'store_ln254' <Predicate = (!icmp_ln254)> <Delay = 1.58>

State 2 <SV = 1> <Delay = 31.0>
ST_2 : Operation 25 [1/1] (0.00ns)   --->   "%specbitsmap_ln0 = specbitsmap void @_ssdm_op_SpecBitsMap, i128 %X_BUS"   --->   Operation 25 'specbitsmap' 'specbitsmap_ln0' <Predicate = true> <Delay = 0.00>
ST_2 : Operation 26 [1/1] (0.00ns)   --->   "%X_BUS_addr = getelementptr i128 %X_BUS, i64 %sext_ln254_cast" [src/runge_kutta_45.cpp:254]   --->   Operation 26 'getelementptr' 'X_BUS_addr' <Predicate = true> <Delay = 0.00>
ST_2 : Operation 27 [1/1] (0.00ns)   --->   "%specpipeline_ln0 = specpipeline void @_ssdm_op_SpecPipeline, i32 4294967295, i32 0, i32 1, i32 0, void @p_str"   --->   Operation 27 'specpipeline' 'specpipeline_ln0' <Predicate = true> <Delay = 0.00>
ST_2 : Operation 28 [1/2] (3.25ns)   --->   "%p_Val2_s = load i15 %yy_loc_V_addr_2"   --->   Operation 28 'load' 'p_Val2_s' <Predicate = (!icmp_ln254)> <Delay = 3.25> <CoreInst = "RAM">   --->   Core 82 'RAM' <Latency = 1> <II = 1> <Delay = 3.25> <Storage> <Opcode : 'load' 'store'> <Ports = 2> <Width = 85> <Depth = 24576> <RAM>
ST_2 : Operation 29 [1/1] (3.00ns)   --->   "%icmp_ln1086 = icmp_eq  i85 %p_Val2_s, i85 0"   --->   Operation 29 'icmp' 'icmp_ln1086' <Predicate = (!icmp_ln254)> <Delay = 3.00> <CoreInst = "Cmp">   --->   Core 9 'Cmp' <Latency = 0> <II = 1> <Delay = 3.00> <FuncUnit> <Opcode : 'icmp'> <InPorts = 2> <OutPorts = 1>
ST_2 : Operation 30 [1/1] (0.00ns)   --->   "%p_Result_10 = bitselect i1 @_ssdm_op_BitSelect.i1.i85.i32, i85 %p_Val2_s, i32 84"   --->   Operation 30 'bitselect' 'p_Result_10' <Predicate = (!icmp_ln254)> <Delay = 0.00>
ST_2 : Operation 31 [1/1] (4.12ns)   --->   "%tmp_V = sub i85 0, i85 %p_Val2_s"   --->   Operation 31 'sub' 'tmp_V' <Predicate = (!icmp_ln254)> <Delay = 4.12> <CoreInst = "Adder">   --->   Core 1 'Adder' <Latency = 0> <II = 1> <Delay = 4.12> <FuncUnit> <Opcode : 'add' 'sub'> <InPorts = 2> <OutPorts = 1>
ST_2 : Operation 32 [1/1] (1.05ns)   --->   "%tmp_V_2 = select i1 %p_Result_10, i85 %tmp_V, i85 %p_Val2_s"   --->   Operation 32 'select' 'tmp_V_2' <Predicate = (!icmp_ln254)> <Delay = 1.05> <CoreInst = "Sel">   --->   Core 73 'Sel' <Latency = 0> <II = 1> <Delay = 1.05> <FuncUnit> <Opcode : 'select'> <InPorts = 3> <OutPorts = 1>
ST_2 : Operation 33 [1/1] (0.00ns)   --->   "%t = partselect i64 @_ssdm_op_PartSelect.i64.i85.i32.i32, i85 %tmp_V_2, i32 21, i32 84"   --->   Operation 33 'partselect' 't' <Predicate = (!icmp_ln254)> <Delay = 0.00>
ST_2 : Operation 34 [1/1] (0.00ns)   --->   "%tmp_2 = ctlz i64 @llvm.ctlz.i64, i64 %t, i1 1"   --->   Operation 34 'ctlz' 'tmp_2' <Predicate = (!icmp_ln254)> <Delay = 0.00>
ST_2 : Operation 35 [1/1] (0.00ns)   --->   "%NZeros = trunc i64 %tmp_2"   --->   Operation 35 'trunc' 'NZeros' <Predicate = (!icmp_ln254)> <Delay = 0.00>
ST_2 : Operation 36 [1/1] (2.77ns)   --->   "%hitNonZero = icmp_eq  i64 %t, i64 0"   --->   Operation 36 'icmp' 'hitNonZero' <Predicate = (!icmp_ln254)> <Delay = 2.77> <CoreInst = "Cmp">   --->   Core 9 'Cmp' <Latency = 0> <II = 1> <Delay = 2.77> <FuncUnit> <Opcode : 'icmp'> <InPorts = 2> <OutPorts = 1>
ST_2 : Operation 37 [1/1] (0.00ns)   --->   "%trunc_ln1267 = trunc i85 %tmp_V_2"   --->   Operation 37 'trunc' 'trunc_ln1267' <Predicate = (!icmp_ln254)> <Delay = 0.00>
ST_2 : Operation 38 [1/1] (0.00ns)   --->   "%p_Result_11 = bitconcatenate i64 @_ssdm_op_BitConcatenate.i64.i21.i43, i21 %trunc_ln1267, i43 8796093022207"   --->   Operation 38 'bitconcatenate' 'p_Result_11' <Predicate = (!icmp_ln254)> <Delay = 0.00>
ST_2 : Operation 39 [1/1] (0.00ns)   --->   "%tmp_6 = ctlz i64 @llvm.ctlz.i64, i64 %p_Result_11, i1 1"   --->   Operation 39 'ctlz' 'tmp_6' <Predicate = (!icmp_ln254)> <Delay = 0.00>
ST_2 : Operation 40 [1/1] (0.00ns)   --->   "%trunc_ln1269 = trunc i64 %tmp_6"   --->   Operation 40 'trunc' 'trunc_ln1269' <Predicate = (!icmp_ln254)> <Delay = 0.00>
ST_2 : Operation 41 [1/1] (2.55ns)   --->   "%NZeros_1 = add i32 %trunc_ln1269, i32 %NZeros"   --->   Operation 41 'add' 'NZeros_1' <Predicate = (!icmp_ln254)> <Delay = 2.55> <CoreInst = "Adder">   --->   Core 1 'Adder' <Latency = 0> <II = 1> <Delay = 2.55> <FuncUnit> <Opcode : 'add' 'sub'> <InPorts = 2> <OutPorts = 1>
ST_2 : Operation 42 [1/1] (0.69ns)   --->   "%NZeros_3 = select i1 %hitNonZero, i32 %NZeros_1, i32 %NZeros"   --->   Operation 42 'select' 'NZeros_3' <Predicate = (!icmp_ln254)> <Delay = 0.69> <CoreInst = "Sel">   --->   Core 73 'Sel' <Latency = 0> <II = 1> <Delay = 0.69> <FuncUnit> <Opcode : 'select'> <InPorts = 3> <OutPorts = 1>
ST_2 : Operation 43 [1/1] (2.55ns)   --->   "%sub_ln1095 = sub i32 85, i32 %NZeros_3"   --->   Operation 43 'sub' 'sub_ln1095' <Predicate = (!icmp_ln254)> <Delay = 2.55> <CoreInst = "Adder">   --->   Core 1 'Adder' <Latency = 0> <II = 1> <Delay = 2.55> <FuncUnit> <Opcode : 'add' 'sub'> <InPorts = 2> <OutPorts = 1>
ST_2 : Operation 44 [1/1] (2.55ns)   --->   "%lsb_index = add i32 %sub_ln1095, i32 4294967243"   --->   Operation 44 'add' 'lsb_index' <Predicate = (!icmp_ln254)> <Delay = 2.55> <CoreInst = "Adder">   --->   Core 1 'Adder' <Latency = 0> <II = 1> <Delay = 2.55> <FuncUnit> <Opcode : 'add' 'sub'> <InPorts = 2> <OutPorts = 1>
ST_2 : Operation 45 [1/1] (0.00ns)   --->   "%tmp = partselect i31 @_ssdm_op_PartSelect.i31.i32.i32.i32, i32 %lsb_index, i32 1, i32 31"   --->   Operation 45 'partselect' 'tmp' <Predicate = (!icmp_ln254)> <Delay = 0.00>
ST_2 : Operation 46 [1/1] (2.47ns)   --->   "%icmp_ln1097 = icmp_sgt  i31 %tmp, i31 0"   --->   Operation 46 'icmp' 'icmp_ln1097' <Predicate = (!icmp_ln254)> <Delay = 2.47> <CoreInst = "Cmp">   --->   Core 9 'Cmp' <Latency = 0> <II = 1> <Delay = 2.47> <FuncUnit> <Opcode : 'icmp'> <InPorts = 2> <OutPorts = 1>
ST_2 : Operation 47 [1/1] (0.00ns)   --->   "%trunc_ln1098 = trunc i32 %sub_ln1095"   --->   Operation 47 'trunc' 'trunc_ln1098' <Predicate = (!icmp_ln254)> <Delay = 0.00>
ST_2 : Operation 48 [1/1] (1.87ns)   --->   "%sub_ln1098 = sub i7 11, i7 %trunc_ln1098"   --->   Operation 48 'sub' 'sub_ln1098' <Predicate = (!icmp_ln254)> <Delay = 1.87> <CoreInst = "Adder">   --->   Core 1 'Adder' <Latency = 0> <II = 1> <Delay = 1.87> <FuncUnit> <Opcode : 'add' 'sub'> <InPorts = 2> <OutPorts = 1>
ST_2 : Operation 49 [1/1] (0.00ns) (grouped into LUT with out node icmp_ln1098)   --->   "%zext_ln1098 = zext i7 %sub_ln1098"   --->   Operation 49 'zext' 'zext_ln1098' <Predicate = (!icmp_ln254)> <Delay = 0.00>
ST_2 : Operation 50 [1/1] (0.00ns) (grouped into LUT with out node icmp_ln1098)   --->   "%lshr_ln1098 = lshr i85 38685626227668133590597631, i85 %zext_ln1098"   --->   Operation 50 'lshr' 'lshr_ln1098' <Predicate = (!icmp_ln254)> <Delay = 0.00> <CoreInst = "Shifter">   --->   Core 75 'Shifter' <Latency = 0> <II = 1> <Delay = 3.04> <FuncUnit> <Opcode : 'shl' 'lshr' 'ashr'> <InPorts = 2> <OutPorts = 1>
ST_2 : Operation 51 [1/1] (0.00ns) (grouped into LUT with out node icmp_ln1098)   --->   "%p_Result_s = and i85 %tmp_V_2, i85 %lshr_ln1098"   --->   Operation 51 'and' 'p_Result_s' <Predicate = (!icmp_ln254)> <Delay = 0.00> <CoreInst = "LogicGate">   --->   Core 74 'LogicGate' <Latency = 0> <II = 1> <Delay = 1.00> <FuncUnit> <Opcode : 'and' 'or' 'xor'> <InPorts = 2> <OutPorts = 1>
ST_2 : Operation 52 [1/1] (3.04ns) (out node of the LUT)   --->   "%icmp_ln1098 = icmp_ne  i85 %p_Result_s, i85 0"   --->   Operation 52 'icmp' 'icmp_ln1098' <Predicate = (!icmp_ln254)> <Delay = 3.04> <CoreInst = "Cmp">   --->   Core 9 'Cmp' <Latency = 0> <II = 1> <Delay = 3.00> <FuncUnit> <Opcode : 'icmp'> <InPorts = 2> <OutPorts = 1>
ST_2 : Operation 53 [1/1] (0.00ns) (grouped into LUT with out node or_ln1100_1)   --->   "%a = and i1 %icmp_ln1097, i1 %icmp_ln1098"   --->   Operation 53 'and' 'a' <Predicate = (!icmp_ln254)> <Delay = 0.00> <CoreInst = "LogicGate">   --->   Core 74 'LogicGate' <Latency = 0> <II = 1> <Delay = 0.97> <FuncUnit> <Opcode : 'and' 'or' 'xor'> <InPorts = 2> <OutPorts = 1>
ST_2 : Operation 54 [1/1] (0.00ns) (grouped into LUT with out node or_ln1100_1)   --->   "%tmp_1 = bitselect i1 @_ssdm_op_BitSelect.i1.i32.i32, i32 %lsb_index, i32 31"   --->   Operation 54 'bitselect' 'tmp_1' <Predicate = (!icmp_ln254)> <Delay = 0.00>
ST_2 : Operation 55 [1/1] (0.00ns) (grouped into LUT with out node or_ln1100_1)   --->   "%xor_ln1100 = xor i1 %tmp_1, i1 1"   --->   Operation 55 'xor' 'xor_ln1100' <Predicate = (!icmp_ln254)> <Delay = 0.00> <CoreInst = "LogicGate">   --->   Core 74 'LogicGate' <Latency = 0> <II = 1> <Delay = 0.97> <FuncUnit> <Opcode : 'and' 'or' 'xor'> <InPorts = 2> <OutPorts = 1>
ST_2 : Operation 56 [1/1] (0.00ns) (grouped into LUT with out node or_ln1100_1)   --->   "%p_Result_7 = bitselect i1 @_ssdm_op_BitSelect.i1.i85.i32, i85 %tmp_V_2, i32 %lsb_index"   --->   Operation 56 'bitselect' 'p_Result_7' <Predicate = (!icmp_ln254)> <Delay = 0.00>
ST_2 : Operation 57 [1/1] (0.00ns) (grouped into LUT with out node or_ln1100_1)   --->   "%and_ln1100 = and i1 %p_Result_7, i1 %xor_ln1100"   --->   Operation 57 'and' 'and_ln1100' <Predicate = (!icmp_ln254)> <Delay = 0.00> <CoreInst = "LogicGate">   --->   Core 74 'LogicGate' <Latency = 0> <II = 1> <Delay = 0.97> <FuncUnit> <Opcode : 'and' 'or' 'xor'> <InPorts = 2> <OutPorts = 1>
ST_2 : Operation 58 [1/1] (0.00ns) (grouped into LUT with out node or_ln1100_1)   --->   "%or_ln1100 = or i1 %and_ln1100, i1 %a"   --->   Operation 58 'or' 'or_ln1100' <Predicate = (!icmp_ln254)> <Delay = 0.00> <CoreInst = "LogicGate">   --->   Core 74 'LogicGate' <Latency = 0> <II = 1> <Delay = 0.97> <FuncUnit> <Opcode : 'and' 'or' 'xor'> <InPorts = 2> <OutPorts = 1>
ST_2 : Operation 59 [1/1] (0.97ns) (out node of the LUT)   --->   "%or_ln1100_1 = bitconcatenate i2 @_ssdm_op_BitConcatenate.i2.i1.i1, i1 0, i1 %or_ln1100"   --->   Operation 59 'bitconcatenate' 'or_ln1100_1' <Predicate = (!icmp_ln254)> <Delay = 0.97>
ST_2 : Operation 60 [1/1] (2.47ns)   --->   "%icmp_ln1105 = icmp_sgt  i32 %lsb_index, i32 0"   --->   Operation 60 'icmp' 'icmp_ln1105' <Predicate = (!icmp_ln254)> <Delay = 2.47> <CoreInst = "Cmp">   --->   Core 9 'Cmp' <Latency = 0> <II = 1> <Delay = 2.47> <FuncUnit> <Opcode : 'icmp'> <InPorts = 2> <OutPorts = 1>
ST_2 : Operation 61 [1/1] (2.55ns)   --->   "%add_ln1105 = add i32 %sub_ln1095, i32 4294967242"   --->   Operation 61 'add' 'add_ln1105' <Predicate = (!icmp_ln254)> <Delay = 2.55> <CoreInst = "Adder">   --->   Core 1 'Adder' <Latency = 0> <II = 1> <Delay = 2.55> <FuncUnit> <Opcode : 'add' 'sub'> <InPorts = 2> <OutPorts = 1>
ST_2 : Operation 62 [1/1] (0.00ns) (grouped into LUT with out node m_1)   --->   "%zext_ln1105 = zext i32 %add_ln1105"   --->   Operation 62 'zext' 'zext_ln1105' <Predicate = (!icmp_ln254)> <Delay = 0.00>
ST_2 : Operation 63 [1/1] (0.00ns) (grouped into LUT with out node m_1)   --->   "%lshr_ln1105 = lshr i85 %tmp_V_2, i85 %zext_ln1105"   --->   Operation 63 'lshr' 'lshr_ln1105' <Predicate = (!icmp_ln254)> <Delay = 0.00> <CoreInst = "Shifter">   --->   Core 75 'Shifter' <Latency = 0> <II = 1> <Delay = 4.67> <FuncUnit> <Opcode : 'shl' 'lshr' 'ashr'> <InPorts = 2> <OutPorts = 1>
ST_2 : Operation 64 [1/1] (2.55ns)   --->   "%sub_ln1106 = sub i32 54, i32 %sub_ln1095"   --->   Operation 64 'sub' 'sub_ln1106' <Predicate = (!icmp_ln254)> <Delay = 2.55> <CoreInst = "Adder">   --->   Core 1 'Adder' <Latency = 0> <II = 1> <Delay = 2.55> <FuncUnit> <Opcode : 'add' 'sub'> <InPorts = 2> <OutPorts = 1>
ST_2 : Operation 65 [1/1] (0.00ns) (grouped into LUT with out node m_1)   --->   "%zext_ln1106 = zext i32 %sub_ln1106"   --->   Operation 65 'zext' 'zext_ln1106' <Predicate = (!icmp_ln254)> <Delay = 0.00>
ST_2 : Operation 66 [1/1] (0.00ns) (grouped into LUT with out node m_1)   --->   "%shl_ln1106 = shl i85 %tmp_V_2, i85 %zext_ln1106"   --->   Operation 66 'shl' 'shl_ln1106' <Predicate = (!icmp_ln254)> <Delay = 0.00> <CoreInst = "Shifter">   --->   Core 75 'Shifter' <Latency = 0> <II = 1> <Delay = 4.67> <FuncUnit> <Opcode : 'shl' 'lshr' 'ashr'> <InPorts = 2> <OutPorts = 1>
ST_2 : Operation 67 [1/1] (0.00ns) (grouped into LUT with out node m_1)   --->   "%trunc_ln1106 = trunc i85 %lshr_ln1105"   --->   Operation 67 'trunc' 'trunc_ln1106' <Predicate = (!icmp_ln254)> <Delay = 0.00>
ST_2 : Operation 68 [1/1] (0.00ns) (grouped into LUT with out node m_1)   --->   "%trunc_ln1106_1 = trunc i85 %shl_ln1106"   --->   Operation 68 'trunc' 'trunc_ln1106_1' <Predicate = (!icmp_ln254)> <Delay = 0.00>
ST_2 : Operation 69 [1/1] (0.00ns) (grouped into LUT with out node m_1)   --->   "%m = select i1 %icmp_ln1105, i64 %trunc_ln1106, i64 %trunc_ln1106_1"   --->   Operation 69 'select' 'm' <Predicate = (!icmp_ln254)> <Delay = 0.00> <CoreInst = "Sel">   --->   Core 73 'Sel' <Latency = 0> <II = 1> <Delay = 1.48> <FuncUnit> <Opcode : 'select'> <InPorts = 3> <OutPorts = 1>
ST_2 : Operation 70 [1/1] (0.00ns) (grouped into LUT with out node m_1)   --->   "%zext_ln1112 = zext i2 %or_ln1100_1"   --->   Operation 70 'zext' 'zext_ln1112' <Predicate = (!icmp_ln254)> <Delay = 0.00>
ST_2 : Operation 71 [1/1] (4.67ns) (out node of the LUT)   --->   "%m_1 = add i64 %m, i64 %zext_ln1112"   --->   Operation 71 'add' 'm_1' <Predicate = (!icmp_ln254)> <Delay = 4.67> <CoreInst = "Adder">   --->   Core 1 'Adder' <Latency = 0> <II = 1> <Delay = 3.52> <FuncUnit> <Opcode : 'add' 'sub'> <InPorts = 2> <OutPorts = 1>
ST_2 : Operation 72 [1/1] (0.00ns)   --->   "%m_4 = partselect i63 @_ssdm_op_PartSelect.i63.i64.i32.i32, i64 %m_1, i32 1, i32 63"   --->   Operation 72 'partselect' 'm_4' <Predicate = (!icmp_ln254)> <Delay = 0.00>
ST_2 : Operation 73 [1/1] (0.00ns)   --->   "%zext_ln1113 = zext i63 %m_4"   --->   Operation 73 'zext' 'zext_ln1113' <Predicate = (!icmp_ln254)> <Delay = 0.00>
ST_2 : Operation 74 [1/1] (0.00ns)   --->   "%p_Result_8 = bitselect i1 @_ssdm_op_BitSelect.i1.i64.i32, i64 %m_1, i32 54"   --->   Operation 74 'bitselect' 'p_Result_8' <Predicate = (!icmp_ln254)> <Delay = 0.00>
ST_2 : Operation 75 [1/1] (0.69ns)   --->   "%select_ln1094 = select i1 %p_Result_8, i11 1023, i11 1022"   --->   Operation 75 'select' 'select_ln1094' <Predicate = (!icmp_ln254)> <Delay = 0.69> <CoreInst = "Sel">   --->   Core 73 'Sel' <Latency = 0> <II = 1> <Delay = 0.69> <FuncUnit> <Opcode : 'select'> <InPorts = 3> <OutPorts = 1>
ST_2 : Operation 76 [1/1] (0.00ns)   --->   "%trunc_ln1094 = trunc i32 %NZeros_3"   --->   Operation 76 'trunc' 'trunc_ln1094' <Predicate = (!icmp_ln254)> <Delay = 0.00>
ST_2 : Operation 77 [1/1] (0.00ns) (grouped into TernaryAdder)   --->   "%sub_ln1116 = sub i11 30, i11 %trunc_ln1094"   --->   Operation 77 'sub' 'sub_ln1116' <Predicate = (!icmp_ln254)> <Delay = 0.00> <CoreInst = "TAddSub">   --->   Core 10 'TAddSub' <Latency = 0> <II = 1> <Delay = 1.87> <IPBlock> <Opcode : 'add' 'sub'> <InPorts = 3> <OutPorts = 1> <Sync> <CReg>
ST_2 : Operation 78 [1/1] (3.75ns) (root node of TernaryAdder)   --->   "%add_ln1122 = add i11 %sub_ln1116, i11 %select_ln1094"   --->   Operation 78 'add' 'add_ln1122' <Predicate = (!icmp_ln254)> <Delay = 3.75> <CoreInst = "TAddSub">   --->   Core 10 'TAddSub' <Latency = 0> <II = 1> <Delay = 1.87> <IPBlock> <Opcode : 'add' 'sub'> <InPorts = 3> <OutPorts = 1> <Sync> <CReg>
ST_2 : Operation 79 [1/1] (0.00ns)   --->   "%tmp_s = bitconcatenate i12 @_ssdm_op_BitConcatenate.i12.i1.i11, i1 %p_Result_10, i11 %add_ln1122"   --->   Operation 79 'bitconcatenate' 'tmp_s' <Predicate = (!icmp_ln254)> <Delay = 0.00>
ST_2 : Operation 80 [1/1] (0.00ns)   --->   "%p_Result_12 = partset i64 @_ssdm_op_PartSet.i64.i64.i12.i32.i32, i64 %zext_ln1113, i12 %tmp_s, i32 52, i32 63"   --->   Operation 80 'partset' 'p_Result_12' <Predicate = (!icmp_ln254)> <Delay = 0.00>
ST_2 : Operation 81 [1/1] (1.48ns)   --->   "%select_ln1086 = select i1 %icmp_ln1086, i64 0, i64 %p_Result_12"   --->   Operation 81 'select' 'select_ln1086' <Predicate = (!icmp_ln254)> <Delay = 1.48> <CoreInst = "Sel">   --->   Core 73 'Sel' <Latency = 0> <II = 1> <Delay = 1.48> <FuncUnit> <Opcode : 'select'> <InPorts = 3> <OutPorts = 1>
ST_2 : Operation 90 [1/1] (0.00ns)   --->   "%ret_ln0 = ret"   --->   Operation 90 'ret' 'ret_ln0' <Predicate = (icmp_ln254)> <Delay = 0.00>

State 3 <SV = 2> <Delay = 73.0>
ST_3 : Operation 82 [1/1] (0.00ns)   --->   "%phi_ln255_load = load i64 %phi_ln255" [src/runge_kutta_45.cpp:255]   --->   Operation 82 'load' 'phi_ln255_load' <Predicate = true> <Delay = 0.00>
ST_3 : Operation 83 [1/1] (0.00ns)   --->   "%specloopname_ln254 = specloopname void @_ssdm_op_SpecLoopName, void @empty_14" [src/runge_kutta_45.cpp:254]   --->   Operation 83 'specloopname' 'specloopname_ln254' <Predicate = true> <Delay = 0.00>
ST_3 : Operation 84 [1/1] (0.00ns)   --->   "%or_ln2 = bitconcatenate i128 @_ssdm_op_BitConcatenate.i128.i64.i64, i64 %select_ln1086, i64 %phi_ln255_load" [src/runge_kutta_45.cpp:255]   --->   Operation 84 'bitconcatenate' 'or_ln2' <Predicate = true> <Delay = 0.00>
ST_3 : Operation 85 [1/1] (73.0ns)   --->   "%write_ln255 = write void @_ssdm_op_Write.m_axi.p1i128, i128 %X_BUS_addr, i128 %or_ln2, i16 65535" [src/runge_kutta_45.cpp:255]   --->   Operation 85 'write' 'write_ln255' <Predicate = (empty)> <Delay = 73.0> <CoreInst = "m_axi">   --->   Core 113 'm_axi' <Latency = 0> <II = 1> <Delay = 1.00> <Adapter> <Opcode : 'read' 'write' 'readreq' 'writereq' 'writeresp'>
ST_3 : Operation 86 [1/1] (0.00ns)   --->   "%br_ln255 = br void %for.inc400._crit_edge" [src/runge_kutta_45.cpp:255]   --->   Operation 86 'br' 'br_ln255' <Predicate = (empty)> <Delay = 0.00>
ST_3 : Operation 87 [1/1] (1.48ns)   --->   "%select_ln254 = select i1 %empty, i64 0, i64 %select_ln1086" [src/runge_kutta_45.cpp:254]   --->   Operation 87 'select' 'select_ln254' <Predicate = true> <Delay = 1.48> <CoreInst = "Sel">   --->   Core 73 'Sel' <Latency = 0> <II = 1> <Delay = 1.48> <FuncUnit> <Opcode : 'select'> <InPorts = 3> <OutPorts = 1>
ST_3 : Operation 88 [1/1] (1.58ns)   --->   "%store_ln254 = store i64 %select_ln254, i64 %phi_ln255" [src/runge_kutta_45.cpp:254]   --->   Operation 88 'store' 'store_ln254' <Predicate = true> <Delay = 1.58>
ST_3 : Operation 89 [1/1] (0.00ns)   --->   "%br_ln254 = br void %for.body392" [src/runge_kutta_45.cpp:254]   --->   Operation 89 'br' 'br_ln254' <Predicate = true> <Delay = 0.00>


============================================================
+ Verbose Summary: Timing violations
============================================================
Target clock period: 100ns, clock uncertainty: 27ns.

 <State 1>: 4.14ns
The critical path consists of the following:
	'alloca' operation ('i') [6]  (0 ns)
	'load' operation ('i') on local variable 'i' [15]  (0 ns)
	'add' operation ('add_ln254', src/runge_kutta_45.cpp:254) [20]  (2.55 ns)
	'store' operation ('store_ln254', src/runge_kutta_45.cpp:254) of variable 'add_ln254', src/runge_kutta_45.cpp:254 on local variable 'i' [89]  (1.59 ns)

 <State 2>: 31.1ns
The critical path consists of the following:
	'load' operation ('__Val2__') on array 'yy_loc_V' [28]  (3.25 ns)
	'sub' operation ('tmp.V') [31]  (4.12 ns)
	'select' operation ('tmp.V') [32]  (1.05 ns)
	'icmp' operation ('hitNonZero') [36]  (2.78 ns)
	'select' operation ('NZeros') [42]  (0.698 ns)
	'sub' operation ('sub_ln1095') [43]  (2.55 ns)
	'add' operation ('lsb_index') [44]  (2.55 ns)
	'icmp' operation ('icmp_ln1097') [46]  (2.47 ns)
	'and' operation ('a') [53]  (0 ns)
	'or' operation ('or_ln1100') [58]  (0 ns)
	'add' operation ('m') [71]  (4.68 ns)
	'select' operation ('select_ln1094') [75]  (0.692 ns)
	'add' operation ('add_ln1122') [78]  (3.76 ns)
	'select' operation ('select_ln1086') [81]  (1.48 ns)
	blocking operation 0.978 ns on control path)

 <State 3>: 73ns
The critical path consists of the following:
	'load' operation ('phi_ln255_load', src/runge_kutta_45.cpp:255) on local variable 'phi_ln255' [23]  (0 ns)
	bus write operation ('write_ln255', src/runge_kutta_45.cpp:255) on port 'X_BUS' (src/runge_kutta_45.cpp:255) [85]  (73 ns)


============================================================
+ Verbose Summary: Binding
============================================================
N/A
* FSMD analyzer results:
  - Output states:
 - Input state : 
  - Chain level:
	State 1
	State 2
	State 3


============================================================
+ Verbose Summary: Datapath Resource usage 
============================================================
N/A
