

================================================================
== Vitis HLS Report for 'runge_kutta_45_Pipeline_last_copy_t'
================================================================
* Date:           Tue Jun 13 00:34:38 2023

* Version:        2022.1 (Build 3526262 on Mon Apr 18 15:47:01 MDT 2022)
* Project:        rk45_vitis
* Solution:       solution1 (Vivado IP Flow Target)
* Product family: zynq
* Target device:  xc7z020-clg400-1


================================================================
== Performance Estimates
================================================================
+ Timing: 
    * Summary: 
    +--------+----------+-----------+------------+
    |  Clock |  Target  | Estimated | Uncertainty|
    +--------+----------+-----------+------------+
    |ap_clk  |  50.00 ns|  36.500 ns|    13.50 ns|
    +--------+----------+-----------+------------+

+ Latency: 
    * Summary: 
    +---------+---------+----------+----------+-----+-----+---------+
    |  Latency (cycles) |  Latency (absolute) |  Interval | Pipeline|
    |   min   |   max   |    min   |    max   | min | max |   Type  |
    +---------+---------+----------+----------+-----+-----+---------+
    |        ?|        ?|         ?|         ?|    ?|    ?|       no|
    +---------+---------+----------+----------+-----+-----+---------+

    + Detail: 
        * Instance: 
        N/A

        * Loop: 
        +---------------+---------+---------+----------+-----------+-----------+------+----------+
        |               |  Latency (cycles) | Iteration|  Initiation Interval  | Trip |          |
        |   Loop Name   |   min   |   max   |  Latency |  achieved |   target  | Count| Pipelined|
        +---------------+---------+---------+----------+-----------+-----------+------+----------+
        |- last_copy_t  |        ?|        ?|         8|          1|          1|     ?|       yes|
        +---------------+---------+---------+----------+-----------+-----------+------+----------+

============================================================
+ Verbose Summary: Synthesis Manager
============================================================
InlineROM: 1
ExposeGlobal: 0
============================================================
+ Verbose Summary: CDFG Model
============================================================
IsTopModel: 0
ResetActiveHigh: 1
IsCombinational: 0
IsDatapathOnly: 0
HasWiredReturn: 1
HasMFsm: 2
HasVarLatency: 1
IsPipeline: 0
IsRtlPipelined: 0
IsInstanceOverlapped: 0
IsDontTouch: 0
HasImplIP: 0
IsGatedGlobalClock: 0

+ Individual pipeline summary: 
  * Pipeline-0: initiation interval (II) = 1, depth = 8


============================================================
+ Verbose Summary: Schedule
============================================================
* Number of FSM states : 8
* Pipeline : 1
  Pipeline-0 : II = 1, D = 8, States = { 1 2 3 4 5 6 7 8 }
* Dataflow Pipeline: 0

* FSM state transitions: 
1 --> 2 
2 --> 3 
3 --> 4 
4 --> 5 
5 --> 6 
6 --> 7 
7 --> 8 
8 --> 

* FSM state operations: 

State 1 <SV = 0> <Delay = 5.30>
ST_1 : Operation 11 [1/1] (0.00ns)   --->   "%i = alloca i32 1"   --->   Operation 11 'alloca' 'i' <Predicate = true> <Delay = 0.00>
ST_1 : Operation 12 [1/1] (0.00ns)   --->   "%trunc_ln5_read = read i6 @_ssdm_op_Read.ap_auto.i6, i6 %trunc_ln5"   --->   Operation 12 'read' 'trunc_ln5_read' <Predicate = true> <Delay = 0.00>
ST_1 : Operation 13 [1/1] (0.00ns)   --->   "%zext_ln291_read = read i35 @_ssdm_op_Read.ap_auto.i35, i35 %zext_ln291"   --->   Operation 13 'read' 'zext_ln291_read' <Predicate = true> <Delay = 0.00>
ST_1 : Operation 14 [1/1] (0.00ns)   --->   "%tt_read = read i64 @_ssdm_op_Read.ap_auto.i64, i64 %tt"   --->   Operation 14 'read' 'tt_read' <Predicate = true> <Delay = 0.00>
ST_1 : Operation 15 [1/1] (0.00ns)   --->   "%add413_read = read i32 @_ssdm_op_Read.ap_auto.i32, i32 %add413"   --->   Operation 15 'read' 'add413_read' <Predicate = true> <Delay = 0.00>
ST_1 : Operation 16 [1/1] (0.00ns)   --->   "%zext_ln291_cast = zext i35 %zext_ln291_read"   --->   Operation 16 'zext' 'zext_ln291_cast' <Predicate = true> <Delay = 0.00>
ST_1 : Operation 17 [1/1] (0.00ns)   --->   "%specinterface_ln0 = specinterface void @_ssdm_op_SpecInterface, i512 %T_BUS, void @empty_36, i32 0, i32 0, void @empty_14, i32 0, i32 2048, void @empty_0, void @empty, void @empty_14, i32 16, i32 16, i32 16, i32 16, void @empty_14, void @empty_14, i32 4294967295, i32 0"   --->   Operation 17 'specinterface' 'specinterface_ln0' <Predicate = true> <Delay = 0.00>
ST_1 : Operation 18 [1/1] (1.58ns)   --->   "%store_ln0 = store i32 0, i32 %i"   --->   Operation 18 'store' 'store_ln0' <Predicate = true> <Delay = 1.58>
ST_1 : Operation 19 [1/1] (0.00ns)   --->   "%br_ln0 = br void %for.body416"   --->   Operation 19 'br' 'br_ln0' <Predicate = true> <Delay = 0.00>
ST_1 : Operation 20 [1/1] (0.00ns)   --->   "%i_6 = load i32 %i" [src/runge_kutta_45.cpp:292]   --->   Operation 20 'load' 'i_6' <Predicate = true> <Delay = 0.00>
ST_1 : Operation 21 [1/1] (0.00ns)   --->   "%specbitsmap_ln0 = specbitsmap void @_ssdm_op_SpecBitsMap, i512 %T_BUS"   --->   Operation 21 'specbitsmap' 'specbitsmap_ln0' <Predicate = true> <Delay = 0.00>
ST_1 : Operation 22 [1/1] (0.00ns)   --->   "%specpipeline_ln0 = specpipeline void @_ssdm_op_SpecPipeline, i32 4294967295, i32 0, i32 1, i32 0, void @p_str"   --->   Operation 22 'specpipeline' 'specpipeline_ln0' <Predicate = true> <Delay = 0.00>
ST_1 : Operation 23 [1/1] (2.47ns)   --->   "%icmp_ln291 = icmp_eq  i32 %i_6, i32 %add413_read" [src/runge_kutta_45.cpp:291]   --->   Operation 23 'icmp' 'icmp_ln291' <Predicate = true> <Delay = 2.47> <CoreInst = "Cmp">   --->   Core 9 'Cmp' <Latency = 0> <II = 1> <Delay = 2.47> <FuncUnit> <Opcode : 'icmp'> <InPorts = 2> <OutPorts = 1>
ST_1 : Operation 24 [1/1] (2.55ns)   --->   "%add_ln291 = add i32 %i_6, i32 1" [src/runge_kutta_45.cpp:291]   --->   Operation 24 'add' 'add_ln291' <Predicate = true> <Delay = 2.55> <CoreInst = "Adder">   --->   Core 1 'Adder' <Latency = 0> <II = 1> <Delay = 2.55> <FuncUnit> <Opcode : 'add' 'sub'> <InPorts = 2> <OutPorts = 1>
ST_1 : Operation 25 [1/1] (0.00ns)   --->   "%br_ln291 = br i1 %icmp_ln291, void %for.body416.split_ifconv, void %for.end425.loopexit.exitStub" [src/runge_kutta_45.cpp:291]   --->   Operation 25 'br' 'br_ln291' <Predicate = true> <Delay = 0.00>
ST_1 : Operation 26 [1/1] (0.00ns)   --->   "%i_7_cast85 = zext i32 %i_6" [src/runge_kutta_45.cpp:292]   --->   Operation 26 'zext' 'i_7_cast85' <Predicate = (!icmp_ln291)> <Delay = 0.00>
ST_1 : Operation 27 [1/1] (0.00ns)   --->   "%tt_loc_V_addr = getelementptr i100 %tt_loc_V, i64 0, i64 %i_7_cast85"   --->   Operation 27 'getelementptr' 'tt_loc_V_addr' <Predicate = (!icmp_ln291)> <Delay = 0.00>
ST_1 : Operation 28 [2/2] (3.25ns)   --->   "%p_Val2_s = load i11 %tt_loc_V_addr"   --->   Operation 28 'load' 'p_Val2_s' <Predicate = (!icmp_ln291)> <Delay = 3.25> <CoreInst = "RAM">   --->   Core 82 'RAM' <Latency = 1> <II = 1> <Delay = 3.25> <Storage> <Opcode : 'load' 'store'> <Ports = 2> <Width = 100> <Depth = 2048> <RAM>
ST_1 : Operation 29 [1/1] (0.00ns)   --->   "%shl_ln6 = bitconcatenate i35 @_ssdm_op_BitConcatenate.i35.i32.i3, i32 %i_6, i3 0" [src/runge_kutta_45.cpp:292]   --->   Operation 29 'bitconcatenate' 'shl_ln6' <Predicate = (!icmp_ln291)> <Delay = 0.00>
ST_1 : Operation 30 [1/1] (0.00ns)   --->   "%zext_ln292_2 = zext i35 %shl_ln6" [src/runge_kutta_45.cpp:292]   --->   Operation 30 'zext' 'zext_ln292_2' <Predicate = (!icmp_ln291)> <Delay = 0.00>
ST_1 : Operation 31 [1/1] (0.00ns)   --->   "%trunc_ln292 = trunc i32 %i_6" [src/runge_kutta_45.cpp:292]   --->   Operation 31 'trunc' 'trunc_ln292' <Predicate = (!icmp_ln291)> <Delay = 0.00>
ST_1 : Operation 32 [1/1] (0.00ns) (grouped into TernaryAdder)   --->   "%add_ln292_2 = add i64 %zext_ln292_2, i64 %tt_read" [src/runge_kutta_45.cpp:292]   --->   Operation 32 'add' 'add_ln292_2' <Predicate = (!icmp_ln291)> <Delay = 0.00> <CoreInst = "TAddSub">   --->   Core 10 'TAddSub' <Latency = 0> <II = 1> <Delay = 2.65> <IPBlock> <Opcode : 'add' 'sub'> <InPorts = 3> <OutPorts = 1> <Sync> <CReg>
ST_1 : Operation 33 [1/1] (5.30ns) (root node of TernaryAdder)   --->   "%add_ln292 = add i64 %add_ln292_2, i64 %zext_ln291_cast" [src/runge_kutta_45.cpp:292]   --->   Operation 33 'add' 'add_ln292' <Predicate = (!icmp_ln291)> <Delay = 5.30> <CoreInst = "TAddSub">   --->   Core 10 'TAddSub' <Latency = 0> <II = 1> <Delay = 2.65> <IPBlock> <Opcode : 'add' 'sub'> <InPorts = 3> <OutPorts = 1> <Sync> <CReg>
ST_1 : Operation 34 [1/1] (0.00ns)   --->   "%trunc_ln = partselect i58 @_ssdm_op_PartSelect.i58.i64.i32.i32, i64 %add_ln292, i32 6, i32 63" [src/runge_kutta_45.cpp:292]   --->   Operation 34 'partselect' 'trunc_ln' <Predicate = (!icmp_ln291)> <Delay = 0.00>
ST_1 : Operation 35 [1/1] (1.58ns)   --->   "%store_ln291 = store i32 %add_ln291, i32 %i" [src/runge_kutta_45.cpp:291]   --->   Operation 35 'store' 'store_ln291' <Predicate = (!icmp_ln291)> <Delay = 1.58>

State 2 <SV = 1> <Delay = 36.5>
ST_2 : Operation 36 [1/2] (3.25ns)   --->   "%p_Val2_s = load i11 %tt_loc_V_addr"   --->   Operation 36 'load' 'p_Val2_s' <Predicate = true> <Delay = 3.25> <CoreInst = "RAM">   --->   Core 82 'RAM' <Latency = 1> <II = 1> <Delay = 3.25> <Storage> <Opcode : 'load' 'store'> <Ports = 2> <Width = 100> <Depth = 2048> <RAM>
ST_2 : Operation 37 [1/1] (3.17ns)   --->   "%icmp_ln1086 = icmp_eq  i100 %p_Val2_s, i100 0"   --->   Operation 37 'icmp' 'icmp_ln1086' <Predicate = true> <Delay = 3.17> <CoreInst = "Cmp">   --->   Core 9 'Cmp' <Latency = 0> <II = 1> <Delay = 3.17> <FuncUnit> <Opcode : 'icmp'> <InPorts = 2> <OutPorts = 1>
ST_2 : Operation 38 [1/1] (0.00ns)   --->   "%p_Result_16 = bitselect i1 @_ssdm_op_BitSelect.i1.i100.i32, i100 %p_Val2_s, i32 99"   --->   Operation 38 'bitselect' 'p_Result_16' <Predicate = true> <Delay = 0.00>
ST_2 : Operation 39 [1/1] (4.55ns)   --->   "%tmp_V = sub i100 0, i100 %p_Val2_s"   --->   Operation 39 'sub' 'tmp_V' <Predicate = true> <Delay = 4.55> <CoreInst = "Adder">   --->   Core 1 'Adder' <Latency = 0> <II = 1> <Delay = 4.55> <FuncUnit> <Opcode : 'add' 'sub'> <InPorts = 2> <OutPorts = 1>
ST_2 : Operation 40 [1/1] (1.16ns)   --->   "%tmp_V_4 = select i1 %p_Result_16, i100 %tmp_V, i100 %p_Val2_s"   --->   Operation 40 'select' 'tmp_V_4' <Predicate = true> <Delay = 1.16> <CoreInst = "Sel">   --->   Core 73 'Sel' <Latency = 0> <II = 1> <Delay = 1.16> <FuncUnit> <Opcode : 'select'> <InPorts = 3> <OutPorts = 1>
ST_2 : Operation 41 [1/1] (0.00ns)   --->   "%t = partselect i64 @_ssdm_op_PartSelect.i64.i100.i32.i32, i100 %tmp_V_4, i32 36, i32 99"   --->   Operation 41 'partselect' 't' <Predicate = true> <Delay = 0.00>
ST_2 : Operation 42 [1/1] (0.00ns)   --->   "%tmp_7 = ctlz i64 @llvm.ctlz.i64, i64 %t, i1 1"   --->   Operation 42 'ctlz' 'tmp_7' <Predicate = true> <Delay = 0.00>
ST_2 : Operation 43 [1/1] (0.00ns)   --->   "%NZeros = trunc i64 %tmp_7"   --->   Operation 43 'trunc' 'NZeros' <Predicate = true> <Delay = 0.00>
ST_2 : Operation 44 [1/1] (2.77ns)   --->   "%hitNonZero = icmp_eq  i64 %t, i64 0"   --->   Operation 44 'icmp' 'hitNonZero' <Predicate = true> <Delay = 2.77> <CoreInst = "Cmp">   --->   Core 9 'Cmp' <Latency = 0> <II = 1> <Delay = 2.77> <FuncUnit> <Opcode : 'icmp'> <InPorts = 2> <OutPorts = 1>
ST_2 : Operation 45 [1/1] (0.00ns)   --->   "%trunc_ln1267 = trunc i100 %tmp_V_4"   --->   Operation 45 'trunc' 'trunc_ln1267' <Predicate = true> <Delay = 0.00>
ST_2 : Operation 46 [1/1] (0.00ns)   --->   "%p_Result_17 = bitconcatenate i64 @_ssdm_op_BitConcatenate.i64.i36.i28, i36 %trunc_ln1267, i28 268435455"   --->   Operation 46 'bitconcatenate' 'p_Result_17' <Predicate = true> <Delay = 0.00>
ST_2 : Operation 47 [1/1] (0.00ns)   --->   "%tmp_s = ctlz i64 @llvm.ctlz.i64, i64 %p_Result_17, i1 1"   --->   Operation 47 'ctlz' 'tmp_s' <Predicate = true> <Delay = 0.00>
ST_2 : Operation 48 [1/1] (0.00ns)   --->   "%trunc_ln1269 = trunc i64 %tmp_s"   --->   Operation 48 'trunc' 'trunc_ln1269' <Predicate = true> <Delay = 0.00>
ST_2 : Operation 49 [1/1] (2.55ns)   --->   "%NZeros_4 = add i32 %trunc_ln1269, i32 %NZeros"   --->   Operation 49 'add' 'NZeros_4' <Predicate = true> <Delay = 2.55> <CoreInst = "Adder">   --->   Core 1 'Adder' <Latency = 0> <II = 1> <Delay = 2.55> <FuncUnit> <Opcode : 'add' 'sub'> <InPorts = 2> <OutPorts = 1>
ST_2 : Operation 50 [1/1] (0.69ns)   --->   "%NZeros_6 = select i1 %hitNonZero, i32 %NZeros_4, i32 %NZeros"   --->   Operation 50 'select' 'NZeros_6' <Predicate = true> <Delay = 0.69> <CoreInst = "Sel">   --->   Core 73 'Sel' <Latency = 0> <II = 1> <Delay = 0.69> <FuncUnit> <Opcode : 'select'> <InPorts = 3> <OutPorts = 1>
ST_2 : Operation 51 [1/1] (2.55ns)   --->   "%sub_ln1095 = sub i32 100, i32 %NZeros_6"   --->   Operation 51 'sub' 'sub_ln1095' <Predicate = true> <Delay = 2.55> <CoreInst = "Adder">   --->   Core 1 'Adder' <Latency = 0> <II = 1> <Delay = 2.55> <FuncUnit> <Opcode : 'add' 'sub'> <InPorts = 2> <OutPorts = 1>
ST_2 : Operation 52 [1/1] (2.55ns)   --->   "%lsb_index = add i32 %sub_ln1095, i32 4294967243"   --->   Operation 52 'add' 'lsb_index' <Predicate = true> <Delay = 2.55> <CoreInst = "Adder">   --->   Core 1 'Adder' <Latency = 0> <II = 1> <Delay = 2.55> <FuncUnit> <Opcode : 'add' 'sub'> <InPorts = 2> <OutPorts = 1>
ST_2 : Operation 53 [1/1] (0.00ns)   --->   "%tmp = partselect i31 @_ssdm_op_PartSelect.i31.i32.i32.i32, i32 %lsb_index, i32 1, i32 31"   --->   Operation 53 'partselect' 'tmp' <Predicate = true> <Delay = 0.00>
ST_2 : Operation 54 [1/1] (2.47ns)   --->   "%icmp_ln1097 = icmp_sgt  i31 %tmp, i31 0"   --->   Operation 54 'icmp' 'icmp_ln1097' <Predicate = true> <Delay = 2.47> <CoreInst = "Cmp">   --->   Core 9 'Cmp' <Latency = 0> <II = 1> <Delay = 2.47> <FuncUnit> <Opcode : 'icmp'> <InPorts = 2> <OutPorts = 1>
ST_2 : Operation 55 [1/1] (0.00ns)   --->   "%trunc_ln1098 = trunc i32 %sub_ln1095"   --->   Operation 55 'trunc' 'trunc_ln1098' <Predicate = true> <Delay = 0.00>
ST_2 : Operation 56 [1/1] (1.87ns)   --->   "%sub_ln1098 = sub i7 26, i7 %trunc_ln1098"   --->   Operation 56 'sub' 'sub_ln1098' <Predicate = true> <Delay = 1.87> <CoreInst = "Adder">   --->   Core 1 'Adder' <Latency = 0> <II = 1> <Delay = 1.87> <FuncUnit> <Opcode : 'add' 'sub'> <InPorts = 2> <OutPorts = 1>
ST_2 : Operation 57 [1/1] (0.00ns) (grouped into LUT with out node icmp_ln1098)   --->   "%zext_ln1098 = zext i7 %sub_ln1098"   --->   Operation 57 'zext' 'zext_ln1098' <Predicate = true> <Delay = 0.00>
ST_2 : Operation 58 [1/1] (0.00ns) (grouped into LUT with out node icmp_ln1098)   --->   "%lshr_ln1098 = lshr i100 1267650600228229401496703205375, i100 %zext_ln1098"   --->   Operation 58 'lshr' 'lshr_ln1098' <Predicate = true> <Delay = 0.00> <CoreInst = "Shifter">   --->   Core 75 'Shifter' <Latency = 0> <II = 1> <Delay = 3.04> <FuncUnit> <Opcode : 'shl' 'lshr' 'ashr'> <InPorts = 2> <OutPorts = 1>
ST_2 : Operation 59 [1/1] (0.00ns) (grouped into LUT with out node icmp_ln1098)   --->   "%p_Result_s = and i100 %tmp_V_4, i100 %lshr_ln1098"   --->   Operation 59 'and' 'p_Result_s' <Predicate = true> <Delay = 0.00> <CoreInst = "LogicGate">   --->   Core 74 'LogicGate' <Latency = 0> <II = 1> <Delay = 1.03> <FuncUnit> <Opcode : 'and' 'or' 'xor'> <InPorts = 2> <OutPorts = 1>
ST_2 : Operation 60 [1/1] (3.17ns) (out node of the LUT)   --->   "%icmp_ln1098 = icmp_ne  i100 %p_Result_s, i100 0"   --->   Operation 60 'icmp' 'icmp_ln1098' <Predicate = true> <Delay = 3.17> <CoreInst = "Cmp">   --->   Core 9 'Cmp' <Latency = 0> <II = 1> <Delay = 3.17> <FuncUnit> <Opcode : 'icmp'> <InPorts = 2> <OutPorts = 1>
ST_2 : Operation 61 [1/1] (0.00ns) (grouped into LUT with out node or_ln1100_2)   --->   "%a = and i1 %icmp_ln1097, i1 %icmp_ln1098"   --->   Operation 61 'and' 'a' <Predicate = true> <Delay = 0.00> <CoreInst = "LogicGate">   --->   Core 74 'LogicGate' <Latency = 0> <II = 1> <Delay = 0.97> <FuncUnit> <Opcode : 'and' 'or' 'xor'> <InPorts = 2> <OutPorts = 1>
ST_2 : Operation 62 [1/1] (0.00ns) (grouped into LUT with out node or_ln1100_2)   --->   "%tmp_3 = bitselect i1 @_ssdm_op_BitSelect.i1.i32.i32, i32 %lsb_index, i32 31"   --->   Operation 62 'bitselect' 'tmp_3' <Predicate = true> <Delay = 0.00>
ST_2 : Operation 63 [1/1] (0.00ns) (grouped into LUT with out node or_ln1100_2)   --->   "%xor_ln1100 = xor i1 %tmp_3, i1 1"   --->   Operation 63 'xor' 'xor_ln1100' <Predicate = true> <Delay = 0.00> <CoreInst = "LogicGate">   --->   Core 74 'LogicGate' <Latency = 0> <II = 1> <Delay = 0.97> <FuncUnit> <Opcode : 'and' 'or' 'xor'> <InPorts = 2> <OutPorts = 1>
ST_2 : Operation 64 [1/1] (0.00ns) (grouped into LUT with out node or_ln1100_2)   --->   "%p_Result_13 = bitselect i1 @_ssdm_op_BitSelect.i1.i100.i32, i100 %tmp_V_4, i32 %lsb_index"   --->   Operation 64 'bitselect' 'p_Result_13' <Predicate = true> <Delay = 0.00>
ST_2 : Operation 65 [1/1] (0.00ns) (grouped into LUT with out node or_ln1100_2)   --->   "%and_ln1100 = and i1 %p_Result_13, i1 %xor_ln1100"   --->   Operation 65 'and' 'and_ln1100' <Predicate = true> <Delay = 0.00> <CoreInst = "LogicGate">   --->   Core 74 'LogicGate' <Latency = 0> <II = 1> <Delay = 0.97> <FuncUnit> <Opcode : 'and' 'or' 'xor'> <InPorts = 2> <OutPorts = 1>
ST_2 : Operation 66 [1/1] (0.00ns) (grouped into LUT with out node or_ln1100_2)   --->   "%or_ln1100 = or i1 %and_ln1100, i1 %a"   --->   Operation 66 'or' 'or_ln1100' <Predicate = true> <Delay = 0.00> <CoreInst = "LogicGate">   --->   Core 74 'LogicGate' <Latency = 0> <II = 1> <Delay = 0.97> <FuncUnit> <Opcode : 'and' 'or' 'xor'> <InPorts = 2> <OutPorts = 1>
ST_2 : Operation 67 [1/1] (0.97ns) (out node of the LUT)   --->   "%or_ln1100_2 = bitconcatenate i2 @_ssdm_op_BitConcatenate.i2.i1.i1, i1 0, i1 %or_ln1100"   --->   Operation 67 'bitconcatenate' 'or_ln1100_2' <Predicate = true> <Delay = 0.97>
ST_2 : Operation 68 [1/1] (2.47ns)   --->   "%icmp_ln1105 = icmp_sgt  i32 %lsb_index, i32 0"   --->   Operation 68 'icmp' 'icmp_ln1105' <Predicate = true> <Delay = 2.47> <CoreInst = "Cmp">   --->   Core 9 'Cmp' <Latency = 0> <II = 1> <Delay = 2.47> <FuncUnit> <Opcode : 'icmp'> <InPorts = 2> <OutPorts = 1>
ST_2 : Operation 69 [1/1] (2.55ns)   --->   "%add_ln1105 = add i32 %sub_ln1095, i32 4294967242"   --->   Operation 69 'add' 'add_ln1105' <Predicate = true> <Delay = 2.55> <CoreInst = "Adder">   --->   Core 1 'Adder' <Latency = 0> <II = 1> <Delay = 2.55> <FuncUnit> <Opcode : 'add' 'sub'> <InPorts = 2> <OutPorts = 1>
ST_2 : Operation 70 [1/1] (0.00ns) (grouped into LUT with out node m_5)   --->   "%zext_ln1105 = zext i32 %add_ln1105"   --->   Operation 70 'zext' 'zext_ln1105' <Predicate = true> <Delay = 0.00>
ST_2 : Operation 71 [1/1] (0.00ns) (grouped into LUT with out node m_5)   --->   "%lshr_ln1105 = lshr i100 %tmp_V_4, i100 %zext_ln1105"   --->   Operation 71 'lshr' 'lshr_ln1105' <Predicate = true> <Delay = 0.00> <CoreInst = "Shifter">   --->   Core 75 'Shifter' <Latency = 0> <II = 1> <Delay = 4.77> <FuncUnit> <Opcode : 'shl' 'lshr' 'ashr'> <InPorts = 2> <OutPorts = 1>
ST_2 : Operation 72 [1/1] (2.55ns)   --->   "%sub_ln1106 = sub i32 54, i32 %sub_ln1095"   --->   Operation 72 'sub' 'sub_ln1106' <Predicate = true> <Delay = 2.55> <CoreInst = "Adder">   --->   Core 1 'Adder' <Latency = 0> <II = 1> <Delay = 2.55> <FuncUnit> <Opcode : 'add' 'sub'> <InPorts = 2> <OutPorts = 1>
ST_2 : Operation 73 [1/1] (0.00ns) (grouped into LUT with out node m_5)   --->   "%zext_ln1106 = zext i32 %sub_ln1106"   --->   Operation 73 'zext' 'zext_ln1106' <Predicate = true> <Delay = 0.00>
ST_2 : Operation 74 [1/1] (0.00ns) (grouped into LUT with out node m_5)   --->   "%shl_ln1106 = shl i100 %tmp_V_4, i100 %zext_ln1106"   --->   Operation 74 'shl' 'shl_ln1106' <Predicate = true> <Delay = 0.00> <CoreInst = "Shifter">   --->   Core 75 'Shifter' <Latency = 0> <II = 1> <Delay = 4.77> <FuncUnit> <Opcode : 'shl' 'lshr' 'ashr'> <InPorts = 2> <OutPorts = 1>
ST_2 : Operation 75 [1/1] (0.00ns) (grouped into LUT with out node m_5)   --->   "%trunc_ln1106 = trunc i100 %lshr_ln1105"   --->   Operation 75 'trunc' 'trunc_ln1106' <Predicate = true> <Delay = 0.00>
ST_2 : Operation 76 [1/1] (0.00ns) (grouped into LUT with out node m_5)   --->   "%trunc_ln1106_2 = trunc i100 %shl_ln1106"   --->   Operation 76 'trunc' 'trunc_ln1106_2' <Predicate = true> <Delay = 0.00>
ST_2 : Operation 77 [1/1] (0.00ns) (grouped into LUT with out node m_5)   --->   "%m = select i1 %icmp_ln1105, i64 %trunc_ln1106, i64 %trunc_ln1106_2"   --->   Operation 77 'select' 'm' <Predicate = true> <Delay = 0.00> <CoreInst = "Sel">   --->   Core 73 'Sel' <Latency = 0> <II = 1> <Delay = 1.48> <FuncUnit> <Opcode : 'select'> <InPorts = 3> <OutPorts = 1>
ST_2 : Operation 78 [1/1] (0.00ns) (grouped into LUT with out node m_5)   --->   "%zext_ln1112 = zext i2 %or_ln1100_2"   --->   Operation 78 'zext' 'zext_ln1112' <Predicate = true> <Delay = 0.00>
ST_2 : Operation 79 [1/1] (4.77ns) (out node of the LUT)   --->   "%m_5 = add i64 %m, i64 %zext_ln1112"   --->   Operation 79 'add' 'm_5' <Predicate = true> <Delay = 4.77> <CoreInst = "Adder">   --->   Core 1 'Adder' <Latency = 0> <II = 1> <Delay = 3.52> <FuncUnit> <Opcode : 'add' 'sub'> <InPorts = 2> <OutPorts = 1>
ST_2 : Operation 80 [1/1] (0.00ns) (grouped into LUT with out node shl_ln292_1)   --->   "%m_8 = partselect i63 @_ssdm_op_PartSelect.i63.i64.i32.i32, i64 %m_5, i32 1, i32 63"   --->   Operation 80 'partselect' 'm_8' <Predicate = true> <Delay = 0.00>
ST_2 : Operation 81 [1/1] (0.00ns) (grouped into LUT with out node shl_ln292_1)   --->   "%zext_ln1113 = zext i63 %m_8"   --->   Operation 81 'zext' 'zext_ln1113' <Predicate = true> <Delay = 0.00>
ST_2 : Operation 82 [1/1] (0.00ns)   --->   "%p_Result_14 = bitselect i1 @_ssdm_op_BitSelect.i1.i64.i32, i64 %m_5, i32 54"   --->   Operation 82 'bitselect' 'p_Result_14' <Predicate = true> <Delay = 0.00>
ST_2 : Operation 83 [1/1] (0.69ns)   --->   "%select_ln1094 = select i1 %p_Result_14, i11 1023, i11 1022"   --->   Operation 83 'select' 'select_ln1094' <Predicate = true> <Delay = 0.69> <CoreInst = "Sel">   --->   Core 73 'Sel' <Latency = 0> <II = 1> <Delay = 0.69> <FuncUnit> <Opcode : 'select'> <InPorts = 3> <OutPorts = 1>
ST_2 : Operation 84 [1/1] (0.00ns)   --->   "%trunc_ln1094 = trunc i32 %NZeros_6"   --->   Operation 84 'trunc' 'trunc_ln1094' <Predicate = true> <Delay = 0.00>
ST_2 : Operation 85 [1/1] (0.00ns) (grouped into TernaryAdder)   --->   "%sub_ln1116 = sub i11 40, i11 %trunc_ln1094"   --->   Operation 85 'sub' 'sub_ln1116' <Predicate = true> <Delay = 0.00> <CoreInst = "TAddSub">   --->   Core 10 'TAddSub' <Latency = 0> <II = 1> <Delay = 2.65> <IPBlock> <Opcode : 'add' 'sub'> <InPorts = 3> <OutPorts = 1> <Sync> <CReg>
ST_2 : Operation 86 [1/1] (3.75ns) (root node of TernaryAdder)   --->   "%add_ln1122 = add i11 %sub_ln1116, i11 %select_ln1094"   --->   Operation 86 'add' 'add_ln1122' <Predicate = true> <Delay = 3.75> <CoreInst = "TAddSub">   --->   Core 10 'TAddSub' <Latency = 0> <II = 1> <Delay = 2.65> <IPBlock> <Opcode : 'add' 'sub'> <InPorts = 3> <OutPorts = 1> <Sync> <CReg>
ST_2 : Operation 87 [1/1] (0.00ns) (grouped into LUT with out node shl_ln292_1)   --->   "%tmp_6 = bitconcatenate i12 @_ssdm_op_BitConcatenate.i12.i1.i11, i1 %p_Result_16, i11 %add_ln1122"   --->   Operation 87 'bitconcatenate' 'tmp_6' <Predicate = true> <Delay = 0.00>
ST_2 : Operation 88 [1/1] (0.00ns) (grouped into LUT with out node shl_ln292_1)   --->   "%p_Result_18 = partset i64 @_ssdm_op_PartSet.i64.i64.i12.i32.i32, i64 %zext_ln1113, i12 %tmp_6, i32 52, i32 63"   --->   Operation 88 'partset' 'p_Result_18' <Predicate = true> <Delay = 0.00>
ST_2 : Operation 89 [1/1] (0.00ns) (grouped into LUT with out node shl_ln292_1)   --->   "%select_ln1086 = select i1 %icmp_ln1086, i64 0, i64 %p_Result_18"   --->   Operation 89 'select' 'select_ln1086' <Predicate = true> <Delay = 0.00> <CoreInst = "Sel">   --->   Core 73 'Sel' <Latency = 0> <II = 1> <Delay = 1.48> <FuncUnit> <Opcode : 'select'> <InPorts = 3> <OutPorts = 1>
ST_2 : Operation 90 [1/1] (0.00ns)   --->   "%trunc_ln292_1 = bitconcatenate i6 @_ssdm_op_BitConcatenate.i6.i3.i3, i3 %trunc_ln292, i3 0" [src/runge_kutta_45.cpp:292]   --->   Operation 90 'bitconcatenate' 'trunc_ln292_1' <Predicate = true> <Delay = 0.00>
ST_2 : Operation 91 [1/1] (0.00ns) (grouped into LUT with out node shl_ln292_1)   --->   "%zext_ln292 = zext i64 %select_ln1086" [src/runge_kutta_45.cpp:292]   --->   Operation 91 'zext' 'zext_ln292' <Predicate = true> <Delay = 0.00>
ST_2 : Operation 92 [1/1] (1.82ns)   --->   "%add_ln292_1 = add i6 %trunc_ln5_read, i6 %trunc_ln292_1" [src/runge_kutta_45.cpp:292]   --->   Operation 92 'add' 'add_ln292_1' <Predicate = true> <Delay = 1.82> <CoreInst = "Adder">   --->   Core 1 'Adder' <Latency = 0> <II = 1> <Delay = 1.82> <FuncUnit> <Opcode : 'add' 'sub'> <InPorts = 2> <OutPorts = 1>
ST_2 : Operation 93 [1/1] (0.00ns)   --->   "%zext_ln292_1 = zext i6 %add_ln292_1" [src/runge_kutta_45.cpp:292]   --->   Operation 93 'zext' 'zext_ln292_1' <Predicate = true> <Delay = 0.00>
ST_2 : Operation 94 [1/1] (3.25ns)   --->   "%shl_ln292 = shl i64 255, i64 %zext_ln292_1" [src/runge_kutta_45.cpp:292]   --->   Operation 94 'shl' 'shl_ln292' <Predicate = true> <Delay = 3.25> <CoreInst = "Shifter">   --->   Core 75 'Shifter' <Latency = 0> <II = 1> <Delay = 3.25> <FuncUnit> <Opcode : 'shl' 'lshr' 'ashr'> <InPorts = 2> <OutPorts = 1>
ST_2 : Operation 95 [1/1] (0.00ns) (grouped into LUT with out node shl_ln292_1)   --->   "%shl_ln292_2 = bitconcatenate i9 @_ssdm_op_BitConcatenate.i9.i6.i3, i6 %add_ln292_1, i3 0" [src/runge_kutta_45.cpp:292]   --->   Operation 95 'bitconcatenate' 'shl_ln292_2' <Predicate = true> <Delay = 0.00>
ST_2 : Operation 96 [1/1] (0.00ns) (grouped into LUT with out node shl_ln292_1)   --->   "%zext_ln292_3 = zext i9 %shl_ln292_2" [src/runge_kutta_45.cpp:292]   --->   Operation 96 'zext' 'zext_ln292_3' <Predicate = true> <Delay = 0.00>
ST_2 : Operation 97 [1/1] (4.59ns) (out node of the LUT)   --->   "%shl_ln292_1 = shl i512 %zext_ln292, i512 %zext_ln292_3" [src/runge_kutta_45.cpp:292]   --->   Operation 97 'shl' 'shl_ln292_1' <Predicate = true> <Delay = 4.59> <CoreInst = "Shifter">   --->   Core 75 'Shifter' <Latency = 0> <II = 1> <Delay = 4.59> <FuncUnit> <Opcode : 'shl' 'lshr' 'ashr'> <InPorts = 2> <OutPorts = 1>
ST_2 : Operation 98 [1/1] (0.00ns)   --->   "%sext_ln292 = sext i58 %trunc_ln" [src/runge_kutta_45.cpp:292]   --->   Operation 98 'sext' 'sext_ln292' <Predicate = true> <Delay = 0.00>
ST_2 : Operation 99 [1/1] (0.00ns)   --->   "%T_BUS_addr = getelementptr i512 %T_BUS, i64 %sext_ln292" [src/runge_kutta_45.cpp:292]   --->   Operation 99 'getelementptr' 'T_BUS_addr' <Predicate = true> <Delay = 0.00>
ST_2 : Operation 100 [1/1] (36.5ns)   --->   "%empty = writereq i1 @_ssdm_op_WriteReq.m_axi.p1i512, i512 %T_BUS_addr, i32 1" [src/runge_kutta_45.cpp:292]   --->   Operation 100 'writereq' 'empty' <Predicate = true> <Delay = 36.5> <CoreInst = "m_axi">   --->   Core 113 'm_axi' <Latency = 0> <II = 1> <Delay = 1.00> <Adapter> <Opcode : 'read' 'write' 'readreq' 'writereq' 'writeresp'>

State 3 <SV = 2> <Delay = 36.5>
ST_3 : Operation 101 [1/1] (36.5ns)   --->   "%write_ln292 = write void @_ssdm_op_Write.m_axi.p1i512, i512 %T_BUS_addr, i512 %shl_ln292_1, i64 %shl_ln292" [src/runge_kutta_45.cpp:292]   --->   Operation 101 'write' 'write_ln292' <Predicate = true> <Delay = 36.5> <CoreInst = "m_axi">   --->   Core 113 'm_axi' <Latency = 0> <II = 1> <Delay = 1.00> <Adapter> <Opcode : 'read' 'write' 'readreq' 'writereq' 'writeresp'>

State 4 <SV = 3> <Delay = 36.5>
ST_4 : Operation 102 [5/5] (36.5ns)   --->   "%empty_65 = writeresp i1 @_ssdm_op_WriteResp.m_axi.p1i512, i512 %T_BUS_addr" [src/runge_kutta_45.cpp:292]   --->   Operation 102 'writeresp' 'empty_65' <Predicate = true> <Delay = 36.5> <CoreInst = "m_axi">   --->   Core 113 'm_axi' <Latency = 0> <II = 1> <Delay = 1.00> <Adapter> <Opcode : 'read' 'write' 'readreq' 'writereq' 'writeresp'>

State 5 <SV = 4> <Delay = 36.5>
ST_5 : Operation 103 [4/5] (36.5ns)   --->   "%empty_65 = writeresp i1 @_ssdm_op_WriteResp.m_axi.p1i512, i512 %T_BUS_addr" [src/runge_kutta_45.cpp:292]   --->   Operation 103 'writeresp' 'empty_65' <Predicate = true> <Delay = 36.5> <CoreInst = "m_axi">   --->   Core 113 'm_axi' <Latency = 0> <II = 1> <Delay = 1.00> <Adapter> <Opcode : 'read' 'write' 'readreq' 'writereq' 'writeresp'>

State 6 <SV = 5> <Delay = 36.5>
ST_6 : Operation 104 [3/5] (36.5ns)   --->   "%empty_65 = writeresp i1 @_ssdm_op_WriteResp.m_axi.p1i512, i512 %T_BUS_addr" [src/runge_kutta_45.cpp:292]   --->   Operation 104 'writeresp' 'empty_65' <Predicate = true> <Delay = 36.5> <CoreInst = "m_axi">   --->   Core 113 'm_axi' <Latency = 0> <II = 1> <Delay = 1.00> <Adapter> <Opcode : 'read' 'write' 'readreq' 'writereq' 'writeresp'>

State 7 <SV = 6> <Delay = 36.5>
ST_7 : Operation 105 [2/5] (36.5ns)   --->   "%empty_65 = writeresp i1 @_ssdm_op_WriteResp.m_axi.p1i512, i512 %T_BUS_addr" [src/runge_kutta_45.cpp:292]   --->   Operation 105 'writeresp' 'empty_65' <Predicate = true> <Delay = 36.5> <CoreInst = "m_axi">   --->   Core 113 'm_axi' <Latency = 0> <II = 1> <Delay = 1.00> <Adapter> <Opcode : 'read' 'write' 'readreq' 'writereq' 'writeresp'>
ST_7 : Operation 109 [1/1] (0.00ns)   --->   "%ret_ln0 = ret"   --->   Operation 109 'ret' 'ret_ln0' <Predicate = (icmp_ln291)> <Delay = 0.00>

State 8 <SV = 7> <Delay = 36.5>
ST_8 : Operation 106 [1/1] (0.00ns)   --->   "%specloopname_ln291 = specloopname void @_ssdm_op_SpecLoopName, void @empty_20" [src/runge_kutta_45.cpp:291]   --->   Operation 106 'specloopname' 'specloopname_ln291' <Predicate = true> <Delay = 0.00>
ST_8 : Operation 107 [1/5] (36.5ns)   --->   "%empty_65 = writeresp i1 @_ssdm_op_WriteResp.m_axi.p1i512, i512 %T_BUS_addr" [src/runge_kutta_45.cpp:292]   --->   Operation 107 'writeresp' 'empty_65' <Predicate = true> <Delay = 36.5> <CoreInst = "m_axi">   --->   Core 113 'm_axi' <Latency = 0> <II = 1> <Delay = 1.00> <Adapter> <Opcode : 'read' 'write' 'readreq' 'writereq' 'writeresp'>
ST_8 : Operation 108 [1/1] (0.00ns)   --->   "%br_ln291 = br void %for.body416" [src/runge_kutta_45.cpp:291]   --->   Operation 108 'br' 'br_ln291' <Predicate = true> <Delay = 0.00>


============================================================
+ Verbose Summary: Timing violations
============================================================
Target clock period: 50ns, clock uncertainty: 13.5ns.

 <State 1>: 5.31ns
The critical path consists of the following:
	'alloca' operation ('i') [7]  (0 ns)
	'load' operation ('i', src/runge_kutta_45.cpp:292) on local variable 'i' [17]  (0 ns)
	'add' operation ('add_ln292_2', src/runge_kutta_45.cpp:292) [85]  (0 ns)
	'add' operation ('add_ln292', src/runge_kutta_45.cpp:292) [86]  (5.31 ns)

 <State 2>: 36.5ns
The critical path consists of the following:
	'getelementptr' operation ('T_BUS_addr', src/runge_kutta_45.cpp:292) [96]  (0 ns)
	bus request operation ('empty', src/runge_kutta_45.cpp:292) on port 'T_BUS' (src/runge_kutta_45.cpp:292) [97]  (36.5 ns)

 <State 3>: 36.5ns
The critical path consists of the following:
	bus write operation ('write_ln292', src/runge_kutta_45.cpp:292) on port 'T_BUS' (src/runge_kutta_45.cpp:292) [98]  (36.5 ns)

 <State 4>: 36.5ns
The critical path consists of the following:
	bus response operation ('empty_65', src/runge_kutta_45.cpp:292) on port 'T_BUS' (src/runge_kutta_45.cpp:292) [99]  (36.5 ns)

 <State 5>: 36.5ns
The critical path consists of the following:
	bus response operation ('empty_65', src/runge_kutta_45.cpp:292) on port 'T_BUS' (src/runge_kutta_45.cpp:292) [99]  (36.5 ns)

 <State 6>: 36.5ns
The critical path consists of the following:
	bus response operation ('empty_65', src/runge_kutta_45.cpp:292) on port 'T_BUS' (src/runge_kutta_45.cpp:292) [99]  (36.5 ns)

 <State 7>: 36.5ns
The critical path consists of the following:
	bus response operation ('empty_65', src/runge_kutta_45.cpp:292) on port 'T_BUS' (src/runge_kutta_45.cpp:292) [99]  (36.5 ns)

 <State 8>: 36.5ns
The critical path consists of the following:
	bus response operation ('empty_65', src/runge_kutta_45.cpp:292) on port 'T_BUS' (src/runge_kutta_45.cpp:292) [99]  (36.5 ns)


============================================================
+ Verbose Summary: Binding
============================================================
N/A
* FSMD analyzer results:
  - Output states:
 - Input state : 
  - Chain level:
	State 1
	State 2
	State 3
	State 4
	State 5
	State 6
	State 7
	State 8


============================================================
+ Verbose Summary: Datapath Resource usage 
============================================================
N/A
