

================================================================
== Vitis HLS Report for 'runge_kutta_45_Pipeline_sqrt_loop'
================================================================
* Date:           Mon May 22 17:32:30 2023

* Version:        2022.1 (Build 3526262 on Mon Apr 18 15:47:01 MDT 2022)
* Project:        rk45_vitis
* Solution:       solution1 (Vivado IP Flow Target)
* Product family: zynq
* Target device:  xc7z020-clg400-1


================================================================
== Performance Estimates
================================================================
+ Timing: 
    * Summary: 
    +--------+----------+----------+------------+
    |  Clock |  Target  | Estimated| Uncertainty|
    +--------+----------+----------+------------+
    |ap_clk  |  50.00 ns|  9.219 ns|    13.50 ns|
    +--------+----------+----------+------------+

+ Latency: 
    * Summary: 
    +---------+---------+----------+----------+-----+-----+---------+
    |  Latency (cycles) |  Latency (absolute) |  Interval | Pipeline|
    |   min   |   max   |    min   |    max   | min | max |   Type  |
    +---------+---------+----------+----------+-----+-----+---------+
    |       83|       83|  4.150 us|  4.150 us|   83|   83|       no|
    +---------+---------+----------+----------+-----+-----+---------+

    + Detail: 
        * Instance: 
        N/A

        * Loop: 
        +-------------+---------+---------+----------+-----------+-----------+------+----------+
        |             |  Latency (cycles) | Iteration|  Initiation Interval  | Trip |          |
        |  Loop Name  |   min   |   max   |  Latency |  achieved |   target  | Count| Pipelined|
        +-------------+---------+---------+----------+-----------+-----------+------+----------+
        |- sqrt_loop  |       81|       81|         1|          1|          4|    81|       yes|
        +-------------+---------+---------+----------+-----------+-----------+------+----------+

============================================================
+ Verbose Summary: Synthesis Manager
============================================================
InlineROM: 1
ExposeGlobal: 0
============================================================
+ Verbose Summary: CDFG Model
============================================================
IsTopModel: 0
ResetActiveHigh: 1
IsCombinational: 0
IsDatapathOnly: 0
HasWiredReturn: 1
HasMFsm: 2
HasVarLatency: 1
IsPipeline: 0
IsRtlPipelined: 0
IsInstanceOverlapped: 0
IsDontTouch: 0
HasImplIP: 0
IsGatedGlobalClock: 0

+ Individual pipeline summary: 
  * Pipeline-0: initiation interval (II) = 1, depth = 2


============================================================
+ Verbose Summary: Schedule
============================================================
* Number of FSM states : 2
* Pipeline : 1
  Pipeline-0 : II = 1, D = 2, States = { 1 2 }
* Dataflow Pipeline: 0

* FSM state transitions: 
1 --> 2 
2 --> 

* FSM state operations: 

State 1 <SV = 0> <Delay = 1.58>
ST_1 : Operation 4 [1/1] (0.00ns)   --->   "%p_Repl2_s = alloca i32 1"   --->   Operation 4 'alloca' 'p_Repl2_s' <Predicate = true> <Delay = 0.00>
ST_1 : Operation 5 [1/1] (0.00ns)   --->   "%p_Val2_s = alloca i32 1"   --->   Operation 5 'alloca' 'p_Val2_s' <Predicate = true> <Delay = 0.00>
ST_1 : Operation 6 [1/1] (0.00ns)   --->   "%A_V = alloca i32 1"   --->   Operation 6 'alloca' 'A_V' <Predicate = true> <Delay = 0.00>
ST_1 : Operation 7 [1/1] (0.00ns)   --->   "%i = alloca i32 1"   --->   Operation 7 'alloca' 'i' <Predicate = true> <Delay = 0.00>
ST_1 : Operation 8 [1/1] (0.00ns)   --->   "%X_V_7_reload_read = read i162 @_ssdm_op_Read.ap_auto.i162, i162 %X_V_7_reload"   --->   Operation 8 'read' 'X_V_7_reload_read' <Predicate = true> <Delay = 0.00>
ST_1 : Operation 9 [1/1] (1.58ns)   --->   "%store_ln0 = store i7 0, i7 %i"   --->   Operation 9 'store' 'store_ln0' <Predicate = true> <Delay = 1.58>
ST_1 : Operation 10 [1/1] (1.58ns)   --->   "%store_ln0 = store i160 0, i160 %A_V"   --->   Operation 10 'store' 'store_ln0' <Predicate = true> <Delay = 1.58>
ST_1 : Operation 11 [1/1] (1.58ns)   --->   "%store_ln0 = store i162 %X_V_7_reload_read, i162 %p_Val2_s"   --->   Operation 11 'store' 'store_ln0' <Predicate = true> <Delay = 1.58>
ST_1 : Operation 12 [1/1] (1.58ns)   --->   "%store_ln0 = store i81 0, i81 %p_Repl2_s"   --->   Operation 12 'store' 'store_ln0' <Predicate = true> <Delay = 1.58>
ST_1 : Operation 13 [1/1] (0.00ns)   --->   "%br_ln0 = br void %_ZlSILi162ELb0EER11ap_int_baseIXT_EXT0_EES2_i.exit.i"   --->   Operation 13 'br' 'br_ln0' <Predicate = true> <Delay = 0.00>

State 2 <SV = 1> <Delay = 9.21>
ST_2 : Operation 14 [1/1] (0.00ns)   --->   "%i_3 = load i7 %i" [src/headers/fxp_sqrt.h:85]   --->   Operation 14 'load' 'i_3' <Predicate = true> <Delay = 0.00>
ST_2 : Operation 15 [1/1] (1.48ns)   --->   "%icmp_ln85 = icmp_eq  i7 %i_3, i7 81" [src/headers/fxp_sqrt.h:85]   --->   Operation 15 'icmp' 'icmp_ln85' <Predicate = true> <Delay = 1.48> <CoreInst = "Cmp">   --->   Core 9 'Cmp' <Latency = 0> <II = 1> <Delay = 1.48> <FuncUnit> <Opcode : 'icmp'> <InPorts = 2> <OutPorts = 1>
ST_2 : Operation 16 [1/1] (0.00ns)   --->   "%speclooptripcount_ln0 = speclooptripcount void @_ssdm_op_SpecLoopTripCount, i64 81, i64 81, i64 81"   --->   Operation 16 'speclooptripcount' 'speclooptripcount_ln0' <Predicate = true> <Delay = 0.00>
ST_2 : Operation 17 [1/1] (1.87ns)   --->   "%i_4 = add i7 %i_3, i7 1" [src/headers/fxp_sqrt.h:85]   --->   Operation 17 'add' 'i_4' <Predicate = true> <Delay = 1.87> <CoreInst = "Adder">   --->   Core 1 'Adder' <Latency = 0> <II = 1> <Delay = 1.87> <FuncUnit> <Opcode : 'add' 'sub'> <InPorts = 2> <OutPorts = 1>
ST_2 : Operation 18 [1/1] (0.00ns)   --->   "%br_ln85 = br i1 %icmp_ln85, void %_ZlSILi162ELb0EER11ap_int_baseIXT_EXT0_EES2_i.exit.i.split_ifconv, void %_Z8fxp_sqrtILi81ELi21ELi162ELi42EEvR9ap_ufixedIXT_EXT0_EL9ap_q_mode5EL9ap_o_mode3ELi0EERS0_IXT1_EXT2_ELS1_5ELS2_3ELi0EE.exit.exitStub" [src/headers/fxp_sqrt.h:85]   --->   Operation 18 'br' 'br_ln85' <Predicate = true> <Delay = 0.00>
ST_2 : Operation 19 [1/1] (0.00ns)   --->   "%p_Repl2_load_2 = load i81 %p_Repl2_s"   --->   Operation 19 'load' 'p_Repl2_load_2' <Predicate = (!icmp_ln85)> <Delay = 0.00>
ST_2 : Operation 20 [1/1] (0.00ns)   --->   "%p_Val2_load = load i162 %p_Val2_s"   --->   Operation 20 'load' 'p_Val2_load' <Predicate = (!icmp_ln85)> <Delay = 0.00>
ST_2 : Operation 21 [1/1] (0.00ns)   --->   "%A_V_load = load i160 %A_V"   --->   Operation 21 'load' 'A_V_load' <Predicate = (!icmp_ln85)> <Delay = 0.00>
ST_2 : Operation 22 [1/1] (0.00ns)   --->   "%specpipeline_ln86 = specpipeline void @_ssdm_op_SpecPipeline, i32 4, i32 0, i32 0, i32 0, void @empty_15" [src/headers/fxp_sqrt.h:86]   --->   Operation 22 'specpipeline' 'specpipeline_ln86' <Predicate = (!icmp_ln85)> <Delay = 0.00>
ST_2 : Operation 23 [1/1] (0.00ns)   --->   "%specloopname_ln1016 = specloopname void @_ssdm_op_SpecLoopName, void @empty_11"   --->   Operation 23 'specloopname' 'specloopname_ln1016' <Predicate = (!icmp_ln85)> <Delay = 0.00>
ST_2 : Operation 24 [1/1] (0.00ns)   --->   "%tmp_s = partselect i2 @_ssdm_op_PartSelect.i2.i162.i32.i32, i162 %p_Val2_load, i32 160, i32 161"   --->   Operation 24 'partselect' 'tmp_s' <Predicate = (!icmp_ln85)> <Delay = 0.00>
ST_2 : Operation 25 [1/1] (0.00ns)   --->   "%p_Result_5 = bitconcatenate i162 @_ssdm_op_BitConcatenate.i162.i160.i2, i160 %A_V_load, i2 %tmp_s"   --->   Operation 25 'bitconcatenate' 'p_Result_5' <Predicate = (!icmp_ln85)> <Delay = 0.00>
ST_2 : Operation 26 [1/1] (0.00ns)   --->   "%X_V = shl i162 %p_Val2_load, i162 2"   --->   Operation 26 'shl' 'X_V' <Predicate = (!icmp_ln85)> <Delay = 0.00>
ST_2 : Operation 27 [1/1] (0.00ns)   --->   "%trunc_ln312 = trunc i81 %p_Repl2_load_2"   --->   Operation 27 'trunc' 'trunc_ln312' <Predicate = (!icmp_ln85)> <Delay = 0.00>
ST_2 : Operation 28 [1/1] (0.00ns)   --->   "%i_op_assign = bitconcatenate i64 @_ssdm_op_BitConcatenate.i64.i62.i2, i62 %trunc_ln312, i2 1"   --->   Operation 28 'bitconcatenate' 'i_op_assign' <Predicate = (!icmp_ln85)> <Delay = 0.00>
ST_2 : Operation 29 [1/1] (0.00ns)   --->   "%zext_ln75 = zext i64 %i_op_assign"   --->   Operation 29 'zext' 'zext_ln75' <Predicate = (!icmp_ln85)> <Delay = 0.00>
ST_2 : Operation 30 [1/1] (6.34ns)   --->   "%T_V = sub i162 %p_Result_5, i162 %zext_ln75"   --->   Operation 30 'sub' 'T_V' <Predicate = (!icmp_ln85)> <Delay = 6.34> <CoreInst = "Adder">   --->   Core 1 'Adder' <Latency = 0> <II = 1> <Delay = 6.34> <FuncUnit> <Opcode : 'add' 'sub'> <InPorts = 2> <OutPorts = 1>
ST_2 : Operation 31 [1/1] (0.00ns) (grouped into LUT with out node Q_V_3)   --->   "%trunc_ln1027 = trunc i81 %p_Repl2_load_2"   --->   Operation 31 'trunc' 'trunc_ln1027' <Predicate = (!icmp_ln85)> <Delay = 0.00>
ST_2 : Operation 32 [1/1] (0.00ns) (grouped into LUT with out node Q_V_3)   --->   "%Q_V_4 = shl i81 %p_Repl2_load_2, i81 1"   --->   Operation 32 'shl' 'Q_V_4' <Predicate = (!icmp_ln85)> <Delay = 0.00>
ST_2 : Operation 33 [1/1] (0.00ns)   --->   "%p_Result_s = bitselect i1 @_ssdm_op_BitSelect.i1.i162.i32, i162 %T_V, i32 161"   --->   Operation 33 'bitselect' 'p_Result_s' <Predicate = (!icmp_ln85)> <Delay = 0.00>
ST_2 : Operation 34 [1/1] (0.00ns) (grouped into LUT with out node Q_V_3)   --->   "%p_Result_6 = bitconcatenate i81 @_ssdm_op_BitConcatenate.i81.i80.i1, i80 %trunc_ln1027, i1 1"   --->   Operation 34 'bitconcatenate' 'p_Result_6' <Predicate = (!icmp_ln85)> <Delay = 0.00>
ST_2 : Operation 35 [1/1] (1.04ns) (out node of the LUT)   --->   "%Q_V_3 = select i1 %p_Result_s, i81 %Q_V_4, i81 %p_Result_6"   --->   Operation 35 'select' 'Q_V_3' <Predicate = (!icmp_ln85)> <Delay = 1.04> <CoreInst = "Sel">   --->   Core 73 'Sel' <Latency = 0> <II = 1> <Delay = 1.04> <FuncUnit> <Opcode : 'select'> <InPorts = 3> <OutPorts = 1>
ST_2 : Operation 36 [1/1] (0.00ns)   --->   "%trunc_ln642 = trunc i160 %A_V_load"   --->   Operation 36 'trunc' 'trunc_ln642' <Predicate = (!icmp_ln85)> <Delay = 0.00>
ST_2 : Operation 37 [1/1] (0.00ns)   --->   "%tmp_1 = bitconcatenate i160 @_ssdm_op_BitConcatenate.i160.i158.i2, i158 %trunc_ln642, i2 %tmp_s"   --->   Operation 37 'bitconcatenate' 'tmp_1' <Predicate = (!icmp_ln85)> <Delay = 0.00>
ST_2 : Operation 38 [1/1] (0.00ns)   --->   "%trunc_ln642_2 = trunc i162 %T_V"   --->   Operation 38 'trunc' 'trunc_ln642_2' <Predicate = (!icmp_ln85)> <Delay = 0.00>
ST_2 : Operation 39 [1/1] (1.28ns)   --->   "%A_V_6 = select i1 %p_Result_s, i160 %tmp_1, i160 %trunc_ln642_2"   --->   Operation 39 'select' 'A_V_6' <Predicate = (!icmp_ln85)> <Delay = 1.28> <CoreInst = "Sel">   --->   Core 73 'Sel' <Latency = 0> <II = 1> <Delay = 1.28> <FuncUnit> <Opcode : 'select'> <InPorts = 3> <OutPorts = 1>
ST_2 : Operation 40 [1/1] (1.58ns)   --->   "%store_ln85 = store i7 %i_4, i7 %i" [src/headers/fxp_sqrt.h:85]   --->   Operation 40 'store' 'store_ln85' <Predicate = (!icmp_ln85)> <Delay = 1.58>
ST_2 : Operation 41 [1/1] (1.58ns)   --->   "%store_ln85 = store i160 %A_V_6, i160 %A_V" [src/headers/fxp_sqrt.h:85]   --->   Operation 41 'store' 'store_ln85' <Predicate = (!icmp_ln85)> <Delay = 1.58>
ST_2 : Operation 42 [1/1] (1.58ns)   --->   "%store_ln85 = store i162 %X_V, i162 %p_Val2_s" [src/headers/fxp_sqrt.h:85]   --->   Operation 42 'store' 'store_ln85' <Predicate = (!icmp_ln85)> <Delay = 1.58>
ST_2 : Operation 43 [1/1] (1.58ns)   --->   "%store_ln85 = store i81 %Q_V_3, i81 %p_Repl2_s" [src/headers/fxp_sqrt.h:85]   --->   Operation 43 'store' 'store_ln85' <Predicate = (!icmp_ln85)> <Delay = 1.58>
ST_2 : Operation 44 [1/1] (0.00ns)   --->   "%br_ln85 = br void %_ZlSILi162ELb0EER11ap_int_baseIXT_EXT0_EES2_i.exit.i" [src/headers/fxp_sqrt.h:85]   --->   Operation 44 'br' 'br_ln85' <Predicate = (!icmp_ln85)> <Delay = 0.00>
ST_2 : Operation 45 [1/1] (0.00ns)   --->   "%p_Repl2_load = load i81 %p_Repl2_s"   --->   Operation 45 'load' 'p_Repl2_load' <Predicate = (icmp_ln85)> <Delay = 0.00>
ST_2 : Operation 46 [1/1] (0.00ns)   --->   "%write_ln0 = write void @_ssdm_op_Write.ap_auto.i81P0A, i81 %Q_V_5_out, i81 %p_Repl2_load"   --->   Operation 46 'write' 'write_ln0' <Predicate = (icmp_ln85)> <Delay = 0.00>
ST_2 : Operation 47 [1/1] (0.00ns)   --->   "%ret_ln0 = ret"   --->   Operation 47 'ret' 'ret_ln0' <Predicate = (icmp_ln85)> <Delay = 0.00>


============================================================
+ Verbose Summary: Timing violations
============================================================
Target clock period: 50ns, clock uncertainty: 13.5ns.

 <State 1>: 1.59ns
The critical path consists of the following:
	'alloca' operation ('i') [6]  (0 ns)
	'store' operation ('store_ln0') of constant 0 on local variable 'i' [8]  (1.59 ns)

 <State 2>: 9.22ns
The critical path consists of the following:
	'load' operation ('p_Repl2_load_2') on local variable '__Repl2__' [20]  (0 ns)
	'sub' operation ('T.V') [31]  (6.35 ns)
	'select' operation ('A.V') [40]  (1.28 ns)
	'store' operation ('store_ln85', src/headers/fxp_sqrt.h:85) of variable 'A.V' on local variable 'A.V' [42]  (1.59 ns)


============================================================
+ Verbose Summary: Binding
============================================================
N/A
* FSMD analyzer results:
  - Output states:
 - Input state : 
  - Chain level:
	State 1
	State 2


============================================================
+ Verbose Summary: Datapath Resource usage 
============================================================
N/A
