

================================================================
== Vitis HLS Report for 'runge_kutta_45_Pipeline_VITIS_LOOP_182_3'
================================================================
* Date:           Tue Jun 13 00:34:31 2023

* Version:        2022.1 (Build 3526262 on Mon Apr 18 15:47:01 MDT 2022)
* Project:        rk45_vitis
* Solution:       solution1 (Vivado IP Flow Target)
* Product family: zynq
* Target device:  xc7z020-clg400-1


================================================================
== Performance Estimates
================================================================
+ Timing: 
    * Summary: 
    +--------+----------+-----------+------------+
    |  Clock |  Target  | Estimated | Uncertainty|
    +--------+----------+-----------+------------+
    |ap_clk  |  50.00 ns|  36.500 ns|    13.50 ns|
    +--------+----------+-----------+------------+

+ Latency: 
    * Summary: 
    +---------+---------+----------+----------+------+------+---------+
    |  Latency (cycles) |  Latency (absolute) |   Interval  | Pipeline|
    |   min   |   max   |    min   |    max   |  min |  max |   Type  |
    +---------+---------+----------+----------+------+------+---------+
    |     2051|     2051|  0.103 ms|  0.103 ms|  2051|  2051|       no|
    +---------+---------+----------+----------+------+------+---------+

    + Detail: 
        * Instance: 
        N/A

        * Loop: 
        +--------------------+---------+---------+----------+-----------+-----------+------+----------+
        |                    |  Latency (cycles) | Iteration|  Initiation Interval  | Trip |          |
        |      Loop Name     |   min   |   max   |  Latency |  achieved |   target  | Count| Pipelined|
        +--------------------+---------+---------+----------+-----------+-----------+------+----------+
        |- VITIS_LOOP_182_3  |     2049|     2049|         3|          1|          1|  2048|       yes|
        +--------------------+---------+---------+----------+-----------+-----------+------+----------+

============================================================
+ Verbose Summary: Synthesis Manager
============================================================
InlineROM: 1
ExposeGlobal: 0
============================================================
+ Verbose Summary: CDFG Model
============================================================
IsTopModel: 0
ResetActiveHigh: 1
IsCombinational: 0
IsDatapathOnly: 0
HasWiredReturn: 1
HasMFsm: 2
HasVarLatency: 1
IsPipeline: 0
IsRtlPipelined: 0
IsInstanceOverlapped: 0
IsDontTouch: 0
HasImplIP: 0
IsGatedGlobalClock: 0

+ Individual pipeline summary: 
  * Pipeline-0: initiation interval (II) = 1, depth = 3


============================================================
+ Verbose Summary: Schedule
============================================================
* Number of FSM states : 3
* Pipeline : 1
  Pipeline-0 : II = 1, D = 3, States = { 1 2 3 }
* Dataflow Pipeline: 0

* FSM state transitions: 
1 --> 2 
2 --> 3 
3 --> 

* FSM state operations: 

State 1 <SV = 0> <Delay = 3.57>
ST_1 : Operation 6 [1/1] (0.00ns)   --->   "%phi_ln183 = alloca i32 1"   --->   Operation 6 'alloca' 'phi_ln183' <Predicate = true> <Delay = 0.00>
ST_1 : Operation 7 [1/1] (0.00ns)   --->   "%i = alloca i32 1"   --->   Operation 7 'alloca' 'i' <Predicate = true> <Delay = 0.00>
ST_1 : Operation 8 [1/1] (0.00ns)   --->   "%sext_ln182_read = read i58 @_ssdm_op_Read.ap_auto.i58, i58 %sext_ln182"   --->   Operation 8 'read' 'sext_ln182_read' <Predicate = true> <Delay = 0.00>
ST_1 : Operation 9 [1/1] (0.00ns)   --->   "%sext_ln182_cast = sext i58 %sext_ln182_read"   --->   Operation 9 'sext' 'sext_ln182_cast' <Predicate = true> <Delay = 0.00>
ST_1 : Operation 10 [1/1] (0.00ns)   --->   "%specinterface_ln0 = specinterface void @_ssdm_op_SpecInterface, i512 %T_BUS, void @empty_36, i32 0, i32 0, void @empty_14, i32 0, i32 2048, void @empty_0, void @empty, void @empty_14, i32 16, i32 16, i32 16, i32 16, void @empty_14, void @empty_14, i32 4294967295, i32 0"   --->   Operation 10 'specinterface' 'specinterface_ln0' <Predicate = true> <Delay = 0.00>
ST_1 : Operation 11 [1/1] (1.58ns)   --->   "%store_ln0 = store i12 0, i12 %i"   --->   Operation 11 'store' 'store_ln0' <Predicate = true> <Delay = 1.58>
ST_1 : Operation 12 [1/1] (1.58ns)   --->   "%store_ln0 = store i448 0, i448 %phi_ln183"   --->   Operation 12 'store' 'store_ln0' <Predicate = true> <Delay = 1.58>
ST_1 : Operation 13 [1/1] (0.00ns)   --->   "%br_ln0 = br void %for.body140"   --->   Operation 13 'br' 'br_ln0' <Predicate = true> <Delay = 0.00>
ST_1 : Operation 14 [1/1] (0.00ns)   --->   "%i_7 = load i12 %i"   --->   Operation 14 'load' 'i_7' <Predicate = true> <Delay = 0.00>
ST_1 : Operation 15 [1/1] (1.99ns)   --->   "%icmp_ln182 = icmp_eq  i12 %i_7, i12 2048" [src/runge_kutta_45.cpp:182]   --->   Operation 15 'icmp' 'icmp_ln182' <Predicate = true> <Delay = 1.99> <CoreInst = "Cmp">   --->   Core 9 'Cmp' <Latency = 0> <II = 1> <Delay = 1.99> <FuncUnit> <Opcode : 'icmp'> <InPorts = 2> <OutPorts = 1>
ST_1 : Operation 16 [1/1] (1.54ns)   --->   "%add_ln182 = add i12 %i_7, i12 1" [src/runge_kutta_45.cpp:182]   --->   Operation 16 'add' 'add_ln182' <Predicate = true> <Delay = 1.54> <CoreInst = "Adder">   --->   Core 1 'Adder' <Latency = 0> <II = 1> <Delay = 1.54> <FuncUnit> <Opcode : 'add' 'sub'> <InPorts = 2> <OutPorts = 1>
ST_1 : Operation 17 [1/1] (0.00ns)   --->   "%br_ln182 = br i1 %icmp_ln182, void %for.body140.split_ifconv, void %for.end149.exitStub" [src/runge_kutta_45.cpp:182]   --->   Operation 17 'br' 'br_ln182' <Predicate = true> <Delay = 0.00>
ST_1 : Operation 18 [1/1] (0.00ns)   --->   "%i_8_cast87 = zext i12 %i_7"   --->   Operation 18 'zext' 'i_8_cast87' <Predicate = (!icmp_ln182)> <Delay = 0.00>
ST_1 : Operation 19 [1/1] (0.00ns)   --->   "%empty = trunc i12 %i_7"   --->   Operation 19 'trunc' 'empty' <Predicate = (!icmp_ln182)> <Delay = 0.00>
ST_1 : Operation 20 [1/1] (0.00ns)   --->   "%tt_loc_V_addr = getelementptr i100 %tt_loc_V, i64 0, i64 %i_8_cast87"   --->   Operation 20 'getelementptr' 'tt_loc_V_addr' <Predicate = (!icmp_ln182)> <Delay = 0.00>
ST_1 : Operation 21 [2/2] (3.25ns)   --->   "%p_Val2_s = load i11 %tt_loc_V_addr"   --->   Operation 21 'load' 'p_Val2_s' <Predicate = (!icmp_ln182)> <Delay = 3.25> <CoreInst = "RAM">   --->   Core 82 'RAM' <Latency = 1> <II = 1> <Delay = 3.25> <Storage> <Opcode : 'load' 'store'> <Ports = 2> <Width = 100> <Depth = 2048> <RAM>
ST_1 : Operation 22 [1/1] (1.13ns)   --->   "%icmp_ln183 = icmp_eq  i3 %empty, i3 7" [src/runge_kutta_45.cpp:183]   --->   Operation 22 'icmp' 'icmp_ln183' <Predicate = (!icmp_ln182)> <Delay = 1.13> <CoreInst = "Cmp">   --->   Core 9 'Cmp' <Latency = 0> <II = 1> <Delay = 1.13> <FuncUnit> <Opcode : 'icmp'> <InPorts = 2> <OutPorts = 1>
ST_1 : Operation 23 [1/1] (0.00ns)   --->   "%br_ln183 = br i1 %icmp_ln183, void %for.inc147._crit_edge, void" [src/runge_kutta_45.cpp:183]   --->   Operation 23 'br' 'br_ln183' <Predicate = (!icmp_ln182)> <Delay = 0.00>
ST_1 : Operation 24 [1/1] (1.58ns)   --->   "%store_ln182 = store i12 %add_ln182, i12 %i" [src/runge_kutta_45.cpp:182]   --->   Operation 24 'store' 'store_ln182' <Predicate = (!icmp_ln182)> <Delay = 1.58>

State 2 <SV = 1> <Delay = 31.7>
ST_2 : Operation 25 [1/1] (0.00ns)   --->   "%specbitsmap_ln0 = specbitsmap void @_ssdm_op_SpecBitsMap, i512 %T_BUS"   --->   Operation 25 'specbitsmap' 'specbitsmap_ln0' <Predicate = true> <Delay = 0.00>
ST_2 : Operation 26 [1/1] (0.00ns)   --->   "%T_BUS_addr = getelementptr i512 %T_BUS, i64 %sext_ln182_cast" [src/runge_kutta_45.cpp:182]   --->   Operation 26 'getelementptr' 'T_BUS_addr' <Predicate = true> <Delay = 0.00>
ST_2 : Operation 27 [1/1] (0.00ns)   --->   "%specpipeline_ln0 = specpipeline void @_ssdm_op_SpecPipeline, i32 4294967295, i32 0, i32 1, i32 0, void @p_str"   --->   Operation 27 'specpipeline' 'specpipeline_ln0' <Predicate = true> <Delay = 0.00>
ST_2 : Operation 28 [1/1] (0.00ns)   --->   "%speclooptripcount_ln0 = speclooptripcount void @_ssdm_op_SpecLoopTripCount, i64 2048, i64 2048, i64 2048"   --->   Operation 28 'speclooptripcount' 'speclooptripcount_ln0' <Predicate = true> <Delay = 0.00>
ST_2 : Operation 29 [1/2] (3.25ns)   --->   "%p_Val2_s = load i11 %tt_loc_V_addr"   --->   Operation 29 'load' 'p_Val2_s' <Predicate = (!icmp_ln182)> <Delay = 3.25> <CoreInst = "RAM">   --->   Core 82 'RAM' <Latency = 1> <II = 1> <Delay = 3.25> <Storage> <Opcode : 'load' 'store'> <Ports = 2> <Width = 100> <Depth = 2048> <RAM>
ST_2 : Operation 30 [1/1] (3.17ns)   --->   "%icmp_ln1086 = icmp_eq  i100 %p_Val2_s, i100 0"   --->   Operation 30 'icmp' 'icmp_ln1086' <Predicate = (!icmp_ln182)> <Delay = 3.17> <CoreInst = "Cmp">   --->   Core 9 'Cmp' <Latency = 0> <II = 1> <Delay = 3.17> <FuncUnit> <Opcode : 'icmp'> <InPorts = 2> <OutPorts = 1>
ST_2 : Operation 31 [1/1] (0.00ns)   --->   "%p_Result_22 = bitselect i1 @_ssdm_op_BitSelect.i1.i100.i32, i100 %p_Val2_s, i32 99"   --->   Operation 31 'bitselect' 'p_Result_22' <Predicate = (!icmp_ln182)> <Delay = 0.00>
ST_2 : Operation 32 [1/1] (4.55ns)   --->   "%tmp_V = sub i100 0, i100 %p_Val2_s"   --->   Operation 32 'sub' 'tmp_V' <Predicate = (!icmp_ln182)> <Delay = 4.55> <CoreInst = "Adder">   --->   Core 1 'Adder' <Latency = 0> <II = 1> <Delay = 4.55> <FuncUnit> <Opcode : 'add' 'sub'> <InPorts = 2> <OutPorts = 1>
ST_2 : Operation 33 [1/1] (1.16ns)   --->   "%tmp_V_6 = select i1 %p_Result_22, i100 %tmp_V, i100 %p_Val2_s"   --->   Operation 33 'select' 'tmp_V_6' <Predicate = (!icmp_ln182)> <Delay = 1.16> <CoreInst = "Sel">   --->   Core 73 'Sel' <Latency = 0> <II = 1> <Delay = 1.16> <FuncUnit> <Opcode : 'select'> <InPorts = 3> <OutPorts = 1>
ST_2 : Operation 34 [1/1] (0.00ns)   --->   "%t = partselect i64 @_ssdm_op_PartSelect.i64.i100.i32.i32, i100 %tmp_V_6, i32 36, i32 99"   --->   Operation 34 'partselect' 't' <Predicate = (!icmp_ln182)> <Delay = 0.00>
ST_2 : Operation 35 [1/1] (0.00ns)   --->   "%tmp_8 = ctlz i64 @llvm.ctlz.i64, i64 %t, i1 1"   --->   Operation 35 'ctlz' 'tmp_8' <Predicate = (!icmp_ln182)> <Delay = 0.00>
ST_2 : Operation 36 [1/1] (0.00ns)   --->   "%NZeros = trunc i64 %tmp_8"   --->   Operation 36 'trunc' 'NZeros' <Predicate = (!icmp_ln182)> <Delay = 0.00>
ST_2 : Operation 37 [1/1] (2.77ns)   --->   "%hitNonZero = icmp_eq  i64 %t, i64 0"   --->   Operation 37 'icmp' 'hitNonZero' <Predicate = (!icmp_ln182)> <Delay = 2.77> <CoreInst = "Cmp">   --->   Core 9 'Cmp' <Latency = 0> <II = 1> <Delay = 2.77> <FuncUnit> <Opcode : 'icmp'> <InPorts = 2> <OutPorts = 1>
ST_2 : Operation 38 [1/1] (0.00ns)   --->   "%trunc_ln1267 = trunc i100 %tmp_V_6"   --->   Operation 38 'trunc' 'trunc_ln1267' <Predicate = (!icmp_ln182)> <Delay = 0.00>
ST_2 : Operation 39 [1/1] (0.00ns)   --->   "%p_Result_23 = bitconcatenate i64 @_ssdm_op_BitConcatenate.i64.i36.i28, i36 %trunc_ln1267, i28 268435455"   --->   Operation 39 'bitconcatenate' 'p_Result_23' <Predicate = (!icmp_ln182)> <Delay = 0.00>
ST_2 : Operation 40 [1/1] (0.00ns)   --->   "%tmp_s = ctlz i64 @llvm.ctlz.i64, i64 %p_Result_23, i1 1"   --->   Operation 40 'ctlz' 'tmp_s' <Predicate = (!icmp_ln182)> <Delay = 0.00>
ST_2 : Operation 41 [1/1] (0.00ns)   --->   "%trunc_ln1269 = trunc i64 %tmp_s"   --->   Operation 41 'trunc' 'trunc_ln1269' <Predicate = (!icmp_ln182)> <Delay = 0.00>
ST_2 : Operation 42 [1/1] (2.55ns)   --->   "%NZeros_7 = add i32 %trunc_ln1269, i32 %NZeros"   --->   Operation 42 'add' 'NZeros_7' <Predicate = (!icmp_ln182)> <Delay = 2.55> <CoreInst = "Adder">   --->   Core 1 'Adder' <Latency = 0> <II = 1> <Delay = 2.55> <FuncUnit> <Opcode : 'add' 'sub'> <InPorts = 2> <OutPorts = 1>
ST_2 : Operation 43 [1/1] (0.69ns)   --->   "%NZeros_9 = select i1 %hitNonZero, i32 %NZeros_7, i32 %NZeros"   --->   Operation 43 'select' 'NZeros_9' <Predicate = (!icmp_ln182)> <Delay = 0.69> <CoreInst = "Sel">   --->   Core 73 'Sel' <Latency = 0> <II = 1> <Delay = 0.69> <FuncUnit> <Opcode : 'select'> <InPorts = 3> <OutPorts = 1>
ST_2 : Operation 44 [1/1] (2.55ns)   --->   "%sub_ln1095 = sub i32 100, i32 %NZeros_9"   --->   Operation 44 'sub' 'sub_ln1095' <Predicate = (!icmp_ln182)> <Delay = 2.55> <CoreInst = "Adder">   --->   Core 1 'Adder' <Latency = 0> <II = 1> <Delay = 2.55> <FuncUnit> <Opcode : 'add' 'sub'> <InPorts = 2> <OutPorts = 1>
ST_2 : Operation 45 [1/1] (2.55ns)   --->   "%lsb_index = add i32 %sub_ln1095, i32 4294967243"   --->   Operation 45 'add' 'lsb_index' <Predicate = (!icmp_ln182)> <Delay = 2.55> <CoreInst = "Adder">   --->   Core 1 'Adder' <Latency = 0> <II = 1> <Delay = 2.55> <FuncUnit> <Opcode : 'add' 'sub'> <InPorts = 2> <OutPorts = 1>
ST_2 : Operation 46 [1/1] (0.00ns)   --->   "%tmp = partselect i31 @_ssdm_op_PartSelect.i31.i32.i32.i32, i32 %lsb_index, i32 1, i32 31"   --->   Operation 46 'partselect' 'tmp' <Predicate = (!icmp_ln182)> <Delay = 0.00>
ST_2 : Operation 47 [1/1] (2.47ns)   --->   "%icmp_ln1097 = icmp_sgt  i31 %tmp, i31 0"   --->   Operation 47 'icmp' 'icmp_ln1097' <Predicate = (!icmp_ln182)> <Delay = 2.47> <CoreInst = "Cmp">   --->   Core 9 'Cmp' <Latency = 0> <II = 1> <Delay = 2.47> <FuncUnit> <Opcode : 'icmp'> <InPorts = 2> <OutPorts = 1>
ST_2 : Operation 48 [1/1] (0.00ns)   --->   "%trunc_ln1098 = trunc i32 %sub_ln1095"   --->   Operation 48 'trunc' 'trunc_ln1098' <Predicate = (!icmp_ln182)> <Delay = 0.00>
ST_2 : Operation 49 [1/1] (1.87ns)   --->   "%sub_ln1098 = sub i7 26, i7 %trunc_ln1098"   --->   Operation 49 'sub' 'sub_ln1098' <Predicate = (!icmp_ln182)> <Delay = 1.87> <CoreInst = "Adder">   --->   Core 1 'Adder' <Latency = 0> <II = 1> <Delay = 1.87> <FuncUnit> <Opcode : 'add' 'sub'> <InPorts = 2> <OutPorts = 1>
ST_2 : Operation 50 [1/1] (0.00ns) (grouped into LUT with out node icmp_ln1098)   --->   "%zext_ln1098 = zext i7 %sub_ln1098"   --->   Operation 50 'zext' 'zext_ln1098' <Predicate = (!icmp_ln182)> <Delay = 0.00>
ST_2 : Operation 51 [1/1] (0.00ns) (grouped into LUT with out node icmp_ln1098)   --->   "%lshr_ln1098 = lshr i100 1267650600228229401496703205375, i100 %zext_ln1098"   --->   Operation 51 'lshr' 'lshr_ln1098' <Predicate = (!icmp_ln182)> <Delay = 0.00> <CoreInst = "Shifter">   --->   Core 75 'Shifter' <Latency = 0> <II = 1> <Delay = 3.04> <FuncUnit> <Opcode : 'shl' 'lshr' 'ashr'> <InPorts = 2> <OutPorts = 1>
ST_2 : Operation 52 [1/1] (0.00ns) (grouped into LUT with out node icmp_ln1098)   --->   "%p_Result_s = and i100 %tmp_V_6, i100 %lshr_ln1098"   --->   Operation 52 'and' 'p_Result_s' <Predicate = (!icmp_ln182)> <Delay = 0.00> <CoreInst = "LogicGate">   --->   Core 74 'LogicGate' <Latency = 0> <II = 1> <Delay = 1.03> <FuncUnit> <Opcode : 'and' 'or' 'xor'> <InPorts = 2> <OutPorts = 1>
ST_2 : Operation 53 [1/1] (3.17ns) (out node of the LUT)   --->   "%icmp_ln1098 = icmp_ne  i100 %p_Result_s, i100 0"   --->   Operation 53 'icmp' 'icmp_ln1098' <Predicate = (!icmp_ln182)> <Delay = 3.17> <CoreInst = "Cmp">   --->   Core 9 'Cmp' <Latency = 0> <II = 1> <Delay = 3.17> <FuncUnit> <Opcode : 'icmp'> <InPorts = 2> <OutPorts = 1>
ST_2 : Operation 54 [1/1] (0.00ns) (grouped into LUT with out node or_ln1100_3)   --->   "%a = and i1 %icmp_ln1097, i1 %icmp_ln1098"   --->   Operation 54 'and' 'a' <Predicate = (!icmp_ln182)> <Delay = 0.00> <CoreInst = "LogicGate">   --->   Core 74 'LogicGate' <Latency = 0> <II = 1> <Delay = 0.97> <FuncUnit> <Opcode : 'and' 'or' 'xor'> <InPorts = 2> <OutPorts = 1>
ST_2 : Operation 55 [1/1] (0.00ns) (grouped into LUT with out node or_ln1100_3)   --->   "%tmp_5 = bitselect i1 @_ssdm_op_BitSelect.i1.i32.i32, i32 %lsb_index, i32 31"   --->   Operation 55 'bitselect' 'tmp_5' <Predicate = (!icmp_ln182)> <Delay = 0.00>
ST_2 : Operation 56 [1/1] (0.00ns) (grouped into LUT with out node or_ln1100_3)   --->   "%xor_ln1100 = xor i1 %tmp_5, i1 1"   --->   Operation 56 'xor' 'xor_ln1100' <Predicate = (!icmp_ln182)> <Delay = 0.00> <CoreInst = "LogicGate">   --->   Core 74 'LogicGate' <Latency = 0> <II = 1> <Delay = 0.97> <FuncUnit> <Opcode : 'and' 'or' 'xor'> <InPorts = 2> <OutPorts = 1>
ST_2 : Operation 57 [1/1] (0.00ns) (grouped into LUT with out node or_ln1100_3)   --->   "%p_Result_19 = bitselect i1 @_ssdm_op_BitSelect.i1.i100.i32, i100 %tmp_V_6, i32 %lsb_index"   --->   Operation 57 'bitselect' 'p_Result_19' <Predicate = (!icmp_ln182)> <Delay = 0.00>
ST_2 : Operation 58 [1/1] (0.00ns) (grouped into LUT with out node or_ln1100_3)   --->   "%and_ln1100 = and i1 %p_Result_19, i1 %xor_ln1100"   --->   Operation 58 'and' 'and_ln1100' <Predicate = (!icmp_ln182)> <Delay = 0.00> <CoreInst = "LogicGate">   --->   Core 74 'LogicGate' <Latency = 0> <II = 1> <Delay = 0.97> <FuncUnit> <Opcode : 'and' 'or' 'xor'> <InPorts = 2> <OutPorts = 1>
ST_2 : Operation 59 [1/1] (0.00ns) (grouped into LUT with out node or_ln1100_3)   --->   "%or_ln1100 = or i1 %and_ln1100, i1 %a"   --->   Operation 59 'or' 'or_ln1100' <Predicate = (!icmp_ln182)> <Delay = 0.00> <CoreInst = "LogicGate">   --->   Core 74 'LogicGate' <Latency = 0> <II = 1> <Delay = 0.97> <FuncUnit> <Opcode : 'and' 'or' 'xor'> <InPorts = 2> <OutPorts = 1>
ST_2 : Operation 60 [1/1] (0.97ns) (out node of the LUT)   --->   "%or_ln1100_3 = bitconcatenate i2 @_ssdm_op_BitConcatenate.i2.i1.i1, i1 0, i1 %or_ln1100"   --->   Operation 60 'bitconcatenate' 'or_ln1100_3' <Predicate = (!icmp_ln182)> <Delay = 0.97>
ST_2 : Operation 61 [1/1] (2.47ns)   --->   "%icmp_ln1105 = icmp_sgt  i32 %lsb_index, i32 0"   --->   Operation 61 'icmp' 'icmp_ln1105' <Predicate = (!icmp_ln182)> <Delay = 2.47> <CoreInst = "Cmp">   --->   Core 9 'Cmp' <Latency = 0> <II = 1> <Delay = 2.47> <FuncUnit> <Opcode : 'icmp'> <InPorts = 2> <OutPorts = 1>
ST_2 : Operation 62 [1/1] (2.55ns)   --->   "%add_ln1105 = add i32 %sub_ln1095, i32 4294967242"   --->   Operation 62 'add' 'add_ln1105' <Predicate = (!icmp_ln182)> <Delay = 2.55> <CoreInst = "Adder">   --->   Core 1 'Adder' <Latency = 0> <II = 1> <Delay = 2.55> <FuncUnit> <Opcode : 'add' 'sub'> <InPorts = 2> <OutPorts = 1>
ST_2 : Operation 63 [1/1] (0.00ns) (grouped into LUT with out node m_9)   --->   "%zext_ln1105 = zext i32 %add_ln1105"   --->   Operation 63 'zext' 'zext_ln1105' <Predicate = (!icmp_ln182)> <Delay = 0.00>
ST_2 : Operation 64 [1/1] (0.00ns) (grouped into LUT with out node m_9)   --->   "%lshr_ln1105 = lshr i100 %tmp_V_6, i100 %zext_ln1105"   --->   Operation 64 'lshr' 'lshr_ln1105' <Predicate = (!icmp_ln182)> <Delay = 0.00> <CoreInst = "Shifter">   --->   Core 75 'Shifter' <Latency = 0> <II = 1> <Delay = 4.77> <FuncUnit> <Opcode : 'shl' 'lshr' 'ashr'> <InPorts = 2> <OutPorts = 1>
ST_2 : Operation 65 [1/1] (2.55ns)   --->   "%sub_ln1106 = sub i32 54, i32 %sub_ln1095"   --->   Operation 65 'sub' 'sub_ln1106' <Predicate = (!icmp_ln182)> <Delay = 2.55> <CoreInst = "Adder">   --->   Core 1 'Adder' <Latency = 0> <II = 1> <Delay = 2.55> <FuncUnit> <Opcode : 'add' 'sub'> <InPorts = 2> <OutPorts = 1>
ST_2 : Operation 66 [1/1] (0.00ns) (grouped into LUT with out node m_9)   --->   "%zext_ln1106 = zext i32 %sub_ln1106"   --->   Operation 66 'zext' 'zext_ln1106' <Predicate = (!icmp_ln182)> <Delay = 0.00>
ST_2 : Operation 67 [1/1] (0.00ns) (grouped into LUT with out node m_9)   --->   "%shl_ln1106 = shl i100 %tmp_V_6, i100 %zext_ln1106"   --->   Operation 67 'shl' 'shl_ln1106' <Predicate = (!icmp_ln182)> <Delay = 0.00> <CoreInst = "Shifter">   --->   Core 75 'Shifter' <Latency = 0> <II = 1> <Delay = 4.77> <FuncUnit> <Opcode : 'shl' 'lshr' 'ashr'> <InPorts = 2> <OutPorts = 1>
ST_2 : Operation 68 [1/1] (0.00ns) (grouped into LUT with out node m_9)   --->   "%trunc_ln1106 = trunc i100 %lshr_ln1105"   --->   Operation 68 'trunc' 'trunc_ln1106' <Predicate = (!icmp_ln182)> <Delay = 0.00>
ST_2 : Operation 69 [1/1] (0.00ns) (grouped into LUT with out node m_9)   --->   "%trunc_ln1106_3 = trunc i100 %shl_ln1106"   --->   Operation 69 'trunc' 'trunc_ln1106_3' <Predicate = (!icmp_ln182)> <Delay = 0.00>
ST_2 : Operation 70 [1/1] (0.00ns) (grouped into LUT with out node m_9)   --->   "%m = select i1 %icmp_ln1105, i64 %trunc_ln1106, i64 %trunc_ln1106_3"   --->   Operation 70 'select' 'm' <Predicate = (!icmp_ln182)> <Delay = 0.00> <CoreInst = "Sel">   --->   Core 73 'Sel' <Latency = 0> <II = 1> <Delay = 1.48> <FuncUnit> <Opcode : 'select'> <InPorts = 3> <OutPorts = 1>
ST_2 : Operation 71 [1/1] (0.00ns) (grouped into LUT with out node m_9)   --->   "%zext_ln1112 = zext i2 %or_ln1100_3"   --->   Operation 71 'zext' 'zext_ln1112' <Predicate = (!icmp_ln182)> <Delay = 0.00>
ST_2 : Operation 72 [1/1] (4.77ns) (out node of the LUT)   --->   "%m_9 = add i64 %m, i64 %zext_ln1112"   --->   Operation 72 'add' 'm_9' <Predicate = (!icmp_ln182)> <Delay = 4.77> <CoreInst = "Adder">   --->   Core 1 'Adder' <Latency = 0> <II = 1> <Delay = 3.52> <FuncUnit> <Opcode : 'add' 'sub'> <InPorts = 2> <OutPorts = 1>
ST_2 : Operation 73 [1/1] (0.00ns)   --->   "%m_12 = partselect i63 @_ssdm_op_PartSelect.i63.i64.i32.i32, i64 %m_9, i32 1, i32 63"   --->   Operation 73 'partselect' 'm_12' <Predicate = (!icmp_ln182)> <Delay = 0.00>
ST_2 : Operation 74 [1/1] (0.00ns)   --->   "%zext_ln1113 = zext i63 %m_12"   --->   Operation 74 'zext' 'zext_ln1113' <Predicate = (!icmp_ln182)> <Delay = 0.00>
ST_2 : Operation 75 [1/1] (0.00ns)   --->   "%p_Result_20 = bitselect i1 @_ssdm_op_BitSelect.i1.i64.i32, i64 %m_9, i32 54"   --->   Operation 75 'bitselect' 'p_Result_20' <Predicate = (!icmp_ln182)> <Delay = 0.00>
ST_2 : Operation 76 [1/1] (0.69ns)   --->   "%select_ln1094 = select i1 %p_Result_20, i11 1023, i11 1022"   --->   Operation 76 'select' 'select_ln1094' <Predicate = (!icmp_ln182)> <Delay = 0.69> <CoreInst = "Sel">   --->   Core 73 'Sel' <Latency = 0> <II = 1> <Delay = 0.69> <FuncUnit> <Opcode : 'select'> <InPorts = 3> <OutPorts = 1>
ST_2 : Operation 77 [1/1] (0.00ns)   --->   "%trunc_ln1094 = trunc i32 %NZeros_9"   --->   Operation 77 'trunc' 'trunc_ln1094' <Predicate = (!icmp_ln182)> <Delay = 0.00>
ST_2 : Operation 78 [1/1] (0.00ns) (grouped into TernaryAdder)   --->   "%sub_ln1116 = sub i11 40, i11 %trunc_ln1094"   --->   Operation 78 'sub' 'sub_ln1116' <Predicate = (!icmp_ln182)> <Delay = 0.00> <CoreInst = "TAddSub">   --->   Core 10 'TAddSub' <Latency = 0> <II = 1> <Delay = 1.87> <IPBlock> <Opcode : 'add' 'sub'> <InPorts = 3> <OutPorts = 1> <Sync> <CReg>
ST_2 : Operation 79 [1/1] (3.75ns) (root node of TernaryAdder)   --->   "%add_ln1122 = add i11 %sub_ln1116, i11 %select_ln1094"   --->   Operation 79 'add' 'add_ln1122' <Predicate = (!icmp_ln182)> <Delay = 3.75> <CoreInst = "TAddSub">   --->   Core 10 'TAddSub' <Latency = 0> <II = 1> <Delay = 1.87> <IPBlock> <Opcode : 'add' 'sub'> <InPorts = 3> <OutPorts = 1> <Sync> <CReg>
ST_2 : Operation 80 [1/1] (0.00ns)   --->   "%tmp_7 = bitconcatenate i12 @_ssdm_op_BitConcatenate.i12.i1.i11, i1 %p_Result_22, i11 %add_ln1122"   --->   Operation 80 'bitconcatenate' 'tmp_7' <Predicate = (!icmp_ln182)> <Delay = 0.00>
ST_2 : Operation 81 [1/1] (0.00ns)   --->   "%p_Result_24 = partset i64 @_ssdm_op_PartSet.i64.i64.i12.i32.i32, i64 %zext_ln1113, i12 %tmp_7, i32 52, i32 63"   --->   Operation 81 'partset' 'p_Result_24' <Predicate = (!icmp_ln182)> <Delay = 0.00>
ST_2 : Operation 82 [1/1] (1.48ns)   --->   "%select_ln1086 = select i1 %icmp_ln1086, i64 0, i64 %p_Result_24"   --->   Operation 82 'select' 'select_ln1086' <Predicate = (!icmp_ln182)> <Delay = 1.48> <CoreInst = "Sel">   --->   Core 73 'Sel' <Latency = 0> <II = 1> <Delay = 1.48> <FuncUnit> <Opcode : 'select'> <InPorts = 3> <OutPorts = 1>
ST_2 : Operation 94 [1/1] (0.00ns)   --->   "%ret_ln0 = ret"   --->   Operation 94 'ret' 'ret_ln0' <Predicate = (icmp_ln182)> <Delay = 0.00>

State 3 <SV = 2> <Delay = 36.5>
ST_3 : Operation 83 [1/1] (0.00ns)   --->   "%phi_ln183_load_1 = load i448 %phi_ln183" [src/runge_kutta_45.cpp:183]   --->   Operation 83 'load' 'phi_ln183_load_1' <Predicate = true> <Delay = 0.00>
ST_3 : Operation 84 [1/1] (0.00ns)   --->   "%specloopname_ln182 = specloopname void @_ssdm_op_SpecLoopName, void @empty_23" [src/runge_kutta_45.cpp:182]   --->   Operation 84 'specloopname' 'specloopname_ln182' <Predicate = true> <Delay = 0.00>
ST_3 : Operation 85 [1/1] (0.00ns)   --->   "%or_ln3 = bitconcatenate i512 @_ssdm_op_BitConcatenate.i512.i64.i448, i64 %select_ln1086, i448 %phi_ln183_load_1" [src/runge_kutta_45.cpp:183]   --->   Operation 85 'bitconcatenate' 'or_ln3' <Predicate = true> <Delay = 0.00>
ST_3 : Operation 86 [1/1] (36.5ns)   --->   "%write_ln183 = write void @_ssdm_op_Write.m_axi.p1i512, i512 %T_BUS_addr, i512 %or_ln3, i64 18446744073709551615" [src/runge_kutta_45.cpp:183]   --->   Operation 86 'write' 'write_ln183' <Predicate = (icmp_ln183)> <Delay = 36.5> <CoreInst = "m_axi">   --->   Core 113 'm_axi' <Latency = 0> <II = 1> <Delay = 1.00> <Adapter> <Opcode : 'read' 'write' 'readreq' 'writereq' 'writeresp'>
ST_3 : Operation 87 [1/1] (0.00ns)   --->   "%br_ln183 = br void %for.inc147._crit_edge" [src/runge_kutta_45.cpp:183]   --->   Operation 87 'br' 'br_ln183' <Predicate = (icmp_ln183)> <Delay = 0.00>
ST_3 : Operation 88 [1/1] (0.00ns)   --->   "%phi_ln183_load = load i448 %phi_ln183" [src/runge_kutta_45.cpp:182]   --->   Operation 88 'load' 'phi_ln183_load' <Predicate = (!icmp_ln183)> <Delay = 0.00>
ST_3 : Operation 89 [1/1] (0.00ns)   --->   "%tmp_9 = partselect i384 @_ssdm_op_PartSelect.i384.i448.i32.i32, i448 %phi_ln183_load, i32 64, i32 447" [src/runge_kutta_45.cpp:182]   --->   Operation 89 'partselect' 'tmp_9' <Predicate = (!icmp_ln183)> <Delay = 0.00>
ST_3 : Operation 90 [1/1] (0.00ns)   --->   "%tmp_10 = bitconcatenate i448 @_ssdm_op_BitConcatenate.i448.i64.i384, i64 %select_ln1086, i384 %tmp_9" [src/runge_kutta_45.cpp:182]   --->   Operation 90 'bitconcatenate' 'tmp_10' <Predicate = (!icmp_ln183)> <Delay = 0.00>
ST_3 : Operation 91 [1/1] (1.66ns)   --->   "%select_ln183 = select i1 %icmp_ln183, i448 0, i448 %tmp_10" [src/runge_kutta_45.cpp:183]   --->   Operation 91 'select' 'select_ln183' <Predicate = true> <Delay = 1.66> <CoreInst = "Sel">   --->   Core 73 'Sel' <Latency = 0> <II = 1> <Delay = 1.66> <FuncUnit> <Opcode : 'select'> <InPorts = 3> <OutPorts = 1>
ST_3 : Operation 92 [1/1] (1.58ns)   --->   "%store_ln182 = store i448 %select_ln183, i448 %phi_ln183" [src/runge_kutta_45.cpp:182]   --->   Operation 92 'store' 'store_ln182' <Predicate = true> <Delay = 1.58>
ST_3 : Operation 93 [1/1] (0.00ns)   --->   "%br_ln182 = br void %for.body140" [src/runge_kutta_45.cpp:182]   --->   Operation 93 'br' 'br_ln182' <Predicate = true> <Delay = 0.00>


============================================================
+ Verbose Summary: Timing violations
============================================================
Target clock period: 50ns, clock uncertainty: 13.5ns.

 <State 1>: 3.58ns
The critical path consists of the following:
	'alloca' operation ('i') [5]  (0 ns)
	'load' operation ('i') on local variable 'i' [13]  (0 ns)
	'getelementptr' operation ('tt_loc_V_addr') [26]  (0 ns)
	'load' operation ('__Val2__') on array 'tt_loc_V' [27]  (3.25 ns)
	blocking operation 0.324 ns on control path)

 <State 2>: 31.7ns
The critical path consists of the following:
	'load' operation ('__Val2__') on array 'tt_loc_V' [27]  (3.25 ns)
	'sub' operation ('tmp.V') [30]  (4.55 ns)
	'select' operation ('tmp.V') [31]  (1.17 ns)
	'icmp' operation ('hitNonZero') [35]  (2.78 ns)
	'select' operation ('NZeros') [41]  (0.698 ns)
	'sub' operation ('sub_ln1095') [42]  (2.55 ns)
	'sub' operation ('sub_ln1098') [47]  (1.87 ns)
	'lshr' operation ('lshr_ln1098') [49]  (0 ns)
	'and' operation ('__Result__') [50]  (0 ns)
	'icmp' operation ('icmp_ln1098') [51]  (3.17 ns)
	'and' operation ('a') [52]  (0 ns)
	'or' operation ('or_ln1100') [57]  (0 ns)
	'add' operation ('m') [70]  (4.77 ns)
	'select' operation ('select_ln1094') [74]  (0.692 ns)
	'add' operation ('add_ln1122') [77]  (3.76 ns)
	'select' operation ('select_ln1086') [80]  (1.48 ns)
	blocking operation 0.978 ns on control path)

 <State 3>: 36.5ns
The critical path consists of the following:
	'load' operation ('phi_ln183_load_1', src/runge_kutta_45.cpp:183) on local variable 'phi_ln183' [22]  (0 ns)
	bus write operation ('write_ln183', src/runge_kutta_45.cpp:183) on port 'T_BUS' (src/runge_kutta_45.cpp:183) [85]  (36.5 ns)


============================================================
+ Verbose Summary: Binding
============================================================
N/A
* FSMD analyzer results:
  - Output states:
 - Input state : 
  - Chain level:
	State 1
	State 2
	State 3


============================================================
+ Verbose Summary: Datapath Resource usage 
============================================================
N/A
