

================================================================
== Vitis HLS Report for 'runge_kutta_45_Pipeline_7'
================================================================
* Date:           Mon Jun 26 10:21:26 2023

* Version:        2022.1 (Build 3526262 on Mon Apr 18 15:47:01 MDT 2022)
* Project:        rk45_vitis
* Solution:       solution1 (Vivado IP Flow Target)
* Product family: zynq
* Target device:  xc7z020-clg400-1


================================================================
== Performance Estimates
================================================================
+ Timing: 
    * Summary: 
    +--------+----------+----------+------------+
    |  Clock |  Target  | Estimated| Uncertainty|
    +--------+----------+----------+------------+
    |ap_clk  |  50.00 ns|  3.961 ns|    13.50 ns|
    +--------+----------+----------+------------+

+ Latency: 
    * Summary: 
    +---------+---------+----------+----------+-----+-----+---------+
    |  Latency (cycles) |  Latency (absolute) |  Interval | Pipeline|
    |   min   |   max   |    min   |    max   | min | max |   Type  |
    +---------+---------+----------+----------+-----+-----+---------+
    |        5|        5|  0.250 us|  0.250 us|    5|    5|       no|
    +---------+---------+----------+----------+-----+-----+---------+

    + Detail: 
        * Instance: 
        N/A

        * Loop: 
        +----------+---------+---------+----------+-----------+-----------+------+----------+
        |          |  Latency (cycles) | Iteration|  Initiation Interval  | Trip |          |
        | Loop Name|   min   |   max   |  Latency |  achieved |   target  | Count| Pipelined|
        +----------+---------+---------+----------+-----------+-----------+------+----------+
        |- Loop 1  |        3|        3|         2|          1|          1|     3|       yes|
        +----------+---------+---------+----------+-----------+-----------+------+----------+

============================================================
+ Verbose Summary: Synthesis Manager
============================================================
InlineROM: 1
ExposeGlobal: 0
============================================================
+ Verbose Summary: CDFG Model
============================================================
IsTopModel: 0
ResetActiveHigh: 1
IsCombinational: 0
IsDatapathOnly: 0
HasWiredReturn: 1
HasMFsm: 2
HasVarLatency: 1
IsPipeline: 0
IsRtlPipelined: 0
IsInstanceOverlapped: 0
IsDontTouch: 0
HasImplIP: 0
IsGatedGlobalClock: 0

+ Individual pipeline summary: 
  * Pipeline-0: initiation interval (II) = 1, depth = 2


============================================================
+ Verbose Summary: Schedule
============================================================
* Number of FSM states : 2
* Pipeline : 1
  Pipeline-0 : II = 1, D = 2, States = { 1 2 }
* Dataflow Pipeline: 0

* FSM state transitions: 
1 --> 2 
2 --> 

* FSM state operations: 

State 1 <SV = 0> <Delay = 3.96>
ST_1 : Operation 5 [1/1] (0.00ns)   --->   "%loop_index2702_t = alloca i32 1"   --->   Operation 5 'alloca' 'loop_index2702_t' <Predicate = true> <Delay = 0.00>
ST_1 : Operation 6 [1/1] (0.00ns)   --->   "%cv_V_1 = alloca i32 1"   --->   Operation 6 'alloca' 'cv_V_1' <Predicate = true> <Delay = 0.00>
ST_1 : Operation 7 [1/1] (0.00ns)   --->   "%cv_V_1_1 = alloca i32 1"   --->   Operation 7 'alloca' 'cv_V_1_1' <Predicate = true> <Delay = 0.00>
ST_1 : Operation 8 [1/1] (0.00ns)   --->   "%cv_V_1_2 = alloca i32 1"   --->   Operation 8 'alloca' 'cv_V_1_2' <Predicate = true> <Delay = 0.00>
ST_1 : Operation 9 [1/1] (0.00ns)   --->   "%cv_V_0_055110_read = read i85 @_ssdm_op_Read.ap_auto.i85, i85 %cv_V_0_055110"   --->   Operation 9 'read' 'cv_V_0_055110_read' <Predicate = true> <Delay = 0.00>
ST_1 : Operation 10 [1/1] (0.00ns)   --->   "%cv_V_1_058109_read = read i85 @_ssdm_op_Read.ap_auto.i85, i85 %cv_V_1_058109"   --->   Operation 10 'read' 'cv_V_1_058109_read' <Predicate = true> <Delay = 0.00>
ST_1 : Operation 11 [1/1] (0.00ns)   --->   "%cv_V_2_061108_read = read i85 @_ssdm_op_Read.ap_auto.i85, i85 %cv_V_2_061108"   --->   Operation 11 'read' 'cv_V_2_061108_read' <Predicate = true> <Delay = 0.00>
ST_1 : Operation 12 [1/1] (1.58ns)   --->   "%store_ln0 = store i85 %cv_V_2_061108_read, i85 %cv_V_1_2"   --->   Operation 12 'store' 'store_ln0' <Predicate = true> <Delay = 1.58>
ST_1 : Operation 13 [1/1] (1.58ns)   --->   "%store_ln0 = store i85 %cv_V_1_058109_read, i85 %cv_V_1_1"   --->   Operation 13 'store' 'store_ln0' <Predicate = true> <Delay = 1.58>
ST_1 : Operation 14 [1/1] (1.58ns)   --->   "%store_ln0 = store i85 %cv_V_0_055110_read, i85 %cv_V_1"   --->   Operation 14 'store' 'store_ln0' <Predicate = true> <Delay = 1.58>
ST_1 : Operation 15 [1/1] (1.58ns)   --->   "%store_ln0 = store i2 0, i2 %loop_index2702_t"   --->   Operation 15 'store' 'store_ln0' <Predicate = true> <Delay = 1.58>
ST_1 : Operation 16 [1/1] (0.00ns)   --->   "%br_ln0 = br void %load-store-loop2701"   --->   Operation 16 'br' 'br_ln0' <Predicate = true> <Delay = 0.00>
ST_1 : Operation 17 [1/1] (0.00ns)   --->   "%loop_index2702_t_load = load i2 %loop_index2702_t"   --->   Operation 17 'load' 'loop_index2702_t_load' <Predicate = true> <Delay = 0.00>
ST_1 : Operation 18 [1/1] (0.00ns)   --->   "%specpipeline_ln0 = specpipeline void @_ssdm_op_SpecPipeline, i32 4294967295, i32 0, i32 1, i32 0, void @p_str"   --->   Operation 18 'specpipeline' 'specpipeline_ln0' <Predicate = true> <Delay = 0.00>
ST_1 : Operation 19 [1/1] (0.95ns)   --->   "%exitcond514915 = icmp_eq  i2 %loop_index2702_t_load, i2 3"   --->   Operation 19 'icmp' 'exitcond514915' <Predicate = true> <Delay = 0.95> <CoreInst = "Cmp">   --->   Core 9 'Cmp' <Latency = 0> <II = 1> <Delay = 0.95> <FuncUnit> <Opcode : 'icmp'> <InPorts = 2> <OutPorts = 1>
ST_1 : Operation 20 [1/1] (0.00ns)   --->   "%speclooptripcount_ln0 = speclooptripcount void @_ssdm_op_SpecLoopTripCount, i64 3, i64 3, i64 3"   --->   Operation 20 'speclooptripcount' 'speclooptripcount_ln0' <Predicate = true> <Delay = 0.00>
ST_1 : Operation 21 [1/1] (1.56ns)   --->   "%empty = add i2 %loop_index2702_t_load, i2 1"   --->   Operation 21 'add' 'empty' <Predicate = true> <Delay = 1.56> <CoreInst = "Adder">   --->   Core 1 'Adder' <Latency = 0> <II = 1> <Delay = 1.56> <FuncUnit> <Opcode : 'add' 'sub'> <InPorts = 2> <OutPorts = 1>
ST_1 : Operation 22 [1/1] (0.00ns)   --->   "%br_ln0 = br i1 %exitcond514915, void %load-store-loop2701.split, void %for.body.i1862.preheader.exitStub"   --->   Operation 22 'br' 'br_ln0' <Predicate = true> <Delay = 0.00>
ST_1 : Operation 23 [1/1] (0.00ns)   --->   "%loop_index2702_cast = zext i2 %loop_index2702_t_load"   --->   Operation 23 'zext' 'loop_index2702_cast' <Predicate = (!exitcond514915)> <Delay = 0.00>
ST_1 : Operation 24 [1/1] (1.65ns)   --->   "%add_ptr41_i18592926_sum = add i3 %loop_index2702_cast, i3 3"   --->   Operation 24 'add' 'add_ptr41_i18592926_sum' <Predicate = (!exitcond514915)> <Delay = 1.65> <CoreInst = "Adder">   --->   Core 1 'Adder' <Latency = 0> <II = 1> <Delay = 1.65> <FuncUnit> <Opcode : 'add' 'sub'> <InPorts = 2> <OutPorts = 1>
ST_1 : Operation 25 [1/1] (0.00ns)   --->   "%add_ptr41_i18592926_sum_cast = zext i3 %add_ptr41_i18592926_sum"   --->   Operation 25 'zext' 'add_ptr41_i18592926_sum_cast' <Predicate = (!exitcond514915)> <Delay = 0.00>
ST_1 : Operation 26 [1/1] (0.00ns)   --->   "%c_V_addr = getelementptr i85 %c_V, i64 0, i64 %add_ptr41_i18592926_sum_cast"   --->   Operation 26 'getelementptr' 'c_V_addr' <Predicate = (!exitcond514915)> <Delay = 0.00>
ST_1 : Operation 27 [2/2] (2.31ns)   --->   "%cv_V_1_4 = load i3 %c_V_addr"   --->   Operation 27 'load' 'cv_V_1_4' <Predicate = (!exitcond514915)> <Delay = 2.31> <CoreInst = "RAM">   --->   Core 82 'RAM' <Latency = 1> <II = 1> <Delay = 2.31> <Storage> <Opcode : 'load' 'store'> <Ports = 2> <Width = 85> <Depth = 6> <RAM>
ST_1 : Operation 28 [1/1] (0.95ns)   --->   "%switch_ln0 = switch i2 %loop_index2702_t_load, void %branch20, i2 0, void %load-store-loop2701.split.load-store-loop2701.split268_crit_edge, i2 1, void %load-store-loop2701.split.load-store-loop2701.split268_crit_edge6"   --->   Operation 28 'switch' 'switch_ln0' <Predicate = (!exitcond514915)> <Delay = 0.95>
ST_1 : Operation 29 [1/1] (1.58ns)   --->   "%store_ln0 = store i2 %empty, i2 %loop_index2702_t"   --->   Operation 29 'store' 'store_ln0' <Predicate = (!exitcond514915)> <Delay = 1.58>
ST_1 : Operation 30 [1/1] (0.00ns)   --->   "%br_ln0 = br void %load-store-loop2701"   --->   Operation 30 'br' 'br_ln0' <Predicate = (!exitcond514915)> <Delay = 0.00>
ST_1 : Operation 38 [1/1] (0.00ns)   --->   "%cv_V_1_load = load i85 %cv_V_1"   --->   Operation 38 'load' 'cv_V_1_load' <Predicate = (exitcond514915)> <Delay = 0.00>
ST_1 : Operation 39 [1/1] (0.00ns)   --->   "%cv_V_1_1_load = load i85 %cv_V_1_1"   --->   Operation 39 'load' 'cv_V_1_1_load' <Predicate = (exitcond514915)> <Delay = 0.00>
ST_1 : Operation 40 [1/1] (0.00ns)   --->   "%cv_V_1_2_load = load i85 %cv_V_1_2"   --->   Operation 40 'load' 'cv_V_1_2_load' <Predicate = (exitcond514915)> <Delay = 0.00>
ST_1 : Operation 41 [1/1] (0.00ns)   --->   "%write_ln0 = write void @_ssdm_op_Write.ap_auto.i85P0A, i85 %cv_V_2_162_out, i85 %cv_V_1_2_load"   --->   Operation 41 'write' 'write_ln0' <Predicate = (exitcond514915)> <Delay = 0.00>
ST_1 : Operation 42 [1/1] (0.00ns)   --->   "%write_ln0 = write void @_ssdm_op_Write.ap_auto.i85P0A, i85 %cv_V_1_159_out, i85 %cv_V_1_1_load"   --->   Operation 42 'write' 'write_ln0' <Predicate = (exitcond514915)> <Delay = 0.00>
ST_1 : Operation 43 [1/1] (0.00ns)   --->   "%write_ln0 = write void @_ssdm_op_Write.ap_auto.i85P0A, i85 %cv_V_0_156_out, i85 %cv_V_1_load"   --->   Operation 43 'write' 'write_ln0' <Predicate = (exitcond514915)> <Delay = 0.00>
ST_1 : Operation 44 [1/1] (0.00ns)   --->   "%ret_ln0 = ret"   --->   Operation 44 'ret' 'ret_ln0' <Predicate = (exitcond514915)> <Delay = 0.00>

State 2 <SV = 1> <Delay = 3.89>
ST_2 : Operation 31 [1/2] (2.31ns)   --->   "%cv_V_1_4 = load i3 %c_V_addr"   --->   Operation 31 'load' 'cv_V_1_4' <Predicate = true> <Delay = 2.31> <CoreInst = "RAM">   --->   Core 82 'RAM' <Latency = 1> <II = 1> <Delay = 2.31> <Storage> <Opcode : 'load' 'store'> <Ports = 2> <Width = 85> <Depth = 6> <RAM>
ST_2 : Operation 32 [1/1] (1.58ns)   --->   "%store_ln0 = store i85 %cv_V_1_4, i85 %cv_V_1_1"   --->   Operation 32 'store' 'store_ln0' <Predicate = (loop_index2702_t_load == 1)> <Delay = 1.58>
ST_2 : Operation 33 [1/1] (0.00ns)   --->   "%br_ln0 = br void %load-store-loop2701.split268"   --->   Operation 33 'br' 'br_ln0' <Predicate = (loop_index2702_t_load == 1)> <Delay = 0.00>
ST_2 : Operation 34 [1/1] (1.58ns)   --->   "%store_ln0 = store i85 %cv_V_1_4, i85 %cv_V_1"   --->   Operation 34 'store' 'store_ln0' <Predicate = (loop_index2702_t_load == 0)> <Delay = 1.58>
ST_2 : Operation 35 [1/1] (0.00ns)   --->   "%br_ln0 = br void %load-store-loop2701.split268"   --->   Operation 35 'br' 'br_ln0' <Predicate = (loop_index2702_t_load == 0)> <Delay = 0.00>
ST_2 : Operation 36 [1/1] (1.58ns)   --->   "%store_ln0 = store i85 %cv_V_1_4, i85 %cv_V_1_2"   --->   Operation 36 'store' 'store_ln0' <Predicate = (loop_index2702_t_load != 0 & loop_index2702_t_load != 1)> <Delay = 1.58>
ST_2 : Operation 37 [1/1] (0.00ns)   --->   "%br_ln0 = br void %load-store-loop2701.split268"   --->   Operation 37 'br' 'br_ln0' <Predicate = (loop_index2702_t_load != 0 & loop_index2702_t_load != 1)> <Delay = 0.00>


============================================================
+ Verbose Summary: Timing violations
============================================================
Target clock period: 50ns, clock uncertainty: 13.5ns.

 <State 1>: 3.96ns
The critical path consists of the following:
	'alloca' operation ('loop_index2702_t') [8]  (0 ns)
	'load' operation ('loop_index2702_t_load') on local variable 'loop_index2702_t' [21]  (0 ns)
	'add' operation ('add_ptr41_i18592926_sum') [29]  (1.65 ns)
	'getelementptr' operation ('c_V_addr') [31]  (0 ns)
	'load' operation ('cv.V[1]') on array 'c_V' [32]  (2.31 ns)

 <State 2>: 3.9ns
The critical path consists of the following:
	'load' operation ('cv.V[1]') on array 'c_V' [32]  (2.31 ns)
	'store' operation ('store_ln0') of variable 'cv.V[1]' on local variable 'cv.V[1]' [35]  (1.59 ns)


============================================================
+ Verbose Summary: Binding
============================================================
N/A
* FSMD analyzer results:
  - Output states:
 - Input state : 
  - Chain level:
	State 1
	State 2


============================================================
+ Verbose Summary: Datapath Resource usage 
============================================================
N/A
