

================================================================
== Vitis HLS Report for 'runge_kutta_45_Pipeline_update'
================================================================
* Date:           Mon May 22 17:32:38 2023

* Version:        2022.1 (Build 3526262 on Mon Apr 18 15:47:01 MDT 2022)
* Project:        rk45_vitis
* Solution:       solution1 (Vivado IP Flow Target)
* Product family: zynq
* Target device:  xc7z020-clg400-1


================================================================
== Performance Estimates
================================================================
+ Timing: 
    * Summary: 
    +--------+----------+-----------+------------+
    |  Clock |  Target  | Estimated | Uncertainty|
    +--------+----------+-----------+------------+
    |ap_clk  |  50.00 ns|  10.486 ns|    13.50 ns|
    +--------+----------+-----------+------------+

+ Latency: 
    * Summary: 
    +---------+---------+----------+----------+-----+-----+---------+
    |  Latency (cycles) |  Latency (absolute) |  Interval | Pipeline|
    |   min   |   max   |    min   |    max   | min | max |   Type  |
    +---------+---------+----------+----------+-----+-----+---------+
    |        8|        8|  0.400 us|  0.400 us|    8|    8|       no|
    +---------+---------+----------+----------+-----+-----+---------+

    + Detail: 
        * Instance: 
        N/A

        * Loop: 
        +----------+---------+---------+----------+-----------+-----------+------+----------+
        |          |  Latency (cycles) | Iteration|  Initiation Interval  | Trip |          |
        | Loop Name|   min   |   max   |  Latency |  achieved |   target  | Count| Pipelined|
        +----------+---------+---------+----------+-----------+-----------+------+----------+
        |- update  |        6|        6|         2|          1|          1|     6|       yes|
        +----------+---------+---------+----------+-----------+-----------+------+----------+



================================================================
== Utilization Estimates
================================================================
* Summary: 
+-----------------+---------+-----+--------+-------+-----+
|       Name      | BRAM_18K| DSP |   FF   |  LUT  | URAM|
+-----------------+---------+-----+--------+-------+-----+
|DSP              |        -|    -|       -|      -|    -|
|Expression       |        -|    -|       0|    142|    -|
|FIFO             |        -|    -|       -|      -|    -|
|Instance         |        -|    -|       -|      -|    -|
|Memory           |        -|    -|       -|      -|    -|
|Multiplexer      |        -|    -|       -|     36|    -|
|Register         |        -|    -|      20|      -|    -|
+-----------------+---------+-----+--------+-------+-----+
|Total            |        0|    0|      20|    178|    0|
+-----------------+---------+-----+--------+-------+-----+
|Available        |      280|  220|  106400|  53200|    0|
+-----------------+---------+-----+--------+-------+-----+
|Utilization (%)  |        0|    0|      ~0|     ~0|    0|
+-----------------+---------+-----+--------+-------+-----+

+ Detail: 
    * Instance: 
    N/A

    * DSP: 
    N/A

    * Memory: 
    N/A

    * FIFO: 
    N/A

    * Expression: 
    +---------------------+----------+----+---+----+------------+------------+
    |    Variable Name    | Operation| DSP| FF| LUT| Bitwidth P0| Bitwidth P1|
    +---------------------+----------+----+---+----+------------+------------+
    |add_ln253_fu_104_p2  |         +|   0|  0|  11|           3|           1|
    |add_ln254_fu_130_p2  |         +|   0|  0|  17|          14|          14|
    |add_ln859_fu_119_p2  |         +|   0|  0|  17|          14|          14|
    |yy_loc_V_d0          |         +|   0|  0|  87|          80|          80|
    |icmp_ln253_fu_98_p2  |      icmp|   0|  0|   8|           3|           3|
    |ap_enable_pp0        |       xor|   0|  0|   2|           1|           2|
    +---------------------+----------+----+---+----+------------+------------+
    |Total                |          |   0|  0| 142|         115|         114|
    +---------------------+----------+----+---+----+------------+------------+

    * Multiplexer: 
    +-------------------------+----+-----------+-----+-----------+
    |           Name          | LUT| Input Size| Bits| Total Bits|
    +-------------------------+----+-----------+-----+-----------+
    |ap_done_int              |   9|          2|    1|          2|
    |ap_enable_reg_pp0_iter1  |   9|          2|    1|          2|
    |ap_sig_allocacmp_n_1     |   9|          2|    3|          6|
    |n_fu_36                  |   9|          2|    3|          6|
    +-------------------------+----+-----------+-----+-----------+
    |Total                    |  36|          8|    8|         16|
    +-------------------------+----+-----------+-----+-----------+

    * Register: 
    +-------------------------+----+----+-----+-----------+
    |           Name          | FF | LUT| Bits| Const Bits|
    +-------------------------+----+----+-----+-----------+
    |add_ln254_reg_167        |  14|   0|   14|          0|
    |ap_CS_fsm                |   1|   0|    1|          0|
    |ap_done_reg              |   1|   0|    1|          0|
    |ap_enable_reg_pp0_iter1  |   1|   0|    1|          0|
    |n_fu_36                  |   3|   0|    3|          0|
    +-------------------------+----+----+-----+-----------+
    |Total                    |  20|   0|   20|          0|
    +-------------------------+----+----+-----+-----------+



================================================================
== Interface
================================================================
* Summary: 
+-------------------+-----+-----+------------+--------------------------------+--------------+
|     RTL Ports     | Dir | Bits|  Protocol  |          Source Object         |    C Type    |
+-------------------+-----+-----+------------+--------------------------------+--------------+
|ap_clk             |   in|    1|  ap_ctrl_hs|  runge_kutta_45_Pipeline_update|  return value|
|ap_rst             |   in|    1|  ap_ctrl_hs|  runge_kutta_45_Pipeline_update|  return value|
|ap_start           |   in|    1|  ap_ctrl_hs|  runge_kutta_45_Pipeline_update|  return value|
|ap_done            |  out|    1|  ap_ctrl_hs|  runge_kutta_45_Pipeline_update|  return value|
|ap_idle            |  out|    1|  ap_ctrl_hs|  runge_kutta_45_Pipeline_update|  return value|
|ap_ready           |  out|    1|  ap_ctrl_hs|  runge_kutta_45_Pipeline_update|  return value|
|sub_ln85941        |   in|   14|     ap_none|                     sub_ln85941|        scalar|
|yy_loc_V_address0  |  out|   14|   ap_memory|                        yy_loc_V|         array|
|yy_loc_V_ce0       |  out|    1|   ap_memory|                        yy_loc_V|         array|
|yy_loc_V_we0       |  out|    1|   ap_memory|                        yy_loc_V|         array|
|yy_loc_V_d0        |  out|   80|   ap_memory|                        yy_loc_V|         array|
|yy_loc_V_address1  |  out|   14|   ap_memory|                        yy_loc_V|         array|
|yy_loc_V_ce1       |  out|    1|   ap_memory|                        yy_loc_V|         array|
|yy_loc_V_q1        |   in|   80|   ap_memory|                        yy_loc_V|         array|
|sub_ln254          |   in|   14|     ap_none|                       sub_ln254|        scalar|
|c_V_address0       |  out|    3|   ap_memory|                             c_V|         array|
|c_V_ce0            |  out|    1|   ap_memory|                             c_V|         array|
|c_V_q0             |   in|   80|   ap_memory|                             c_V|         array|
+-------------------+-----+-----+------------+--------------------------------+--------------+

============================================================
+ Verbose Summary: Synthesis Manager
============================================================
InlineROM: 1
ExposeGlobal: 0
============================================================
+ Verbose Summary: CDFG Model
============================================================
IsTopModel: 0
ResetActiveHigh: 1
IsCombinational: 2
IsDatapathOnly: 2
HasWiredReturn: 1
HasMFsm: 2
HasVarLatency: 1
IsPipeline: 0
IsRtlPipelined: 0
IsInstanceOverlapped: 0
IsDontTouch: 0
HasImplIP: 0
IsGatedGlobalClock: 0

+ Individual pipeline summary: 
  * Pipeline-0: initiation interval (II) = 1, depth = 2


============================================================
+ Verbose Summary: Schedule
============================================================
* Number of FSM states : 2
* Pipeline : 1
  Pipeline-0 : II = 1, D = 2, States = { 1 2 }
* Dataflow Pipeline: 0

* FSM state transitions: 
1 --> 2 
2 --> 

* FSM state operations: 

State 1 <SV = 0> <Delay = 5.06>
ST_1 : Operation 5 [1/1] (0.00ns)   --->   "%n = alloca i32 1"   --->   Operation 5 'alloca' 'n' <Predicate = true> <Delay = 0.00>
ST_1 : Operation 6 [1/1] (0.00ns)   --->   "%sub_ln254_read = read i14 @_ssdm_op_Read.ap_auto.i14, i14 %sub_ln254"   --->   Operation 6 'read' 'sub_ln254_read' <Predicate = true> <Delay = 0.00>
ST_1 : Operation 7 [1/1] (0.00ns)   --->   "%sub_ln85941_read = read i14 @_ssdm_op_Read.ap_auto.i14, i14 %sub_ln85941"   --->   Operation 7 'read' 'sub_ln85941_read' <Predicate = true> <Delay = 0.00>
ST_1 : Operation 8 [1/1] (1.58ns)   --->   "%store_ln0 = store i3 0, i3 %n"   --->   Operation 8 'store' 'store_ln0' <Predicate = true> <Delay = 1.58>
ST_1 : Operation 9 [1/1] (0.00ns)   --->   "%br_ln0 = br void %for.body320"   --->   Operation 9 'br' 'br_ln0' <Predicate = true> <Delay = 0.00>
ST_1 : Operation 10 [1/1] (0.00ns)   --->   "%n_1 = load i3 %n" [src/runge_kutta_45.cpp:253]   --->   Operation 10 'load' 'n_1' <Predicate = true> <Delay = 0.00>
ST_1 : Operation 11 [1/1] (0.00ns)   --->   "%specpipeline_ln0 = specpipeline void @_ssdm_op_SpecPipeline, i32 4294967295, i32 0, i32 1, i32 0, void @p_str"   --->   Operation 11 'specpipeline' 'specpipeline_ln0' <Predicate = true> <Delay = 0.00>
ST_1 : Operation 12 [1/1] (1.13ns)   --->   "%icmp_ln253 = icmp_eq  i3 %n_1, i3 6" [src/runge_kutta_45.cpp:253]   --->   Operation 12 'icmp' 'icmp_ln253' <Predicate = true> <Delay = 1.13> <CoreInst = "Cmp">   --->   Core 9 'Cmp' <Latency = 0> <II = 1> <Delay = 1.13> <FuncUnit> <Opcode : 'icmp'> <InPorts = 2> <OutPorts = 1>
ST_1 : Operation 13 [1/1] (0.00ns)   --->   "%speclooptripcount_ln0 = speclooptripcount void @_ssdm_op_SpecLoopTripCount, i64 6, i64 6, i64 6"   --->   Operation 13 'speclooptripcount' 'speclooptripcount_ln0' <Predicate = true> <Delay = 0.00>
ST_1 : Operation 14 [1/1] (1.65ns)   --->   "%add_ln253 = add i3 %n_1, i3 1" [src/runge_kutta_45.cpp:253]   --->   Operation 14 'add' 'add_ln253' <Predicate = true> <Delay = 1.65> <CoreInst = "Adder">   --->   Core 1 'Adder' <Latency = 0> <II = 1> <Delay = 1.65> <FuncUnit> <Opcode : 'add' 'sub'> <InPorts = 2> <OutPorts = 1>
ST_1 : Operation 15 [1/1] (0.00ns)   --->   "%br_ln253 = br i1 %icmp_ln253, void %for.body320.split, void %for.end335.exitStub" [src/runge_kutta_45.cpp:253]   --->   Operation 15 'br' 'br_ln253' <Predicate = true> <Delay = 0.00>
ST_1 : Operation 16 [1/1] (0.00ns)   --->   "%n_3_cast = zext i3 %n_1" [src/runge_kutta_45.cpp:253]   --->   Operation 16 'zext' 'n_3_cast' <Predicate = (!icmp_ln253)> <Delay = 0.00>
ST_1 : Operation 17 [1/1] (0.00ns)   --->   "%zext_ln859 = zext i3 %n_1"   --->   Operation 17 'zext' 'zext_ln859' <Predicate = (!icmp_ln253)> <Delay = 0.00>
ST_1 : Operation 18 [1/1] (1.81ns)   --->   "%add_ln859 = add i14 %sub_ln85941_read, i14 %zext_ln859"   --->   Operation 18 'add' 'add_ln859' <Predicate = (!icmp_ln253)> <Delay = 1.81> <CoreInst = "Adder">   --->   Core 1 'Adder' <Latency = 0> <II = 1> <Delay = 1.81> <FuncUnit> <Opcode : 'add' 'sub'> <InPorts = 2> <OutPorts = 1>
ST_1 : Operation 19 [1/1] (0.00ns)   --->   "%zext_ln859_1 = zext i14 %add_ln859"   --->   Operation 19 'zext' 'zext_ln859_1' <Predicate = (!icmp_ln253)> <Delay = 0.00>
ST_1 : Operation 20 [1/1] (0.00ns)   --->   "%yy_loc_V_addr = getelementptr i80 %yy_loc_V, i64 0, i64 %zext_ln859_1"   --->   Operation 20 'getelementptr' 'yy_loc_V_addr' <Predicate = (!icmp_ln253)> <Delay = 0.00>
ST_1 : Operation 21 [1/1] (1.81ns)   --->   "%add_ln254 = add i14 %sub_ln254_read, i14 %zext_ln859" [src/runge_kutta_45.cpp:254]   --->   Operation 21 'add' 'add_ln254' <Predicate = (!icmp_ln253)> <Delay = 1.81> <CoreInst = "Adder">   --->   Core 1 'Adder' <Latency = 0> <II = 1> <Delay = 1.81> <FuncUnit> <Opcode : 'add' 'sub'> <InPorts = 2> <OutPorts = 1>
ST_1 : Operation 22 [2/2] (3.25ns)   --->   "%yy_loc_V_load = load i14 %yy_loc_V_addr"   --->   Operation 22 'load' 'yy_loc_V_load' <Predicate = (!icmp_ln253)> <Delay = 3.25> <CoreInst = "RAM">   --->   Core 82 'RAM' <Latency = 1> <II = 1> <Delay = 3.25> <Storage> <Opcode : 'load' 'store'> <Ports = 2> <Width = 80> <Depth = 12288> <RAM>
ST_1 : Operation 23 [1/1] (0.00ns)   --->   "%c_V_addr = getelementptr i80 %c_V, i64 0, i64 %n_3_cast"   --->   Operation 23 'getelementptr' 'c_V_addr' <Predicate = (!icmp_ln253)> <Delay = 0.00>
ST_1 : Operation 24 [2/2] (2.31ns)   --->   "%c_V_load = load i3 %c_V_addr"   --->   Operation 24 'load' 'c_V_load' <Predicate = (!icmp_ln253)> <Delay = 2.31> <CoreInst = "RAM">   --->   Core 82 'RAM' <Latency = 1> <II = 1> <Delay = 2.31> <Storage> <Opcode : 'load' 'store'> <Ports = 2> <Width = 80> <Depth = 6> <RAM>
ST_1 : Operation 25 [1/1] (1.58ns)   --->   "%store_ln253 = store i3 %add_ln253, i3 %n" [src/runge_kutta_45.cpp:253]   --->   Operation 25 'store' 'store_ln253' <Predicate = (!icmp_ln253)> <Delay = 1.58>
ST_1 : Operation 34 [1/1] (0.00ns)   --->   "%ret_ln0 = ret"   --->   Operation 34 'ret' 'ret_ln0' <Predicate = (icmp_ln253)> <Delay = 0.00>

State 2 <SV = 1> <Delay = 10.4>
ST_2 : Operation 26 [1/1] (0.00ns)   --->   "%zext_ln254 = zext i14 %add_ln254" [src/runge_kutta_45.cpp:254]   --->   Operation 26 'zext' 'zext_ln254' <Predicate = true> <Delay = 0.00>
ST_2 : Operation 27 [1/1] (0.00ns)   --->   "%yy_loc_V_addr_1 = getelementptr i80 %yy_loc_V, i64 0, i64 %zext_ln254" [src/runge_kutta_45.cpp:254]   --->   Operation 27 'getelementptr' 'yy_loc_V_addr_1' <Predicate = true> <Delay = 0.00>
ST_2 : Operation 28 [1/1] (0.00ns)   --->   "%specloopname_ln253 = specloopname void @_ssdm_op_SpecLoopName, void @empty_30" [src/runge_kutta_45.cpp:253]   --->   Operation 28 'specloopname' 'specloopname_ln253' <Predicate = true> <Delay = 0.00>
ST_2 : Operation 29 [1/2] (3.25ns)   --->   "%yy_loc_V_load = load i14 %yy_loc_V_addr"   --->   Operation 29 'load' 'yy_loc_V_load' <Predicate = true> <Delay = 3.25> <CoreInst = "RAM">   --->   Core 82 'RAM' <Latency = 1> <II = 1> <Delay = 3.25> <Storage> <Opcode : 'load' 'store'> <Ports = 2> <Width = 80> <Depth = 12288> <RAM>
ST_2 : Operation 30 [1/2] (2.31ns)   --->   "%c_V_load = load i3 %c_V_addr"   --->   Operation 30 'load' 'c_V_load' <Predicate = true> <Delay = 2.31> <CoreInst = "RAM">   --->   Core 82 'RAM' <Latency = 1> <II = 1> <Delay = 2.31> <Storage> <Opcode : 'load' 'store'> <Ports = 2> <Width = 80> <Depth = 6> <RAM>
ST_2 : Operation 31 [1/1] (3.97ns)   --->   "%add_ln859_1 = add i80 %c_V_load, i80 %yy_loc_V_load"   --->   Operation 31 'add' 'add_ln859_1' <Predicate = true> <Delay = 3.97> <CoreInst = "Adder">   --->   Core 1 'Adder' <Latency = 0> <II = 1> <Delay = 3.97> <FuncUnit> <Opcode : 'add' 'sub'> <InPorts = 2> <OutPorts = 1>
ST_2 : Operation 32 [1/1] (3.25ns)   --->   "%store_ln254 = store i80 %add_ln859_1, i14 %yy_loc_V_addr_1" [src/runge_kutta_45.cpp:254]   --->   Operation 32 'store' 'store_ln254' <Predicate = true> <Delay = 3.25> <CoreInst = "RAM">   --->   Core 82 'RAM' <Latency = 1> <II = 1> <Delay = 3.25> <Storage> <Opcode : 'load' 'store'> <Ports = 2> <Width = 80> <Depth = 12288> <RAM>
ST_2 : Operation 33 [1/1] (0.00ns)   --->   "%br_ln253 = br void %for.body320" [src/runge_kutta_45.cpp:253]   --->   Operation 33 'br' 'br_ln253' <Predicate = true> <Delay = 0.00>


============================================================
+ Verbose Summary: Binding
============================================================
STG Binding: 
---------------- STG Properties BEGIN ----------------
- Is combinational: 0
- Is one-state seq: 0
- Is datapath-only: 0
- Is pipelined: 0
- Is top level: 0
Port [ Return ] is wired: 1; IO mode=ap_ctrl_hs:ce=0
Port [ sub_ln85941]:  wired=1; compound=0; hidden=0; nouse=0; global=0; static=0; extern=0; dir=0; type=0; pingpong=0; private_global=0; IO mode=ap_none:ce=0
Port [ yy_loc_V]:  wired=1; compound=1; hidden=0; nouse=0; global=0; static=0; extern=0; dir=2; type=1; pingpong=0; private_global=0; MemPort=[01]; IO mode=ap_memory:ce=0
Port [ sub_ln254]:  wired=1; compound=0; hidden=0; nouse=0; global=0; static=0; extern=0; dir=0; type=0; pingpong=0; private_global=0; IO mode=ap_none:ce=0
Port [ c_V]:  wired=1; compound=1; hidden=0; nouse=0; global=0; static=0; extern=0; dir=0; type=1; pingpong=0; private_global=0; MemPort=[13]; IO mode=ap_memory:ce=0
---------------- STG Properties END ------------------

---------------- Datapath Model BEGIN ----------------

<LifeTime>
<method=bitvector/>
n                     (alloca           ) [ 010]
sub_ln254_read        (read             ) [ 000]
sub_ln85941_read      (read             ) [ 000]
store_ln0             (store            ) [ 000]
br_ln0                (br               ) [ 000]
n_1                   (load             ) [ 000]
specpipeline_ln0      (specpipeline     ) [ 000]
icmp_ln253            (icmp             ) [ 010]
speclooptripcount_ln0 (speclooptripcount) [ 000]
add_ln253             (add              ) [ 000]
br_ln253              (br               ) [ 000]
n_3_cast              (zext             ) [ 000]
zext_ln859            (zext             ) [ 000]
add_ln859             (add              ) [ 000]
zext_ln859_1          (zext             ) [ 000]
yy_loc_V_addr         (getelementptr    ) [ 011]
add_ln254             (add              ) [ 011]
c_V_addr              (getelementptr    ) [ 011]
store_ln253           (store            ) [ 000]
zext_ln254            (zext             ) [ 000]
yy_loc_V_addr_1       (getelementptr    ) [ 000]
specloopname_ln253    (specloopname     ) [ 000]
yy_loc_V_load         (load             ) [ 000]
c_V_load              (load             ) [ 000]
add_ln859_1           (add              ) [ 000]
store_ln254           (store            ) [ 000]
br_ln253              (br               ) [ 000]
ret_ln0               (ret              ) [ 000]
</LifeTime>

<model>

<comp_list>
<comp id="0" class="1000" name="sub_ln85941">
<pin_list>
<pin id="1" dir="1" index="0" bw="1" slack="0"/>
</pin_list>
<bind>
<StgValue><ssdm name="sub_ln85941"/></StgValue>
</bind>
</comp>

<comp id="2" class="1000" name="yy_loc_V">
<pin_list>
<pin id="3" dir="1" index="0" bw="1" slack="0"/>
</pin_list>
<bind>
<StgValue><ssdm name="yy_loc_V"/><MemPortTyVec>0 1 </MemPortTyVec>
</StgValue>
</bind>
</comp>

<comp id="4" class="1000" name="sub_ln254">
<pin_list>
<pin id="5" dir="1" index="0" bw="1" slack="0"/>
</pin_list>
<bind>
<StgValue><ssdm name="sub_ln254"/></StgValue>
</bind>
</comp>

<comp id="6" class="1000" name="c_V">
<pin_list>
<pin id="7" dir="1" index="0" bw="1" slack="0"/>
</pin_list>
<bind>
<StgValue><ssdm name="c_V"/><MemPortTyVec>1 3 </MemPortTyVec>
</StgValue>
</bind>
</comp>

<comp id="8" class="1001" name="const_8">
<pin_list>
<pin id="9" dir="1" index="0" bw="1" slack="0"/>
</pin_list>
<bind>
<StgValue><ssdm name=""/></StgValue>
</bind>
</comp>

<comp id="10" class="1001" name="const_10">
<pin_list>
<pin id="11" dir="1" index="0" bw="1" slack="0"/>
</pin_list>
<bind>
<StgValue><ssdm name="_ssdm_op_Read.ap_auto.i14"/></StgValue>
</bind>
</comp>

<comp id="12" class="1001" name="const_12">
<pin_list>
<pin id="13" dir="1" index="0" bw="1" slack="0"/>
</pin_list>
<bind>
<StgValue><ssdm name=""/></StgValue>
</bind>
</comp>

<comp id="14" class="1001" name="const_14">
<pin_list>
<pin id="15" dir="1" index="0" bw="1" slack="2147483647"/>
</pin_list>
<bind>
<StgValue><ssdm name="_ssdm_op_SpecPipeline"/></StgValue>
</bind>
</comp>

<comp id="16" class="1001" name="const_16">
<pin_list>
<pin id="17" dir="1" index="0" bw="1" slack="2147483647"/>
</pin_list>
<bind>
<StgValue><ssdm name=""/></StgValue>
</bind>
</comp>

<comp id="18" class="1001" name="const_18">
<pin_list>
<pin id="19" dir="1" index="0" bw="1" slack="2147483647"/>
</pin_list>
<bind>
<StgValue><ssdm name=""/></StgValue>
</bind>
</comp>

<comp id="20" class="1001" name="const_20">
<pin_list>
<pin id="21" dir="1" index="0" bw="1" slack="2147483647"/>
</pin_list>
<bind>
<StgValue><ssdm name="p_str"/></StgValue>
</bind>
</comp>

<comp id="22" class="1001" name="const_22">
<pin_list>
<pin id="23" dir="1" index="0" bw="1" slack="0"/>
</pin_list>
<bind>
<StgValue><ssdm name=""/></StgValue>
</bind>
</comp>

<comp id="24" class="1001" name="const_24">
<pin_list>
<pin id="25" dir="1" index="0" bw="1" slack="2147483647"/>
</pin_list>
<bind>
<StgValue><ssdm name="_ssdm_op_SpecLoopTripCount"/></StgValue>
</bind>
</comp>

<comp id="26" class="1001" name="const_26">
<pin_list>
<pin id="27" dir="1" index="0" bw="1" slack="2147483647"/>
</pin_list>
<bind>
<StgValue><ssdm name=""/></StgValue>
</bind>
</comp>

<comp id="28" class="1001" name="const_28">
<pin_list>
<pin id="29" dir="1" index="0" bw="1" slack="0"/>
</pin_list>
<bind>
<StgValue><ssdm name=""/></StgValue>
</bind>
</comp>

<comp id="30" class="1001" name="const_30">
<pin_list>
<pin id="31" dir="1" index="0" bw="1" slack="0"/>
</pin_list>
<bind>
<StgValue><ssdm name=""/></StgValue>
</bind>
</comp>

<comp id="32" class="1001" name="const_32">
<pin_list>
<pin id="33" dir="1" index="0" bw="1" slack="2147483647"/>
</pin_list>
<bind>
<StgValue><ssdm name="_ssdm_op_SpecLoopName"/></StgValue>
</bind>
</comp>

<comp id="34" class="1001" name="const_34">
<pin_list>
<pin id="35" dir="1" index="0" bw="1" slack="2147483647"/>
</pin_list>
<bind>
<StgValue><ssdm name="empty_30"/></StgValue>
</bind>
</comp>

<comp id="36" class="1004" name="n_fu_36">
<pin_list>
<pin id="37" dir="0" index="0" bw="1" slack="0"/>
<pin id="38" dir="1" index="1" bw="3" slack="0"/>
</pin_list>
<bind>
<opcode="alloca(26) " fcode="alloca"/>
<opset="n/1 "/>
</bind>
</comp>

<comp id="40" class="1004" name="sub_ln254_read_read_fu_40">
<pin_list>
<pin id="41" dir="0" index="0" bw="14" slack="0"/>
<pin id="42" dir="0" index="1" bw="14" slack="0"/>
<pin id="43" dir="1" index="2" bw="14" slack="0"/>
</pin_list>
<bind>
<opcode="read(1150) " fcode="read"/>
<opset="sub_ln254_read/1 "/>
</bind>
</comp>

<comp id="46" class="1004" name="sub_ln85941_read_read_fu_46">
<pin_list>
<pin id="47" dir="0" index="0" bw="14" slack="0"/>
<pin id="48" dir="0" index="1" bw="14" slack="0"/>
<pin id="49" dir="1" index="2" bw="14" slack="0"/>
</pin_list>
<bind>
<opcode="read(1150) " fcode="read"/>
<opset="sub_ln85941_read/1 "/>
</bind>
</comp>

<comp id="52" class="1004" name="yy_loc_V_addr_gep_fu_52">
<pin_list>
<pin id="53" dir="0" index="0" bw="80" slack="0"/>
<pin id="54" dir="0" index="1" bw="1" slack="0"/>
<pin id="55" dir="0" index="2" bw="14" slack="0"/>
<pin id="56" dir="1" index="3" bw="14" slack="0"/>
</pin_list>
<bind>
<opcode="getelementptr(29) " fcode="getelementptr"/>
<opset="yy_loc_V_addr/1 "/>
</bind>
</comp>

<comp id="59" class="1004" name="grp_access_fu_59">
<pin_list>
<pin id="60" dir="0" index="0" bw="14" slack="0"/>
<pin id="61" dir="0" index="1" bw="80" slack="0"/>
<pin id="62" dir="0" index="2" bw="0" slack="0"/>
<pin id="64" dir="0" index="4" bw="14" slack="2147483647"/>
<pin id="65" dir="0" index="5" bw="80" slack="2147483647"/>
<pin id="66" dir="0" index="6" bw="0" slack="2147483647"/>
<pin id="63" dir="1" index="3" bw="80" slack="2147483647"/>
<pin id="67" dir="1" index="7" bw="80" slack="0"/>
</pin_list>
<bind>
<opcode="load(27) store(28) " fcode="store"/>
<opset="yy_loc_V_load/1 store_ln254/2 "/>
</bind>
</comp>

<comp id="69" class="1004" name="c_V_addr_gep_fu_69">
<pin_list>
<pin id="70" dir="0" index="0" bw="80" slack="0"/>
<pin id="71" dir="0" index="1" bw="1" slack="0"/>
<pin id="72" dir="0" index="2" bw="3" slack="0"/>
<pin id="73" dir="1" index="3" bw="3" slack="0"/>
</pin_list>
<bind>
<opcode="getelementptr(29) " fcode="getelementptr"/>
<opset="c_V_addr/1 "/>
</bind>
</comp>

<comp id="76" class="1004" name="grp_access_fu_76">
<pin_list>
<pin id="77" dir="0" index="0" bw="3" slack="0"/>
<pin id="78" dir="0" index="1" bw="80" slack="2147483647"/>
<pin id="79" dir="0" index="2" bw="0" slack="2147483647"/>
<pin id="80" dir="1" index="3" bw="80" slack="0"/>
</pin_list>
<bind>
<opcode="load(27) " fcode="load"/>
<opset="c_V_load/1 "/>
</bind>
</comp>

<comp id="82" class="1004" name="yy_loc_V_addr_1_gep_fu_82">
<pin_list>
<pin id="83" dir="0" index="0" bw="80" slack="0"/>
<pin id="84" dir="0" index="1" bw="1" slack="0"/>
<pin id="85" dir="0" index="2" bw="14" slack="0"/>
<pin id="86" dir="1" index="3" bw="14" slack="0"/>
</pin_list>
<bind>
<opcode="getelementptr(29) " fcode="getelementptr"/>
<opset="yy_loc_V_addr_1/2 "/>
</bind>
</comp>

<comp id="90" class="1004" name="store_ln0_store_fu_90">
<pin_list>
<pin id="91" dir="0" index="0" bw="1" slack="0"/>
<pin id="92" dir="0" index="1" bw="3" slack="0"/>
<pin id="93" dir="1" index="2" bw="0" slack="2147483647"/>
</pin_list>
<bind>
<opcode="store(28) " fcode="store"/>
<opset="store_ln0/1 "/>
</bind>
</comp>

<comp id="95" class="1004" name="n_1_load_fu_95">
<pin_list>
<pin id="96" dir="0" index="0" bw="3" slack="0"/>
<pin id="97" dir="1" index="1" bw="3" slack="0"/>
</pin_list>
<bind>
<opcode="load(27) " fcode="load"/>
<opset="n_1/1 "/>
</bind>
</comp>

<comp id="98" class="1004" name="icmp_ln253_fu_98">
<pin_list>
<pin id="99" dir="0" index="0" bw="3" slack="0"/>
<pin id="100" dir="0" index="1" bw="3" slack="0"/>
<pin id="101" dir="1" index="2" bw="1" slack="2147483647"/>
</pin_list>
<bind>
<opcode="icmp(45) " fcode="icmp"/>
<opset="icmp_ln253/1 "/>
</bind>
</comp>

<comp id="104" class="1004" name="add_ln253_fu_104">
<pin_list>
<pin id="105" dir="0" index="0" bw="3" slack="0"/>
<pin id="106" dir="0" index="1" bw="1" slack="0"/>
<pin id="107" dir="1" index="2" bw="3" slack="0"/>
</pin_list>
<bind>
<opcode="add(8) " fcode="add"/>
<opset="add_ln253/1 "/>
</bind>
</comp>

<comp id="110" class="1004" name="n_3_cast_fu_110">
<pin_list>
<pin id="111" dir="0" index="0" bw="3" slack="0"/>
<pin id="112" dir="1" index="1" bw="64" slack="0"/>
</pin_list>
<bind>
<opcode="zext(34) " fcode="zext"/>
<opset="n_3_cast/1 "/>
</bind>
</comp>

<comp id="115" class="1004" name="zext_ln859_fu_115">
<pin_list>
<pin id="116" dir="0" index="0" bw="3" slack="0"/>
<pin id="117" dir="1" index="1" bw="14" slack="0"/>
</pin_list>
<bind>
<opcode="zext(34) " fcode="zext"/>
<opset="zext_ln859/1 "/>
</bind>
</comp>

<comp id="119" class="1004" name="add_ln859_fu_119">
<pin_list>
<pin id="120" dir="0" index="0" bw="14" slack="0"/>
<pin id="121" dir="0" index="1" bw="3" slack="0"/>
<pin id="122" dir="1" index="2" bw="14" slack="0"/>
</pin_list>
<bind>
<opcode="add(8) " fcode="add"/>
<opset="add_ln859/1 "/>
</bind>
</comp>

<comp id="125" class="1004" name="zext_ln859_1_fu_125">
<pin_list>
<pin id="126" dir="0" index="0" bw="14" slack="0"/>
<pin id="127" dir="1" index="1" bw="64" slack="0"/>
</pin_list>
<bind>
<opcode="zext(34) " fcode="zext"/>
<opset="zext_ln859_1/1 "/>
</bind>
</comp>

<comp id="130" class="1004" name="add_ln254_fu_130">
<pin_list>
<pin id="131" dir="0" index="0" bw="14" slack="0"/>
<pin id="132" dir="0" index="1" bw="3" slack="0"/>
<pin id="133" dir="1" index="2" bw="14" slack="1"/>
</pin_list>
<bind>
<opcode="add(8) " fcode="add"/>
<opset="add_ln254/1 "/>
</bind>
</comp>

<comp id="136" class="1004" name="store_ln253_store_fu_136">
<pin_list>
<pin id="137" dir="0" index="0" bw="3" slack="0"/>
<pin id="138" dir="0" index="1" bw="3" slack="0"/>
<pin id="139" dir="1" index="2" bw="0" slack="2147483647"/>
</pin_list>
<bind>
<opcode="store(28) " fcode="store"/>
<opset="store_ln253/1 "/>
</bind>
</comp>

<comp id="141" class="1004" name="zext_ln254_fu_141">
<pin_list>
<pin id="142" dir="0" index="0" bw="14" slack="1"/>
<pin id="143" dir="1" index="1" bw="64" slack="0"/>
</pin_list>
<bind>
<opcode="zext(34) " fcode="zext"/>
<opset="zext_ln254/2 "/>
</bind>
</comp>

<comp id="145" class="1004" name="add_ln859_1_fu_145">
<pin_list>
<pin id="146" dir="0" index="0" bw="80" slack="0"/>
<pin id="147" dir="0" index="1" bw="80" slack="0"/>
<pin id="148" dir="1" index="2" bw="80" slack="0"/>
</pin_list>
<bind>
<opcode="add(8) " fcode="add"/>
<opset="add_ln859_1/2 "/>
</bind>
</comp>

<comp id="152" class="1005" name="n_reg_152">
<pin_list>
<pin id="153" dir="0" index="0" bw="3" slack="0"/>
<pin id="154" dir="1" index="1" bw="3" slack="0"/>
</pin_list>
<bind>
<opset="n "/>
</bind>
</comp>

<comp id="162" class="1005" name="yy_loc_V_addr_reg_162">
<pin_list>
<pin id="163" dir="0" index="0" bw="14" slack="1"/>
<pin id="164" dir="1" index="1" bw="14" slack="1"/>
</pin_list>
<bind>
<opset="yy_loc_V_addr "/>
</bind>
</comp>

<comp id="167" class="1005" name="add_ln254_reg_167">
<pin_list>
<pin id="168" dir="0" index="0" bw="14" slack="1"/>
<pin id="169" dir="1" index="1" bw="14" slack="1"/>
</pin_list>
<bind>
<opset="add_ln254 "/>
</bind>
</comp>

<comp id="172" class="1005" name="c_V_addr_reg_172">
<pin_list>
<pin id="173" dir="0" index="0" bw="3" slack="1"/>
<pin id="174" dir="1" index="1" bw="3" slack="1"/>
</pin_list>
<bind>
<opset="c_V_addr "/>
</bind>
</comp>

</comp_list>

<net_list>
<net id="39"><net_src comp="8" pin="0"/><net_sink comp="36" pin=0"/></net>

<net id="44"><net_src comp="10" pin="0"/><net_sink comp="40" pin=0"/></net>

<net id="45"><net_src comp="4" pin="0"/><net_sink comp="40" pin=1"/></net>

<net id="50"><net_src comp="10" pin="0"/><net_sink comp="46" pin=0"/></net>

<net id="51"><net_src comp="0" pin="0"/><net_sink comp="46" pin=1"/></net>

<net id="57"><net_src comp="2" pin="0"/><net_sink comp="52" pin=0"/></net>

<net id="58"><net_src comp="30" pin="0"/><net_sink comp="52" pin=1"/></net>

<net id="68"><net_src comp="52" pin="3"/><net_sink comp="59" pin=2"/></net>

<net id="74"><net_src comp="6" pin="0"/><net_sink comp="69" pin=0"/></net>

<net id="75"><net_src comp="30" pin="0"/><net_sink comp="69" pin=1"/></net>

<net id="81"><net_src comp="69" pin="3"/><net_sink comp="76" pin=0"/></net>

<net id="87"><net_src comp="2" pin="0"/><net_sink comp="82" pin=0"/></net>

<net id="88"><net_src comp="30" pin="0"/><net_sink comp="82" pin=1"/></net>

<net id="89"><net_src comp="82" pin="3"/><net_sink comp="59" pin=0"/></net>

<net id="94"><net_src comp="12" pin="0"/><net_sink comp="90" pin=0"/></net>

<net id="102"><net_src comp="95" pin="1"/><net_sink comp="98" pin=0"/></net>

<net id="103"><net_src comp="22" pin="0"/><net_sink comp="98" pin=1"/></net>

<net id="108"><net_src comp="95" pin="1"/><net_sink comp="104" pin=0"/></net>

<net id="109"><net_src comp="28" pin="0"/><net_sink comp="104" pin=1"/></net>

<net id="113"><net_src comp="95" pin="1"/><net_sink comp="110" pin=0"/></net>

<net id="114"><net_src comp="110" pin="1"/><net_sink comp="69" pin=2"/></net>

<net id="118"><net_src comp="95" pin="1"/><net_sink comp="115" pin=0"/></net>

<net id="123"><net_src comp="46" pin="2"/><net_sink comp="119" pin=0"/></net>

<net id="124"><net_src comp="115" pin="1"/><net_sink comp="119" pin=1"/></net>

<net id="128"><net_src comp="119" pin="2"/><net_sink comp="125" pin=0"/></net>

<net id="129"><net_src comp="125" pin="1"/><net_sink comp="52" pin=2"/></net>

<net id="134"><net_src comp="40" pin="2"/><net_sink comp="130" pin=0"/></net>

<net id="135"><net_src comp="115" pin="1"/><net_sink comp="130" pin=1"/></net>

<net id="140"><net_src comp="104" pin="2"/><net_sink comp="136" pin=0"/></net>

<net id="144"><net_src comp="141" pin="1"/><net_sink comp="82" pin=2"/></net>

<net id="149"><net_src comp="76" pin="3"/><net_sink comp="145" pin=0"/></net>

<net id="150"><net_src comp="59" pin="7"/><net_sink comp="145" pin=1"/></net>

<net id="151"><net_src comp="145" pin="2"/><net_sink comp="59" pin=1"/></net>

<net id="155"><net_src comp="36" pin="1"/><net_sink comp="152" pin=0"/></net>

<net id="156"><net_src comp="152" pin="1"/><net_sink comp="90" pin=1"/></net>

<net id="157"><net_src comp="152" pin="1"/><net_sink comp="95" pin=0"/></net>

<net id="158"><net_src comp="152" pin="1"/><net_sink comp="136" pin=1"/></net>

<net id="165"><net_src comp="52" pin="3"/><net_sink comp="162" pin=0"/></net>

<net id="166"><net_src comp="162" pin="1"/><net_sink comp="59" pin=2"/></net>

<net id="170"><net_src comp="130" pin="2"/><net_sink comp="167" pin=0"/></net>

<net id="171"><net_src comp="167" pin="1"/><net_sink comp="141" pin=0"/></net>

<net id="175"><net_src comp="69" pin="3"/><net_sink comp="172" pin=0"/></net>

<net id="176"><net_src comp="172" pin="1"/><net_sink comp="76" pin=0"/></net>

</net_list>

</model> 
---------------- Datapath Model END ------------------

* FSMD analyzer results:
  - Output states:
	Port: yy_loc_V | {2 }
 - Input state : 
	Port: runge_kutta_45_Pipeline_update : sub_ln85941 | {1 }
	Port: runge_kutta_45_Pipeline_update : yy_loc_V | {1 2 }
	Port: runge_kutta_45_Pipeline_update : sub_ln254 | {1 }
	Port: runge_kutta_45_Pipeline_update : c_V | {1 2 }
  - Chain level:
	State 1
		store_ln0 : 1
		n_1 : 1
		icmp_ln253 : 2
		add_ln253 : 2
		br_ln253 : 3
		n_3_cast : 2
		zext_ln859 : 2
		add_ln859 : 3
		zext_ln859_1 : 4
		yy_loc_V_addr : 5
		add_ln254 : 3
		yy_loc_V_load : 6
		c_V_addr : 3
		c_V_load : 4
		store_ln253 : 3
	State 2
		yy_loc_V_addr_1 : 1
		add_ln859_1 : 1
		store_ln254 : 2


============================================================
+ Verbose Summary: Datapath Resource usage 
============================================================

* Functional unit list:
|----------|-----------------------------|---------|---------|
| Operation|       Functional Unit       |    FF   |   LUT   |
|----------|-----------------------------|---------|---------|
|          |       add_ln253_fu_104      |    0    |    11   |
|    add   |       add_ln859_fu_119      |    0    |    17   |
|          |       add_ln254_fu_130      |    0    |    17   |
|          |      add_ln859_1_fu_145     |    0    |    87   |
|----------|-----------------------------|---------|---------|
|   icmp   |       icmp_ln253_fu_98      |    0    |    8    |
|----------|-----------------------------|---------|---------|
|   read   |  sub_ln254_read_read_fu_40  |    0    |    0    |
|          | sub_ln85941_read_read_fu_46 |    0    |    0    |
|----------|-----------------------------|---------|---------|
|          |       n_3_cast_fu_110       |    0    |    0    |
|   zext   |      zext_ln859_fu_115      |    0    |    0    |
|          |     zext_ln859_1_fu_125     |    0    |    0    |
|          |      zext_ln254_fu_141      |    0    |    0    |
|----------|-----------------------------|---------|---------|
|   Total  |                             |    0    |   140   |
|----------|-----------------------------|---------|---------|

Memories:
N/A

* Register list:
+---------------------+--------+
|                     |   FF   |
+---------------------+--------+
|  add_ln254_reg_167  |   14   |
|   c_V_addr_reg_172  |    3   |
|      n_reg_152      |    3   |
|yy_loc_V_addr_reg_162|   14   |
+---------------------+--------+
|        Total        |   34   |
+---------------------+--------+

* Multiplexer (MUX) list: 
|------------------|------|------|------|--------||---------||---------|
|       Comp       |  Pin | Size |  BW  | S x BW ||  Delay  ||   LUT   |
|------------------|------|------|------|--------||---------||---------|
| grp_access_fu_59 |  p2  |   2  |   0  |    0   ||    9    |
| grp_access_fu_76 |  p0  |   2  |   3  |    6   ||    9    |
|------------------|------|------|------|--------||---------||---------|
|       Total      |      |      |      |    6   ||  3.176  ||    18   |
|------------------|------|------|------|--------||---------||---------|



* Summary:
+-----------+--------+--------+--------+
|           |  Delay |   FF   |   LUT  |
+-----------+--------+--------+--------+
|  Function |    -   |    0   |   140  |
|   Memory  |    -   |    -   |    -   |
|Multiplexer|    3   |    -   |   18   |
|  Register |    -   |   34   |    -   |
+-----------+--------+--------+--------+
|   Total   |    3   |   34   |   158  |
+-----------+--------+--------+--------+
