

================================================================
== Vitis HLS Report for 'runge_kutta_45_Pipeline_last_copy_y'
================================================================
* Date:           Mon May 22 17:32:30 2023

* Version:        2022.1 (Build 3526262 on Mon Apr 18 15:47:01 MDT 2022)
* Project:        rk45_vitis
* Solution:       solution1 (Vivado IP Flow Target)
* Product family: zynq
* Target device:  xc7z020-clg400-1


================================================================
== Performance Estimates
================================================================
+ Timing: 
    * Summary: 
    +--------+----------+-----------+------------+
    |  Clock |  Target  | Estimated | Uncertainty|
    +--------+----------+-----------+------------+
    |ap_clk  |  50.00 ns|  36.500 ns|    13.50 ns|
    +--------+----------+-----------+------------+

+ Latency: 
    * Summary: 
    +---------+---------+----------+----------+-----+-----+---------+
    |  Latency (cycles) |  Latency (absolute) |  Interval | Pipeline|
    |   min   |   max   |    min   |    max   | min | max |   Type  |
    +---------+---------+----------+----------+-----+-----+---------+
    |        ?|        ?|         ?|         ?|    ?|    ?|       no|
    +---------+---------+----------+----------+-----+-----+---------+

    + Detail: 
        * Instance: 
        N/A

        * Loop: 
        +---------------+---------+---------+----------+-----------+-----------+------+----------+
        |               |  Latency (cycles) | Iteration|  Initiation Interval  | Trip |          |
        |   Loop Name   |   min   |   max   |  Latency |  achieved |   target  | Count| Pipelined|
        +---------------+---------+---------+----------+-----------+-----------+------+----------+
        |- last_copy_y  |        ?|        ?|         8|          1|          1|     ?|       yes|
        +---------------+---------+---------+----------+-----------+-----------+------+----------+

============================================================
+ Verbose Summary: Synthesis Manager
============================================================
InlineROM: 1
ExposeGlobal: 0
============================================================
+ Verbose Summary: CDFG Model
============================================================
IsTopModel: 0
ResetActiveHigh: 1
IsCombinational: 0
IsDatapathOnly: 0
HasWiredReturn: 1
HasMFsm: 2
HasVarLatency: 1
IsPipeline: 0
IsRtlPipelined: 0
IsInstanceOverlapped: 0
IsDontTouch: 0
HasImplIP: 0
IsGatedGlobalClock: 0

+ Individual pipeline summary: 
  * Pipeline-0: initiation interval (II) = 1, depth = 8


============================================================
+ Verbose Summary: Schedule
============================================================
* Number of FSM states : 8
* Pipeline : 1
  Pipeline-0 : II = 1, D = 8, States = { 1 2 3 4 5 6 7 8 }
* Dataflow Pipeline: 0

* FSM state transitions: 
1 --> 2 
2 --> 3 
3 --> 4 
4 --> 5 
5 --> 6 
6 --> 7 
7 --> 8 
8 --> 

* FSM state operations: 

State 1 <SV = 0> <Delay = 5.30>
ST_1 : Operation 11 [1/1] (0.00ns)   --->   "%phi_ln277 = alloca i32 1"   --->   Operation 11 'alloca' 'phi_ln277' <Predicate = true> <Delay = 0.00>
ST_1 : Operation 12 [1/1] (0.00ns)   --->   "%i_5 = alloca i32 1"   --->   Operation 12 'alloca' 'i_5' <Predicate = true> <Delay = 0.00>
ST_1 : Operation 13 [1/1] (0.00ns)   --->   "%trunc_ln1_read = read i6 @_ssdm_op_Read.ap_auto.i6, i6 %trunc_ln1"   --->   Operation 13 'read' 'trunc_ln1_read' <Predicate = true> <Delay = 0.00>
ST_1 : Operation 14 [1/1] (0.00ns)   --->   "%zext_ln276_read = read i35 @_ssdm_op_Read.ap_auto.i35, i35 %zext_ln276"   --->   Operation 14 'read' 'zext_ln276_read' <Predicate = true> <Delay = 0.00>
ST_1 : Operation 15 [1/1] (0.00ns)   --->   "%yy_read = read i64 @_ssdm_op_Read.ap_auto.i64, i64 %yy"   --->   Operation 15 'read' 'yy_read' <Predicate = true> <Delay = 0.00>
ST_1 : Operation 16 [1/1] (0.00ns)   --->   "%mul366_read = read i32 @_ssdm_op_Read.ap_auto.i32, i32 %mul366"   --->   Operation 16 'read' 'mul366_read' <Predicate = true> <Delay = 0.00>
ST_1 : Operation 17 [1/1] (0.00ns)   --->   "%zext_ln276_cast = zext i35 %zext_ln276_read"   --->   Operation 17 'zext' 'zext_ln276_cast' <Predicate = true> <Delay = 0.00>
ST_1 : Operation 18 [1/1] (0.00ns)   --->   "%specinterface_ln0 = specinterface void @_ssdm_op_SpecInterface, i512 %X_BUS, void @empty_24, i32 0, i32 0, void @empty_15, i32 0, i32 12288, void @empty_12, void @empty, void @empty_15, i32 16, i32 16, i32 16, i32 16, void @empty_15, void @empty_15, i32 4294967295, i32 0"   --->   Operation 18 'specinterface' 'specinterface_ln0' <Predicate = true> <Delay = 0.00>
ST_1 : Operation 19 [1/1] (1.58ns)   --->   "%store_ln0 = store i32 0, i32 %i_5"   --->   Operation 19 'store' 'store_ln0' <Predicate = true> <Delay = 1.58>
ST_1 : Operation 20 [1/1] (1.58ns)   --->   "%store_ln0 = store i64 0, i64 %phi_ln277"   --->   Operation 20 'store' 'store_ln0' <Predicate = true> <Delay = 1.58>
ST_1 : Operation 21 [1/1] (0.00ns)   --->   "%br_ln0 = br void %for.body369"   --->   Operation 21 'br' 'br_ln0' <Predicate = true> <Delay = 0.00>
ST_1 : Operation 22 [1/1] (0.00ns)   --->   "%i = load i32 %i_5"   --->   Operation 22 'load' 'i' <Predicate = true> <Delay = 0.00>
ST_1 : Operation 23 [1/1] (0.00ns)   --->   "%specbitsmap_ln0 = specbitsmap void @_ssdm_op_SpecBitsMap, i512 %X_BUS"   --->   Operation 23 'specbitsmap' 'specbitsmap_ln0' <Predicate = true> <Delay = 0.00>
ST_1 : Operation 24 [1/1] (0.00ns)   --->   "%specpipeline_ln0 = specpipeline void @_ssdm_op_SpecPipeline, i32 4294967295, i32 0, i32 1, i32 0, void @p_str"   --->   Operation 24 'specpipeline' 'specpipeline_ln0' <Predicate = true> <Delay = 0.00>
ST_1 : Operation 25 [1/1] (2.47ns)   --->   "%icmp_ln276 = icmp_eq  i32 %i, i32 %mul366_read" [src/runge_kutta_45.cpp:276]   --->   Operation 25 'icmp' 'icmp_ln276' <Predicate = true> <Delay = 2.47> <CoreInst = "Cmp">   --->   Core 9 'Cmp' <Latency = 0> <II = 1> <Delay = 2.47> <FuncUnit> <Opcode : 'icmp'> <InPorts = 2> <OutPorts = 1>
ST_1 : Operation 26 [1/1] (2.55ns)   --->   "%add_ln276 = add i32 %i, i32 1" [src/runge_kutta_45.cpp:276]   --->   Operation 26 'add' 'add_ln276' <Predicate = true> <Delay = 2.55> <CoreInst = "Adder">   --->   Core 1 'Adder' <Latency = 0> <II = 1> <Delay = 2.55> <FuncUnit> <Opcode : 'add' 'sub'> <InPorts = 2> <OutPorts = 1>
ST_1 : Operation 27 [1/1] (0.00ns)   --->   "%br_ln276 = br i1 %icmp_ln276, void %for.body369.split_ifconv, void %last_copy_t.loopexit.exitStub" [src/runge_kutta_45.cpp:276]   --->   Operation 27 'br' 'br_ln276' <Predicate = true> <Delay = 0.00>
ST_1 : Operation 28 [1/1] (0.00ns)   --->   "%i_5_cast83 = zext i32 %i"   --->   Operation 28 'zext' 'i_5_cast83' <Predicate = (!icmp_ln276)> <Delay = 0.00>
ST_1 : Operation 29 [1/1] (0.00ns)   --->   "%yy_loc_V_addr_1 = getelementptr i80 %yy_loc_V, i64 0, i64 %i_5_cast83"   --->   Operation 29 'getelementptr' 'yy_loc_V_addr_1' <Predicate = (!icmp_ln276)> <Delay = 0.00>
ST_1 : Operation 30 [1/1] (0.00ns)   --->   "%empty = trunc i32 %i"   --->   Operation 30 'trunc' 'empty' <Predicate = (!icmp_ln276)> <Delay = 0.00>
ST_1 : Operation 31 [2/2] (3.25ns)   --->   "%p_Val2_s = load i14 %yy_loc_V_addr_1"   --->   Operation 31 'load' 'p_Val2_s' <Predicate = (!icmp_ln276)> <Delay = 3.25> <CoreInst = "RAM">   --->   Core 82 'RAM' <Latency = 1> <II = 1> <Delay = 3.25> <Storage> <Opcode : 'load' 'store'> <Ports = 2> <Width = 80> <Depth = 12288> <RAM>
ST_1 : Operation 32 [1/1] (0.00ns)   --->   "%br_ln277 = br i1 %empty, void %for.inc377._crit_edge, void" [src/runge_kutta_45.cpp:277]   --->   Operation 32 'br' 'br_ln277' <Predicate = (!icmp_ln276)> <Delay = 0.00>
ST_1 : Operation 33 [1/1] (0.00ns)   --->   "%tmp_4 = partselect i31 @_ssdm_op_PartSelect.i31.i32.i32.i32, i32 %i, i32 1, i32 31" [src/runge_kutta_45.cpp:277]   --->   Operation 33 'partselect' 'tmp_4' <Predicate = (!icmp_ln276 & empty)> <Delay = 0.00>
ST_1 : Operation 34 [1/1] (0.00ns)   --->   "%and_ln1 = bitconcatenate i35 @_ssdm_op_BitConcatenate.i35.i31.i4, i31 %tmp_4, i4 0" [src/runge_kutta_45.cpp:277]   --->   Operation 34 'bitconcatenate' 'and_ln1' <Predicate = (!icmp_ln276 & empty)> <Delay = 0.00>
ST_1 : Operation 35 [1/1] (0.00ns)   --->   "%zext_ln277 = zext i35 %and_ln1" [src/runge_kutta_45.cpp:277]   --->   Operation 35 'zext' 'zext_ln277' <Predicate = (!icmp_ln276 & empty)> <Delay = 0.00>
ST_1 : Operation 36 [1/1] (0.00ns)   --->   "%tmp_5 = partselect i2 @_ssdm_op_PartSelect.i2.i32.i32.i32, i32 %i, i32 1, i32 2" [src/runge_kutta_45.cpp:277]   --->   Operation 36 'partselect' 'tmp_5' <Predicate = (!icmp_ln276 & empty)> <Delay = 0.00>
ST_1 : Operation 37 [1/1] (0.00ns) (grouped into TernaryAdder)   --->   "%add_ln277_2 = add i64 %zext_ln277, i64 %yy_read" [src/runge_kutta_45.cpp:277]   --->   Operation 37 'add' 'add_ln277_2' <Predicate = (!icmp_ln276 & empty)> <Delay = 0.00> <CoreInst = "TAddSub">   --->   Core 10 'TAddSub' <Latency = 0> <II = 1> <Delay = 2.65> <IPBlock> <Opcode : 'add' 'sub'> <InPorts = 3> <OutPorts = 1> <Sync> <CReg>
ST_1 : Operation 38 [1/1] (5.30ns) (root node of TernaryAdder)   --->   "%add_ln277 = add i64 %add_ln277_2, i64 %zext_ln276_cast" [src/runge_kutta_45.cpp:277]   --->   Operation 38 'add' 'add_ln277' <Predicate = (!icmp_ln276 & empty)> <Delay = 5.30> <CoreInst = "TAddSub">   --->   Core 10 'TAddSub' <Latency = 0> <II = 1> <Delay = 2.65> <IPBlock> <Opcode : 'add' 'sub'> <InPorts = 3> <OutPorts = 1> <Sync> <CReg>
ST_1 : Operation 39 [1/1] (0.00ns)   --->   "%trunc_ln = partselect i58 @_ssdm_op_PartSelect.i58.i64.i32.i32, i64 %add_ln277, i32 6, i32 63" [src/runge_kutta_45.cpp:277]   --->   Operation 39 'partselect' 'trunc_ln' <Predicate = (!icmp_ln276 & empty)> <Delay = 0.00>
ST_1 : Operation 40 [1/1] (1.58ns)   --->   "%store_ln276 = store i32 %add_ln276, i32 %i_5" [src/runge_kutta_45.cpp:276]   --->   Operation 40 'store' 'store_ln276' <Predicate = (!icmp_ln276)> <Delay = 1.58>

State 2 <SV = 1> <Delay = 36.5>
ST_2 : Operation 41 [1/1] (0.00ns)   --->   "%phi_ln277_load = load i64 %phi_ln277" [src/runge_kutta_45.cpp:277]   --->   Operation 41 'load' 'phi_ln277_load' <Predicate = true> <Delay = 0.00>
ST_2 : Operation 42 [1/1] (0.00ns)   --->   "%specloopname_ln276 = specloopname void @_ssdm_op_SpecLoopName, void @empty_20" [src/runge_kutta_45.cpp:276]   --->   Operation 42 'specloopname' 'specloopname_ln276' <Predicate = true> <Delay = 0.00>
ST_2 : Operation 43 [1/2] (3.25ns)   --->   "%p_Val2_s = load i14 %yy_loc_V_addr_1"   --->   Operation 43 'load' 'p_Val2_s' <Predicate = true> <Delay = 3.25> <CoreInst = "RAM">   --->   Core 82 'RAM' <Latency = 1> <II = 1> <Delay = 3.25> <Storage> <Opcode : 'load' 'store'> <Ports = 2> <Width = 80> <Depth = 12288> <RAM>
ST_2 : Operation 44 [1/1] (2.95ns)   --->   "%icmp_ln1086 = icmp_eq  i80 %p_Val2_s, i80 0"   --->   Operation 44 'icmp' 'icmp_ln1086' <Predicate = true> <Delay = 2.95> <CoreInst = "Cmp">   --->   Core 9 'Cmp' <Latency = 0> <II = 1> <Delay = 2.95> <FuncUnit> <Opcode : 'icmp'> <InPorts = 2> <OutPorts = 1>
ST_2 : Operation 45 [1/1] (0.00ns)   --->   "%p_Result_10 = bitselect i1 @_ssdm_op_BitSelect.i1.i80.i32, i80 %p_Val2_s, i32 79"   --->   Operation 45 'bitselect' 'p_Result_10' <Predicate = true> <Delay = 0.00>
ST_2 : Operation 46 [1/1] (3.97ns)   --->   "%tmp_V = sub i80 0, i80 %p_Val2_s"   --->   Operation 46 'sub' 'tmp_V' <Predicate = true> <Delay = 3.97> <CoreInst = "Adder">   --->   Core 1 'Adder' <Latency = 0> <II = 1> <Delay = 3.97> <FuncUnit> <Opcode : 'add' 'sub'> <InPorts = 2> <OutPorts = 1>
ST_2 : Operation 47 [1/1] (1.04ns)   --->   "%tmp_V_2 = select i1 %p_Result_10, i80 %tmp_V, i80 %p_Val2_s"   --->   Operation 47 'select' 'tmp_V_2' <Predicate = true> <Delay = 1.04> <CoreInst = "Sel">   --->   Core 73 'Sel' <Latency = 0> <II = 1> <Delay = 1.04> <FuncUnit> <Opcode : 'select'> <InPorts = 3> <OutPorts = 1>
ST_2 : Operation 48 [1/1] (0.00ns)   --->   "%t = partselect i64 @_ssdm_op_PartSelect.i64.i80.i32.i32, i80 %tmp_V_2, i32 16, i32 79"   --->   Operation 48 'partselect' 't' <Predicate = true> <Delay = 0.00>
ST_2 : Operation 49 [1/1] (0.00ns)   --->   "%tmp_s = ctlz i64 @llvm.ctlz.i64, i64 %t, i1 1"   --->   Operation 49 'ctlz' 'tmp_s' <Predicate = true> <Delay = 0.00>
ST_2 : Operation 50 [1/1] (0.00ns)   --->   "%NZeros = trunc i64 %tmp_s"   --->   Operation 50 'trunc' 'NZeros' <Predicate = true> <Delay = 0.00>
ST_2 : Operation 51 [1/1] (2.77ns)   --->   "%hitNonZero = icmp_eq  i64 %t, i64 0"   --->   Operation 51 'icmp' 'hitNonZero' <Predicate = true> <Delay = 2.77> <CoreInst = "Cmp">   --->   Core 9 'Cmp' <Latency = 0> <II = 1> <Delay = 2.77> <FuncUnit> <Opcode : 'icmp'> <InPorts = 2> <OutPorts = 1>
ST_2 : Operation 52 [1/1] (0.00ns)   --->   "%trunc_ln1267 = trunc i80 %tmp_V_2"   --->   Operation 52 'trunc' 'trunc_ln1267' <Predicate = true> <Delay = 0.00>
ST_2 : Operation 53 [1/1] (0.00ns)   --->   "%p_Result_11 = bitconcatenate i64 @_ssdm_op_BitConcatenate.i64.i16.i48, i16 %trunc_ln1267, i48 281474976710655"   --->   Operation 53 'bitconcatenate' 'p_Result_11' <Predicate = true> <Delay = 0.00>
ST_2 : Operation 54 [1/1] (0.00ns)   --->   "%tmp_3 = ctlz i64 @llvm.ctlz.i64, i64 %p_Result_11, i1 1"   --->   Operation 54 'ctlz' 'tmp_3' <Predicate = true> <Delay = 0.00>
ST_2 : Operation 55 [1/1] (0.00ns)   --->   "%trunc_ln1269 = trunc i64 %tmp_3"   --->   Operation 55 'trunc' 'trunc_ln1269' <Predicate = true> <Delay = 0.00>
ST_2 : Operation 56 [1/1] (2.55ns)   --->   "%NZeros_1 = add i32 %trunc_ln1269, i32 %NZeros"   --->   Operation 56 'add' 'NZeros_1' <Predicate = true> <Delay = 2.55> <CoreInst = "Adder">   --->   Core 1 'Adder' <Latency = 0> <II = 1> <Delay = 2.55> <FuncUnit> <Opcode : 'add' 'sub'> <InPorts = 2> <OutPorts = 1>
ST_2 : Operation 57 [1/1] (0.69ns)   --->   "%NZeros_3 = select i1 %hitNonZero, i32 %NZeros_1, i32 %NZeros"   --->   Operation 57 'select' 'NZeros_3' <Predicate = true> <Delay = 0.69> <CoreInst = "Sel">   --->   Core 73 'Sel' <Latency = 0> <II = 1> <Delay = 0.69> <FuncUnit> <Opcode : 'select'> <InPorts = 3> <OutPorts = 1>
ST_2 : Operation 58 [1/1] (2.55ns)   --->   "%sub_ln1095 = sub i32 80, i32 %NZeros_3"   --->   Operation 58 'sub' 'sub_ln1095' <Predicate = true> <Delay = 2.55> <CoreInst = "Adder">   --->   Core 1 'Adder' <Latency = 0> <II = 1> <Delay = 2.55> <FuncUnit> <Opcode : 'add' 'sub'> <InPorts = 2> <OutPorts = 1>
ST_2 : Operation 59 [1/1] (2.55ns)   --->   "%lsb_index = add i32 %sub_ln1095, i32 4294967243"   --->   Operation 59 'add' 'lsb_index' <Predicate = true> <Delay = 2.55> <CoreInst = "Adder">   --->   Core 1 'Adder' <Latency = 0> <II = 1> <Delay = 2.55> <FuncUnit> <Opcode : 'add' 'sub'> <InPorts = 2> <OutPorts = 1>
ST_2 : Operation 60 [1/1] (0.00ns)   --->   "%tmp = partselect i31 @_ssdm_op_PartSelect.i31.i32.i32.i32, i32 %lsb_index, i32 1, i32 31"   --->   Operation 60 'partselect' 'tmp' <Predicate = true> <Delay = 0.00>
ST_2 : Operation 61 [1/1] (2.47ns)   --->   "%icmp_ln1097 = icmp_sgt  i31 %tmp, i31 0"   --->   Operation 61 'icmp' 'icmp_ln1097' <Predicate = true> <Delay = 2.47> <CoreInst = "Cmp">   --->   Core 9 'Cmp' <Latency = 0> <II = 1> <Delay = 2.47> <FuncUnit> <Opcode : 'icmp'> <InPorts = 2> <OutPorts = 1>
ST_2 : Operation 62 [1/1] (0.00ns)   --->   "%trunc_ln1098 = trunc i32 %sub_ln1095"   --->   Operation 62 'trunc' 'trunc_ln1098' <Predicate = true> <Delay = 0.00>
ST_2 : Operation 63 [1/1] (1.87ns)   --->   "%sub_ln1098 = sub i7 6, i7 %trunc_ln1098"   --->   Operation 63 'sub' 'sub_ln1098' <Predicate = true> <Delay = 1.87> <CoreInst = "Adder">   --->   Core 1 'Adder' <Latency = 0> <II = 1> <Delay = 1.87> <FuncUnit> <Opcode : 'add' 'sub'> <InPorts = 2> <OutPorts = 1>
ST_2 : Operation 64 [1/1] (0.00ns) (grouped into LUT with out node icmp_ln1098)   --->   "%zext_ln1098 = zext i7 %sub_ln1098"   --->   Operation 64 'zext' 'zext_ln1098' <Predicate = true> <Delay = 0.00>
ST_2 : Operation 65 [1/1] (0.00ns) (grouped into LUT with out node icmp_ln1098)   --->   "%lshr_ln1098 = lshr i80 1208925819614629174706175, i80 %zext_ln1098"   --->   Operation 65 'lshr' 'lshr_ln1098' <Predicate = true> <Delay = 0.00> <CoreInst = "Shifter">   --->   Core 75 'Shifter' <Latency = 0> <II = 1> <Delay = 3.04> <FuncUnit> <Opcode : 'shl' 'lshr' 'ashr'> <InPorts = 2> <OutPorts = 1>
ST_2 : Operation 66 [1/1] (0.00ns) (grouped into LUT with out node icmp_ln1098)   --->   "%p_Result_s = and i80 %tmp_V_2, i80 %lshr_ln1098"   --->   Operation 66 'and' 'p_Result_s' <Predicate = true> <Delay = 0.00> <CoreInst = "LogicGate">   --->   Core 74 'LogicGate' <Latency = 0> <II = 1> <Delay = 0.99> <FuncUnit> <Opcode : 'and' 'or' 'xor'> <InPorts = 2> <OutPorts = 1>
ST_2 : Operation 67 [1/1] (3.04ns) (out node of the LUT)   --->   "%icmp_ln1098 = icmp_ne  i80 %p_Result_s, i80 0"   --->   Operation 67 'icmp' 'icmp_ln1098' <Predicate = true> <Delay = 3.04> <CoreInst = "Cmp">   --->   Core 9 'Cmp' <Latency = 0> <II = 1> <Delay = 2.95> <FuncUnit> <Opcode : 'icmp'> <InPorts = 2> <OutPorts = 1>
ST_2 : Operation 68 [1/1] (0.00ns) (grouped into LUT with out node or_ln)   --->   "%a = and i1 %icmp_ln1097, i1 %icmp_ln1098"   --->   Operation 68 'and' 'a' <Predicate = true> <Delay = 0.00> <CoreInst = "LogicGate">   --->   Core 74 'LogicGate' <Latency = 0> <II = 1> <Delay = 0.97> <FuncUnit> <Opcode : 'and' 'or' 'xor'> <InPorts = 2> <OutPorts = 1>
ST_2 : Operation 69 [1/1] (0.00ns) (grouped into LUT with out node or_ln)   --->   "%tmp_1 = bitselect i1 @_ssdm_op_BitSelect.i1.i32.i32, i32 %lsb_index, i32 31"   --->   Operation 69 'bitselect' 'tmp_1' <Predicate = true> <Delay = 0.00>
ST_2 : Operation 70 [1/1] (0.00ns) (grouped into LUT with out node or_ln)   --->   "%xor_ln1100 = xor i1 %tmp_1, i1 1"   --->   Operation 70 'xor' 'xor_ln1100' <Predicate = true> <Delay = 0.00> <CoreInst = "LogicGate">   --->   Core 74 'LogicGate' <Latency = 0> <II = 1> <Delay = 0.97> <FuncUnit> <Opcode : 'and' 'or' 'xor'> <InPorts = 2> <OutPorts = 1>
ST_2 : Operation 71 [1/1] (0.00ns) (grouped into LUT with out node or_ln)   --->   "%p_Result_7 = bitselect i1 @_ssdm_op_BitSelect.i1.i80.i32, i80 %tmp_V_2, i32 %lsb_index"   --->   Operation 71 'bitselect' 'p_Result_7' <Predicate = true> <Delay = 0.00>
ST_2 : Operation 72 [1/1] (0.00ns) (grouped into LUT with out node or_ln)   --->   "%and_ln1100 = and i1 %p_Result_7, i1 %xor_ln1100"   --->   Operation 72 'and' 'and_ln1100' <Predicate = true> <Delay = 0.00> <CoreInst = "LogicGate">   --->   Core 74 'LogicGate' <Latency = 0> <II = 1> <Delay = 0.97> <FuncUnit> <Opcode : 'and' 'or' 'xor'> <InPorts = 2> <OutPorts = 1>
ST_2 : Operation 73 [1/1] (0.00ns) (grouped into LUT with out node or_ln)   --->   "%or_ln1100 = or i1 %and_ln1100, i1 %a"   --->   Operation 73 'or' 'or_ln1100' <Predicate = true> <Delay = 0.00> <CoreInst = "LogicGate">   --->   Core 74 'LogicGate' <Latency = 0> <II = 1> <Delay = 0.97> <FuncUnit> <Opcode : 'and' 'or' 'xor'> <InPorts = 2> <OutPorts = 1>
ST_2 : Operation 74 [1/1] (0.97ns) (out node of the LUT)   --->   "%or_ln = bitconcatenate i2 @_ssdm_op_BitConcatenate.i2.i1.i1, i1 0, i1 %or_ln1100"   --->   Operation 74 'bitconcatenate' 'or_ln' <Predicate = true> <Delay = 0.97>
ST_2 : Operation 75 [1/1] (2.47ns)   --->   "%icmp_ln1105 = icmp_sgt  i32 %lsb_index, i32 0"   --->   Operation 75 'icmp' 'icmp_ln1105' <Predicate = true> <Delay = 2.47> <CoreInst = "Cmp">   --->   Core 9 'Cmp' <Latency = 0> <II = 1> <Delay = 2.47> <FuncUnit> <Opcode : 'icmp'> <InPorts = 2> <OutPorts = 1>
ST_2 : Operation 76 [1/1] (2.55ns)   --->   "%add_ln1105 = add i32 %sub_ln1095, i32 4294967242"   --->   Operation 76 'add' 'add_ln1105' <Predicate = true> <Delay = 2.55> <CoreInst = "Adder">   --->   Core 1 'Adder' <Latency = 0> <II = 1> <Delay = 2.55> <FuncUnit> <Opcode : 'add' 'sub'> <InPorts = 2> <OutPorts = 1>
ST_2 : Operation 77 [1/1] (0.00ns) (grouped into LUT with out node m_1)   --->   "%zext_ln1105 = zext i32 %add_ln1105"   --->   Operation 77 'zext' 'zext_ln1105' <Predicate = true> <Delay = 0.00>
ST_2 : Operation 78 [1/1] (0.00ns) (grouped into LUT with out node m_1)   --->   "%lshr_ln1105 = lshr i80 %tmp_V_2, i80 %zext_ln1105"   --->   Operation 78 'lshr' 'lshr_ln1105' <Predicate = true> <Delay = 0.00> <CoreInst = "Shifter">   --->   Core 75 'Shifter' <Latency = 0> <II = 1> <Delay = 4.65> <FuncUnit> <Opcode : 'shl' 'lshr' 'ashr'> <InPorts = 2> <OutPorts = 1>
ST_2 : Operation 79 [1/1] (2.55ns)   --->   "%sub_ln1106 = sub i32 54, i32 %sub_ln1095"   --->   Operation 79 'sub' 'sub_ln1106' <Predicate = true> <Delay = 2.55> <CoreInst = "Adder">   --->   Core 1 'Adder' <Latency = 0> <II = 1> <Delay = 2.55> <FuncUnit> <Opcode : 'add' 'sub'> <InPorts = 2> <OutPorts = 1>
ST_2 : Operation 80 [1/1] (0.00ns) (grouped into LUT with out node m_1)   --->   "%zext_ln1106 = zext i32 %sub_ln1106"   --->   Operation 80 'zext' 'zext_ln1106' <Predicate = true> <Delay = 0.00>
ST_2 : Operation 81 [1/1] (0.00ns) (grouped into LUT with out node m_1)   --->   "%shl_ln1106 = shl i80 %tmp_V_2, i80 %zext_ln1106"   --->   Operation 81 'shl' 'shl_ln1106' <Predicate = true> <Delay = 0.00> <CoreInst = "Shifter">   --->   Core 75 'Shifter' <Latency = 0> <II = 1> <Delay = 4.65> <FuncUnit> <Opcode : 'shl' 'lshr' 'ashr'> <InPorts = 2> <OutPorts = 1>
ST_2 : Operation 82 [1/1] (0.00ns) (grouped into LUT with out node m_1)   --->   "%trunc_ln1106 = trunc i80 %lshr_ln1105"   --->   Operation 82 'trunc' 'trunc_ln1106' <Predicate = true> <Delay = 0.00>
ST_2 : Operation 83 [1/1] (0.00ns) (grouped into LUT with out node m_1)   --->   "%trunc_ln1106_1 = trunc i80 %shl_ln1106"   --->   Operation 83 'trunc' 'trunc_ln1106_1' <Predicate = true> <Delay = 0.00>
ST_2 : Operation 84 [1/1] (0.00ns) (grouped into LUT with out node m_1)   --->   "%m = select i1 %icmp_ln1105, i64 %trunc_ln1106, i64 %trunc_ln1106_1"   --->   Operation 84 'select' 'm' <Predicate = true> <Delay = 0.00> <CoreInst = "Sel">   --->   Core 73 'Sel' <Latency = 0> <II = 1> <Delay = 1.48> <FuncUnit> <Opcode : 'select'> <InPorts = 3> <OutPorts = 1>
ST_2 : Operation 85 [1/1] (0.00ns) (grouped into LUT with out node m_1)   --->   "%zext_ln1112 = zext i2 %or_ln"   --->   Operation 85 'zext' 'zext_ln1112' <Predicate = true> <Delay = 0.00>
ST_2 : Operation 86 [1/1] (4.65ns) (out node of the LUT)   --->   "%m_1 = add i64 %m, i64 %zext_ln1112"   --->   Operation 86 'add' 'm_1' <Predicate = true> <Delay = 4.65> <CoreInst = "Adder">   --->   Core 1 'Adder' <Latency = 0> <II = 1> <Delay = 3.52> <FuncUnit> <Opcode : 'add' 'sub'> <InPorts = 2> <OutPorts = 1>
ST_2 : Operation 87 [1/1] (0.00ns)   --->   "%m_4 = partselect i63 @_ssdm_op_PartSelect.i63.i64.i32.i32, i64 %m_1, i32 1, i32 63"   --->   Operation 87 'partselect' 'm_4' <Predicate = true> <Delay = 0.00>
ST_2 : Operation 88 [1/1] (0.00ns)   --->   "%zext_ln1113 = zext i63 %m_4"   --->   Operation 88 'zext' 'zext_ln1113' <Predicate = true> <Delay = 0.00>
ST_2 : Operation 89 [1/1] (0.00ns)   --->   "%p_Result_8 = bitselect i1 @_ssdm_op_BitSelect.i1.i64.i32, i64 %m_1, i32 54"   --->   Operation 89 'bitselect' 'p_Result_8' <Predicate = true> <Delay = 0.00>
ST_2 : Operation 90 [1/1] (0.69ns)   --->   "%select_ln1094 = select i1 %p_Result_8, i11 1023, i11 1022"   --->   Operation 90 'select' 'select_ln1094' <Predicate = true> <Delay = 0.69> <CoreInst = "Sel">   --->   Core 73 'Sel' <Latency = 0> <II = 1> <Delay = 0.69> <FuncUnit> <Opcode : 'select'> <InPorts = 3> <OutPorts = 1>
ST_2 : Operation 91 [1/1] (0.00ns)   --->   "%trunc_ln1094 = trunc i32 %NZeros_3"   --->   Operation 91 'trunc' 'trunc_ln1094' <Predicate = true> <Delay = 0.00>
ST_2 : Operation 92 [1/1] (0.00ns) (grouped into TernaryAdder)   --->   "%sub_ln1116 = sub i11 20, i11 %trunc_ln1094"   --->   Operation 92 'sub' 'sub_ln1116' <Predicate = true> <Delay = 0.00> <CoreInst = "TAddSub">   --->   Core 10 'TAddSub' <Latency = 0> <II = 1> <Delay = 2.65> <IPBlock> <Opcode : 'add' 'sub'> <InPorts = 3> <OutPorts = 1> <Sync> <CReg>
ST_2 : Operation 93 [1/1] (3.75ns) (root node of TernaryAdder)   --->   "%add_ln1122 = add i11 %sub_ln1116, i11 %select_ln1094"   --->   Operation 93 'add' 'add_ln1122' <Predicate = true> <Delay = 3.75> <CoreInst = "TAddSub">   --->   Core 10 'TAddSub' <Latency = 0> <II = 1> <Delay = 2.65> <IPBlock> <Opcode : 'add' 'sub'> <InPorts = 3> <OutPorts = 1> <Sync> <CReg>
ST_2 : Operation 94 [1/1] (0.00ns)   --->   "%tmp_2 = bitconcatenate i12 @_ssdm_op_BitConcatenate.i12.i1.i11, i1 %p_Result_10, i11 %add_ln1122"   --->   Operation 94 'bitconcatenate' 'tmp_2' <Predicate = true> <Delay = 0.00>
ST_2 : Operation 95 [1/1] (0.00ns)   --->   "%p_Result_12 = partset i64 @_ssdm_op_PartSet.i64.i64.i12.i32.i32, i64 %zext_ln1113, i12 %tmp_2, i32 52, i32 63"   --->   Operation 95 'partset' 'p_Result_12' <Predicate = true> <Delay = 0.00>
ST_2 : Operation 96 [1/1] (1.48ns)   --->   "%select_ln1086 = select i1 %icmp_ln1086, i64 0, i64 %p_Result_12"   --->   Operation 96 'select' 'select_ln1086' <Predicate = true> <Delay = 1.48> <CoreInst = "Sel">   --->   Core 73 'Sel' <Latency = 0> <II = 1> <Delay = 1.48> <FuncUnit> <Opcode : 'select'> <InPorts = 3> <OutPorts = 1>
ST_2 : Operation 97 [1/1] (0.00ns)   --->   "%or_ln1 = bitconcatenate i128 @_ssdm_op_BitConcatenate.i128.i64.i64, i64 %select_ln1086, i64 %phi_ln277_load" [src/runge_kutta_45.cpp:277]   --->   Operation 97 'bitconcatenate' 'or_ln1' <Predicate = true> <Delay = 0.00>
ST_2 : Operation 98 [1/1] (0.00ns)   --->   "%and_ln277_1 = bitconcatenate i6 @_ssdm_op_BitConcatenate.i6.i2.i4, i2 %tmp_5, i4 0" [src/runge_kutta_45.cpp:277]   --->   Operation 98 'bitconcatenate' 'and_ln277_1' <Predicate = (empty)> <Delay = 0.00>
ST_2 : Operation 99 [1/1] (0.00ns)   --->   "%zext_ln277_1 = zext i128 %or_ln1" [src/runge_kutta_45.cpp:277]   --->   Operation 99 'zext' 'zext_ln277_1' <Predicate = (empty)> <Delay = 0.00>
ST_2 : Operation 100 [1/1] (1.82ns)   --->   "%add_ln277_1 = add i6 %trunc_ln1_read, i6 %and_ln277_1" [src/runge_kutta_45.cpp:277]   --->   Operation 100 'add' 'add_ln277_1' <Predicate = (empty)> <Delay = 1.82> <CoreInst = "Adder">   --->   Core 1 'Adder' <Latency = 0> <II = 1> <Delay = 1.82> <FuncUnit> <Opcode : 'add' 'sub'> <InPorts = 2> <OutPorts = 1>
ST_2 : Operation 101 [1/1] (0.00ns)   --->   "%zext_ln277_2 = zext i6 %add_ln277_1" [src/runge_kutta_45.cpp:277]   --->   Operation 101 'zext' 'zext_ln277_2' <Predicate = (empty)> <Delay = 0.00>
ST_2 : Operation 102 [1/1] (4.01ns)   --->   "%shl_ln277 = shl i64 65535, i64 %zext_ln277_2" [src/runge_kutta_45.cpp:277]   --->   Operation 102 'shl' 'shl_ln277' <Predicate = (empty)> <Delay = 4.01> <CoreInst = "Shifter">   --->   Core 75 'Shifter' <Latency = 0> <II = 1> <Delay = 4.01> <FuncUnit> <Opcode : 'shl' 'lshr' 'ashr'> <InPorts = 2> <OutPorts = 1>
ST_2 : Operation 103 [1/1] (0.00ns)   --->   "%shl_ln277_2 = bitconcatenate i9 @_ssdm_op_BitConcatenate.i9.i6.i3, i6 %add_ln277_1, i3 0" [src/runge_kutta_45.cpp:277]   --->   Operation 103 'bitconcatenate' 'shl_ln277_2' <Predicate = (empty)> <Delay = 0.00>
ST_2 : Operation 104 [1/1] (0.00ns)   --->   "%zext_ln277_3 = zext i9 %shl_ln277_2" [src/runge_kutta_45.cpp:277]   --->   Operation 104 'zext' 'zext_ln277_3' <Predicate = (empty)> <Delay = 0.00>
ST_2 : Operation 105 [1/1] (4.89ns)   --->   "%shl_ln277_1 = shl i512 %zext_ln277_1, i512 %zext_ln277_3" [src/runge_kutta_45.cpp:277]   --->   Operation 105 'shl' 'shl_ln277_1' <Predicate = (empty)> <Delay = 4.89> <CoreInst = "Shifter">   --->   Core 75 'Shifter' <Latency = 0> <II = 1> <Delay = 4.89> <FuncUnit> <Opcode : 'shl' 'lshr' 'ashr'> <InPorts = 2> <OutPorts = 1>
ST_2 : Operation 106 [1/1] (0.00ns)   --->   "%sext_ln277 = sext i58 %trunc_ln" [src/runge_kutta_45.cpp:277]   --->   Operation 106 'sext' 'sext_ln277' <Predicate = (empty)> <Delay = 0.00>
ST_2 : Operation 107 [1/1] (0.00ns)   --->   "%X_BUS_addr = getelementptr i512 %X_BUS, i64 %sext_ln277" [src/runge_kutta_45.cpp:277]   --->   Operation 107 'getelementptr' 'X_BUS_addr' <Predicate = (empty)> <Delay = 0.00>
ST_2 : Operation 108 [1/1] (36.5ns)   --->   "%empty_61 = writereq i1 @_ssdm_op_WriteReq.m_axi.p1i512, i512 %X_BUS_addr, i32 1" [src/runge_kutta_45.cpp:277]   --->   Operation 108 'writereq' 'empty_61' <Predicate = (empty)> <Delay = 36.5> <CoreInst = "m_axi">   --->   Core 113 'm_axi' <Latency = 0> <II = 1> <Delay = 1.00> <Adapter> <Opcode : 'read' 'write' 'readreq' 'writereq' 'writeresp'>
ST_2 : Operation 109 [1/1] (1.48ns)   --->   "%select_ln276 = select i1 %empty, i64 0, i64 %select_ln1086" [src/runge_kutta_45.cpp:276]   --->   Operation 109 'select' 'select_ln276' <Predicate = true> <Delay = 1.48> <CoreInst = "Sel">   --->   Core 73 'Sel' <Latency = 0> <II = 1> <Delay = 1.48> <FuncUnit> <Opcode : 'select'> <InPorts = 3> <OutPorts = 1>
ST_2 : Operation 110 [1/1] (1.58ns)   --->   "%store_ln276 = store i64 %select_ln276, i64 %phi_ln277" [src/runge_kutta_45.cpp:276]   --->   Operation 110 'store' 'store_ln276' <Predicate = true> <Delay = 1.58>
ST_2 : Operation 111 [1/1] (0.00ns)   --->   "%br_ln276 = br void %for.body369" [src/runge_kutta_45.cpp:276]   --->   Operation 111 'br' 'br_ln276' <Predicate = true> <Delay = 0.00>

State 3 <SV = 2> <Delay = 36.5>
ST_3 : Operation 112 [1/1] (36.5ns)   --->   "%write_ln277 = write void @_ssdm_op_Write.m_axi.p1i512, i512 %X_BUS_addr, i512 %shl_ln277_1, i64 %shl_ln277" [src/runge_kutta_45.cpp:277]   --->   Operation 112 'write' 'write_ln277' <Predicate = (empty)> <Delay = 36.5> <CoreInst = "m_axi">   --->   Core 113 'm_axi' <Latency = 0> <II = 1> <Delay = 1.00> <Adapter> <Opcode : 'read' 'write' 'readreq' 'writereq' 'writeresp'>

State 4 <SV = 3> <Delay = 36.5>
ST_4 : Operation 113 [5/5] (36.5ns)   --->   "%empty_62 = writeresp i1 @_ssdm_op_WriteResp.m_axi.p1i512, i512 %X_BUS_addr" [src/runge_kutta_45.cpp:277]   --->   Operation 113 'writeresp' 'empty_62' <Predicate = (empty)> <Delay = 36.5> <CoreInst = "m_axi">   --->   Core 113 'm_axi' <Latency = 0> <II = 1> <Delay = 1.00> <Adapter> <Opcode : 'read' 'write' 'readreq' 'writereq' 'writeresp'>

State 5 <SV = 4> <Delay = 36.5>
ST_5 : Operation 114 [4/5] (36.5ns)   --->   "%empty_62 = writeresp i1 @_ssdm_op_WriteResp.m_axi.p1i512, i512 %X_BUS_addr" [src/runge_kutta_45.cpp:277]   --->   Operation 114 'writeresp' 'empty_62' <Predicate = (empty)> <Delay = 36.5> <CoreInst = "m_axi">   --->   Core 113 'm_axi' <Latency = 0> <II = 1> <Delay = 1.00> <Adapter> <Opcode : 'read' 'write' 'readreq' 'writereq' 'writeresp'>

State 6 <SV = 5> <Delay = 36.5>
ST_6 : Operation 115 [3/5] (36.5ns)   --->   "%empty_62 = writeresp i1 @_ssdm_op_WriteResp.m_axi.p1i512, i512 %X_BUS_addr" [src/runge_kutta_45.cpp:277]   --->   Operation 115 'writeresp' 'empty_62' <Predicate = (empty)> <Delay = 36.5> <CoreInst = "m_axi">   --->   Core 113 'm_axi' <Latency = 0> <II = 1> <Delay = 1.00> <Adapter> <Opcode : 'read' 'write' 'readreq' 'writereq' 'writeresp'>

State 7 <SV = 6> <Delay = 36.5>
ST_7 : Operation 116 [2/5] (36.5ns)   --->   "%empty_62 = writeresp i1 @_ssdm_op_WriteResp.m_axi.p1i512, i512 %X_BUS_addr" [src/runge_kutta_45.cpp:277]   --->   Operation 116 'writeresp' 'empty_62' <Predicate = (empty)> <Delay = 36.5> <CoreInst = "m_axi">   --->   Core 113 'm_axi' <Latency = 0> <II = 1> <Delay = 1.00> <Adapter> <Opcode : 'read' 'write' 'readreq' 'writereq' 'writeresp'>
ST_7 : Operation 119 [1/1] (0.00ns)   --->   "%ret_ln0 = ret"   --->   Operation 119 'ret' 'ret_ln0' <Predicate = (icmp_ln276)> <Delay = 0.00>

State 8 <SV = 7> <Delay = 36.5>
ST_8 : Operation 117 [1/5] (36.5ns)   --->   "%empty_62 = writeresp i1 @_ssdm_op_WriteResp.m_axi.p1i512, i512 %X_BUS_addr" [src/runge_kutta_45.cpp:277]   --->   Operation 117 'writeresp' 'empty_62' <Predicate = (empty)> <Delay = 36.5> <CoreInst = "m_axi">   --->   Core 113 'm_axi' <Latency = 0> <II = 1> <Delay = 1.00> <Adapter> <Opcode : 'read' 'write' 'readreq' 'writereq' 'writeresp'>
ST_8 : Operation 118 [1/1] (0.00ns)   --->   "%br_ln277 = br void %for.inc377._crit_edge" [src/runge_kutta_45.cpp:277]   --->   Operation 118 'br' 'br_ln277' <Predicate = (empty)> <Delay = 0.00>


============================================================
+ Verbose Summary: Timing violations
============================================================
Target clock period: 50ns, clock uncertainty: 13.5ns.

 <State 1>: 5.31ns
The critical path consists of the following:
	'alloca' operation ('i') [8]  (0 ns)
	'load' operation ('i') on local variable 'i' [19]  (0 ns)
	'add' operation ('add_ln277_2', src/runge_kutta_45.cpp:277) [93]  (0 ns)
	'add' operation ('add_ln277', src/runge_kutta_45.cpp:277) [94]  (5.31 ns)

 <State 2>: 36.5ns
The critical path consists of the following:
	'getelementptr' operation ('X_BUS_addr', src/runge_kutta_45.cpp:277) [104]  (0 ns)
	bus request operation ('empty_61', src/runge_kutta_45.cpp:277) on port 'X_BUS' (src/runge_kutta_45.cpp:277) [105]  (36.5 ns)

 <State 3>: 36.5ns
The critical path consists of the following:
	bus write operation ('write_ln277', src/runge_kutta_45.cpp:277) on port 'X_BUS' (src/runge_kutta_45.cpp:277) [106]  (36.5 ns)

 <State 4>: 36.5ns
The critical path consists of the following:
	bus response operation ('empty_62', src/runge_kutta_45.cpp:277) on port 'X_BUS' (src/runge_kutta_45.cpp:277) [107]  (36.5 ns)

 <State 5>: 36.5ns
The critical path consists of the following:
	bus response operation ('empty_62', src/runge_kutta_45.cpp:277) on port 'X_BUS' (src/runge_kutta_45.cpp:277) [107]  (36.5 ns)

 <State 6>: 36.5ns
The critical path consists of the following:
	bus response operation ('empty_62', src/runge_kutta_45.cpp:277) on port 'X_BUS' (src/runge_kutta_45.cpp:277) [107]  (36.5 ns)

 <State 7>: 36.5ns
The critical path consists of the following:
	bus response operation ('empty_62', src/runge_kutta_45.cpp:277) on port 'X_BUS' (src/runge_kutta_45.cpp:277) [107]  (36.5 ns)

 <State 8>: 36.5ns
The critical path consists of the following:
	bus response operation ('empty_62', src/runge_kutta_45.cpp:277) on port 'X_BUS' (src/runge_kutta_45.cpp:277) [107]  (36.5 ns)


============================================================
+ Verbose Summary: Binding
============================================================
N/A
* FSMD analyzer results:
  - Output states:
 - Input state : 
  - Chain level:
	State 1
	State 2
	State 3
	State 4
	State 5
	State 6
	State 7
	State 8


============================================================
+ Verbose Summary: Datapath Resource usage 
============================================================
N/A
