

================================================================
== Vitis HLS Report for 'runge_kutta_45_Pipeline_VITIS_LOOP_179_2'
================================================================
* Date:           Tue Jun 13 00:34:30 2023

* Version:        2022.1 (Build 3526262 on Mon Apr 18 15:47:01 MDT 2022)
* Project:        rk45_vitis
* Solution:       solution1 (Vivado IP Flow Target)
* Product family: zynq
* Target device:  xc7z020-clg400-1


================================================================
== Performance Estimates
================================================================
+ Timing: 
    * Summary: 
    +--------+----------+-----------+------------+
    |  Clock |  Target  | Estimated | Uncertainty|
    +--------+----------+-----------+------------+
    |ap_clk  |  50.00 ns|  36.500 ns|    13.50 ns|
    +--------+----------+-----------+------------+

+ Latency: 
    * Summary: 
    +---------+---------+----------+----------+-------+-------+---------+
    |  Latency (cycles) |  Latency (absolute) |    Interval   | Pipeline|
    |   min   |   max   |    min   |    max   |  min  |  max  |   Type  |
    +---------+---------+----------+----------+-------+-------+---------+
    |    12291|    12291|  0.615 ms|  0.615 ms|  12291|  12291|       no|
    +---------+---------+----------+----------+-------+-------+---------+

    + Detail: 
        * Instance: 
        N/A

        * Loop: 
        +--------------------+---------+---------+----------+-----------+-----------+-------+----------+
        |                    |  Latency (cycles) | Iteration|  Initiation Interval  |  Trip |          |
        |      Loop Name     |   min   |   max   |  Latency |  achieved |   target  | Count | Pipelined|
        +--------------------+---------+---------+----------+-----------+-----------+-------+----------+
        |- VITIS_LOOP_179_2  |    12289|    12289|         3|          1|          1|  12288|       yes|
        +--------------------+---------+---------+----------+-----------+-----------+-------+----------+

============================================================
+ Verbose Summary: Synthesis Manager
============================================================
InlineROM: 1
ExposeGlobal: 0
============================================================
+ Verbose Summary: CDFG Model
============================================================
IsTopModel: 0
ResetActiveHigh: 1
IsCombinational: 0
IsDatapathOnly: 0
HasWiredReturn: 1
HasMFsm: 2
HasVarLatency: 1
IsPipeline: 0
IsRtlPipelined: 0
IsInstanceOverlapped: 0
IsDontTouch: 0
HasImplIP: 0
IsGatedGlobalClock: 0

+ Individual pipeline summary: 
  * Pipeline-0: initiation interval (II) = 1, depth = 3


============================================================
+ Verbose Summary: Schedule
============================================================
* Number of FSM states : 3
* Pipeline : 1
  Pipeline-0 : II = 1, D = 3, States = { 1 2 3 }
* Dataflow Pipeline: 0

* FSM state transitions: 
1 --> 2 
2 --> 3 
3 --> 

* FSM state operations: 

State 1 <SV = 0> <Delay = 3.79>
ST_1 : Operation 6 [1/1] (0.00ns)   --->   "%phi_ln180 = alloca i32 1"   --->   Operation 6 'alloca' 'phi_ln180' <Predicate = true> <Delay = 0.00>
ST_1 : Operation 7 [1/1] (0.00ns)   --->   "%i_6 = alloca i32 1"   --->   Operation 7 'alloca' 'i_6' <Predicate = true> <Delay = 0.00>
ST_1 : Operation 8 [1/1] (0.00ns)   --->   "%sext_ln179_read = read i58 @_ssdm_op_Read.ap_auto.i58, i58 %sext_ln179"   --->   Operation 8 'read' 'sext_ln179_read' <Predicate = true> <Delay = 0.00>
ST_1 : Operation 9 [1/1] (0.00ns)   --->   "%sext_ln179_cast = sext i58 %sext_ln179_read"   --->   Operation 9 'sext' 'sext_ln179_cast' <Predicate = true> <Delay = 0.00>
ST_1 : Operation 10 [1/1] (0.00ns)   --->   "%specinterface_ln0 = specinterface void @_ssdm_op_SpecInterface, i512 %X_BUS, void @empty_36, i32 0, i32 0, void @empty_14, i32 0, i32 12288, void @empty_13, void @empty, void @empty_14, i32 16, i32 16, i32 16, i32 16, void @empty_14, void @empty_14, i32 4294967295, i32 0"   --->   Operation 10 'specinterface' 'specinterface_ln0' <Predicate = true> <Delay = 0.00>
ST_1 : Operation 11 [1/1] (1.58ns)   --->   "%store_ln0 = store i14 0, i14 %i_6"   --->   Operation 11 'store' 'store_ln0' <Predicate = true> <Delay = 1.58>
ST_1 : Operation 12 [1/1] (1.58ns)   --->   "%store_ln0 = store i448 0, i448 %phi_ln180"   --->   Operation 12 'store' 'store_ln0' <Predicate = true> <Delay = 1.58>
ST_1 : Operation 13 [1/1] (0.00ns)   --->   "%br_ln0 = br void %for.body127"   --->   Operation 13 'br' 'br_ln0' <Predicate = true> <Delay = 0.00>
ST_1 : Operation 14 [1/1] (0.00ns)   --->   "%i = load i14 %i_6"   --->   Operation 14 'load' 'i' <Predicate = true> <Delay = 0.00>
ST_1 : Operation 15 [1/1] (2.20ns)   --->   "%icmp_ln179 = icmp_eq  i14 %i, i14 12288" [src/runge_kutta_45.cpp:179]   --->   Operation 15 'icmp' 'icmp_ln179' <Predicate = true> <Delay = 2.20> <CoreInst = "Cmp">   --->   Core 9 'Cmp' <Latency = 0> <II = 1> <Delay = 2.20> <FuncUnit> <Opcode : 'icmp'> <InPorts = 2> <OutPorts = 1>
ST_1 : Operation 16 [1/1] (1.81ns)   --->   "%add_ln179 = add i14 %i, i14 1" [src/runge_kutta_45.cpp:179]   --->   Operation 16 'add' 'add_ln179' <Predicate = true> <Delay = 1.81> <CoreInst = "Adder">   --->   Core 1 'Adder' <Latency = 0> <II = 1> <Delay = 1.81> <FuncUnit> <Opcode : 'add' 'sub'> <InPorts = 2> <OutPorts = 1>
ST_1 : Operation 17 [1/1] (0.00ns)   --->   "%br_ln179 = br i1 %icmp_ln179, void %for.body127.split_ifconv, void %VITIS_LOOP_182_3.exitStub" [src/runge_kutta_45.cpp:179]   --->   Operation 17 'br' 'br_ln179' <Predicate = true> <Delay = 0.00>
ST_1 : Operation 18 [1/1] (0.00ns)   --->   "%i_6_cast84 = zext i14 %i"   --->   Operation 18 'zext' 'i_6_cast84' <Predicate = (!icmp_ln179)> <Delay = 0.00>
ST_1 : Operation 19 [1/1] (0.00ns)   --->   "%yy_loc_V_addr_2 = getelementptr i100 %yy_loc_V, i64 0, i64 %i_6_cast84"   --->   Operation 19 'getelementptr' 'yy_loc_V_addr_2' <Predicate = (!icmp_ln179)> <Delay = 0.00>
ST_1 : Operation 20 [1/1] (0.00ns)   --->   "%empty = trunc i14 %i"   --->   Operation 20 'trunc' 'empty' <Predicate = (!icmp_ln179)> <Delay = 0.00>
ST_1 : Operation 21 [2/2] (3.25ns)   --->   "%p_Val2_s = load i14 %yy_loc_V_addr_2"   --->   Operation 21 'load' 'p_Val2_s' <Predicate = (!icmp_ln179)> <Delay = 3.25> <CoreInst = "RAM">   --->   Core 82 'RAM' <Latency = 1> <II = 1> <Delay = 3.25> <Storage> <Opcode : 'load' 'store'> <Ports = 2> <Width = 100> <Depth = 12288> <RAM>
ST_1 : Operation 22 [1/1] (1.13ns)   --->   "%icmp_ln180 = icmp_eq  i3 %empty, i3 7" [src/runge_kutta_45.cpp:180]   --->   Operation 22 'icmp' 'icmp_ln180' <Predicate = (!icmp_ln179)> <Delay = 1.13> <CoreInst = "Cmp">   --->   Core 9 'Cmp' <Latency = 0> <II = 1> <Delay = 1.13> <FuncUnit> <Opcode : 'icmp'> <InPorts = 2> <OutPorts = 1>
ST_1 : Operation 23 [1/1] (0.00ns)   --->   "%br_ln180 = br i1 %icmp_ln180, void %for.inc133._crit_edge, void" [src/runge_kutta_45.cpp:180]   --->   Operation 23 'br' 'br_ln180' <Predicate = (!icmp_ln179)> <Delay = 0.00>
ST_1 : Operation 24 [1/1] (1.58ns)   --->   "%store_ln179 = store i14 %add_ln179, i14 %i_6" [src/runge_kutta_45.cpp:179]   --->   Operation 24 'store' 'store_ln179' <Predicate = (!icmp_ln179)> <Delay = 1.58>

State 2 <SV = 1> <Delay = 31.7>
ST_2 : Operation 25 [1/1] (0.00ns)   --->   "%specbitsmap_ln0 = specbitsmap void @_ssdm_op_SpecBitsMap, i512 %X_BUS"   --->   Operation 25 'specbitsmap' 'specbitsmap_ln0' <Predicate = true> <Delay = 0.00>
ST_2 : Operation 26 [1/1] (0.00ns)   --->   "%X_BUS_addr = getelementptr i512 %X_BUS, i64 %sext_ln179_cast" [src/runge_kutta_45.cpp:179]   --->   Operation 26 'getelementptr' 'X_BUS_addr' <Predicate = true> <Delay = 0.00>
ST_2 : Operation 27 [1/1] (0.00ns)   --->   "%specpipeline_ln0 = specpipeline void @_ssdm_op_SpecPipeline, i32 4294967295, i32 0, i32 1, i32 0, void @p_str"   --->   Operation 27 'specpipeline' 'specpipeline_ln0' <Predicate = true> <Delay = 0.00>
ST_2 : Operation 28 [1/1] (0.00ns)   --->   "%speclooptripcount_ln0 = speclooptripcount void @_ssdm_op_SpecLoopTripCount, i64 12288, i64 12288, i64 12288"   --->   Operation 28 'speclooptripcount' 'speclooptripcount_ln0' <Predicate = true> <Delay = 0.00>
ST_2 : Operation 29 [1/2] (3.25ns)   --->   "%p_Val2_s = load i14 %yy_loc_V_addr_2"   --->   Operation 29 'load' 'p_Val2_s' <Predicate = (!icmp_ln179)> <Delay = 3.25> <CoreInst = "RAM">   --->   Core 82 'RAM' <Latency = 1> <II = 1> <Delay = 3.25> <Storage> <Opcode : 'load' 'store'> <Ports = 2> <Width = 100> <Depth = 12288> <RAM>
ST_2 : Operation 30 [1/1] (3.17ns)   --->   "%icmp_ln1086 = icmp_eq  i100 %p_Val2_s, i100 0"   --->   Operation 30 'icmp' 'icmp_ln1086' <Predicate = (!icmp_ln179)> <Delay = 3.17> <CoreInst = "Cmp">   --->   Core 9 'Cmp' <Latency = 0> <II = 1> <Delay = 3.17> <FuncUnit> <Opcode : 'icmp'> <InPorts = 2> <OutPorts = 1>
ST_2 : Operation 31 [1/1] (0.00ns)   --->   "%p_Result_28 = bitselect i1 @_ssdm_op_BitSelect.i1.i100.i32, i100 %p_Val2_s, i32 99"   --->   Operation 31 'bitselect' 'p_Result_28' <Predicate = (!icmp_ln179)> <Delay = 0.00>
ST_2 : Operation 32 [1/1] (4.55ns)   --->   "%tmp_V = sub i100 0, i100 %p_Val2_s"   --->   Operation 32 'sub' 'tmp_V' <Predicate = (!icmp_ln179)> <Delay = 4.55> <CoreInst = "Adder">   --->   Core 1 'Adder' <Latency = 0> <II = 1> <Delay = 4.55> <FuncUnit> <Opcode : 'add' 'sub'> <InPorts = 2> <OutPorts = 1>
ST_2 : Operation 33 [1/1] (1.16ns)   --->   "%tmp_V_8 = select i1 %p_Result_28, i100 %tmp_V, i100 %p_Val2_s"   --->   Operation 33 'select' 'tmp_V_8' <Predicate = (!icmp_ln179)> <Delay = 1.16> <CoreInst = "Sel">   --->   Core 73 'Sel' <Latency = 0> <II = 1> <Delay = 1.16> <FuncUnit> <Opcode : 'select'> <InPorts = 3> <OutPorts = 1>
ST_2 : Operation 34 [1/1] (0.00ns)   --->   "%t = partselect i64 @_ssdm_op_PartSelect.i64.i100.i32.i32, i100 %tmp_V_8, i32 36, i32 99"   --->   Operation 34 'partselect' 't' <Predicate = (!icmp_ln179)> <Delay = 0.00>
ST_2 : Operation 35 [1/1] (0.00ns)   --->   "%tmp_1 = ctlz i64 @llvm.ctlz.i64, i64 %t, i1 1"   --->   Operation 35 'ctlz' 'tmp_1' <Predicate = (!icmp_ln179)> <Delay = 0.00>
ST_2 : Operation 36 [1/1] (0.00ns)   --->   "%NZeros = trunc i64 %tmp_1"   --->   Operation 36 'trunc' 'NZeros' <Predicate = (!icmp_ln179)> <Delay = 0.00>
ST_2 : Operation 37 [1/1] (2.77ns)   --->   "%hitNonZero = icmp_eq  i64 %t, i64 0"   --->   Operation 37 'icmp' 'hitNonZero' <Predicate = (!icmp_ln179)> <Delay = 2.77> <CoreInst = "Cmp">   --->   Core 9 'Cmp' <Latency = 0> <II = 1> <Delay = 2.77> <FuncUnit> <Opcode : 'icmp'> <InPorts = 2> <OutPorts = 1>
ST_2 : Operation 38 [1/1] (0.00ns)   --->   "%trunc_ln1267 = trunc i100 %tmp_V_8"   --->   Operation 38 'trunc' 'trunc_ln1267' <Predicate = (!icmp_ln179)> <Delay = 0.00>
ST_2 : Operation 39 [1/1] (0.00ns)   --->   "%p_Result_29 = bitconcatenate i64 @_ssdm_op_BitConcatenate.i64.i36.i28, i36 %trunc_ln1267, i28 268435455"   --->   Operation 39 'bitconcatenate' 'p_Result_29' <Predicate = (!icmp_ln179)> <Delay = 0.00>
ST_2 : Operation 40 [1/1] (0.00ns)   --->   "%tmp_5 = ctlz i64 @llvm.ctlz.i64, i64 %p_Result_29, i1 1"   --->   Operation 40 'ctlz' 'tmp_5' <Predicate = (!icmp_ln179)> <Delay = 0.00>
ST_2 : Operation 41 [1/1] (0.00ns)   --->   "%trunc_ln1269 = trunc i64 %tmp_5"   --->   Operation 41 'trunc' 'trunc_ln1269' <Predicate = (!icmp_ln179)> <Delay = 0.00>
ST_2 : Operation 42 [1/1] (2.55ns)   --->   "%NZeros_10 = add i32 %trunc_ln1269, i32 %NZeros"   --->   Operation 42 'add' 'NZeros_10' <Predicate = (!icmp_ln179)> <Delay = 2.55> <CoreInst = "Adder">   --->   Core 1 'Adder' <Latency = 0> <II = 1> <Delay = 2.55> <FuncUnit> <Opcode : 'add' 'sub'> <InPorts = 2> <OutPorts = 1>
ST_2 : Operation 43 [1/1] (0.69ns)   --->   "%NZeros_12 = select i1 %hitNonZero, i32 %NZeros_10, i32 %NZeros"   --->   Operation 43 'select' 'NZeros_12' <Predicate = (!icmp_ln179)> <Delay = 0.69> <CoreInst = "Sel">   --->   Core 73 'Sel' <Latency = 0> <II = 1> <Delay = 0.69> <FuncUnit> <Opcode : 'select'> <InPorts = 3> <OutPorts = 1>
ST_2 : Operation 44 [1/1] (2.55ns)   --->   "%sub_ln1095 = sub i32 100, i32 %NZeros_12"   --->   Operation 44 'sub' 'sub_ln1095' <Predicate = (!icmp_ln179)> <Delay = 2.55> <CoreInst = "Adder">   --->   Core 1 'Adder' <Latency = 0> <II = 1> <Delay = 2.55> <FuncUnit> <Opcode : 'add' 'sub'> <InPorts = 2> <OutPorts = 1>
ST_2 : Operation 45 [1/1] (2.55ns)   --->   "%lsb_index = add i32 %sub_ln1095, i32 4294967243"   --->   Operation 45 'add' 'lsb_index' <Predicate = (!icmp_ln179)> <Delay = 2.55> <CoreInst = "Adder">   --->   Core 1 'Adder' <Latency = 0> <II = 1> <Delay = 2.55> <FuncUnit> <Opcode : 'add' 'sub'> <InPorts = 2> <OutPorts = 1>
ST_2 : Operation 46 [1/1] (0.00ns)   --->   "%tmp = partselect i31 @_ssdm_op_PartSelect.i31.i32.i32.i32, i32 %lsb_index, i32 1, i32 31"   --->   Operation 46 'partselect' 'tmp' <Predicate = (!icmp_ln179)> <Delay = 0.00>
ST_2 : Operation 47 [1/1] (2.47ns)   --->   "%icmp_ln1097 = icmp_sgt  i31 %tmp, i31 0"   --->   Operation 47 'icmp' 'icmp_ln1097' <Predicate = (!icmp_ln179)> <Delay = 2.47> <CoreInst = "Cmp">   --->   Core 9 'Cmp' <Latency = 0> <II = 1> <Delay = 2.47> <FuncUnit> <Opcode : 'icmp'> <InPorts = 2> <OutPorts = 1>
ST_2 : Operation 48 [1/1] (0.00ns)   --->   "%trunc_ln1098 = trunc i32 %sub_ln1095"   --->   Operation 48 'trunc' 'trunc_ln1098' <Predicate = (!icmp_ln179)> <Delay = 0.00>
ST_2 : Operation 49 [1/1] (1.87ns)   --->   "%sub_ln1098 = sub i7 26, i7 %trunc_ln1098"   --->   Operation 49 'sub' 'sub_ln1098' <Predicate = (!icmp_ln179)> <Delay = 1.87> <CoreInst = "Adder">   --->   Core 1 'Adder' <Latency = 0> <II = 1> <Delay = 1.87> <FuncUnit> <Opcode : 'add' 'sub'> <InPorts = 2> <OutPorts = 1>
ST_2 : Operation 50 [1/1] (0.00ns) (grouped into LUT with out node icmp_ln1098)   --->   "%zext_ln1098 = zext i7 %sub_ln1098"   --->   Operation 50 'zext' 'zext_ln1098' <Predicate = (!icmp_ln179)> <Delay = 0.00>
ST_2 : Operation 51 [1/1] (0.00ns) (grouped into LUT with out node icmp_ln1098)   --->   "%lshr_ln1098 = lshr i100 1267650600228229401496703205375, i100 %zext_ln1098"   --->   Operation 51 'lshr' 'lshr_ln1098' <Predicate = (!icmp_ln179)> <Delay = 0.00> <CoreInst = "Shifter">   --->   Core 75 'Shifter' <Latency = 0> <II = 1> <Delay = 3.04> <FuncUnit> <Opcode : 'shl' 'lshr' 'ashr'> <InPorts = 2> <OutPorts = 1>
ST_2 : Operation 52 [1/1] (0.00ns) (grouped into LUT with out node icmp_ln1098)   --->   "%p_Result_s = and i100 %tmp_V_8, i100 %lshr_ln1098"   --->   Operation 52 'and' 'p_Result_s' <Predicate = (!icmp_ln179)> <Delay = 0.00> <CoreInst = "LogicGate">   --->   Core 74 'LogicGate' <Latency = 0> <II = 1> <Delay = 1.03> <FuncUnit> <Opcode : 'and' 'or' 'xor'> <InPorts = 2> <OutPorts = 1>
ST_2 : Operation 53 [1/1] (3.17ns) (out node of the LUT)   --->   "%icmp_ln1098 = icmp_ne  i100 %p_Result_s, i100 0"   --->   Operation 53 'icmp' 'icmp_ln1098' <Predicate = (!icmp_ln179)> <Delay = 3.17> <CoreInst = "Cmp">   --->   Core 9 'Cmp' <Latency = 0> <II = 1> <Delay = 3.17> <FuncUnit> <Opcode : 'icmp'> <InPorts = 2> <OutPorts = 1>
ST_2 : Operation 54 [1/1] (0.00ns) (grouped into LUT with out node or_ln1100_1)   --->   "%a = and i1 %icmp_ln1097, i1 %icmp_ln1098"   --->   Operation 54 'and' 'a' <Predicate = (!icmp_ln179)> <Delay = 0.00> <CoreInst = "LogicGate">   --->   Core 74 'LogicGate' <Latency = 0> <II = 1> <Delay = 0.97> <FuncUnit> <Opcode : 'and' 'or' 'xor'> <InPorts = 2> <OutPorts = 1>
ST_2 : Operation 55 [1/1] (0.00ns) (grouped into LUT with out node or_ln1100_1)   --->   "%tmp_7 = bitselect i1 @_ssdm_op_BitSelect.i1.i32.i32, i32 %lsb_index, i32 31"   --->   Operation 55 'bitselect' 'tmp_7' <Predicate = (!icmp_ln179)> <Delay = 0.00>
ST_2 : Operation 56 [1/1] (0.00ns) (grouped into LUT with out node or_ln1100_1)   --->   "%xor_ln1100 = xor i1 %tmp_7, i1 1"   --->   Operation 56 'xor' 'xor_ln1100' <Predicate = (!icmp_ln179)> <Delay = 0.00> <CoreInst = "LogicGate">   --->   Core 74 'LogicGate' <Latency = 0> <II = 1> <Delay = 0.97> <FuncUnit> <Opcode : 'and' 'or' 'xor'> <InPorts = 2> <OutPorts = 1>
ST_2 : Operation 57 [1/1] (0.00ns) (grouped into LUT with out node or_ln1100_1)   --->   "%p_Result_25 = bitselect i1 @_ssdm_op_BitSelect.i1.i100.i32, i100 %tmp_V_8, i32 %lsb_index"   --->   Operation 57 'bitselect' 'p_Result_25' <Predicate = (!icmp_ln179)> <Delay = 0.00>
ST_2 : Operation 58 [1/1] (0.00ns) (grouped into LUT with out node or_ln1100_1)   --->   "%and_ln1100 = and i1 %p_Result_25, i1 %xor_ln1100"   --->   Operation 58 'and' 'and_ln1100' <Predicate = (!icmp_ln179)> <Delay = 0.00> <CoreInst = "LogicGate">   --->   Core 74 'LogicGate' <Latency = 0> <II = 1> <Delay = 0.97> <FuncUnit> <Opcode : 'and' 'or' 'xor'> <InPorts = 2> <OutPorts = 1>
ST_2 : Operation 59 [1/1] (0.00ns) (grouped into LUT with out node or_ln1100_1)   --->   "%or_ln1100 = or i1 %and_ln1100, i1 %a"   --->   Operation 59 'or' 'or_ln1100' <Predicate = (!icmp_ln179)> <Delay = 0.00> <CoreInst = "LogicGate">   --->   Core 74 'LogicGate' <Latency = 0> <II = 1> <Delay = 0.97> <FuncUnit> <Opcode : 'and' 'or' 'xor'> <InPorts = 2> <OutPorts = 1>
ST_2 : Operation 60 [1/1] (0.97ns) (out node of the LUT)   --->   "%or_ln1100_1 = bitconcatenate i2 @_ssdm_op_BitConcatenate.i2.i1.i1, i1 0, i1 %or_ln1100"   --->   Operation 60 'bitconcatenate' 'or_ln1100_1' <Predicate = (!icmp_ln179)> <Delay = 0.97>
ST_2 : Operation 61 [1/1] (2.47ns)   --->   "%icmp_ln1105 = icmp_sgt  i32 %lsb_index, i32 0"   --->   Operation 61 'icmp' 'icmp_ln1105' <Predicate = (!icmp_ln179)> <Delay = 2.47> <CoreInst = "Cmp">   --->   Core 9 'Cmp' <Latency = 0> <II = 1> <Delay = 2.47> <FuncUnit> <Opcode : 'icmp'> <InPorts = 2> <OutPorts = 1>
ST_2 : Operation 62 [1/1] (2.55ns)   --->   "%add_ln1105 = add i32 %sub_ln1095, i32 4294967242"   --->   Operation 62 'add' 'add_ln1105' <Predicate = (!icmp_ln179)> <Delay = 2.55> <CoreInst = "Adder">   --->   Core 1 'Adder' <Latency = 0> <II = 1> <Delay = 2.55> <FuncUnit> <Opcode : 'add' 'sub'> <InPorts = 2> <OutPorts = 1>
ST_2 : Operation 63 [1/1] (0.00ns) (grouped into LUT with out node m_13)   --->   "%zext_ln1105 = zext i32 %add_ln1105"   --->   Operation 63 'zext' 'zext_ln1105' <Predicate = (!icmp_ln179)> <Delay = 0.00>
ST_2 : Operation 64 [1/1] (0.00ns) (grouped into LUT with out node m_13)   --->   "%lshr_ln1105 = lshr i100 %tmp_V_8, i100 %zext_ln1105"   --->   Operation 64 'lshr' 'lshr_ln1105' <Predicate = (!icmp_ln179)> <Delay = 0.00> <CoreInst = "Shifter">   --->   Core 75 'Shifter' <Latency = 0> <II = 1> <Delay = 4.77> <FuncUnit> <Opcode : 'shl' 'lshr' 'ashr'> <InPorts = 2> <OutPorts = 1>
ST_2 : Operation 65 [1/1] (2.55ns)   --->   "%sub_ln1106 = sub i32 54, i32 %sub_ln1095"   --->   Operation 65 'sub' 'sub_ln1106' <Predicate = (!icmp_ln179)> <Delay = 2.55> <CoreInst = "Adder">   --->   Core 1 'Adder' <Latency = 0> <II = 1> <Delay = 2.55> <FuncUnit> <Opcode : 'add' 'sub'> <InPorts = 2> <OutPorts = 1>
ST_2 : Operation 66 [1/1] (0.00ns) (grouped into LUT with out node m_13)   --->   "%zext_ln1106 = zext i32 %sub_ln1106"   --->   Operation 66 'zext' 'zext_ln1106' <Predicate = (!icmp_ln179)> <Delay = 0.00>
ST_2 : Operation 67 [1/1] (0.00ns) (grouped into LUT with out node m_13)   --->   "%shl_ln1106 = shl i100 %tmp_V_8, i100 %zext_ln1106"   --->   Operation 67 'shl' 'shl_ln1106' <Predicate = (!icmp_ln179)> <Delay = 0.00> <CoreInst = "Shifter">   --->   Core 75 'Shifter' <Latency = 0> <II = 1> <Delay = 4.77> <FuncUnit> <Opcode : 'shl' 'lshr' 'ashr'> <InPorts = 2> <OutPorts = 1>
ST_2 : Operation 68 [1/1] (0.00ns) (grouped into LUT with out node m_13)   --->   "%trunc_ln1106 = trunc i100 %lshr_ln1105"   --->   Operation 68 'trunc' 'trunc_ln1106' <Predicate = (!icmp_ln179)> <Delay = 0.00>
ST_2 : Operation 69 [1/1] (0.00ns) (grouped into LUT with out node m_13)   --->   "%trunc_ln1106_4 = trunc i100 %shl_ln1106"   --->   Operation 69 'trunc' 'trunc_ln1106_4' <Predicate = (!icmp_ln179)> <Delay = 0.00>
ST_2 : Operation 70 [1/1] (0.00ns) (grouped into LUT with out node m_13)   --->   "%m = select i1 %icmp_ln1105, i64 %trunc_ln1106, i64 %trunc_ln1106_4"   --->   Operation 70 'select' 'm' <Predicate = (!icmp_ln179)> <Delay = 0.00> <CoreInst = "Sel">   --->   Core 73 'Sel' <Latency = 0> <II = 1> <Delay = 1.48> <FuncUnit> <Opcode : 'select'> <InPorts = 3> <OutPorts = 1>
ST_2 : Operation 71 [1/1] (0.00ns) (grouped into LUT with out node m_13)   --->   "%zext_ln1112 = zext i2 %or_ln1100_1"   --->   Operation 71 'zext' 'zext_ln1112' <Predicate = (!icmp_ln179)> <Delay = 0.00>
ST_2 : Operation 72 [1/1] (4.77ns) (out node of the LUT)   --->   "%m_13 = add i64 %m, i64 %zext_ln1112"   --->   Operation 72 'add' 'm_13' <Predicate = (!icmp_ln179)> <Delay = 4.77> <CoreInst = "Adder">   --->   Core 1 'Adder' <Latency = 0> <II = 1> <Delay = 3.52> <FuncUnit> <Opcode : 'add' 'sub'> <InPorts = 2> <OutPorts = 1>
ST_2 : Operation 73 [1/1] (0.00ns)   --->   "%m_15 = partselect i63 @_ssdm_op_PartSelect.i63.i64.i32.i32, i64 %m_13, i32 1, i32 63"   --->   Operation 73 'partselect' 'm_15' <Predicate = (!icmp_ln179)> <Delay = 0.00>
ST_2 : Operation 74 [1/1] (0.00ns)   --->   "%zext_ln1113 = zext i63 %m_15"   --->   Operation 74 'zext' 'zext_ln1113' <Predicate = (!icmp_ln179)> <Delay = 0.00>
ST_2 : Operation 75 [1/1] (0.00ns)   --->   "%p_Result_26 = bitselect i1 @_ssdm_op_BitSelect.i1.i64.i32, i64 %m_13, i32 54"   --->   Operation 75 'bitselect' 'p_Result_26' <Predicate = (!icmp_ln179)> <Delay = 0.00>
ST_2 : Operation 76 [1/1] (0.69ns)   --->   "%select_ln1094 = select i1 %p_Result_26, i11 1023, i11 1022"   --->   Operation 76 'select' 'select_ln1094' <Predicate = (!icmp_ln179)> <Delay = 0.69> <CoreInst = "Sel">   --->   Core 73 'Sel' <Latency = 0> <II = 1> <Delay = 0.69> <FuncUnit> <Opcode : 'select'> <InPorts = 3> <OutPorts = 1>
ST_2 : Operation 77 [1/1] (0.00ns)   --->   "%trunc_ln1094 = trunc i32 %NZeros_12"   --->   Operation 77 'trunc' 'trunc_ln1094' <Predicate = (!icmp_ln179)> <Delay = 0.00>
ST_2 : Operation 78 [1/1] (0.00ns) (grouped into TernaryAdder)   --->   "%sub_ln1116 = sub i11 40, i11 %trunc_ln1094"   --->   Operation 78 'sub' 'sub_ln1116' <Predicate = (!icmp_ln179)> <Delay = 0.00> <CoreInst = "TAddSub">   --->   Core 10 'TAddSub' <Latency = 0> <II = 1> <Delay = 1.87> <IPBlock> <Opcode : 'add' 'sub'> <InPorts = 3> <OutPorts = 1> <Sync> <CReg>
ST_2 : Operation 79 [1/1] (3.75ns) (root node of TernaryAdder)   --->   "%add_ln1122 = add i11 %sub_ln1116, i11 %select_ln1094"   --->   Operation 79 'add' 'add_ln1122' <Predicate = (!icmp_ln179)> <Delay = 3.75> <CoreInst = "TAddSub">   --->   Core 10 'TAddSub' <Latency = 0> <II = 1> <Delay = 1.87> <IPBlock> <Opcode : 'add' 'sub'> <InPorts = 3> <OutPorts = 1> <Sync> <CReg>
ST_2 : Operation 80 [1/1] (0.00ns)   --->   "%tmp_s = bitconcatenate i12 @_ssdm_op_BitConcatenate.i12.i1.i11, i1 %p_Result_28, i11 %add_ln1122"   --->   Operation 80 'bitconcatenate' 'tmp_s' <Predicate = (!icmp_ln179)> <Delay = 0.00>
ST_2 : Operation 81 [1/1] (0.00ns)   --->   "%p_Result_30 = partset i64 @_ssdm_op_PartSet.i64.i64.i12.i32.i32, i64 %zext_ln1113, i12 %tmp_s, i32 52, i32 63"   --->   Operation 81 'partset' 'p_Result_30' <Predicate = (!icmp_ln179)> <Delay = 0.00>
ST_2 : Operation 82 [1/1] (1.48ns)   --->   "%select_ln1086 = select i1 %icmp_ln1086, i64 0, i64 %p_Result_30"   --->   Operation 82 'select' 'select_ln1086' <Predicate = (!icmp_ln179)> <Delay = 1.48> <CoreInst = "Sel">   --->   Core 73 'Sel' <Latency = 0> <II = 1> <Delay = 1.48> <FuncUnit> <Opcode : 'select'> <InPorts = 3> <OutPorts = 1>
ST_2 : Operation 94 [1/1] (0.00ns)   --->   "%ret_ln0 = ret"   --->   Operation 94 'ret' 'ret_ln0' <Predicate = (icmp_ln179)> <Delay = 0.00>

State 3 <SV = 2> <Delay = 36.5>
ST_3 : Operation 83 [1/1] (0.00ns)   --->   "%phi_ln180_load_1 = load i448 %phi_ln180" [src/runge_kutta_45.cpp:180]   --->   Operation 83 'load' 'phi_ln180_load_1' <Predicate = true> <Delay = 0.00>
ST_3 : Operation 84 [1/1] (0.00ns)   --->   "%specloopname_ln179 = specloopname void @_ssdm_op_SpecLoopName, void @empty_22" [src/runge_kutta_45.cpp:179]   --->   Operation 84 'specloopname' 'specloopname_ln179' <Predicate = true> <Delay = 0.00>
ST_3 : Operation 85 [1/1] (0.00ns)   --->   "%or_ln2 = bitconcatenate i512 @_ssdm_op_BitConcatenate.i512.i64.i448, i64 %select_ln1086, i448 %phi_ln180_load_1" [src/runge_kutta_45.cpp:180]   --->   Operation 85 'bitconcatenate' 'or_ln2' <Predicate = true> <Delay = 0.00>
ST_3 : Operation 86 [1/1] (36.5ns)   --->   "%write_ln180 = write void @_ssdm_op_Write.m_axi.p1i512, i512 %X_BUS_addr, i512 %or_ln2, i64 18446744073709551615" [src/runge_kutta_45.cpp:180]   --->   Operation 86 'write' 'write_ln180' <Predicate = (icmp_ln180)> <Delay = 36.5> <CoreInst = "m_axi">   --->   Core 113 'm_axi' <Latency = 0> <II = 1> <Delay = 1.00> <Adapter> <Opcode : 'read' 'write' 'readreq' 'writereq' 'writeresp'>
ST_3 : Operation 87 [1/1] (0.00ns)   --->   "%br_ln180 = br void %for.inc133._crit_edge" [src/runge_kutta_45.cpp:180]   --->   Operation 87 'br' 'br_ln180' <Predicate = (icmp_ln180)> <Delay = 0.00>
ST_3 : Operation 88 [1/1] (0.00ns)   --->   "%phi_ln180_load = load i448 %phi_ln180" [src/runge_kutta_45.cpp:179]   --->   Operation 88 'load' 'phi_ln180_load' <Predicate = (!icmp_ln180)> <Delay = 0.00>
ST_3 : Operation 89 [1/1] (0.00ns)   --->   "%tmp_11 = partselect i384 @_ssdm_op_PartSelect.i384.i448.i32.i32, i448 %phi_ln180_load, i32 64, i32 447" [src/runge_kutta_45.cpp:179]   --->   Operation 89 'partselect' 'tmp_11' <Predicate = (!icmp_ln180)> <Delay = 0.00>
ST_3 : Operation 90 [1/1] (0.00ns)   --->   "%tmp_12 = bitconcatenate i448 @_ssdm_op_BitConcatenate.i448.i64.i384, i64 %select_ln1086, i384 %tmp_11" [src/runge_kutta_45.cpp:179]   --->   Operation 90 'bitconcatenate' 'tmp_12' <Predicate = (!icmp_ln180)> <Delay = 0.00>
ST_3 : Operation 91 [1/1] (1.66ns)   --->   "%select_ln180 = select i1 %icmp_ln180, i448 0, i448 %tmp_12" [src/runge_kutta_45.cpp:180]   --->   Operation 91 'select' 'select_ln180' <Predicate = true> <Delay = 1.66> <CoreInst = "Sel">   --->   Core 73 'Sel' <Latency = 0> <II = 1> <Delay = 1.66> <FuncUnit> <Opcode : 'select'> <InPorts = 3> <OutPorts = 1>
ST_3 : Operation 92 [1/1] (1.58ns)   --->   "%store_ln179 = store i448 %select_ln180, i448 %phi_ln180" [src/runge_kutta_45.cpp:179]   --->   Operation 92 'store' 'store_ln179' <Predicate = true> <Delay = 1.58>
ST_3 : Operation 93 [1/1] (0.00ns)   --->   "%br_ln179 = br void %for.body127" [src/runge_kutta_45.cpp:179]   --->   Operation 93 'br' 'br_ln179' <Predicate = true> <Delay = 0.00>


============================================================
+ Verbose Summary: Timing violations
============================================================
Target clock period: 50ns, clock uncertainty: 13.5ns.

 <State 1>: 3.8ns
The critical path consists of the following:
	'alloca' operation ('i') [5]  (0 ns)
	'load' operation ('i') on local variable 'i' [13]  (0 ns)
	'add' operation ('add_ln179', src/runge_kutta_45.cpp:179) [19]  (1.81 ns)
	'store' operation ('store_ln179', src/runge_kutta_45.cpp:179) of variable 'add_ln179', src/runge_kutta_45.cpp:179 on local variable 'i' [92]  (1.59 ns)
	blocking operation 0.397 ns on control path)

 <State 2>: 31.7ns
The critical path consists of the following:
	'load' operation ('__Val2__') on array 'yy_loc_V' [27]  (3.25 ns)
	'sub' operation ('tmp.V') [30]  (4.55 ns)
	'select' operation ('tmp.V') [31]  (1.17 ns)
	'icmp' operation ('hitNonZero') [35]  (2.78 ns)
	'select' operation ('NZeros') [41]  (0.698 ns)
	'sub' operation ('sub_ln1095') [42]  (2.55 ns)
	'sub' operation ('sub_ln1098') [47]  (1.87 ns)
	'lshr' operation ('lshr_ln1098') [49]  (0 ns)
	'and' operation ('__Result__') [50]  (0 ns)
	'icmp' operation ('icmp_ln1098') [51]  (3.17 ns)
	'and' operation ('a') [52]  (0 ns)
	'or' operation ('or_ln1100') [57]  (0 ns)
	'add' operation ('m') [70]  (4.77 ns)
	'select' operation ('select_ln1094') [74]  (0.692 ns)
	'add' operation ('add_ln1122') [77]  (3.76 ns)
	'select' operation ('select_ln1086') [80]  (1.48 ns)
	blocking operation 0.978 ns on control path)

 <State 3>: 36.5ns
The critical path consists of the following:
	'load' operation ('phi_ln180_load_1', src/runge_kutta_45.cpp:180) on local variable 'phi_ln180' [22]  (0 ns)
	bus write operation ('write_ln180', src/runge_kutta_45.cpp:180) on port 'X_BUS' (src/runge_kutta_45.cpp:180) [85]  (36.5 ns)


============================================================
+ Verbose Summary: Binding
============================================================
N/A
* FSMD analyzer results:
  - Output states:
 - Input state : 
  - Chain level:
	State 1
	State 2
	State 3


============================================================
+ Verbose Summary: Datapath Resource usage 
============================================================
N/A
