

================================================================
== Vitis HLS Report for 'runge_kutta_45_Pipeline_last_axi_write_yy'
================================================================
* Date:           Sat Jun 24 07:23:03 2023

* Version:        2022.1 (Build 3526262 on Mon Apr 18 15:47:01 MDT 2022)
* Project:        rk45_vitis
* Solution:       solution1 (Vivado IP Flow Target)
* Product family: zynq
* Target device:  xc7z020-clg400-1


================================================================
== Performance Estimates
================================================================
+ Timing: 
    * Summary: 
    +--------+---------+-----------+------------+
    |  Clock |  Target | Estimated | Uncertainty|
    +--------+---------+-----------+------------+
    |ap_clk  |  0.10 us|  73.000 ns|    27.00 ns|
    +--------+---------+-----------+------------+

+ Latency: 
    * Summary: 
    +---------+---------+----------+----------+-----+-----+---------+
    |  Latency (cycles) |  Latency (absolute) |  Interval | Pipeline|
    |   min   |   max   |    min   |    max   | min | max |   Type  |
    +---------+---------+----------+----------+-----+-----+---------+
    |        ?|        ?|         ?|         ?|    ?|    ?|       no|
    +---------+---------+----------+----------+-----+-----+---------+

    + Detail: 
        * Instance: 
        N/A

        * Loop: 
        +---------------------+---------+---------+----------+-----------+-----------+------+----------+
        |                     |  Latency (cycles) | Iteration|  Initiation Interval  | Trip |          |
        |      Loop Name      |   min   |   max   |  Latency |  achieved |   target  | Count| Pipelined|
        +---------------------+---------+---------+----------+-----------+-----------+------+----------+
        |- last_axi_write_yy  |        ?|        ?|         3|          1|          1|     ?|       yes|
        +---------------------+---------+---------+----------+-----------+-----------+------+----------+

============================================================
+ Verbose Summary: Synthesis Manager
============================================================
InlineROM: 1
ExposeGlobal: 0
============================================================
+ Verbose Summary: CDFG Model
============================================================
IsTopModel: 0
ResetActiveHigh: 1
IsCombinational: 0
IsDatapathOnly: 0
HasWiredReturn: 1
HasMFsm: 2
HasVarLatency: 1
IsPipeline: 0
IsRtlPipelined: 0
IsInstanceOverlapped: 0
IsDontTouch: 0
HasImplIP: 0
IsGatedGlobalClock: 0

+ Individual pipeline summary: 
  * Pipeline-0: initiation interval (II) = 1, depth = 3


============================================================
+ Verbose Summary: Schedule
============================================================
* Number of FSM states : 3
* Pipeline : 1
  Pipeline-0 : II = 1, D = 3, States = { 1 2 3 }
* Dataflow Pipeline: 0

* FSM state transitions: 
1 --> 2 
2 --> 3 
3 --> 

* FSM state operations: 

State 1 <SV = 0> <Delay = 4.14>
ST_1 : Operation 6 [1/1] (0.00ns)   --->   "%phi_ln287 = alloca i32 1"   --->   Operation 6 'alloca' 'phi_ln287' <Predicate = true> <Delay = 0.00>
ST_1 : Operation 7 [1/1] (0.00ns)   --->   "%i_5 = alloca i32 1"   --->   Operation 7 'alloca' 'i_5' <Predicate = true> <Delay = 0.00>
ST_1 : Operation 8 [1/1] (0.00ns)   --->   "%mul399_read = read i32 @_ssdm_op_Read.ap_auto.i32, i32 %mul399"   --->   Operation 8 'read' 'mul399_read' <Predicate = true> <Delay = 0.00>
ST_1 : Operation 9 [1/1] (0.00ns)   --->   "%sext_ln286_read = read i60 @_ssdm_op_Read.ap_auto.i60, i60 %sext_ln286"   --->   Operation 9 'read' 'sext_ln286_read' <Predicate = true> <Delay = 0.00>
ST_1 : Operation 10 [1/1] (0.00ns)   --->   "%sext_ln286_cast = sext i60 %sext_ln286_read"   --->   Operation 10 'sext' 'sext_ln286_cast' <Predicate = true> <Delay = 0.00>
ST_1 : Operation 11 [1/1] (0.00ns)   --->   "%specinterface_ln0 = specinterface void @_ssdm_op_SpecInterface, i128 %X_BUS, void @empty_12, i32 0, i32 0, void @empty_10, i32 0, i32 12288, void @empty_16, void @empty_15, void @empty_10, i32 1, i32 8, i32 16, i32 16, void @empty_10, void @empty_10, i32 4294967295, i32 0"   --->   Operation 11 'specinterface' 'specinterface_ln0' <Predicate = true> <Delay = 0.00>
ST_1 : Operation 12 [1/1] (1.58ns)   --->   "%store_ln0 = store i32 0, i32 %i_5"   --->   Operation 12 'store' 'store_ln0' <Predicate = true> <Delay = 1.58>
ST_1 : Operation 13 [1/1] (1.58ns)   --->   "%store_ln0 = store i64 0, i64 %phi_ln287"   --->   Operation 13 'store' 'store_ln0' <Predicate = true> <Delay = 1.58>
ST_1 : Operation 14 [1/1] (0.00ns)   --->   "%br_ln0 = br void %for.body402"   --->   Operation 14 'br' 'br_ln0' <Predicate = true> <Delay = 0.00>
ST_1 : Operation 15 [1/1] (0.00ns)   --->   "%i = load i32 %i_5"   --->   Operation 15 'load' 'i' <Predicate = true> <Delay = 0.00>
ST_1 : Operation 16 [1/1] (2.47ns)   --->   "%icmp_ln286 = icmp_eq  i32 %i, i32 %mul399_read" [src/runge_kutta_45.cpp:286]   --->   Operation 16 'icmp' 'icmp_ln286' <Predicate = true> <Delay = 2.47> <CoreInst = "Cmp">   --->   Core 9 'Cmp' <Latency = 0> <II = 1> <Delay = 2.47> <FuncUnit> <Opcode : 'icmp'> <InPorts = 2> <OutPorts = 1>
ST_1 : Operation 17 [1/1] (2.55ns)   --->   "%add_ln286 = add i32 %i, i32 1" [src/runge_kutta_45.cpp:286]   --->   Operation 17 'add' 'add_ln286' <Predicate = true> <Delay = 2.55> <CoreInst = "Adder">   --->   Core 1 'Adder' <Latency = 0> <II = 1> <Delay = 2.55> <FuncUnit> <Opcode : 'add' 'sub'> <InPorts = 2> <OutPorts = 1>
ST_1 : Operation 18 [1/1] (0.00ns)   --->   "%br_ln286 = br i1 %icmp_ln286, void %for.body402.split_ifconv, void %last_axi_write_tt.loopexit.exitStub" [src/runge_kutta_45.cpp:286]   --->   Operation 18 'br' 'br_ln286' <Predicate = true> <Delay = 0.00>
ST_1 : Operation 19 [1/1] (0.00ns)   --->   "%i_5_cast83 = zext i32 %i"   --->   Operation 19 'zext' 'i_5_cast83' <Predicate = (!icmp_ln286)> <Delay = 0.00>
ST_1 : Operation 20 [1/1] (0.00ns)   --->   "%yy_loc_V_addr_2 = getelementptr i85 %yy_loc_V, i64 0, i64 %i_5_cast83"   --->   Operation 20 'getelementptr' 'yy_loc_V_addr_2' <Predicate = (!icmp_ln286)> <Delay = 0.00>
ST_1 : Operation 21 [1/1] (0.00ns)   --->   "%empty = trunc i32 %i"   --->   Operation 21 'trunc' 'empty' <Predicate = (!icmp_ln286)> <Delay = 0.00>
ST_1 : Operation 22 [2/2] (3.25ns)   --->   "%p_Val2_s = load i15 %yy_loc_V_addr_2"   --->   Operation 22 'load' 'p_Val2_s' <Predicate = (!icmp_ln286)> <Delay = 3.25> <CoreInst = "RAM">   --->   Core 82 'RAM' <Latency = 1> <II = 1> <Delay = 3.25> <Storage> <Opcode : 'load' 'store'> <Ports = 2> <Width = 85> <Depth = 24576> <RAM>
ST_1 : Operation 23 [1/1] (0.00ns)   --->   "%br_ln287 = br i1 %empty, void %for.inc410._crit_edge, void" [src/runge_kutta_45.cpp:287]   --->   Operation 23 'br' 'br_ln287' <Predicate = (!icmp_ln286)> <Delay = 0.00>
ST_1 : Operation 24 [1/1] (1.58ns)   --->   "%store_ln286 = store i32 %add_ln286, i32 %i_5" [src/runge_kutta_45.cpp:286]   --->   Operation 24 'store' 'store_ln286' <Predicate = (!icmp_ln286)> <Delay = 1.58>

State 2 <SV = 1> <Delay = 31.0>
ST_2 : Operation 25 [1/1] (0.00ns)   --->   "%specbitsmap_ln0 = specbitsmap void @_ssdm_op_SpecBitsMap, i128 %X_BUS"   --->   Operation 25 'specbitsmap' 'specbitsmap_ln0' <Predicate = true> <Delay = 0.00>
ST_2 : Operation 26 [1/1] (0.00ns)   --->   "%X_BUS_addr = getelementptr i128 %X_BUS, i64 %sext_ln286_cast" [src/runge_kutta_45.cpp:286]   --->   Operation 26 'getelementptr' 'X_BUS_addr' <Predicate = true> <Delay = 0.00>
ST_2 : Operation 27 [1/1] (0.00ns)   --->   "%specpipeline_ln0 = specpipeline void @_ssdm_op_SpecPipeline, i32 4294967295, i32 0, i32 1, i32 0, void @p_str"   --->   Operation 27 'specpipeline' 'specpipeline_ln0' <Predicate = true> <Delay = 0.00>
ST_2 : Operation 28 [1/2] (3.25ns)   --->   "%p_Val2_s = load i15 %yy_loc_V_addr_2"   --->   Operation 28 'load' 'p_Val2_s' <Predicate = (!icmp_ln286)> <Delay = 3.25> <CoreInst = "RAM">   --->   Core 82 'RAM' <Latency = 1> <II = 1> <Delay = 3.25> <Storage> <Opcode : 'load' 'store'> <Ports = 2> <Width = 85> <Depth = 24576> <RAM>
ST_2 : Operation 29 [1/1] (3.00ns)   --->   "%icmp_ln1086 = icmp_eq  i85 %p_Val2_s, i85 0"   --->   Operation 29 'icmp' 'icmp_ln1086' <Predicate = (!icmp_ln286)> <Delay = 3.00> <CoreInst = "Cmp">   --->   Core 9 'Cmp' <Latency = 0> <II = 1> <Delay = 3.00> <FuncUnit> <Opcode : 'icmp'> <InPorts = 2> <OutPorts = 1>
ST_2 : Operation 30 [1/1] (0.00ns)   --->   "%p_Result_11 = bitselect i1 @_ssdm_op_BitSelect.i1.i85.i32, i85 %p_Val2_s, i32 84"   --->   Operation 30 'bitselect' 'p_Result_11' <Predicate = (!icmp_ln286)> <Delay = 0.00>
ST_2 : Operation 31 [1/1] (4.12ns)   --->   "%tmp_V = sub i85 0, i85 %p_Val2_s"   --->   Operation 31 'sub' 'tmp_V' <Predicate = (!icmp_ln286)> <Delay = 4.12> <CoreInst = "Adder">   --->   Core 1 'Adder' <Latency = 0> <II = 1> <Delay = 4.12> <FuncUnit> <Opcode : 'add' 'sub'> <InPorts = 2> <OutPorts = 1>
ST_2 : Operation 32 [1/1] (1.05ns)   --->   "%tmp_V_2 = select i1 %p_Result_11, i85 %tmp_V, i85 %p_Val2_s"   --->   Operation 32 'select' 'tmp_V_2' <Predicate = (!icmp_ln286)> <Delay = 1.05> <CoreInst = "Sel">   --->   Core 73 'Sel' <Latency = 0> <II = 1> <Delay = 1.05> <FuncUnit> <Opcode : 'select'> <InPorts = 3> <OutPorts = 1>
ST_2 : Operation 33 [1/1] (0.00ns)   --->   "%t = partselect i64 @_ssdm_op_PartSelect.i64.i85.i32.i32, i85 %tmp_V_2, i32 21, i32 84"   --->   Operation 33 'partselect' 't' <Predicate = (!icmp_ln286)> <Delay = 0.00>
ST_2 : Operation 34 [1/1] (0.00ns)   --->   "%tmp_1 = ctlz i64 @llvm.ctlz.i64, i64 %t, i1 1"   --->   Operation 34 'ctlz' 'tmp_1' <Predicate = (!icmp_ln286)> <Delay = 0.00>
ST_2 : Operation 35 [1/1] (0.00ns)   --->   "%NZeros = trunc i64 %tmp_1"   --->   Operation 35 'trunc' 'NZeros' <Predicate = (!icmp_ln286)> <Delay = 0.00>
ST_2 : Operation 36 [1/1] (2.77ns)   --->   "%hitNonZero = icmp_eq  i64 %t, i64 0"   --->   Operation 36 'icmp' 'hitNonZero' <Predicate = (!icmp_ln286)> <Delay = 2.77> <CoreInst = "Cmp">   --->   Core 9 'Cmp' <Latency = 0> <II = 1> <Delay = 2.77> <FuncUnit> <Opcode : 'icmp'> <InPorts = 2> <OutPorts = 1>
ST_2 : Operation 37 [1/1] (0.00ns)   --->   "%trunc_ln1267 = trunc i85 %tmp_V_2"   --->   Operation 37 'trunc' 'trunc_ln1267' <Predicate = (!icmp_ln286)> <Delay = 0.00>
ST_2 : Operation 38 [1/1] (0.00ns)   --->   "%p_Result_12 = bitconcatenate i64 @_ssdm_op_BitConcatenate.i64.i21.i43, i21 %trunc_ln1267, i43 8796093022207"   --->   Operation 38 'bitconcatenate' 'p_Result_12' <Predicate = (!icmp_ln286)> <Delay = 0.00>
ST_2 : Operation 39 [1/1] (0.00ns)   --->   "%tmp_5 = ctlz i64 @llvm.ctlz.i64, i64 %p_Result_12, i1 1"   --->   Operation 39 'ctlz' 'tmp_5' <Predicate = (!icmp_ln286)> <Delay = 0.00>
ST_2 : Operation 40 [1/1] (0.00ns)   --->   "%trunc_ln1269 = trunc i64 %tmp_5"   --->   Operation 40 'trunc' 'trunc_ln1269' <Predicate = (!icmp_ln286)> <Delay = 0.00>
ST_2 : Operation 41 [1/1] (2.55ns)   --->   "%NZeros_1 = add i32 %trunc_ln1269, i32 %NZeros"   --->   Operation 41 'add' 'NZeros_1' <Predicate = (!icmp_ln286)> <Delay = 2.55> <CoreInst = "Adder">   --->   Core 1 'Adder' <Latency = 0> <II = 1> <Delay = 2.55> <FuncUnit> <Opcode : 'add' 'sub'> <InPorts = 2> <OutPorts = 1>
ST_2 : Operation 42 [1/1] (0.69ns)   --->   "%NZeros_3 = select i1 %hitNonZero, i32 %NZeros_1, i32 %NZeros"   --->   Operation 42 'select' 'NZeros_3' <Predicate = (!icmp_ln286)> <Delay = 0.69> <CoreInst = "Sel">   --->   Core 73 'Sel' <Latency = 0> <II = 1> <Delay = 0.69> <FuncUnit> <Opcode : 'select'> <InPorts = 3> <OutPorts = 1>
ST_2 : Operation 43 [1/1] (2.55ns)   --->   "%sub_ln1095 = sub i32 85, i32 %NZeros_3"   --->   Operation 43 'sub' 'sub_ln1095' <Predicate = (!icmp_ln286)> <Delay = 2.55> <CoreInst = "Adder">   --->   Core 1 'Adder' <Latency = 0> <II = 1> <Delay = 2.55> <FuncUnit> <Opcode : 'add' 'sub'> <InPorts = 2> <OutPorts = 1>
ST_2 : Operation 44 [1/1] (2.55ns)   --->   "%lsb_index = add i32 %sub_ln1095, i32 4294967243"   --->   Operation 44 'add' 'lsb_index' <Predicate = (!icmp_ln286)> <Delay = 2.55> <CoreInst = "Adder">   --->   Core 1 'Adder' <Latency = 0> <II = 1> <Delay = 2.55> <FuncUnit> <Opcode : 'add' 'sub'> <InPorts = 2> <OutPorts = 1>
ST_2 : Operation 45 [1/1] (0.00ns)   --->   "%tmp = partselect i31 @_ssdm_op_PartSelect.i31.i32.i32.i32, i32 %lsb_index, i32 1, i32 31"   --->   Operation 45 'partselect' 'tmp' <Predicate = (!icmp_ln286)> <Delay = 0.00>
ST_2 : Operation 46 [1/1] (2.47ns)   --->   "%icmp_ln1097 = icmp_sgt  i31 %tmp, i31 0"   --->   Operation 46 'icmp' 'icmp_ln1097' <Predicate = (!icmp_ln286)> <Delay = 2.47> <CoreInst = "Cmp">   --->   Core 9 'Cmp' <Latency = 0> <II = 1> <Delay = 2.47> <FuncUnit> <Opcode : 'icmp'> <InPorts = 2> <OutPorts = 1>
ST_2 : Operation 47 [1/1] (0.00ns)   --->   "%trunc_ln1098 = trunc i32 %sub_ln1095"   --->   Operation 47 'trunc' 'trunc_ln1098' <Predicate = (!icmp_ln286)> <Delay = 0.00>
ST_2 : Operation 48 [1/1] (1.87ns)   --->   "%sub_ln1098 = sub i7 11, i7 %trunc_ln1098"   --->   Operation 48 'sub' 'sub_ln1098' <Predicate = (!icmp_ln286)> <Delay = 1.87> <CoreInst = "Adder">   --->   Core 1 'Adder' <Latency = 0> <II = 1> <Delay = 1.87> <FuncUnit> <Opcode : 'add' 'sub'> <InPorts = 2> <OutPorts = 1>
ST_2 : Operation 49 [1/1] (0.00ns) (grouped into LUT with out node icmp_ln1098)   --->   "%zext_ln1098 = zext i7 %sub_ln1098"   --->   Operation 49 'zext' 'zext_ln1098' <Predicate = (!icmp_ln286)> <Delay = 0.00>
ST_2 : Operation 50 [1/1] (0.00ns) (grouped into LUT with out node icmp_ln1098)   --->   "%lshr_ln1098 = lshr i85 38685626227668133590597631, i85 %zext_ln1098"   --->   Operation 50 'lshr' 'lshr_ln1098' <Predicate = (!icmp_ln286)> <Delay = 0.00> <CoreInst = "Shifter">   --->   Core 75 'Shifter' <Latency = 0> <II = 1> <Delay = 3.04> <FuncUnit> <Opcode : 'shl' 'lshr' 'ashr'> <InPorts = 2> <OutPorts = 1>
ST_2 : Operation 51 [1/1] (0.00ns) (grouped into LUT with out node icmp_ln1098)   --->   "%p_Result_s = and i85 %tmp_V_2, i85 %lshr_ln1098"   --->   Operation 51 'and' 'p_Result_s' <Predicate = (!icmp_ln286)> <Delay = 0.00> <CoreInst = "LogicGate">   --->   Core 74 'LogicGate' <Latency = 0> <II = 1> <Delay = 1.00> <FuncUnit> <Opcode : 'and' 'or' 'xor'> <InPorts = 2> <OutPorts = 1>
ST_2 : Operation 52 [1/1] (3.04ns) (out node of the LUT)   --->   "%icmp_ln1098 = icmp_ne  i85 %p_Result_s, i85 0"   --->   Operation 52 'icmp' 'icmp_ln1098' <Predicate = (!icmp_ln286)> <Delay = 3.04> <CoreInst = "Cmp">   --->   Core 9 'Cmp' <Latency = 0> <II = 1> <Delay = 3.00> <FuncUnit> <Opcode : 'icmp'> <InPorts = 2> <OutPorts = 1>
ST_2 : Operation 53 [1/1] (0.00ns) (grouped into LUT with out node or_ln1100_1)   --->   "%a = and i1 %icmp_ln1097, i1 %icmp_ln1098"   --->   Operation 53 'and' 'a' <Predicate = (!icmp_ln286)> <Delay = 0.00> <CoreInst = "LogicGate">   --->   Core 74 'LogicGate' <Latency = 0> <II = 1> <Delay = 0.97> <FuncUnit> <Opcode : 'and' 'or' 'xor'> <InPorts = 2> <OutPorts = 1>
ST_2 : Operation 54 [1/1] (0.00ns) (grouped into LUT with out node or_ln1100_1)   --->   "%tmp_2 = bitselect i1 @_ssdm_op_BitSelect.i1.i32.i32, i32 %lsb_index, i32 31"   --->   Operation 54 'bitselect' 'tmp_2' <Predicate = (!icmp_ln286)> <Delay = 0.00>
ST_2 : Operation 55 [1/1] (0.00ns) (grouped into LUT with out node or_ln1100_1)   --->   "%xor_ln1100 = xor i1 %tmp_2, i1 1"   --->   Operation 55 'xor' 'xor_ln1100' <Predicate = (!icmp_ln286)> <Delay = 0.00> <CoreInst = "LogicGate">   --->   Core 74 'LogicGate' <Latency = 0> <II = 1> <Delay = 0.97> <FuncUnit> <Opcode : 'and' 'or' 'xor'> <InPorts = 2> <OutPorts = 1>
ST_2 : Operation 56 [1/1] (0.00ns) (grouped into LUT with out node or_ln1100_1)   --->   "%p_Result_8 = bitselect i1 @_ssdm_op_BitSelect.i1.i85.i32, i85 %tmp_V_2, i32 %lsb_index"   --->   Operation 56 'bitselect' 'p_Result_8' <Predicate = (!icmp_ln286)> <Delay = 0.00>
ST_2 : Operation 57 [1/1] (0.00ns) (grouped into LUT with out node or_ln1100_1)   --->   "%and_ln1100 = and i1 %p_Result_8, i1 %xor_ln1100"   --->   Operation 57 'and' 'and_ln1100' <Predicate = (!icmp_ln286)> <Delay = 0.00> <CoreInst = "LogicGate">   --->   Core 74 'LogicGate' <Latency = 0> <II = 1> <Delay = 0.97> <FuncUnit> <Opcode : 'and' 'or' 'xor'> <InPorts = 2> <OutPorts = 1>
ST_2 : Operation 58 [1/1] (0.00ns) (grouped into LUT with out node or_ln1100_1)   --->   "%or_ln1100 = or i1 %and_ln1100, i1 %a"   --->   Operation 58 'or' 'or_ln1100' <Predicate = (!icmp_ln286)> <Delay = 0.00> <CoreInst = "LogicGate">   --->   Core 74 'LogicGate' <Latency = 0> <II = 1> <Delay = 0.97> <FuncUnit> <Opcode : 'and' 'or' 'xor'> <InPorts = 2> <OutPorts = 1>
ST_2 : Operation 59 [1/1] (0.97ns) (out node of the LUT)   --->   "%or_ln1100_1 = bitconcatenate i2 @_ssdm_op_BitConcatenate.i2.i1.i1, i1 0, i1 %or_ln1100"   --->   Operation 59 'bitconcatenate' 'or_ln1100_1' <Predicate = (!icmp_ln286)> <Delay = 0.97>
ST_2 : Operation 60 [1/1] (2.47ns)   --->   "%icmp_ln1105 = icmp_sgt  i32 %lsb_index, i32 0"   --->   Operation 60 'icmp' 'icmp_ln1105' <Predicate = (!icmp_ln286)> <Delay = 2.47> <CoreInst = "Cmp">   --->   Core 9 'Cmp' <Latency = 0> <II = 1> <Delay = 2.47> <FuncUnit> <Opcode : 'icmp'> <InPorts = 2> <OutPorts = 1>
ST_2 : Operation 61 [1/1] (2.55ns)   --->   "%add_ln1105 = add i32 %sub_ln1095, i32 4294967242"   --->   Operation 61 'add' 'add_ln1105' <Predicate = (!icmp_ln286)> <Delay = 2.55> <CoreInst = "Adder">   --->   Core 1 'Adder' <Latency = 0> <II = 1> <Delay = 2.55> <FuncUnit> <Opcode : 'add' 'sub'> <InPorts = 2> <OutPorts = 1>
ST_2 : Operation 62 [1/1] (0.00ns) (grouped into LUT with out node m_1)   --->   "%zext_ln1105 = zext i32 %add_ln1105"   --->   Operation 62 'zext' 'zext_ln1105' <Predicate = (!icmp_ln286)> <Delay = 0.00>
ST_2 : Operation 63 [1/1] (0.00ns) (grouped into LUT with out node m_1)   --->   "%lshr_ln1105 = lshr i85 %tmp_V_2, i85 %zext_ln1105"   --->   Operation 63 'lshr' 'lshr_ln1105' <Predicate = (!icmp_ln286)> <Delay = 0.00> <CoreInst = "Shifter">   --->   Core 75 'Shifter' <Latency = 0> <II = 1> <Delay = 4.67> <FuncUnit> <Opcode : 'shl' 'lshr' 'ashr'> <InPorts = 2> <OutPorts = 1>
ST_2 : Operation 64 [1/1] (2.55ns)   --->   "%sub_ln1106 = sub i32 54, i32 %sub_ln1095"   --->   Operation 64 'sub' 'sub_ln1106' <Predicate = (!icmp_ln286)> <Delay = 2.55> <CoreInst = "Adder">   --->   Core 1 'Adder' <Latency = 0> <II = 1> <Delay = 2.55> <FuncUnit> <Opcode : 'add' 'sub'> <InPorts = 2> <OutPorts = 1>
ST_2 : Operation 65 [1/1] (0.00ns) (grouped into LUT with out node m_1)   --->   "%zext_ln1106 = zext i32 %sub_ln1106"   --->   Operation 65 'zext' 'zext_ln1106' <Predicate = (!icmp_ln286)> <Delay = 0.00>
ST_2 : Operation 66 [1/1] (0.00ns) (grouped into LUT with out node m_1)   --->   "%shl_ln1106 = shl i85 %tmp_V_2, i85 %zext_ln1106"   --->   Operation 66 'shl' 'shl_ln1106' <Predicate = (!icmp_ln286)> <Delay = 0.00> <CoreInst = "Shifter">   --->   Core 75 'Shifter' <Latency = 0> <II = 1> <Delay = 4.67> <FuncUnit> <Opcode : 'shl' 'lshr' 'ashr'> <InPorts = 2> <OutPorts = 1>
ST_2 : Operation 67 [1/1] (0.00ns) (grouped into LUT with out node m_1)   --->   "%trunc_ln1106 = trunc i85 %lshr_ln1105"   --->   Operation 67 'trunc' 'trunc_ln1106' <Predicate = (!icmp_ln286)> <Delay = 0.00>
ST_2 : Operation 68 [1/1] (0.00ns) (grouped into LUT with out node m_1)   --->   "%trunc_ln1106_1 = trunc i85 %shl_ln1106"   --->   Operation 68 'trunc' 'trunc_ln1106_1' <Predicate = (!icmp_ln286)> <Delay = 0.00>
ST_2 : Operation 69 [1/1] (0.00ns) (grouped into LUT with out node m_1)   --->   "%m = select i1 %icmp_ln1105, i64 %trunc_ln1106, i64 %trunc_ln1106_1"   --->   Operation 69 'select' 'm' <Predicate = (!icmp_ln286)> <Delay = 0.00> <CoreInst = "Sel">   --->   Core 73 'Sel' <Latency = 0> <II = 1> <Delay = 1.48> <FuncUnit> <Opcode : 'select'> <InPorts = 3> <OutPorts = 1>
ST_2 : Operation 70 [1/1] (0.00ns) (grouped into LUT with out node m_1)   --->   "%zext_ln1112 = zext i2 %or_ln1100_1"   --->   Operation 70 'zext' 'zext_ln1112' <Predicate = (!icmp_ln286)> <Delay = 0.00>
ST_2 : Operation 71 [1/1] (4.67ns) (out node of the LUT)   --->   "%m_1 = add i64 %m, i64 %zext_ln1112"   --->   Operation 71 'add' 'm_1' <Predicate = (!icmp_ln286)> <Delay = 4.67> <CoreInst = "Adder">   --->   Core 1 'Adder' <Latency = 0> <II = 1> <Delay = 3.52> <FuncUnit> <Opcode : 'add' 'sub'> <InPorts = 2> <OutPorts = 1>
ST_2 : Operation 72 [1/1] (0.00ns)   --->   "%m_4 = partselect i63 @_ssdm_op_PartSelect.i63.i64.i32.i32, i64 %m_1, i32 1, i32 63"   --->   Operation 72 'partselect' 'm_4' <Predicate = (!icmp_ln286)> <Delay = 0.00>
ST_2 : Operation 73 [1/1] (0.00ns)   --->   "%zext_ln1113 = zext i63 %m_4"   --->   Operation 73 'zext' 'zext_ln1113' <Predicate = (!icmp_ln286)> <Delay = 0.00>
ST_2 : Operation 74 [1/1] (0.00ns)   --->   "%p_Result_9 = bitselect i1 @_ssdm_op_BitSelect.i1.i64.i32, i64 %m_1, i32 54"   --->   Operation 74 'bitselect' 'p_Result_9' <Predicate = (!icmp_ln286)> <Delay = 0.00>
ST_2 : Operation 75 [1/1] (0.69ns)   --->   "%select_ln1094 = select i1 %p_Result_9, i11 1023, i11 1022"   --->   Operation 75 'select' 'select_ln1094' <Predicate = (!icmp_ln286)> <Delay = 0.69> <CoreInst = "Sel">   --->   Core 73 'Sel' <Latency = 0> <II = 1> <Delay = 0.69> <FuncUnit> <Opcode : 'select'> <InPorts = 3> <OutPorts = 1>
ST_2 : Operation 76 [1/1] (0.00ns)   --->   "%trunc_ln1094 = trunc i32 %NZeros_3"   --->   Operation 76 'trunc' 'trunc_ln1094' <Predicate = (!icmp_ln286)> <Delay = 0.00>
ST_2 : Operation 77 [1/1] (0.00ns) (grouped into TernaryAdder)   --->   "%sub_ln1116 = sub i11 30, i11 %trunc_ln1094"   --->   Operation 77 'sub' 'sub_ln1116' <Predicate = (!icmp_ln286)> <Delay = 0.00> <CoreInst = "TAddSub">   --->   Core 10 'TAddSub' <Latency = 0> <II = 1> <Delay = 1.87> <IPBlock> <Opcode : 'add' 'sub'> <InPorts = 3> <OutPorts = 1> <Sync> <CReg>
ST_2 : Operation 78 [1/1] (3.75ns) (root node of TernaryAdder)   --->   "%add_ln1122 = add i11 %sub_ln1116, i11 %select_ln1094"   --->   Operation 78 'add' 'add_ln1122' <Predicate = (!icmp_ln286)> <Delay = 3.75> <CoreInst = "TAddSub">   --->   Core 10 'TAddSub' <Latency = 0> <II = 1> <Delay = 1.87> <IPBlock> <Opcode : 'add' 'sub'> <InPorts = 3> <OutPorts = 1> <Sync> <CReg>
ST_2 : Operation 79 [1/1] (0.00ns)   --->   "%tmp_s = bitconcatenate i12 @_ssdm_op_BitConcatenate.i12.i1.i11, i1 %p_Result_11, i11 %add_ln1122"   --->   Operation 79 'bitconcatenate' 'tmp_s' <Predicate = (!icmp_ln286)> <Delay = 0.00>
ST_2 : Operation 80 [1/1] (0.00ns)   --->   "%p_Result_13 = partset i64 @_ssdm_op_PartSet.i64.i64.i12.i32.i32, i64 %zext_ln1113, i12 %tmp_s, i32 52, i32 63"   --->   Operation 80 'partset' 'p_Result_13' <Predicate = (!icmp_ln286)> <Delay = 0.00>
ST_2 : Operation 81 [1/1] (1.48ns)   --->   "%select_ln1086 = select i1 %icmp_ln1086, i64 0, i64 %p_Result_13"   --->   Operation 81 'select' 'select_ln1086' <Predicate = (!icmp_ln286)> <Delay = 1.48> <CoreInst = "Sel">   --->   Core 73 'Sel' <Latency = 0> <II = 1> <Delay = 1.48> <FuncUnit> <Opcode : 'select'> <InPorts = 3> <OutPorts = 1>
ST_2 : Operation 90 [1/1] (0.00ns)   --->   "%ret_ln0 = ret"   --->   Operation 90 'ret' 'ret_ln0' <Predicate = (icmp_ln286)> <Delay = 0.00>

State 3 <SV = 2> <Delay = 73.0>
ST_3 : Operation 82 [1/1] (0.00ns)   --->   "%phi_ln287_load = load i64 %phi_ln287" [src/runge_kutta_45.cpp:287]   --->   Operation 82 'load' 'phi_ln287_load' <Predicate = true> <Delay = 0.00>
ST_3 : Operation 83 [1/1] (0.00ns)   --->   "%specloopname_ln286 = specloopname void @_ssdm_op_SpecLoopName, void @empty_17" [src/runge_kutta_45.cpp:286]   --->   Operation 83 'specloopname' 'specloopname_ln286' <Predicate = true> <Delay = 0.00>
ST_3 : Operation 84 [1/1] (0.00ns)   --->   "%or_ln2 = bitconcatenate i128 @_ssdm_op_BitConcatenate.i128.i64.i64, i64 %select_ln1086, i64 %phi_ln287_load" [src/runge_kutta_45.cpp:287]   --->   Operation 84 'bitconcatenate' 'or_ln2' <Predicate = true> <Delay = 0.00>
ST_3 : Operation 85 [1/1] (73.0ns)   --->   "%write_ln287 = write void @_ssdm_op_Write.m_axi.p1i128, i128 %X_BUS_addr, i128 %or_ln2, i16 65535" [src/runge_kutta_45.cpp:287]   --->   Operation 85 'write' 'write_ln287' <Predicate = (empty)> <Delay = 73.0> <CoreInst = "m_axi">   --->   Core 113 'm_axi' <Latency = 0> <II = 1> <Delay = 1.00> <Adapter> <Opcode : 'read' 'write' 'readreq' 'writereq' 'writeresp'>
ST_3 : Operation 86 [1/1] (0.00ns)   --->   "%br_ln287 = br void %for.inc410._crit_edge" [src/runge_kutta_45.cpp:287]   --->   Operation 86 'br' 'br_ln287' <Predicate = (empty)> <Delay = 0.00>
ST_3 : Operation 87 [1/1] (1.48ns)   --->   "%select_ln286 = select i1 %empty, i64 0, i64 %select_ln1086" [src/runge_kutta_45.cpp:286]   --->   Operation 87 'select' 'select_ln286' <Predicate = true> <Delay = 1.48> <CoreInst = "Sel">   --->   Core 73 'Sel' <Latency = 0> <II = 1> <Delay = 1.48> <FuncUnit> <Opcode : 'select'> <InPorts = 3> <OutPorts = 1>
ST_3 : Operation 88 [1/1] (1.58ns)   --->   "%store_ln286 = store i64 %select_ln286, i64 %phi_ln287" [src/runge_kutta_45.cpp:286]   --->   Operation 88 'store' 'store_ln286' <Predicate = true> <Delay = 1.58>
ST_3 : Operation 89 [1/1] (0.00ns)   --->   "%br_ln286 = br void %for.body402" [src/runge_kutta_45.cpp:286]   --->   Operation 89 'br' 'br_ln286' <Predicate = true> <Delay = 0.00>


============================================================
+ Verbose Summary: Binding
============================================================
STG Binding: 
---------------- STG Properties BEGIN ----------------
- Is combinational: 0
- Is one-state seq: 0
- Is datapath-only: 0
- Is pipelined: 0
- Is top level: 0
Port [ Return ] is wired: 1; IO mode=ap_ctrl_hs:ce=0
Port [ X_BUS]:  wired=1; compound=1; hidden=0; nouse=0; global=0; static=0; extern=0; dir=1; type=4; pingpong=0; private_global=0; IO mode=m_axi:ce=0
Port [ sext_ln286]:  wired=1; compound=0; hidden=0; nouse=0; global=0; static=0; extern=0; dir=0; type=0; pingpong=0; private_global=0; IO mode=ap_none:ce=0
Port [ mul399]:  wired=1; compound=0; hidden=0; nouse=0; global=0; static=0; extern=0; dir=0; type=0; pingpong=0; private_global=0; IO mode=ap_none:ce=0
Port [ yy_loc_V]:  wired=1; compound=1; hidden=0; nouse=0; global=0; static=0; extern=0; dir=0; type=1; pingpong=0; private_global=0; MemPort=[13]; IO mode=ap_memory:ce=0
---------------- STG Properties END ------------------

---------------- Datapath Model BEGIN ----------------

<LifeTime>
<method=bitvector/>
phi_ln287          (alloca        ) [ 0111]
i_5                (alloca        ) [ 0100]
mul399_read        (read          ) [ 0000]
sext_ln286_read    (read          ) [ 0000]
sext_ln286_cast    (sext          ) [ 0110]
specinterface_ln0  (specinterface ) [ 0000]
store_ln0          (store         ) [ 0000]
store_ln0          (store         ) [ 0000]
br_ln0             (br            ) [ 0000]
i                  (load          ) [ 0000]
icmp_ln286         (icmp          ) [ 0110]
add_ln286          (add           ) [ 0000]
br_ln286           (br            ) [ 0000]
i_5_cast83         (zext          ) [ 0000]
yy_loc_V_addr_2    (getelementptr ) [ 0110]
empty              (trunc         ) [ 0111]
br_ln287           (br            ) [ 0000]
store_ln286        (store         ) [ 0000]
specbitsmap_ln0    (specbitsmap   ) [ 0000]
X_BUS_addr         (getelementptr ) [ 0101]
specpipeline_ln0   (specpipeline  ) [ 0000]
p_Val2_s           (load          ) [ 0000]
icmp_ln1086        (icmp          ) [ 0000]
p_Result_11        (bitselect     ) [ 0000]
tmp_V              (sub           ) [ 0000]
tmp_V_2            (select        ) [ 0000]
t                  (partselect    ) [ 0000]
tmp_1              (ctlz          ) [ 0000]
NZeros             (trunc         ) [ 0000]
hitNonZero         (icmp          ) [ 0000]
trunc_ln1267       (trunc         ) [ 0000]
p_Result_12        (bitconcatenate) [ 0000]
tmp_5              (ctlz          ) [ 0000]
trunc_ln1269       (trunc         ) [ 0000]
NZeros_1           (add           ) [ 0000]
NZeros_3           (select        ) [ 0000]
sub_ln1095         (sub           ) [ 0000]
lsb_index          (add           ) [ 0000]
tmp                (partselect    ) [ 0000]
icmp_ln1097        (icmp          ) [ 0000]
trunc_ln1098       (trunc         ) [ 0000]
sub_ln1098         (sub           ) [ 0000]
zext_ln1098        (zext          ) [ 0000]
lshr_ln1098        (lshr          ) [ 0000]
p_Result_s         (and           ) [ 0000]
icmp_ln1098        (icmp          ) [ 0000]
a                  (and           ) [ 0000]
tmp_2              (bitselect     ) [ 0000]
xor_ln1100         (xor           ) [ 0000]
p_Result_8         (bitselect     ) [ 0000]
and_ln1100         (and           ) [ 0000]
or_ln1100          (or            ) [ 0000]
or_ln1100_1        (bitconcatenate) [ 0000]
icmp_ln1105        (icmp          ) [ 0000]
add_ln1105         (add           ) [ 0000]
zext_ln1105        (zext          ) [ 0000]
lshr_ln1105        (lshr          ) [ 0000]
sub_ln1106         (sub           ) [ 0000]
zext_ln1106        (zext          ) [ 0000]
shl_ln1106         (shl           ) [ 0000]
trunc_ln1106       (trunc         ) [ 0000]
trunc_ln1106_1     (trunc         ) [ 0000]
m                  (select        ) [ 0000]
zext_ln1112        (zext          ) [ 0000]
m_1                (add           ) [ 0000]
m_4                (partselect    ) [ 0000]
zext_ln1113        (zext          ) [ 0000]
p_Result_9         (bitselect     ) [ 0000]
select_ln1094      (select        ) [ 0000]
trunc_ln1094       (trunc         ) [ 0000]
sub_ln1116         (sub           ) [ 0000]
add_ln1122         (add           ) [ 0000]
tmp_s              (bitconcatenate) [ 0000]
p_Result_13        (partset       ) [ 0000]
select_ln1086      (select        ) [ 0101]
phi_ln287_load     (load          ) [ 0000]
specloopname_ln286 (specloopname  ) [ 0000]
or_ln2             (bitconcatenate) [ 0000]
write_ln287        (write         ) [ 0000]
br_ln287           (br            ) [ 0000]
select_ln286       (select        ) [ 0000]
store_ln286        (store         ) [ 0000]
br_ln286           (br            ) [ 0000]
ret_ln0            (ret           ) [ 0000]
</LifeTime>

<model>

<comp_list>
<comp id="0" class="1000" name="X_BUS">
<pin_list>
<pin id="1" dir="1" index="0" bw="1" slack="0"/>
</pin_list>
<bind>
<StgValue><ssdm name="X_BUS"/></StgValue>
</bind>
</comp>

<comp id="2" class="1000" name="sext_ln286">
<pin_list>
<pin id="3" dir="1" index="0" bw="1" slack="0"/>
</pin_list>
<bind>
<StgValue><ssdm name="sext_ln286"/></StgValue>
</bind>
</comp>

<comp id="4" class="1000" name="mul399">
<pin_list>
<pin id="5" dir="1" index="0" bw="1" slack="0"/>
</pin_list>
<bind>
<StgValue><ssdm name="mul399"/></StgValue>
</bind>
</comp>

<comp id="6" class="1000" name="yy_loc_V">
<pin_list>
<pin id="7" dir="1" index="0" bw="1" slack="0"/>
</pin_list>
<bind>
<StgValue><ssdm name="yy_loc_V"/><MemPortTyVec>1 3 </MemPortTyVec>
</StgValue>
</bind>
</comp>

<comp id="8" class="1001" name="const_8">
<pin_list>
<pin id="9" dir="1" index="0" bw="1" slack="0"/>
</pin_list>
<bind>
<StgValue><ssdm name=""/></StgValue>
</bind>
</comp>

<comp id="10" class="1001" name="const_10">
<pin_list>
<pin id="11" dir="1" index="0" bw="1" slack="0"/>
</pin_list>
<bind>
<StgValue><ssdm name="_ssdm_op_Read.ap_auto.i32"/></StgValue>
</bind>
</comp>

<comp id="12" class="1001" name="const_12">
<pin_list>
<pin id="13" dir="1" index="0" bw="1" slack="0"/>
</pin_list>
<bind>
<StgValue><ssdm name="_ssdm_op_Read.ap_auto.i60"/></StgValue>
</bind>
</comp>

<comp id="14" class="1001" name="const_14">
<pin_list>
<pin id="15" dir="1" index="0" bw="1" slack="2147483647"/>
</pin_list>
<bind>
<StgValue><ssdm name="_ssdm_op_SpecInterface"/></StgValue>
</bind>
</comp>

<comp id="16" class="1001" name="const_16">
<pin_list>
<pin id="17" dir="1" index="0" bw="1" slack="2147483647"/>
</pin_list>
<bind>
<StgValue><ssdm name="empty_12"/></StgValue>
</bind>
</comp>

<comp id="18" class="1001" name="const_18">
<pin_list>
<pin id="19" dir="1" index="0" bw="1" slack="0"/>
</pin_list>
<bind>
<StgValue><ssdm name=""/></StgValue>
</bind>
</comp>

<comp id="20" class="1001" name="const_20">
<pin_list>
<pin id="21" dir="1" index="0" bw="1" slack="2147483647"/>
</pin_list>
<bind>
<StgValue><ssdm name="empty_10"/></StgValue>
</bind>
</comp>

<comp id="22" class="1001" name="const_22">
<pin_list>
<pin id="23" dir="1" index="0" bw="1" slack="2147483647"/>
</pin_list>
<bind>
<StgValue><ssdm name=""/></StgValue>
</bind>
</comp>

<comp id="24" class="1001" name="const_24">
<pin_list>
<pin id="25" dir="1" index="0" bw="1" slack="2147483647"/>
</pin_list>
<bind>
<StgValue><ssdm name="empty_16"/></StgValue>
</bind>
</comp>

<comp id="26" class="1001" name="const_26">
<pin_list>
<pin id="27" dir="1" index="0" bw="1" slack="2147483647"/>
</pin_list>
<bind>
<StgValue><ssdm name="empty_15"/></StgValue>
</bind>
</comp>

<comp id="28" class="1001" name="const_28">
<pin_list>
<pin id="29" dir="1" index="0" bw="1" slack="2147483647"/>
</pin_list>
<bind>
<StgValue><ssdm name=""/></StgValue>
</bind>
</comp>

<comp id="30" class="1001" name="const_30">
<pin_list>
<pin id="31" dir="1" index="0" bw="1" slack="2147483647"/>
</pin_list>
<bind>
<StgValue><ssdm name=""/></StgValue>
</bind>
</comp>

<comp id="32" class="1001" name="const_32">
<pin_list>
<pin id="33" dir="1" index="0" bw="1" slack="2147483647"/>
</pin_list>
<bind>
<StgValue><ssdm name=""/></StgValue>
</bind>
</comp>

<comp id="34" class="1001" name="const_34">
<pin_list>
<pin id="35" dir="1" index="0" bw="1" slack="0"/>
</pin_list>
<bind>
<StgValue><ssdm name=""/></StgValue>
</bind>
</comp>

<comp id="36" class="1001" name="const_36">
<pin_list>
<pin id="37" dir="1" index="0" bw="1" slack="2147483647"/>
</pin_list>
<bind>
<StgValue><ssdm name="_ssdm_op_SpecBitsMap"/></StgValue>
</bind>
</comp>

<comp id="38" class="1001" name="const_38">
<pin_list>
<pin id="39" dir="1" index="0" bw="1" slack="2147483647"/>
</pin_list>
<bind>
<StgValue><ssdm name="_ssdm_op_SpecPipeline"/></StgValue>
</bind>
</comp>

<comp id="40" class="1001" name="const_40">
<pin_list>
<pin id="41" dir="1" index="0" bw="1" slack="2147483647"/>
</pin_list>
<bind>
<StgValue><ssdm name="p_str"/></StgValue>
</bind>
</comp>

<comp id="42" class="1001" name="const_42">
<pin_list>
<pin id="43" dir="1" index="0" bw="1" slack="0"/>
</pin_list>
<bind>
<StgValue><ssdm name=""/></StgValue>
</bind>
</comp>

<comp id="44" class="1001" name="const_44">
<pin_list>
<pin id="45" dir="1" index="0" bw="1" slack="0"/>
</pin_list>
<bind>
<StgValue><ssdm name="_ssdm_op_BitSelect.i1.i85.i32"/></StgValue>
</bind>
</comp>

<comp id="46" class="1001" name="const_46">
<pin_list>
<pin id="47" dir="1" index="0" bw="1" slack="0"/>
</pin_list>
<bind>
<StgValue><ssdm name=""/></StgValue>
</bind>
</comp>

<comp id="48" class="1001" name="const_48">
<pin_list>
<pin id="49" dir="1" index="0" bw="1" slack="0"/>
</pin_list>
<bind>
<StgValue><ssdm name="_ssdm_op_PartSelect.i64.i85.i32.i32"/></StgValue>
</bind>
</comp>

<comp id="50" class="1001" name="const_50">
<pin_list>
<pin id="51" dir="1" index="0" bw="1" slack="0"/>
</pin_list>
<bind>
<StgValue><ssdm name=""/></StgValue>
</bind>
</comp>

<comp id="52" class="1001" name="const_52">
<pin_list>
<pin id="53" dir="1" index="0" bw="1" slack="0"/>
</pin_list>
<bind>
<StgValue><ssdm name="llvm.ctlz.i64"/></StgValue>
</bind>
</comp>

<comp id="54" class="1001" name="const_54">
<pin_list>
<pin id="55" dir="1" index="0" bw="1" slack="0"/>
</pin_list>
<bind>
<StgValue><ssdm name=""/></StgValue>
</bind>
</comp>

<comp id="56" class="1001" name="const_56">
<pin_list>
<pin id="57" dir="1" index="0" bw="1" slack="0"/>
</pin_list>
<bind>
<StgValue><ssdm name="_ssdm_op_BitConcatenate.i64.i21.i43"/></StgValue>
</bind>
</comp>

<comp id="58" class="1001" name="const_58">
<pin_list>
<pin id="59" dir="1" index="0" bw="1" slack="0"/>
</pin_list>
<bind>
<StgValue><ssdm name=""/></StgValue>
</bind>
</comp>

<comp id="60" class="1001" name="const_60">
<pin_list>
<pin id="61" dir="1" index="0" bw="1" slack="0"/>
</pin_list>
<bind>
<StgValue><ssdm name=""/></StgValue>
</bind>
</comp>

<comp id="62" class="1001" name="const_62">
<pin_list>
<pin id="63" dir="1" index="0" bw="1" slack="0"/>
</pin_list>
<bind>
<StgValue><ssdm name=""/></StgValue>
</bind>
</comp>

<comp id="64" class="1001" name="const_64">
<pin_list>
<pin id="65" dir="1" index="0" bw="1" slack="0"/>
</pin_list>
<bind>
<StgValue><ssdm name="_ssdm_op_PartSelect.i31.i32.i32.i32"/></StgValue>
</bind>
</comp>

<comp id="66" class="1001" name="const_66">
<pin_list>
<pin id="67" dir="1" index="0" bw="1" slack="0"/>
</pin_list>
<bind>
<StgValue><ssdm name=""/></StgValue>
</bind>
</comp>

<comp id="68" class="1001" name="const_68">
<pin_list>
<pin id="69" dir="1" index="0" bw="1" slack="0"/>
</pin_list>
<bind>
<StgValue><ssdm name=""/></StgValue>
</bind>
</comp>

<comp id="70" class="1001" name="const_70">
<pin_list>
<pin id="71" dir="1" index="0" bw="1" slack="0"/>
</pin_list>
<bind>
<StgValue><ssdm name=""/></StgValue>
</bind>
</comp>

<comp id="72" class="1001" name="const_72">
<pin_list>
<pin id="73" dir="1" index="0" bw="1" slack="0"/>
</pin_list>
<bind>
<StgValue><ssdm name=""/></StgValue>
</bind>
</comp>

<comp id="74" class="1001" name="const_74">
<pin_list>
<pin id="75" dir="1" index="0" bw="1" slack="0"/>
</pin_list>
<bind>
<StgValue><ssdm name="_ssdm_op_BitSelect.i1.i32.i32"/></StgValue>
</bind>
</comp>

<comp id="76" class="1001" name="const_76">
<pin_list>
<pin id="77" dir="1" index="0" bw="1" slack="0"/>
</pin_list>
<bind>
<StgValue><ssdm name="_ssdm_op_BitConcatenate.i2.i1.i1"/></StgValue>
</bind>
</comp>

<comp id="78" class="1001" name="const_78">
<pin_list>
<pin id="79" dir="1" index="0" bw="1" slack="0"/>
</pin_list>
<bind>
<StgValue><ssdm name=""/></StgValue>
</bind>
</comp>

<comp id="80" class="1001" name="const_80">
<pin_list>
<pin id="81" dir="1" index="0" bw="1" slack="0"/>
</pin_list>
<bind>
<StgValue><ssdm name=""/></StgValue>
</bind>
</comp>

<comp id="82" class="1001" name="const_82">
<pin_list>
<pin id="83" dir="1" index="0" bw="1" slack="0"/>
</pin_list>
<bind>
<StgValue><ssdm name=""/></StgValue>
</bind>
</comp>

<comp id="84" class="1001" name="const_84">
<pin_list>
<pin id="85" dir="1" index="0" bw="1" slack="0"/>
</pin_list>
<bind>
<StgValue><ssdm name="_ssdm_op_PartSelect.i63.i64.i32.i32"/></StgValue>
</bind>
</comp>

<comp id="86" class="1001" name="const_86">
<pin_list>
<pin id="87" dir="1" index="0" bw="1" slack="0"/>
</pin_list>
<bind>
<StgValue><ssdm name=""/></StgValue>
</bind>
</comp>

<comp id="88" class="1001" name="const_88">
<pin_list>
<pin id="89" dir="1" index="0" bw="1" slack="0"/>
</pin_list>
<bind>
<StgValue><ssdm name="_ssdm_op_BitSelect.i1.i64.i32"/></StgValue>
</bind>
</comp>

<comp id="90" class="1001" name="const_90">
<pin_list>
<pin id="91" dir="1" index="0" bw="1" slack="0"/>
</pin_list>
<bind>
<StgValue><ssdm name=""/></StgValue>
</bind>
</comp>

<comp id="92" class="1001" name="const_92">
<pin_list>
<pin id="93" dir="1" index="0" bw="1" slack="0"/>
</pin_list>
<bind>
<StgValue><ssdm name=""/></StgValue>
</bind>
</comp>

<comp id="94" class="1001" name="const_94">
<pin_list>
<pin id="95" dir="1" index="0" bw="1" slack="0"/>
</pin_list>
<bind>
<StgValue><ssdm name=""/></StgValue>
</bind>
</comp>

<comp id="96" class="1001" name="const_96">
<pin_list>
<pin id="97" dir="1" index="0" bw="1" slack="0"/>
</pin_list>
<bind>
<StgValue><ssdm name="_ssdm_op_BitConcatenate.i12.i1.i11"/></StgValue>
</bind>
</comp>

<comp id="98" class="1001" name="const_98">
<pin_list>
<pin id="99" dir="1" index="0" bw="1" slack="0"/>
</pin_list>
<bind>
<StgValue><ssdm name="_ssdm_op_PartSet.i64.i64.i12.i32.i32"/></StgValue>
</bind>
</comp>

<comp id="100" class="1001" name="const_100">
<pin_list>
<pin id="101" dir="1" index="0" bw="1" slack="0"/>
</pin_list>
<bind>
<StgValue><ssdm name=""/></StgValue>
</bind>
</comp>

<comp id="102" class="1001" name="const_102">
<pin_list>
<pin id="103" dir="1" index="0" bw="1" slack="2147483647"/>
</pin_list>
<bind>
<StgValue><ssdm name="_ssdm_op_SpecLoopName"/></StgValue>
</bind>
</comp>

<comp id="104" class="1001" name="const_104">
<pin_list>
<pin id="105" dir="1" index="0" bw="1" slack="2147483647"/>
</pin_list>
<bind>
<StgValue><ssdm name="empty_17"/></StgValue>
</bind>
</comp>

<comp id="106" class="1001" name="const_106">
<pin_list>
<pin id="107" dir="1" index="0" bw="1" slack="0"/>
</pin_list>
<bind>
<StgValue><ssdm name="_ssdm_op_BitConcatenate.i128.i64.i64"/></StgValue>
</bind>
</comp>

<comp id="108" class="1001" name="const_108">
<pin_list>
<pin id="109" dir="1" index="0" bw="1" slack="0"/>
</pin_list>
<bind>
<StgValue><ssdm name="_ssdm_op_Write.m_axi.p1i128"/></StgValue>
</bind>
</comp>

<comp id="110" class="1001" name="const_110">
<pin_list>
<pin id="111" dir="1" index="0" bw="1" slack="0"/>
</pin_list>
<bind>
<StgValue><ssdm name=""/></StgValue>
</bind>
</comp>

<comp id="112" class="1004" name="phi_ln287_fu_112">
<pin_list>
<pin id="113" dir="0" index="0" bw="1" slack="0"/>
<pin id="114" dir="1" index="1" bw="64" slack="0"/>
</pin_list>
<bind>
<opcode="alloca(26) " fcode="alloca"/>
<opset="phi_ln287/1 "/>
</bind>
</comp>

<comp id="116" class="1004" name="i_5_fu_116">
<pin_list>
<pin id="117" dir="0" index="0" bw="1" slack="0"/>
<pin id="118" dir="1" index="1" bw="32" slack="0"/>
</pin_list>
<bind>
<opcode="alloca(26) " fcode="alloca"/>
<opset="i_5/1 "/>
</bind>
</comp>

<comp id="120" class="1004" name="mul399_read_read_fu_120">
<pin_list>
<pin id="121" dir="0" index="0" bw="32" slack="0"/>
<pin id="122" dir="0" index="1" bw="32" slack="0"/>
<pin id="123" dir="1" index="2" bw="32" slack="0"/>
</pin_list>
<bind>
<opcode="read(1150) " fcode="read"/>
<opset="mul399_read/1 "/>
</bind>
</comp>

<comp id="126" class="1004" name="sext_ln286_read_read_fu_126">
<pin_list>
<pin id="127" dir="0" index="0" bw="60" slack="0"/>
<pin id="128" dir="0" index="1" bw="60" slack="0"/>
<pin id="129" dir="1" index="2" bw="60" slack="0"/>
</pin_list>
<bind>
<opcode="read(1150) " fcode="read"/>
<opset="sext_ln286_read/1 "/>
</bind>
</comp>

<comp id="132" class="1004" name="write_ln287_write_fu_132">
<pin_list>
<pin id="133" dir="0" index="0" bw="0" slack="0"/>
<pin id="134" dir="0" index="1" bw="128" slack="1"/>
<pin id="135" dir="0" index="2" bw="128" slack="0"/>
<pin id="136" dir="0" index="3" bw="1" slack="0"/>
<pin id="137" dir="1" index="4" bw="0" slack="2147483647"/>
</pin_list>
<bind>
<opcode="write(1151) " fcode="write"/>
<opset="write_ln287/3 "/>
</bind>
</comp>

<comp id="140" class="1004" name="yy_loc_V_addr_2_gep_fu_140">
<pin_list>
<pin id="141" dir="0" index="0" bw="85" slack="0"/>
<pin id="142" dir="0" index="1" bw="1" slack="0"/>
<pin id="143" dir="0" index="2" bw="32" slack="0"/>
<pin id="144" dir="1" index="3" bw="15" slack="0"/>
</pin_list>
<bind>
<opcode="getelementptr(29) " fcode="getelementptr"/>
<opset="yy_loc_V_addr_2/1 "/>
</bind>
</comp>

<comp id="147" class="1004" name="grp_access_fu_147">
<pin_list>
<pin id="148" dir="0" index="0" bw="15" slack="0"/>
<pin id="149" dir="0" index="1" bw="85" slack="2147483647"/>
<pin id="150" dir="0" index="2" bw="0" slack="2147483647"/>
<pin id="151" dir="1" index="3" bw="85" slack="0"/>
</pin_list>
<bind>
<opcode="load(27) " fcode="load"/>
<opset="p_Val2_s/1 "/>
</bind>
</comp>

<comp id="153" class="1004" name="sext_ln286_cast_fu_153">
<pin_list>
<pin id="154" dir="0" index="0" bw="60" slack="0"/>
<pin id="155" dir="1" index="1" bw="64" slack="1"/>
</pin_list>
<bind>
<opcode="sext(35) " fcode="sext"/>
<opset="sext_ln286_cast/1 "/>
</bind>
</comp>

<comp id="157" class="1004" name="store_ln0_store_fu_157">
<pin_list>
<pin id="158" dir="0" index="0" bw="1" slack="0"/>
<pin id="159" dir="0" index="1" bw="32" slack="0"/>
<pin id="160" dir="1" index="2" bw="0" slack="2147483647"/>
</pin_list>
<bind>
<opcode="store(28) " fcode="store"/>
<opset="store_ln0/1 "/>
</bind>
</comp>

<comp id="162" class="1004" name="store_ln0_store_fu_162">
<pin_list>
<pin id="163" dir="0" index="0" bw="1" slack="0"/>
<pin id="164" dir="0" index="1" bw="64" slack="0"/>
<pin id="165" dir="1" index="2" bw="0" slack="2147483647"/>
</pin_list>
<bind>
<opcode="store(28) " fcode="store"/>
<opset="store_ln0/1 "/>
</bind>
</comp>

<comp id="167" class="1004" name="i_load_fu_167">
<pin_list>
<pin id="168" dir="0" index="0" bw="32" slack="0"/>
<pin id="169" dir="1" index="1" bw="32" slack="0"/>
</pin_list>
<bind>
<opcode="load(27) " fcode="load"/>
<opset="i/1 "/>
</bind>
</comp>

<comp id="170" class="1004" name="icmp_ln286_fu_170">
<pin_list>
<pin id="171" dir="0" index="0" bw="32" slack="0"/>
<pin id="172" dir="0" index="1" bw="32" slack="0"/>
<pin id="173" dir="1" index="2" bw="1" slack="1"/>
</pin_list>
<bind>
<opcode="icmp(45) " fcode="icmp"/>
<opset="icmp_ln286/1 "/>
</bind>
</comp>

<comp id="176" class="1004" name="add_ln286_fu_176">
<pin_list>
<pin id="177" dir="0" index="0" bw="32" slack="0"/>
<pin id="178" dir="0" index="1" bw="1" slack="0"/>
<pin id="179" dir="1" index="2" bw="32" slack="0"/>
</pin_list>
<bind>
<opcode="add(8) " fcode="add"/>
<opset="add_ln286/1 "/>
</bind>
</comp>

<comp id="182" class="1004" name="i_5_cast83_fu_182">
<pin_list>
<pin id="183" dir="0" index="0" bw="32" slack="0"/>
<pin id="184" dir="1" index="1" bw="64" slack="0"/>
</pin_list>
<bind>
<opcode="zext(34) " fcode="zext"/>
<opset="i_5_cast83/1 "/>
</bind>
</comp>

<comp id="187" class="1004" name="empty_fu_187">
<pin_list>
<pin id="188" dir="0" index="0" bw="32" slack="0"/>
<pin id="189" dir="1" index="1" bw="1" slack="2"/>
</pin_list>
<bind>
<opcode="trunc(33) " fcode="trunc"/>
<opset="empty/1 "/>
</bind>
</comp>

<comp id="191" class="1004" name="store_ln286_store_fu_191">
<pin_list>
<pin id="192" dir="0" index="0" bw="32" slack="0"/>
<pin id="193" dir="0" index="1" bw="32" slack="0"/>
<pin id="194" dir="1" index="2" bw="0" slack="2147483647"/>
</pin_list>
<bind>
<opcode="store(28) " fcode="store"/>
<opset="store_ln286/1 "/>
</bind>
</comp>

<comp id="196" class="1004" name="X_BUS_addr_fu_196">
<pin_list>
<pin id="197" dir="0" index="0" bw="128" slack="0"/>
<pin id="198" dir="0" index="1" bw="60" slack="1"/>
<pin id="199" dir="1" index="2" bw="128" slack="1"/>
</pin_list>
<bind>
<opcode="getelementptr(29) " fcode="getelementptr"/>
<opset="X_BUS_addr/2 "/>
</bind>
</comp>

<comp id="201" class="1004" name="icmp_ln1086_fu_201">
<pin_list>
<pin id="202" dir="0" index="0" bw="85" slack="0"/>
<pin id="203" dir="0" index="1" bw="1" slack="0"/>
<pin id="204" dir="1" index="2" bw="1" slack="0"/>
</pin_list>
<bind>
<opcode="icmp(45) " fcode="icmp"/>
<opset="icmp_ln1086/2 "/>
</bind>
</comp>

<comp id="207" class="1004" name="p_Result_11_fu_207">
<pin_list>
<pin id="208" dir="0" index="0" bw="1" slack="0"/>
<pin id="209" dir="0" index="1" bw="85" slack="0"/>
<pin id="210" dir="0" index="2" bw="8" slack="0"/>
<pin id="211" dir="1" index="3" bw="1" slack="0"/>
</pin_list>
<bind>
<opcode="bitselect(1000) " fcode="bitselect"/>
<opset="p_Result_11/2 "/>
</bind>
</comp>

<comp id="215" class="1004" name="tmp_V_fu_215">
<pin_list>
<pin id="216" dir="0" index="0" bw="1" slack="0"/>
<pin id="217" dir="0" index="1" bw="85" slack="0"/>
<pin id="218" dir="1" index="2" bw="85" slack="0"/>
</pin_list>
<bind>
<opcode="sub(10) " fcode="sub"/>
<opset="tmp_V/2 "/>
</bind>
</comp>

<comp id="221" class="1004" name="tmp_V_2_fu_221">
<pin_list>
<pin id="222" dir="0" index="0" bw="1" slack="0"/>
<pin id="223" dir="0" index="1" bw="85" slack="0"/>
<pin id="224" dir="0" index="2" bw="85" slack="0"/>
<pin id="225" dir="1" index="3" bw="85" slack="0"/>
</pin_list>
<bind>
<opcode="select(49) " fcode="select"/>
<opset="tmp_V_2/2 "/>
</bind>
</comp>

<comp id="229" class="1004" name="t_fu_229">
<pin_list>
<pin id="230" dir="0" index="0" bw="64" slack="0"/>
<pin id="231" dir="0" index="1" bw="85" slack="0"/>
<pin id="232" dir="0" index="2" bw="6" slack="0"/>
<pin id="233" dir="0" index="3" bw="8" slack="0"/>
<pin id="234" dir="1" index="4" bw="64" slack="0"/>
</pin_list>
<bind>
<opcode="partselect(1002) " fcode="partselect"/>
<opset="t/2 "/>
</bind>
</comp>

<comp id="239" class="1004" name="tmp_1_fu_239">
<pin_list>
<pin id="240" dir="0" index="0" bw="64" slack="0"/>
<pin id="241" dir="0" index="1" bw="64" slack="0"/>
<pin id="242" dir="0" index="2" bw="1" slack="0"/>
<pin id="243" dir="1" index="3" bw="64" slack="0"/>
</pin_list>
<bind>
<opcode="ctlz(523) " fcode="ctlz"/>
<opset="tmp_1/2 "/>
</bind>
</comp>

<comp id="247" class="1004" name="NZeros_fu_247">
<pin_list>
<pin id="248" dir="0" index="0" bw="64" slack="0"/>
<pin id="249" dir="1" index="1" bw="32" slack="0"/>
</pin_list>
<bind>
<opcode="trunc(33) " fcode="trunc"/>
<opset="NZeros/2 "/>
</bind>
</comp>

<comp id="251" class="1004" name="hitNonZero_fu_251">
<pin_list>
<pin id="252" dir="0" index="0" bw="64" slack="0"/>
<pin id="253" dir="0" index="1" bw="1" slack="0"/>
<pin id="254" dir="1" index="2" bw="1" slack="0"/>
</pin_list>
<bind>
<opcode="icmp(45) " fcode="icmp"/>
<opset="hitNonZero/2 "/>
</bind>
</comp>

<comp id="257" class="1004" name="trunc_ln1267_fu_257">
<pin_list>
<pin id="258" dir="0" index="0" bw="85" slack="0"/>
<pin id="259" dir="1" index="1" bw="21" slack="0"/>
</pin_list>
<bind>
<opcode="trunc(33) " fcode="trunc"/>
<opset="trunc_ln1267/2 "/>
</bind>
</comp>

<comp id="261" class="1004" name="p_Result_12_fu_261">
<pin_list>
<pin id="262" dir="0" index="0" bw="64" slack="0"/>
<pin id="263" dir="0" index="1" bw="21" slack="0"/>
<pin id="264" dir="0" index="2" bw="1" slack="0"/>
<pin id="265" dir="1" index="3" bw="64" slack="0"/>
</pin_list>
<bind>
<opcode="bitconcatenate(1004) " fcode="bitconcatenate"/>
<opset="p_Result_12/2 "/>
</bind>
</comp>

<comp id="269" class="1004" name="tmp_5_fu_269">
<pin_list>
<pin id="270" dir="0" index="0" bw="64" slack="0"/>
<pin id="271" dir="0" index="1" bw="64" slack="0"/>
<pin id="272" dir="0" index="2" bw="1" slack="0"/>
<pin id="273" dir="1" index="3" bw="64" slack="0"/>
</pin_list>
<bind>
<opcode="ctlz(523) " fcode="ctlz"/>
<opset="tmp_5/2 "/>
</bind>
</comp>

<comp id="277" class="1004" name="trunc_ln1269_fu_277">
<pin_list>
<pin id="278" dir="0" index="0" bw="64" slack="0"/>
<pin id="279" dir="1" index="1" bw="32" slack="0"/>
</pin_list>
<bind>
<opcode="trunc(33) " fcode="trunc"/>
<opset="trunc_ln1269/2 "/>
</bind>
</comp>

<comp id="281" class="1004" name="NZeros_1_fu_281">
<pin_list>
<pin id="282" dir="0" index="0" bw="32" slack="0"/>
<pin id="283" dir="0" index="1" bw="32" slack="0"/>
<pin id="284" dir="1" index="2" bw="32" slack="0"/>
</pin_list>
<bind>
<opcode="add(8) " fcode="add"/>
<opset="NZeros_1/2 "/>
</bind>
</comp>

<comp id="287" class="1004" name="NZeros_3_fu_287">
<pin_list>
<pin id="288" dir="0" index="0" bw="1" slack="0"/>
<pin id="289" dir="0" index="1" bw="32" slack="0"/>
<pin id="290" dir="0" index="2" bw="32" slack="0"/>
<pin id="291" dir="1" index="3" bw="32" slack="0"/>
</pin_list>
<bind>
<opcode="select(49) " fcode="select"/>
<opset="NZeros_3/2 "/>
</bind>
</comp>

<comp id="295" class="1004" name="sub_ln1095_fu_295">
<pin_list>
<pin id="296" dir="0" index="0" bw="8" slack="0"/>
<pin id="297" dir="0" index="1" bw="32" slack="0"/>
<pin id="298" dir="1" index="2" bw="32" slack="0"/>
</pin_list>
<bind>
<opcode="sub(10) " fcode="sub"/>
<opset="sub_ln1095/2 "/>
</bind>
</comp>

<comp id="301" class="1004" name="lsb_index_fu_301">
<pin_list>
<pin id="302" dir="0" index="0" bw="32" slack="0"/>
<pin id="303" dir="0" index="1" bw="7" slack="0"/>
<pin id="304" dir="1" index="2" bw="32" slack="0"/>
</pin_list>
<bind>
<opcode="add(8) " fcode="add"/>
<opset="lsb_index/2 "/>
</bind>
</comp>

<comp id="307" class="1004" name="tmp_fu_307">
<pin_list>
<pin id="308" dir="0" index="0" bw="31" slack="0"/>
<pin id="309" dir="0" index="1" bw="32" slack="0"/>
<pin id="310" dir="0" index="2" bw="1" slack="0"/>
<pin id="311" dir="0" index="3" bw="6" slack="0"/>
<pin id="312" dir="1" index="4" bw="31" slack="0"/>
</pin_list>
<bind>
<opcode="partselect(1002) " fcode="partselect"/>
<opset="tmp/2 "/>
</bind>
</comp>

<comp id="317" class="1004" name="icmp_ln1097_fu_317">
<pin_list>
<pin id="318" dir="0" index="0" bw="31" slack="0"/>
<pin id="319" dir="0" index="1" bw="1" slack="0"/>
<pin id="320" dir="1" index="2" bw="1" slack="0"/>
</pin_list>
<bind>
<opcode="icmp(45) " fcode="icmp"/>
<opset="icmp_ln1097/2 "/>
</bind>
</comp>

<comp id="323" class="1004" name="trunc_ln1098_fu_323">
<pin_list>
<pin id="324" dir="0" index="0" bw="32" slack="0"/>
<pin id="325" dir="1" index="1" bw="7" slack="0"/>
</pin_list>
<bind>
<opcode="trunc(33) " fcode="trunc"/>
<opset="trunc_ln1098/2 "/>
</bind>
</comp>

<comp id="327" class="1004" name="sub_ln1098_fu_327">
<pin_list>
<pin id="328" dir="0" index="0" bw="5" slack="0"/>
<pin id="329" dir="0" index="1" bw="7" slack="0"/>
<pin id="330" dir="1" index="2" bw="7" slack="0"/>
</pin_list>
<bind>
<opcode="sub(10) " fcode="sub"/>
<opset="sub_ln1098/2 "/>
</bind>
</comp>

<comp id="333" class="1004" name="zext_ln1098_fu_333">
<pin_list>
<pin id="334" dir="0" index="0" bw="7" slack="0"/>
<pin id="335" dir="1" index="1" bw="85" slack="0"/>
</pin_list>
<bind>
<opcode="zext(34) " fcode="zext"/>
<opset="zext_ln1098/2 "/>
</bind>
</comp>

<comp id="337" class="1004" name="lshr_ln1098_fu_337">
<pin_list>
<pin id="338" dir="0" index="0" bw="1" slack="0"/>
<pin id="339" dir="0" index="1" bw="7" slack="0"/>
<pin id="340" dir="1" index="2" bw="85" slack="0"/>
</pin_list>
<bind>
<opcode="lshr(21) " fcode="lshr"/>
<opset="lshr_ln1098/2 "/>
</bind>
</comp>

<comp id="343" class="1004" name="p_Result_s_fu_343">
<pin_list>
<pin id="344" dir="0" index="0" bw="85" slack="0"/>
<pin id="345" dir="0" index="1" bw="85" slack="0"/>
<pin id="346" dir="1" index="2" bw="85" slack="0"/>
</pin_list>
<bind>
<opcode="and(23) " fcode="and"/>
<opset="p_Result_s/2 "/>
</bind>
</comp>

<comp id="349" class="1004" name="icmp_ln1098_fu_349">
<pin_list>
<pin id="350" dir="0" index="0" bw="85" slack="0"/>
<pin id="351" dir="0" index="1" bw="1" slack="0"/>
<pin id="352" dir="1" index="2" bw="1" slack="0"/>
</pin_list>
<bind>
<opcode="icmp(45) " fcode="icmp"/>
<opset="icmp_ln1098/2 "/>
</bind>
</comp>

<comp id="355" class="1004" name="a_fu_355">
<pin_list>
<pin id="356" dir="0" index="0" bw="1" slack="0"/>
<pin id="357" dir="0" index="1" bw="1" slack="0"/>
<pin id="358" dir="1" index="2" bw="1" slack="0"/>
</pin_list>
<bind>
<opcode="and(23) " fcode="and"/>
<opset="a/2 "/>
</bind>
</comp>

<comp id="361" class="1004" name="tmp_2_fu_361">
<pin_list>
<pin id="362" dir="0" index="0" bw="1" slack="0"/>
<pin id="363" dir="0" index="1" bw="32" slack="0"/>
<pin id="364" dir="0" index="2" bw="6" slack="0"/>
<pin id="365" dir="1" index="3" bw="1" slack="0"/>
</pin_list>
<bind>
<opcode="bitselect(1000) " fcode="bitselect"/>
<opset="tmp_2/2 "/>
</bind>
</comp>

<comp id="369" class="1004" name="xor_ln1100_fu_369">
<pin_list>
<pin id="370" dir="0" index="0" bw="1" slack="0"/>
<pin id="371" dir="0" index="1" bw="1" slack="0"/>
<pin id="372" dir="1" index="2" bw="1" slack="0"/>
</pin_list>
<bind>
<opcode="xor(25) " fcode="xor"/>
<opset="xor_ln1100/2 "/>
</bind>
</comp>

<comp id="375" class="1004" name="p_Result_8_fu_375">
<pin_list>
<pin id="376" dir="0" index="0" bw="1" slack="0"/>
<pin id="377" dir="0" index="1" bw="85" slack="0"/>
<pin id="378" dir="0" index="2" bw="32" slack="0"/>
<pin id="379" dir="1" index="3" bw="1" slack="0"/>
</pin_list>
<bind>
<opcode="bitselect(1000) " fcode="bitselect"/>
<opset="p_Result_8/2 "/>
</bind>
</comp>

<comp id="383" class="1004" name="and_ln1100_fu_383">
<pin_list>
<pin id="384" dir="0" index="0" bw="1" slack="0"/>
<pin id="385" dir="0" index="1" bw="1" slack="0"/>
<pin id="386" dir="1" index="2" bw="1" slack="0"/>
</pin_list>
<bind>
<opcode="and(23) " fcode="and"/>
<opset="and_ln1100/2 "/>
</bind>
</comp>

<comp id="389" class="1004" name="or_ln1100_fu_389">
<pin_list>
<pin id="390" dir="0" index="0" bw="1" slack="0"/>
<pin id="391" dir="0" index="1" bw="1" slack="0"/>
<pin id="392" dir="1" index="2" bw="1" slack="0"/>
</pin_list>
<bind>
<opcode="or(24) " fcode="or"/>
<opset="or_ln1100/2 "/>
</bind>
</comp>

<comp id="395" class="1004" name="or_ln1100_1_fu_395">
<pin_list>
<pin id="396" dir="0" index="0" bw="2" slack="0"/>
<pin id="397" dir="0" index="1" bw="1" slack="0"/>
<pin id="398" dir="0" index="2" bw="1" slack="0"/>
<pin id="399" dir="1" index="3" bw="2" slack="0"/>
</pin_list>
<bind>
<opcode="bitconcatenate(1004) " fcode="bitconcatenate"/>
<opset="or_ln1100_1/2 "/>
</bind>
</comp>

<comp id="403" class="1004" name="icmp_ln1105_fu_403">
<pin_list>
<pin id="404" dir="0" index="0" bw="32" slack="0"/>
<pin id="405" dir="0" index="1" bw="1" slack="0"/>
<pin id="406" dir="1" index="2" bw="1" slack="0"/>
</pin_list>
<bind>
<opcode="icmp(45) " fcode="icmp"/>
<opset="icmp_ln1105/2 "/>
</bind>
</comp>

<comp id="409" class="1004" name="add_ln1105_fu_409">
<pin_list>
<pin id="410" dir="0" index="0" bw="32" slack="0"/>
<pin id="411" dir="0" index="1" bw="7" slack="0"/>
<pin id="412" dir="1" index="2" bw="32" slack="0"/>
</pin_list>
<bind>
<opcode="add(8) " fcode="add"/>
<opset="add_ln1105/2 "/>
</bind>
</comp>

<comp id="415" class="1004" name="zext_ln1105_fu_415">
<pin_list>
<pin id="416" dir="0" index="0" bw="32" slack="0"/>
<pin id="417" dir="1" index="1" bw="85" slack="0"/>
</pin_list>
<bind>
<opcode="zext(34) " fcode="zext"/>
<opset="zext_ln1105/2 "/>
</bind>
</comp>

<comp id="419" class="1004" name="lshr_ln1105_fu_419">
<pin_list>
<pin id="420" dir="0" index="0" bw="85" slack="0"/>
<pin id="421" dir="0" index="1" bw="32" slack="0"/>
<pin id="422" dir="1" index="2" bw="85" slack="0"/>
</pin_list>
<bind>
<opcode="lshr(21) " fcode="lshr"/>
<opset="lshr_ln1105/2 "/>
</bind>
</comp>

<comp id="425" class="1004" name="sub_ln1106_fu_425">
<pin_list>
<pin id="426" dir="0" index="0" bw="7" slack="0"/>
<pin id="427" dir="0" index="1" bw="32" slack="0"/>
<pin id="428" dir="1" index="2" bw="32" slack="0"/>
</pin_list>
<bind>
<opcode="sub(10) " fcode="sub"/>
<opset="sub_ln1106/2 "/>
</bind>
</comp>

<comp id="431" class="1004" name="zext_ln1106_fu_431">
<pin_list>
<pin id="432" dir="0" index="0" bw="32" slack="0"/>
<pin id="433" dir="1" index="1" bw="85" slack="0"/>
</pin_list>
<bind>
<opcode="zext(34) " fcode="zext"/>
<opset="zext_ln1106/2 "/>
</bind>
</comp>

<comp id="435" class="1004" name="shl_ln1106_fu_435">
<pin_list>
<pin id="436" dir="0" index="0" bw="85" slack="0"/>
<pin id="437" dir="0" index="1" bw="32" slack="0"/>
<pin id="438" dir="1" index="2" bw="85" slack="0"/>
</pin_list>
<bind>
<opcode="shl(20) " fcode="shl"/>
<opset="shl_ln1106/2 "/>
</bind>
</comp>

<comp id="441" class="1004" name="trunc_ln1106_fu_441">
<pin_list>
<pin id="442" dir="0" index="0" bw="85" slack="0"/>
<pin id="443" dir="1" index="1" bw="64" slack="0"/>
</pin_list>
<bind>
<opcode="trunc(33) " fcode="trunc"/>
<opset="trunc_ln1106/2 "/>
</bind>
</comp>

<comp id="445" class="1004" name="trunc_ln1106_1_fu_445">
<pin_list>
<pin id="446" dir="0" index="0" bw="85" slack="0"/>
<pin id="447" dir="1" index="1" bw="64" slack="0"/>
</pin_list>
<bind>
<opcode="trunc(33) " fcode="trunc"/>
<opset="trunc_ln1106_1/2 "/>
</bind>
</comp>

<comp id="449" class="1004" name="m_fu_449">
<pin_list>
<pin id="450" dir="0" index="0" bw="1" slack="0"/>
<pin id="451" dir="0" index="1" bw="64" slack="0"/>
<pin id="452" dir="0" index="2" bw="64" slack="0"/>
<pin id="453" dir="1" index="3" bw="64" slack="0"/>
</pin_list>
<bind>
<opcode="select(49) " fcode="select"/>
<opset="m/2 "/>
</bind>
</comp>

<comp id="457" class="1004" name="zext_ln1112_fu_457">
<pin_list>
<pin id="458" dir="0" index="0" bw="2" slack="0"/>
<pin id="459" dir="1" index="1" bw="64" slack="0"/>
</pin_list>
<bind>
<opcode="zext(34) " fcode="zext"/>
<opset="zext_ln1112/2 "/>
</bind>
</comp>

<comp id="461" class="1004" name="m_1_fu_461">
<pin_list>
<pin id="462" dir="0" index="0" bw="64" slack="0"/>
<pin id="463" dir="0" index="1" bw="2" slack="0"/>
<pin id="464" dir="1" index="2" bw="64" slack="0"/>
</pin_list>
<bind>
<opcode="add(8) " fcode="add"/>
<opset="m_1/2 "/>
</bind>
</comp>

<comp id="467" class="1004" name="m_4_fu_467">
<pin_list>
<pin id="468" dir="0" index="0" bw="63" slack="0"/>
<pin id="469" dir="0" index="1" bw="64" slack="0"/>
<pin id="470" dir="0" index="2" bw="1" slack="0"/>
<pin id="471" dir="0" index="3" bw="7" slack="0"/>
<pin id="472" dir="1" index="4" bw="63" slack="0"/>
</pin_list>
<bind>
<opcode="partselect(1002) " fcode="partselect"/>
<opset="m_4/2 "/>
</bind>
</comp>

<comp id="477" class="1004" name="zext_ln1113_fu_477">
<pin_list>
<pin id="478" dir="0" index="0" bw="63" slack="0"/>
<pin id="479" dir="1" index="1" bw="64" slack="0"/>
</pin_list>
<bind>
<opcode="zext(34) " fcode="zext"/>
<opset="zext_ln1113/2 "/>
</bind>
</comp>

<comp id="481" class="1004" name="p_Result_9_fu_481">
<pin_list>
<pin id="482" dir="0" index="0" bw="1" slack="0"/>
<pin id="483" dir="0" index="1" bw="64" slack="0"/>
<pin id="484" dir="0" index="2" bw="7" slack="0"/>
<pin id="485" dir="1" index="3" bw="1" slack="0"/>
</pin_list>
<bind>
<opcode="bitselect(1000) " fcode="bitselect"/>
<opset="p_Result_9/2 "/>
</bind>
</comp>

<comp id="489" class="1004" name="select_ln1094_fu_489">
<pin_list>
<pin id="490" dir="0" index="0" bw="1" slack="0"/>
<pin id="491" dir="0" index="1" bw="11" slack="0"/>
<pin id="492" dir="0" index="2" bw="11" slack="0"/>
<pin id="493" dir="1" index="3" bw="11" slack="0"/>
</pin_list>
<bind>
<opcode="select(49) " fcode="select"/>
<opset="select_ln1094/2 "/>
</bind>
</comp>

<comp id="497" class="1004" name="trunc_ln1094_fu_497">
<pin_list>
<pin id="498" dir="0" index="0" bw="32" slack="0"/>
<pin id="499" dir="1" index="1" bw="11" slack="0"/>
</pin_list>
<bind>
<opcode="trunc(33) " fcode="trunc"/>
<opset="trunc_ln1094/2 "/>
</bind>
</comp>

<comp id="501" class="1004" name="sub_ln1116_fu_501">
<pin_list>
<pin id="502" dir="0" index="0" bw="6" slack="0"/>
<pin id="503" dir="0" index="1" bw="11" slack="0"/>
<pin id="504" dir="1" index="2" bw="11" slack="0"/>
</pin_list>
<bind>
<opcode="sub(10) " fcode="sub"/>
<opset="sub_ln1116/2 "/>
</bind>
</comp>

<comp id="507" class="1004" name="add_ln1122_fu_507">
<pin_list>
<pin id="508" dir="0" index="0" bw="11" slack="0"/>
<pin id="509" dir="0" index="1" bw="11" slack="0"/>
<pin id="510" dir="1" index="2" bw="11" slack="0"/>
</pin_list>
<bind>
<opcode="add(8) " fcode="add"/>
<opset="add_ln1122/2 "/>
</bind>
</comp>

<comp id="513" class="1004" name="tmp_s_fu_513">
<pin_list>
<pin id="514" dir="0" index="0" bw="12" slack="0"/>
<pin id="515" dir="0" index="1" bw="1" slack="0"/>
<pin id="516" dir="0" index="2" bw="11" slack="0"/>
<pin id="517" dir="1" index="3" bw="12" slack="0"/>
</pin_list>
<bind>
<opcode="bitconcatenate(1004) " fcode="bitconcatenate"/>
<opset="tmp_s/2 "/>
</bind>
</comp>

<comp id="521" class="1004" name="p_Result_13_fu_521">
<pin_list>
<pin id="522" dir="0" index="0" bw="64" slack="0"/>
<pin id="523" dir="0" index="1" bw="63" slack="0"/>
<pin id="524" dir="0" index="2" bw="12" slack="0"/>
<pin id="525" dir="0" index="3" bw="7" slack="0"/>
<pin id="526" dir="0" index="4" bw="7" slack="0"/>
<pin id="527" dir="1" index="5" bw="64" slack="0"/>
</pin_list>
<bind>
<opcode="partset(1003) " fcode="partset"/>
<opset="p_Result_13/2 "/>
</bind>
</comp>

<comp id="533" class="1004" name="select_ln1086_fu_533">
<pin_list>
<pin id="534" dir="0" index="0" bw="1" slack="0"/>
<pin id="535" dir="0" index="1" bw="1" slack="0"/>
<pin id="536" dir="0" index="2" bw="64" slack="0"/>
<pin id="537" dir="1" index="3" bw="64" slack="1"/>
</pin_list>
<bind>
<opcode="select(49) " fcode="select"/>
<opset="select_ln1086/2 "/>
</bind>
</comp>

<comp id="541" class="1004" name="phi_ln287_load_load_fu_541">
<pin_list>
<pin id="542" dir="0" index="0" bw="64" slack="2"/>
<pin id="543" dir="1" index="1" bw="64" slack="0"/>
</pin_list>
<bind>
<opcode="load(27) " fcode="load"/>
<opset="phi_ln287_load/3 "/>
</bind>
</comp>

<comp id="544" class="1004" name="or_ln2_fu_544">
<pin_list>
<pin id="545" dir="0" index="0" bw="128" slack="0"/>
<pin id="546" dir="0" index="1" bw="64" slack="1"/>
<pin id="547" dir="0" index="2" bw="64" slack="0"/>
<pin id="548" dir="1" index="3" bw="128" slack="0"/>
</pin_list>
<bind>
<opcode="bitconcatenate(1004) " fcode="bitconcatenate"/>
<opset="or_ln2/3 "/>
</bind>
</comp>

<comp id="552" class="1004" name="select_ln286_fu_552">
<pin_list>
<pin id="553" dir="0" index="0" bw="1" slack="2"/>
<pin id="554" dir="0" index="1" bw="1" slack="0"/>
<pin id="555" dir="0" index="2" bw="64" slack="1"/>
<pin id="556" dir="1" index="3" bw="64" slack="0"/>
</pin_list>
<bind>
<opcode="select(49) " fcode="select"/>
<opset="select_ln286/3 "/>
</bind>
</comp>

<comp id="558" class="1004" name="store_ln286_store_fu_558">
<pin_list>
<pin id="559" dir="0" index="0" bw="64" slack="0"/>
<pin id="560" dir="0" index="1" bw="64" slack="2"/>
<pin id="561" dir="1" index="2" bw="0" slack="2147483647"/>
</pin_list>
<bind>
<opcode="store(28) " fcode="store"/>
<opset="store_ln286/3 "/>
</bind>
</comp>

<comp id="563" class="1005" name="phi_ln287_reg_563">
<pin_list>
<pin id="564" dir="0" index="0" bw="64" slack="0"/>
<pin id="565" dir="1" index="1" bw="64" slack="0"/>
</pin_list>
<bind>
<opset="phi_ln287 "/>
</bind>
</comp>

<comp id="570" class="1005" name="i_5_reg_570">
<pin_list>
<pin id="571" dir="0" index="0" bw="32" slack="0"/>
<pin id="572" dir="1" index="1" bw="32" slack="0"/>
</pin_list>
<bind>
<opset="i_5 "/>
</bind>
</comp>

<comp id="577" class="1005" name="sext_ln286_cast_reg_577">
<pin_list>
<pin id="578" dir="0" index="0" bw="64" slack="1"/>
<pin id="579" dir="1" index="1" bw="64" slack="1"/>
</pin_list>
<bind>
<opset="sext_ln286_cast "/>
</bind>
</comp>

<comp id="582" class="1005" name="icmp_ln286_reg_582">
<pin_list>
<pin id="583" dir="0" index="0" bw="1" slack="1"/>
<pin id="584" dir="1" index="1" bw="1" slack="2147483647"/>
</pin_list>
<bind>
<opset="icmp_ln286 "/>
</bind>
</comp>

<comp id="586" class="1005" name="yy_loc_V_addr_2_reg_586">
<pin_list>
<pin id="587" dir="0" index="0" bw="15" slack="1"/>
<pin id="588" dir="1" index="1" bw="15" slack="1"/>
</pin_list>
<bind>
<opset="yy_loc_V_addr_2 "/>
</bind>
</comp>

<comp id="591" class="1005" name="empty_reg_591">
<pin_list>
<pin id="592" dir="0" index="0" bw="1" slack="2"/>
<pin id="593" dir="1" index="1" bw="1" slack="2"/>
</pin_list>
<bind>
<opset="empty "/>
</bind>
</comp>

<comp id="596" class="1005" name="X_BUS_addr_reg_596">
<pin_list>
<pin id="597" dir="0" index="0" bw="128" slack="1"/>
<pin id="598" dir="1" index="1" bw="128" slack="1"/>
</pin_list>
<bind>
<opset="X_BUS_addr "/>
</bind>
</comp>

<comp id="601" class="1005" name="select_ln1086_reg_601">
<pin_list>
<pin id="602" dir="0" index="0" bw="64" slack="1"/>
<pin id="603" dir="1" index="1" bw="64" slack="1"/>
</pin_list>
<bind>
<opset="select_ln1086 "/>
</bind>
</comp>

</comp_list>

<net_list>
<net id="115"><net_src comp="8" pin="0"/><net_sink comp="112" pin=0"/></net>

<net id="119"><net_src comp="8" pin="0"/><net_sink comp="116" pin=0"/></net>

<net id="124"><net_src comp="10" pin="0"/><net_sink comp="120" pin=0"/></net>

<net id="125"><net_src comp="4" pin="0"/><net_sink comp="120" pin=1"/></net>

<net id="130"><net_src comp="12" pin="0"/><net_sink comp="126" pin=0"/></net>

<net id="131"><net_src comp="2" pin="0"/><net_sink comp="126" pin=1"/></net>

<net id="138"><net_src comp="108" pin="0"/><net_sink comp="132" pin=0"/></net>

<net id="139"><net_src comp="110" pin="0"/><net_sink comp="132" pin=3"/></net>

<net id="145"><net_src comp="6" pin="0"/><net_sink comp="140" pin=0"/></net>

<net id="146"><net_src comp="34" pin="0"/><net_sink comp="140" pin=1"/></net>

<net id="152"><net_src comp="140" pin="3"/><net_sink comp="147" pin=0"/></net>

<net id="156"><net_src comp="126" pin="2"/><net_sink comp="153" pin=0"/></net>

<net id="161"><net_src comp="18" pin="0"/><net_sink comp="157" pin=0"/></net>

<net id="166"><net_src comp="34" pin="0"/><net_sink comp="162" pin=0"/></net>

<net id="174"><net_src comp="167" pin="1"/><net_sink comp="170" pin=0"/></net>

<net id="175"><net_src comp="120" pin="2"/><net_sink comp="170" pin=1"/></net>

<net id="180"><net_src comp="167" pin="1"/><net_sink comp="176" pin=0"/></net>

<net id="181"><net_src comp="8" pin="0"/><net_sink comp="176" pin=1"/></net>

<net id="185"><net_src comp="167" pin="1"/><net_sink comp="182" pin=0"/></net>

<net id="186"><net_src comp="182" pin="1"/><net_sink comp="140" pin=2"/></net>

<net id="190"><net_src comp="167" pin="1"/><net_sink comp="187" pin=0"/></net>

<net id="195"><net_src comp="176" pin="2"/><net_sink comp="191" pin=0"/></net>

<net id="200"><net_src comp="0" pin="0"/><net_sink comp="196" pin=0"/></net>

<net id="205"><net_src comp="147" pin="3"/><net_sink comp="201" pin=0"/></net>

<net id="206"><net_src comp="42" pin="0"/><net_sink comp="201" pin=1"/></net>

<net id="212"><net_src comp="44" pin="0"/><net_sink comp="207" pin=0"/></net>

<net id="213"><net_src comp="147" pin="3"/><net_sink comp="207" pin=1"/></net>

<net id="214"><net_src comp="46" pin="0"/><net_sink comp="207" pin=2"/></net>

<net id="219"><net_src comp="42" pin="0"/><net_sink comp="215" pin=0"/></net>

<net id="220"><net_src comp="147" pin="3"/><net_sink comp="215" pin=1"/></net>

<net id="226"><net_src comp="207" pin="3"/><net_sink comp="221" pin=0"/></net>

<net id="227"><net_src comp="215" pin="2"/><net_sink comp="221" pin=1"/></net>

<net id="228"><net_src comp="147" pin="3"/><net_sink comp="221" pin=2"/></net>

<net id="235"><net_src comp="48" pin="0"/><net_sink comp="229" pin=0"/></net>

<net id="236"><net_src comp="221" pin="3"/><net_sink comp="229" pin=1"/></net>

<net id="237"><net_src comp="50" pin="0"/><net_sink comp="229" pin=2"/></net>

<net id="238"><net_src comp="46" pin="0"/><net_sink comp="229" pin=3"/></net>

<net id="244"><net_src comp="52" pin="0"/><net_sink comp="239" pin=0"/></net>

<net id="245"><net_src comp="229" pin="4"/><net_sink comp="239" pin=1"/></net>

<net id="246"><net_src comp="54" pin="0"/><net_sink comp="239" pin=2"/></net>

<net id="250"><net_src comp="239" pin="3"/><net_sink comp="247" pin=0"/></net>

<net id="255"><net_src comp="229" pin="4"/><net_sink comp="251" pin=0"/></net>

<net id="256"><net_src comp="34" pin="0"/><net_sink comp="251" pin=1"/></net>

<net id="260"><net_src comp="221" pin="3"/><net_sink comp="257" pin=0"/></net>

<net id="266"><net_src comp="56" pin="0"/><net_sink comp="261" pin=0"/></net>

<net id="267"><net_src comp="257" pin="1"/><net_sink comp="261" pin=1"/></net>

<net id="268"><net_src comp="58" pin="0"/><net_sink comp="261" pin=2"/></net>

<net id="274"><net_src comp="52" pin="0"/><net_sink comp="269" pin=0"/></net>

<net id="275"><net_src comp="261" pin="3"/><net_sink comp="269" pin=1"/></net>

<net id="276"><net_src comp="54" pin="0"/><net_sink comp="269" pin=2"/></net>

<net id="280"><net_src comp="269" pin="3"/><net_sink comp="277" pin=0"/></net>

<net id="285"><net_src comp="277" pin="1"/><net_sink comp="281" pin=0"/></net>

<net id="286"><net_src comp="247" pin="1"/><net_sink comp="281" pin=1"/></net>

<net id="292"><net_src comp="251" pin="2"/><net_sink comp="287" pin=0"/></net>

<net id="293"><net_src comp="281" pin="2"/><net_sink comp="287" pin=1"/></net>

<net id="294"><net_src comp="247" pin="1"/><net_sink comp="287" pin=2"/></net>

<net id="299"><net_src comp="60" pin="0"/><net_sink comp="295" pin=0"/></net>

<net id="300"><net_src comp="287" pin="3"/><net_sink comp="295" pin=1"/></net>

<net id="305"><net_src comp="295" pin="2"/><net_sink comp="301" pin=0"/></net>

<net id="306"><net_src comp="62" pin="0"/><net_sink comp="301" pin=1"/></net>

<net id="313"><net_src comp="64" pin="0"/><net_sink comp="307" pin=0"/></net>

<net id="314"><net_src comp="301" pin="2"/><net_sink comp="307" pin=1"/></net>

<net id="315"><net_src comp="8" pin="0"/><net_sink comp="307" pin=2"/></net>

<net id="316"><net_src comp="66" pin="0"/><net_sink comp="307" pin=3"/></net>

<net id="321"><net_src comp="307" pin="4"/><net_sink comp="317" pin=0"/></net>

<net id="322"><net_src comp="68" pin="0"/><net_sink comp="317" pin=1"/></net>

<net id="326"><net_src comp="295" pin="2"/><net_sink comp="323" pin=0"/></net>

<net id="331"><net_src comp="70" pin="0"/><net_sink comp="327" pin=0"/></net>

<net id="332"><net_src comp="323" pin="1"/><net_sink comp="327" pin=1"/></net>

<net id="336"><net_src comp="327" pin="2"/><net_sink comp="333" pin=0"/></net>

<net id="341"><net_src comp="72" pin="0"/><net_sink comp="337" pin=0"/></net>

<net id="342"><net_src comp="333" pin="1"/><net_sink comp="337" pin=1"/></net>

<net id="347"><net_src comp="221" pin="3"/><net_sink comp="343" pin=0"/></net>

<net id="348"><net_src comp="337" pin="2"/><net_sink comp="343" pin=1"/></net>

<net id="353"><net_src comp="343" pin="2"/><net_sink comp="349" pin=0"/></net>

<net id="354"><net_src comp="42" pin="0"/><net_sink comp="349" pin=1"/></net>

<net id="359"><net_src comp="317" pin="2"/><net_sink comp="355" pin=0"/></net>

<net id="360"><net_src comp="349" pin="2"/><net_sink comp="355" pin=1"/></net>

<net id="366"><net_src comp="74" pin="0"/><net_sink comp="361" pin=0"/></net>

<net id="367"><net_src comp="301" pin="2"/><net_sink comp="361" pin=1"/></net>

<net id="368"><net_src comp="66" pin="0"/><net_sink comp="361" pin=2"/></net>

<net id="373"><net_src comp="361" pin="3"/><net_sink comp="369" pin=0"/></net>

<net id="374"><net_src comp="54" pin="0"/><net_sink comp="369" pin=1"/></net>

<net id="380"><net_src comp="44" pin="0"/><net_sink comp="375" pin=0"/></net>

<net id="381"><net_src comp="221" pin="3"/><net_sink comp="375" pin=1"/></net>

<net id="382"><net_src comp="301" pin="2"/><net_sink comp="375" pin=2"/></net>

<net id="387"><net_src comp="375" pin="3"/><net_sink comp="383" pin=0"/></net>

<net id="388"><net_src comp="369" pin="2"/><net_sink comp="383" pin=1"/></net>

<net id="393"><net_src comp="383" pin="2"/><net_sink comp="389" pin=0"/></net>

<net id="394"><net_src comp="355" pin="2"/><net_sink comp="389" pin=1"/></net>

<net id="400"><net_src comp="76" pin="0"/><net_sink comp="395" pin=0"/></net>

<net id="401"><net_src comp="78" pin="0"/><net_sink comp="395" pin=1"/></net>

<net id="402"><net_src comp="389" pin="2"/><net_sink comp="395" pin=2"/></net>

<net id="407"><net_src comp="301" pin="2"/><net_sink comp="403" pin=0"/></net>

<net id="408"><net_src comp="18" pin="0"/><net_sink comp="403" pin=1"/></net>

<net id="413"><net_src comp="295" pin="2"/><net_sink comp="409" pin=0"/></net>

<net id="414"><net_src comp="80" pin="0"/><net_sink comp="409" pin=1"/></net>

<net id="418"><net_src comp="409" pin="2"/><net_sink comp="415" pin=0"/></net>

<net id="423"><net_src comp="221" pin="3"/><net_sink comp="419" pin=0"/></net>

<net id="424"><net_src comp="415" pin="1"/><net_sink comp="419" pin=1"/></net>

<net id="429"><net_src comp="82" pin="0"/><net_sink comp="425" pin=0"/></net>

<net id="430"><net_src comp="295" pin="2"/><net_sink comp="425" pin=1"/></net>

<net id="434"><net_src comp="425" pin="2"/><net_sink comp="431" pin=0"/></net>

<net id="439"><net_src comp="221" pin="3"/><net_sink comp="435" pin=0"/></net>

<net id="440"><net_src comp="431" pin="1"/><net_sink comp="435" pin=1"/></net>

<net id="444"><net_src comp="419" pin="2"/><net_sink comp="441" pin=0"/></net>

<net id="448"><net_src comp="435" pin="2"/><net_sink comp="445" pin=0"/></net>

<net id="454"><net_src comp="403" pin="2"/><net_sink comp="449" pin=0"/></net>

<net id="455"><net_src comp="441" pin="1"/><net_sink comp="449" pin=1"/></net>

<net id="456"><net_src comp="445" pin="1"/><net_sink comp="449" pin=2"/></net>

<net id="460"><net_src comp="395" pin="3"/><net_sink comp="457" pin=0"/></net>

<net id="465"><net_src comp="449" pin="3"/><net_sink comp="461" pin=0"/></net>

<net id="466"><net_src comp="457" pin="1"/><net_sink comp="461" pin=1"/></net>

<net id="473"><net_src comp="84" pin="0"/><net_sink comp="467" pin=0"/></net>

<net id="474"><net_src comp="461" pin="2"/><net_sink comp="467" pin=1"/></net>

<net id="475"><net_src comp="8" pin="0"/><net_sink comp="467" pin=2"/></net>

<net id="476"><net_src comp="86" pin="0"/><net_sink comp="467" pin=3"/></net>

<net id="480"><net_src comp="467" pin="4"/><net_sink comp="477" pin=0"/></net>

<net id="486"><net_src comp="88" pin="0"/><net_sink comp="481" pin=0"/></net>

<net id="487"><net_src comp="461" pin="2"/><net_sink comp="481" pin=1"/></net>

<net id="488"><net_src comp="82" pin="0"/><net_sink comp="481" pin=2"/></net>

<net id="494"><net_src comp="481" pin="3"/><net_sink comp="489" pin=0"/></net>

<net id="495"><net_src comp="90" pin="0"/><net_sink comp="489" pin=1"/></net>

<net id="496"><net_src comp="92" pin="0"/><net_sink comp="489" pin=2"/></net>

<net id="500"><net_src comp="287" pin="3"/><net_sink comp="497" pin=0"/></net>

<net id="505"><net_src comp="94" pin="0"/><net_sink comp="501" pin=0"/></net>

<net id="506"><net_src comp="497" pin="1"/><net_sink comp="501" pin=1"/></net>

<net id="511"><net_src comp="501" pin="2"/><net_sink comp="507" pin=0"/></net>

<net id="512"><net_src comp="489" pin="3"/><net_sink comp="507" pin=1"/></net>

<net id="518"><net_src comp="96" pin="0"/><net_sink comp="513" pin=0"/></net>

<net id="519"><net_src comp="207" pin="3"/><net_sink comp="513" pin=1"/></net>

<net id="520"><net_src comp="507" pin="2"/><net_sink comp="513" pin=2"/></net>

<net id="528"><net_src comp="98" pin="0"/><net_sink comp="521" pin=0"/></net>

<net id="529"><net_src comp="477" pin="1"/><net_sink comp="521" pin=1"/></net>

<net id="530"><net_src comp="513" pin="3"/><net_sink comp="521" pin=2"/></net>

<net id="531"><net_src comp="100" pin="0"/><net_sink comp="521" pin=3"/></net>

<net id="532"><net_src comp="86" pin="0"/><net_sink comp="521" pin=4"/></net>

<net id="538"><net_src comp="201" pin="2"/><net_sink comp="533" pin=0"/></net>

<net id="539"><net_src comp="34" pin="0"/><net_sink comp="533" pin=1"/></net>

<net id="540"><net_src comp="521" pin="5"/><net_sink comp="533" pin=2"/></net>

<net id="549"><net_src comp="106" pin="0"/><net_sink comp="544" pin=0"/></net>

<net id="550"><net_src comp="541" pin="1"/><net_sink comp="544" pin=2"/></net>

<net id="551"><net_src comp="544" pin="3"/><net_sink comp="132" pin=2"/></net>

<net id="557"><net_src comp="34" pin="0"/><net_sink comp="552" pin=1"/></net>

<net id="562"><net_src comp="552" pin="3"/><net_sink comp="558" pin=0"/></net>

<net id="566"><net_src comp="112" pin="1"/><net_sink comp="563" pin=0"/></net>

<net id="567"><net_src comp="563" pin="1"/><net_sink comp="162" pin=1"/></net>

<net id="568"><net_src comp="563" pin="1"/><net_sink comp="541" pin=0"/></net>

<net id="569"><net_src comp="563" pin="1"/><net_sink comp="558" pin=1"/></net>

<net id="573"><net_src comp="116" pin="1"/><net_sink comp="570" pin=0"/></net>

<net id="574"><net_src comp="570" pin="1"/><net_sink comp="157" pin=1"/></net>

<net id="575"><net_src comp="570" pin="1"/><net_sink comp="167" pin=0"/></net>

<net id="576"><net_src comp="570" pin="1"/><net_sink comp="191" pin=1"/></net>

<net id="580"><net_src comp="153" pin="1"/><net_sink comp="577" pin=0"/></net>

<net id="581"><net_src comp="577" pin="1"/><net_sink comp="196" pin=1"/></net>

<net id="585"><net_src comp="170" pin="2"/><net_sink comp="582" pin=0"/></net>

<net id="589"><net_src comp="140" pin="3"/><net_sink comp="586" pin=0"/></net>

<net id="590"><net_src comp="586" pin="1"/><net_sink comp="147" pin=0"/></net>

<net id="594"><net_src comp="187" pin="1"/><net_sink comp="591" pin=0"/></net>

<net id="595"><net_src comp="591" pin="1"/><net_sink comp="552" pin=0"/></net>

<net id="599"><net_src comp="196" pin="2"/><net_sink comp="596" pin=0"/></net>

<net id="600"><net_src comp="596" pin="1"/><net_sink comp="132" pin=1"/></net>

<net id="604"><net_src comp="533" pin="3"/><net_sink comp="601" pin=0"/></net>

<net id="605"><net_src comp="601" pin="1"/><net_sink comp="544" pin=1"/></net>

<net id="606"><net_src comp="601" pin="1"/><net_sink comp="552" pin=2"/></net>

</net_list>

</model> 
---------------- Datapath Model END ------------------

* FSMD analyzer results:
  - Output states:
	Port: X_BUS | {3 }
 - Input state : 
	Port: runge_kutta_45_Pipeline_last_axi_write_yy : sext_ln286 | {1 }
	Port: runge_kutta_45_Pipeline_last_axi_write_yy : mul399 | {1 }
	Port: runge_kutta_45_Pipeline_last_axi_write_yy : yy_loc_V | {1 2 }
  - Chain level:
	State 1
		store_ln0 : 1
		store_ln0 : 1
		i : 1
		icmp_ln286 : 2
		add_ln286 : 2
		br_ln286 : 3
		i_5_cast83 : 2
		yy_loc_V_addr_2 : 3
		empty : 2
		p_Val2_s : 4
		br_ln287 : 3
		store_ln286 : 3
	State 2
		icmp_ln1086 : 1
		p_Result_11 : 1
		tmp_V : 1
		tmp_V_2 : 2
		t : 3
		tmp_1 : 4
		NZeros : 5
		hitNonZero : 4
		trunc_ln1267 : 3
		p_Result_12 : 4
		tmp_5 : 5
		trunc_ln1269 : 6
		NZeros_1 : 7
		NZeros_3 : 8
		sub_ln1095 : 9
		lsb_index : 10
		tmp : 11
		icmp_ln1097 : 12
		trunc_ln1098 : 10
		sub_ln1098 : 11
		zext_ln1098 : 12
		lshr_ln1098 : 13
		p_Result_s : 14
		icmp_ln1098 : 14
		a : 15
		tmp_2 : 11
		xor_ln1100 : 12
		p_Result_8 : 11
		and_ln1100 : 12
		or_ln1100 : 15
		or_ln1100_1 : 15
		icmp_ln1105 : 11
		add_ln1105 : 10
		zext_ln1105 : 11
		lshr_ln1105 : 12
		sub_ln1106 : 10
		zext_ln1106 : 11
		shl_ln1106 : 12
		trunc_ln1106 : 13
		trunc_ln1106_1 : 13
		m : 14
		zext_ln1112 : 16
		m_1 : 17
		m_4 : 18
		zext_ln1113 : 19
		p_Result_9 : 18
		select_ln1094 : 19
		trunc_ln1094 : 9
		sub_ln1116 : 10
		add_ln1122 : 20
		tmp_s : 21
		p_Result_13 : 22
		select_ln1086 : 23
	State 3
		or_ln2 : 1
		write_ln287 : 2
		store_ln286 : 1


============================================================
+ Verbose Summary: Datapath Resource usage 
============================================================

* Functional unit list:
|----------|-----------------------------|---------|---------|
| Operation|       Functional Unit       |    FF   |   LUT   |
|----------|-----------------------------|---------|---------|
|          |        tmp_V_2_fu_221       |    0    |    85   |
|          |       NZeros_3_fu_287       |    0    |    32   |
|  select  |           m_fu_449          |    0    |    64   |
|          |     select_ln1094_fu_489    |    0    |    11   |
|          |     select_ln1086_fu_533    |    0    |    64   |
|          |     select_ln286_fu_552     |    0    |    64   |
|----------|-----------------------------|---------|---------|
|   lshr   |      lshr_ln1098_fu_337     |    0    |    15   |
|          |      lshr_ln1105_fu_419     |    0    |   266   |
|----------|-----------------------------|---------|---------|
|    shl   |      shl_ln1106_fu_435      |    0    |   266   |
|----------|-----------------------------|---------|---------|
|          |       add_ln286_fu_176      |    0    |    39   |
|          |       NZeros_1_fu_281       |    0    |    39   |
|    add   |       lsb_index_fu_301      |    0    |    39   |
|          |      add_ln1105_fu_409      |    0    |    39   |
|          |          m_1_fu_461         |    0    |    71   |
|          |      add_ln1122_fu_507      |    0    |    11   |
|----------|-----------------------------|---------|---------|
|          |         tmp_V_fu_215        |    0    |    92   |
|          |      sub_ln1095_fu_295      |    0    |    39   |
|    sub   |      sub_ln1098_fu_327      |    0    |    14   |
|          |      sub_ln1106_fu_425      |    0    |    39   |
|          |      sub_ln1116_fu_501      |    0    |    11   |
|----------|-----------------------------|---------|---------|
|          |      icmp_ln286_fu_170      |    0    |    18   |
|          |      icmp_ln1086_fu_201     |    0    |    35   |
|   icmp   |      hitNonZero_fu_251      |    0    |    29   |
|          |      icmp_ln1097_fu_317     |    0    |    17   |
|          |      icmp_ln1098_fu_349     |    0    |    35   |
|          |      icmp_ln1105_fu_403     |    0    |    18   |
|----------|-----------------------------|---------|---------|
|          |      p_Result_s_fu_343      |    0    |    85   |
|    and   |           a_fu_355          |    0    |    2    |
|          |      and_ln1100_fu_383      |    0    |    2    |
|----------|-----------------------------|---------|---------|
|    xor   |      xor_ln1100_fu_369      |    0    |    2    |
|----------|-----------------------------|---------|---------|
|    or    |       or_ln1100_fu_389      |    0    |    2    |
|----------|-----------------------------|---------|---------|
|   read   |   mul399_read_read_fu_120   |    0    |    0    |
|          | sext_ln286_read_read_fu_126 |    0    |    0    |
|----------|-----------------------------|---------|---------|
|   write  |   write_ln287_write_fu_132  |    0    |    0    |
|----------|-----------------------------|---------|---------|
|   sext   |    sext_ln286_cast_fu_153   |    0    |    0    |
|----------|-----------------------------|---------|---------|
|          |      i_5_cast83_fu_182      |    0    |    0    |
|          |      zext_ln1098_fu_333     |    0    |    0    |
|   zext   |      zext_ln1105_fu_415     |    0    |    0    |
|          |      zext_ln1106_fu_431     |    0    |    0    |
|          |      zext_ln1112_fu_457     |    0    |    0    |
|          |      zext_ln1113_fu_477     |    0    |    0    |
|----------|-----------------------------|---------|---------|
|          |         empty_fu_187        |    0    |    0    |
|          |        NZeros_fu_247        |    0    |    0    |
|          |     trunc_ln1267_fu_257     |    0    |    0    |
|   trunc  |     trunc_ln1269_fu_277     |    0    |    0    |
|          |     trunc_ln1098_fu_323     |    0    |    0    |
|          |     trunc_ln1106_fu_441     |    0    |    0    |
|          |    trunc_ln1106_1_fu_445    |    0    |    0    |
|          |     trunc_ln1094_fu_497     |    0    |    0    |
|----------|-----------------------------|---------|---------|
|          |      p_Result_11_fu_207     |    0    |    0    |
| bitselect|         tmp_2_fu_361        |    0    |    0    |
|          |      p_Result_8_fu_375      |    0    |    0    |
|          |      p_Result_9_fu_481      |    0    |    0    |
|----------|-----------------------------|---------|---------|
|          |           t_fu_229          |    0    |    0    |
|partselect|          tmp_fu_307         |    0    |    0    |
|          |          m_4_fu_467         |    0    |    0    |
|----------|-----------------------------|---------|---------|
|   ctlz   |         tmp_1_fu_239        |    0    |    0    |
|          |         tmp_5_fu_269        |    0    |    0    |
|----------|-----------------------------|---------|---------|
|          |      p_Result_12_fu_261     |    0    |    0    |
|bitconcatenate|      or_ln1100_1_fu_395     |    0    |    0    |
|          |         tmp_s_fu_513        |    0    |    0    |
|          |        or_ln2_fu_544        |    0    |    0    |
|----------|-----------------------------|---------|---------|
|  partset |      p_Result_13_fu_521     |    0    |    0    |
|----------|-----------------------------|---------|---------|
|   Total  |                             |    0    |   1545  |
|----------|-----------------------------|---------|---------|

Memories:
N/A

* Register list:
+-----------------------+--------+
|                       |   FF   |
+-----------------------+--------+
|   X_BUS_addr_reg_596  |   128  |
|     empty_reg_591     |    1   |
|      i_5_reg_570      |   32   |
|   icmp_ln286_reg_582  |    1   |
|   phi_ln287_reg_563   |   64   |
| select_ln1086_reg_601 |   64   |
|sext_ln286_cast_reg_577|   64   |
|yy_loc_V_addr_2_reg_586|   15   |
+-----------------------+--------+
|         Total         |   369  |
+-----------------------+--------+

* Multiplexer (MUX) list: 
|-------------------|------|------|------|--------||---------||---------|
|        Comp       |  Pin | Size |  BW  | S x BW ||  Delay  ||   LUT   |
|-------------------|------|------|------|--------||---------||---------|
| grp_access_fu_147 |  p0  |   2  |  15  |   30   ||    9    |
|-------------------|------|------|------|--------||---------||---------|
|       Total       |      |      |      |   30   ||  1.588  ||    9    |
|-------------------|------|------|------|--------||---------||---------|



* Summary:
+-----------+--------+--------+--------+
|           |  Delay |   FF   |   LUT  |
+-----------+--------+--------+--------+
|  Function |    -   |    0   |  1545  |
|   Memory  |    -   |    -   |    -   |
|Multiplexer|    1   |    -   |    9   |
|  Register |    -   |   369  |    -   |
+-----------+--------+--------+--------+
|   Total   |    1   |   369  |  1554  |
+-----------+--------+--------+--------+
