

================================================================
== Vitis HLS Report for 'runge_kutta_45_Pipeline_update_2'
================================================================
* Date:           Tue Jun 13 00:34:37 2023

* Version:        2022.1 (Build 3526262 on Mon Apr 18 15:47:01 MDT 2022)
* Project:        rk45_vitis
* Solution:       solution1 (Vivado IP Flow Target)
* Product family: zynq
* Target device:  xc7z020-clg400-1


================================================================
== Performance Estimates
================================================================
+ Timing: 
    * Summary: 
    +--------+----------+-----------+------------+
    |  Clock |  Target  | Estimated | Uncertainty|
    +--------+----------+-----------+------------+
    |ap_clk  |  50.00 ns|  11.059 ns|    13.50 ns|
    +--------+----------+-----------+------------+

+ Latency: 
    * Summary: 
    +---------+---------+----------+----------+-----+-----+---------+
    |  Latency (cycles) |  Latency (absolute) |  Interval | Pipeline|
    |   min   |   max   |    min   |    max   | min | max |   Type  |
    +---------+---------+----------+----------+-----+-----+---------+
    |        8|        8|  0.400 us|  0.400 us|    8|    8|       no|
    +---------+---------+----------+----------+-----+-----+---------+

    + Detail: 
        * Instance: 
        N/A

        * Loop: 
        +------------+---------+---------+----------+-----------+-----------+------+----------+
        |            |  Latency (cycles) | Iteration|  Initiation Interval  | Trip |          |
        |  Loop Name |   min   |   max   |  Latency |  achieved |   target  | Count| Pipelined|
        +------------+---------+---------+----------+-----------+-----------+------+----------+
        |- update_2  |        6|        6|         2|          1|          1|     6|       yes|
        +------------+---------+---------+----------+-----------+-----------+------+----------+

============================================================
+ Verbose Summary: Synthesis Manager
============================================================
InlineROM: 1
ExposeGlobal: 0
============================================================
+ Verbose Summary: CDFG Model
============================================================
IsTopModel: 0
ResetActiveHigh: 1
IsCombinational: 0
IsDatapathOnly: 0
HasWiredReturn: 1
HasMFsm: 2
HasVarLatency: 1
IsPipeline: 0
IsRtlPipelined: 0
IsInstanceOverlapped: 0
IsDontTouch: 0
HasImplIP: 0
IsGatedGlobalClock: 0

+ Individual pipeline summary: 
  * Pipeline-0: initiation interval (II) = 1, depth = 2


============================================================
+ Verbose Summary: Schedule
============================================================
* Number of FSM states : 2
* Pipeline : 1
  Pipeline-0 : II = 1, D = 2, States = { 1 2 }
* Dataflow Pipeline: 0

* FSM state transitions: 
1 --> 2 
2 --> 

* FSM state operations: 

State 1 <SV = 0> <Delay = 5.06>
ST_1 : Operation 5 [1/1] (0.00ns)   --->   "%n = alloca i32 1"   --->   Operation 5 'alloca' 'n' <Predicate = true> <Delay = 0.00>
ST_1 : Operation 6 [1/1] (0.00ns)   --->   "%sub_ln266_read = read i14 @_ssdm_op_Read.ap_auto.i14, i14 %sub_ln266"   --->   Operation 6 'read' 'sub_ln266_read' <Predicate = true> <Delay = 0.00>
ST_1 : Operation 7 [1/1] (0.00ns)   --->   "%sub_ln85945_read = read i14 @_ssdm_op_Read.ap_auto.i14, i14 %sub_ln85945"   --->   Operation 7 'read' 'sub_ln85945_read' <Predicate = true> <Delay = 0.00>
ST_1 : Operation 8 [1/1] (1.58ns)   --->   "%store_ln0 = store i3 0, i3 %n"   --->   Operation 8 'store' 'store_ln0' <Predicate = true> <Delay = 1.58>
ST_1 : Operation 9 [1/1] (0.00ns)   --->   "%br_ln0 = br void %for.body350"   --->   Operation 9 'br' 'br_ln0' <Predicate = true> <Delay = 0.00>
ST_1 : Operation 10 [1/1] (0.00ns)   --->   "%n_1 = load i3 %n" [src/runge_kutta_45.cpp:265]   --->   Operation 10 'load' 'n_1' <Predicate = true> <Delay = 0.00>
ST_1 : Operation 11 [1/1] (0.00ns)   --->   "%specpipeline_ln0 = specpipeline void @_ssdm_op_SpecPipeline, i32 4294967295, i32 0, i32 1, i32 0, void @p_str"   --->   Operation 11 'specpipeline' 'specpipeline_ln0' <Predicate = true> <Delay = 0.00>
ST_1 : Operation 12 [1/1] (1.13ns)   --->   "%icmp_ln265 = icmp_eq  i3 %n_1, i3 6" [src/runge_kutta_45.cpp:265]   --->   Operation 12 'icmp' 'icmp_ln265' <Predicate = true> <Delay = 1.13> <CoreInst = "Cmp">   --->   Core 9 'Cmp' <Latency = 0> <II = 1> <Delay = 1.13> <FuncUnit> <Opcode : 'icmp'> <InPorts = 2> <OutPorts = 1>
ST_1 : Operation 13 [1/1] (0.00ns)   --->   "%speclooptripcount_ln0 = speclooptripcount void @_ssdm_op_SpecLoopTripCount, i64 6, i64 6, i64 6"   --->   Operation 13 'speclooptripcount' 'speclooptripcount_ln0' <Predicate = true> <Delay = 0.00>
ST_1 : Operation 14 [1/1] (1.65ns)   --->   "%add_ln265 = add i3 %n_1, i3 1" [src/runge_kutta_45.cpp:265]   --->   Operation 14 'add' 'add_ln265' <Predicate = true> <Delay = 1.65> <CoreInst = "Adder">   --->   Core 1 'Adder' <Latency = 0> <II = 1> <Delay = 1.65> <FuncUnit> <Opcode : 'add' 'sub'> <InPorts = 2> <OutPorts = 1>
ST_1 : Operation 15 [1/1] (0.00ns)   --->   "%br_ln265 = br i1 %icmp_ln265, void %for.body350.split, void %for.end365.exitStub" [src/runge_kutta_45.cpp:265]   --->   Operation 15 'br' 'br_ln265' <Predicate = true> <Delay = 0.00>
ST_1 : Operation 16 [1/1] (0.00ns)   --->   "%n_4_cast = zext i3 %n_1" [src/runge_kutta_45.cpp:265]   --->   Operation 16 'zext' 'n_4_cast' <Predicate = (!icmp_ln265)> <Delay = 0.00>
ST_1 : Operation 17 [1/1] (0.00ns)   --->   "%zext_ln859 = zext i3 %n_1"   --->   Operation 17 'zext' 'zext_ln859' <Predicate = (!icmp_ln265)> <Delay = 0.00>
ST_1 : Operation 18 [1/1] (1.81ns)   --->   "%add_ln859 = add i14 %sub_ln85945_read, i14 %zext_ln859"   --->   Operation 18 'add' 'add_ln859' <Predicate = (!icmp_ln265)> <Delay = 1.81> <CoreInst = "Adder">   --->   Core 1 'Adder' <Latency = 0> <II = 1> <Delay = 1.81> <FuncUnit> <Opcode : 'add' 'sub'> <InPorts = 2> <OutPorts = 1>
ST_1 : Operation 19 [1/1] (0.00ns)   --->   "%zext_ln859_1 = zext i14 %add_ln859"   --->   Operation 19 'zext' 'zext_ln859_1' <Predicate = (!icmp_ln265)> <Delay = 0.00>
ST_1 : Operation 20 [1/1] (0.00ns)   --->   "%yy_loc_V_addr = getelementptr i100 %yy_loc_V, i64 0, i64 %zext_ln859_1"   --->   Operation 20 'getelementptr' 'yy_loc_V_addr' <Predicate = (!icmp_ln265)> <Delay = 0.00>
ST_1 : Operation 21 [1/1] (1.81ns)   --->   "%add_ln266 = add i14 %sub_ln266_read, i14 %zext_ln859" [src/runge_kutta_45.cpp:266]   --->   Operation 21 'add' 'add_ln266' <Predicate = (!icmp_ln265)> <Delay = 1.81> <CoreInst = "Adder">   --->   Core 1 'Adder' <Latency = 0> <II = 1> <Delay = 1.81> <FuncUnit> <Opcode : 'add' 'sub'> <InPorts = 2> <OutPorts = 1>
ST_1 : Operation 22 [2/2] (3.25ns)   --->   "%yy_loc_V_load = load i14 %yy_loc_V_addr"   --->   Operation 22 'load' 'yy_loc_V_load' <Predicate = (!icmp_ln265)> <Delay = 3.25> <CoreInst = "RAM">   --->   Core 82 'RAM' <Latency = 1> <II = 1> <Delay = 3.25> <Storage> <Opcode : 'load' 'store'> <Ports = 2> <Width = 100> <Depth = 12288> <RAM>
ST_1 : Operation 23 [1/1] (0.00ns)   --->   "%c_V_addr = getelementptr i100 %c_V, i64 0, i64 %n_4_cast"   --->   Operation 23 'getelementptr' 'c_V_addr' <Predicate = (!icmp_ln265)> <Delay = 0.00>
ST_1 : Operation 24 [2/2] (2.30ns)   --->   "%c_V_load = load i3 %c_V_addr"   --->   Operation 24 'load' 'c_V_load' <Predicate = (!icmp_ln265)> <Delay = 2.30> <CoreInst = "RAM">   --->   Core 82 'RAM' <Latency = 1> <II = 1> <Delay = 2.30> <Storage> <Opcode : 'load' 'store'> <Ports = 2> <Width = 100> <Depth = 6> <RAM>
ST_1 : Operation 25 [1/1] (1.58ns)   --->   "%store_ln265 = store i3 %add_ln265, i3 %n" [src/runge_kutta_45.cpp:265]   --->   Operation 25 'store' 'store_ln265' <Predicate = (!icmp_ln265)> <Delay = 1.58>
ST_1 : Operation 34 [1/1] (0.00ns)   --->   "%ret_ln0 = ret"   --->   Operation 34 'ret' 'ret_ln0' <Predicate = (icmp_ln265)> <Delay = 0.00>

State 2 <SV = 1> <Delay = 11.0>
ST_2 : Operation 26 [1/1] (0.00ns)   --->   "%zext_ln266 = zext i14 %add_ln266" [src/runge_kutta_45.cpp:266]   --->   Operation 26 'zext' 'zext_ln266' <Predicate = true> <Delay = 0.00>
ST_2 : Operation 27 [1/1] (0.00ns)   --->   "%yy_loc_V_addr_1 = getelementptr i100 %yy_loc_V, i64 0, i64 %zext_ln266" [src/runge_kutta_45.cpp:266]   --->   Operation 27 'getelementptr' 'yy_loc_V_addr_1' <Predicate = true> <Delay = 0.00>
ST_2 : Operation 28 [1/1] (0.00ns)   --->   "%specloopname_ln265 = specloopname void @_ssdm_op_SpecLoopName, void @empty_31" [src/runge_kutta_45.cpp:265]   --->   Operation 28 'specloopname' 'specloopname_ln265' <Predicate = true> <Delay = 0.00>
ST_2 : Operation 29 [1/2] (3.25ns)   --->   "%yy_loc_V_load = load i14 %yy_loc_V_addr"   --->   Operation 29 'load' 'yy_loc_V_load' <Predicate = true> <Delay = 3.25> <CoreInst = "RAM">   --->   Core 82 'RAM' <Latency = 1> <II = 1> <Delay = 3.25> <Storage> <Opcode : 'load' 'store'> <Ports = 2> <Width = 100> <Depth = 12288> <RAM>
ST_2 : Operation 30 [1/2] (2.30ns)   --->   "%c_V_load = load i3 %c_V_addr"   --->   Operation 30 'load' 'c_V_load' <Predicate = true> <Delay = 2.30> <CoreInst = "RAM">   --->   Core 82 'RAM' <Latency = 1> <II = 1> <Delay = 2.30> <Storage> <Opcode : 'load' 'store'> <Ports = 2> <Width = 100> <Depth = 6> <RAM>
ST_2 : Operation 31 [1/1] (4.55ns)   --->   "%add_ln859_1 = add i100 %c_V_load, i100 %yy_loc_V_load"   --->   Operation 31 'add' 'add_ln859_1' <Predicate = true> <Delay = 4.55> <CoreInst = "Adder">   --->   Core 1 'Adder' <Latency = 0> <II = 1> <Delay = 4.55> <FuncUnit> <Opcode : 'add' 'sub'> <InPorts = 2> <OutPorts = 1>
ST_2 : Operation 32 [1/1] (3.25ns)   --->   "%store_ln266 = store i100 %add_ln859_1, i14 %yy_loc_V_addr_1" [src/runge_kutta_45.cpp:266]   --->   Operation 32 'store' 'store_ln266' <Predicate = true> <Delay = 3.25> <CoreInst = "RAM">   --->   Core 82 'RAM' <Latency = 1> <II = 1> <Delay = 3.25> <Storage> <Opcode : 'load' 'store'> <Ports = 2> <Width = 100> <Depth = 12288> <RAM>
ST_2 : Operation 33 [1/1] (0.00ns)   --->   "%br_ln265 = br void %for.body350" [src/runge_kutta_45.cpp:265]   --->   Operation 33 'br' 'br_ln265' <Predicate = true> <Delay = 0.00>


============================================================
+ Verbose Summary: Timing violations
============================================================
Target clock period: 50ns, clock uncertainty: 13.5ns.

 <State 1>: 5.07ns
The critical path consists of the following:
	'alloca' operation ('n') [5]  (0 ns)
	'load' operation ('n', src/runge_kutta_45.cpp:265) on local variable 'n' [11]  (0 ns)
	'add' operation ('add_ln859') [20]  (1.81 ns)
	'getelementptr' operation ('yy_loc_V_addr') [22]  (0 ns)
	'load' operation ('yy_loc_V_load') on array 'yy_loc_V' [27]  (3.25 ns)

 <State 2>: 11.1ns
The critical path consists of the following:
	'load' operation ('yy_loc_V_load') on array 'yy_loc_V' [27]  (3.25 ns)
	'add' operation ('add_ln859_1') [30]  (4.55 ns)
	'store' operation ('store_ln266', src/runge_kutta_45.cpp:266) of variable 'add_ln859_1' on array 'yy_loc_V' [31]  (3.25 ns)


============================================================
+ Verbose Summary: Binding
============================================================
N/A
* FSMD analyzer results:
  - Output states:
 - Input state : 
  - Chain level:
	State 1
	State 2


============================================================
+ Verbose Summary: Datapath Resource usage 
============================================================
N/A
