

================================================================
== Vitis HLS Report for 'runge_kutta_45_Pipeline_sq_sum_loop4'
================================================================
* Date:           Mon Jun 26 10:21:30 2023

* Version:        2022.1 (Build 3526262 on Mon Apr 18 15:47:01 MDT 2022)
* Project:        rk45_vitis
* Solution:       solution1 (Vivado IP Flow Target)
* Product family: zynq
* Target device:  xc7z020-clg400-1


================================================================
== Performance Estimates
================================================================
+ Timing: 
    * Summary: 
    +--------+----------+-----------+------------+
    |  Clock |  Target  | Estimated | Uncertainty|
    +--------+----------+-----------+------------+
    |ap_clk  |  50.00 ns|  24.661 ns|    13.50 ns|
    +--------+----------+-----------+------------+

+ Latency: 
    * Summary: 
    +---------+---------+----------+----------+-----+-----+---------+
    |  Latency (cycles) |  Latency (absolute) |  Interval | Pipeline|
    |   min   |   max   |    min   |    max   | min | max |   Type  |
    +---------+---------+----------+----------+-----+-----+---------+
    |        5|        5|  0.250 us|  0.250 us|    5|    5|       no|
    +---------+---------+----------+----------+-----+-----+---------+

    + Detail: 
        * Instance: 
        N/A

        * Loop: 
        +---------------+---------+---------+----------+-----------+-----------+------+----------+
        |               |  Latency (cycles) | Iteration|  Initiation Interval  | Trip |          |
        |   Loop Name   |   min   |   max   |  Latency |  achieved |   target  | Count| Pipelined|
        +---------------+---------+---------+----------+-----------+-----------+------+----------+
        |- sq_sum_loop  |        3|        3|         1|          1|          1|     3|       yes|
        +---------------+---------+---------+----------+-----------+-----------+------+----------+

============================================================
+ Verbose Summary: Synthesis Manager
============================================================
InlineROM: 1
ExposeGlobal: 0
============================================================
+ Verbose Summary: CDFG Model
============================================================
IsTopModel: 0
ResetActiveHigh: 1
IsCombinational: 0
IsDatapathOnly: 0
HasWiredReturn: 1
HasMFsm: 2
HasVarLatency: 1
IsPipeline: 0
IsRtlPipelined: 0
IsInstanceOverlapped: 0
IsDontTouch: 0
HasImplIP: 0
IsGatedGlobalClock: 0

+ Individual pipeline summary: 
  * Pipeline-0: initiation interval (II) = 1, depth = 2


============================================================
+ Verbose Summary: Schedule
============================================================
* Number of FSM states : 2
* Pipeline : 1
  Pipeline-0 : II = 1, D = 2, States = { 1 2 }
* Dataflow Pipeline: 0

* FSM state transitions: 
1 --> 2 
2 --> 

* FSM state operations: 

State 1 <SV = 0> <Delay = 1.58>
ST_1 : Operation 4 [1/1] (0.00ns)   --->   "%i = alloca i32 1"   --->   Operation 4 'alloca' 'i' <Predicate = true> <Delay = 0.00>
ST_1 : Operation 5 [1/1] (0.00ns)   --->   "%squared_sum_V = alloca i32 1"   --->   Operation 5 'alloca' 'squared_sum_V' <Predicate = true> <Delay = 0.00>
ST_1 : Operation 6 [1/1] (0.00ns)   --->   "%r_in_V_2_4_2_reload_read = read i86 @_ssdm_op_Read.ap_auto.i86, i86 %r_in_V_2_4_2_reload"   --->   Operation 6 'read' 'r_in_V_2_4_2_reload_read' <Predicate = true> <Delay = 0.00>
ST_1 : Operation 7 [1/1] (0.00ns)   --->   "%r_in_V_1_4_2_reload_read = read i86 @_ssdm_op_Read.ap_auto.i86, i86 %r_in_V_1_4_2_reload"   --->   Operation 7 'read' 'r_in_V_1_4_2_reload_read' <Predicate = true> <Delay = 0.00>
ST_1 : Operation 8 [1/1] (0.00ns)   --->   "%r_in_V_0_4_2_reload_read = read i86 @_ssdm_op_Read.ap_auto.i86, i86 %r_in_V_0_4_2_reload"   --->   Operation 8 'read' 'r_in_V_0_4_2_reload_read' <Predicate = true> <Delay = 0.00>
ST_1 : Operation 9 [1/1] (1.58ns)   --->   "%store_ln0 = store i177 0, i177 %squared_sum_V"   --->   Operation 9 'store' 'store_ln0' <Predicate = true> <Delay = 1.58>
ST_1 : Operation 10 [1/1] (1.58ns)   --->   "%store_ln0 = store i2 0, i2 %i"   --->   Operation 10 'store' 'store_ln0' <Predicate = true> <Delay = 1.58>
ST_1 : Operation 11 [1/1] (0.00ns)   --->   "%br_ln0 = br void %for.body12.i.i"   --->   Operation 11 'br' 'br_ln0' <Predicate = true> <Delay = 0.00>

State 2 <SV = 1> <Delay = 24.6>
ST_2 : Operation 12 [1/1] (0.00ns)   --->   "%i_2 = load i2 %i" [src/runge_kutta_45.cpp:35]   --->   Operation 12 'load' 'i_2' <Predicate = true> <Delay = 0.00>
ST_2 : Operation 13 [1/1] (0.95ns)   --->   "%icmp_ln35 = icmp_eq  i2 %i_2, i2 3" [src/runge_kutta_45.cpp:35]   --->   Operation 13 'icmp' 'icmp_ln35' <Predicate = true> <Delay = 0.95> <CoreInst = "Cmp">   --->   Core 9 'Cmp' <Latency = 0> <II = 1> <Delay = 0.95> <FuncUnit> <Opcode : 'icmp'> <InPorts = 2> <OutPorts = 1>
ST_2 : Operation 14 [1/1] (0.00ns)   --->   "%speclooptripcount_ln0 = speclooptripcount void @_ssdm_op_SpecLoopTripCount, i64 3, i64 3, i64 3"   --->   Operation 14 'speclooptripcount' 'speclooptripcount_ln0' <Predicate = true> <Delay = 0.00>
ST_2 : Operation 15 [1/1] (1.56ns)   --->   "%add_ln35 = add i2 %i_2, i2 1" [src/runge_kutta_45.cpp:35]   --->   Operation 15 'add' 'add_ln35' <Predicate = true> <Delay = 1.56> <CoreInst = "Adder">   --->   Core 1 'Adder' <Latency = 0> <II = 1> <Delay = 1.56> <FuncUnit> <Opcode : 'add' 'sub'> <InPorts = 2> <OutPorts = 1>
ST_2 : Operation 16 [1/1] (0.00ns)   --->   "%br_ln35 = br i1 %icmp_ln35, void %for.body12.i.i.split, void %for.cond.cleanup11.i.i.exitStub" [src/runge_kutta_45.cpp:35]   --->   Operation 16 'br' 'br_ln35' <Predicate = true> <Delay = 0.00>
ST_2 : Operation 17 [1/1] (0.00ns)   --->   "%squared_sum_V_load_1 = load i177 %squared_sum_V" [src/runge_kutta_45.cpp:39]   --->   Operation 17 'load' 'squared_sum_V_load_1' <Predicate = (!icmp_ln35)> <Delay = 0.00>
ST_2 : Operation 18 [1/1] (0.00ns)   --->   "%specpipeline_ln36 = specpipeline void @_ssdm_op_SpecPipeline, i32 1, i32 0, i32 0, i32 0, void @empty_24" [src/runge_kutta_45.cpp:36]   --->   Operation 18 'specpipeline' 'specpipeline_ln36' <Predicate = (!icmp_ln35)> <Delay = 0.00>
ST_2 : Operation 19 [1/1] (0.00ns)   --->   "%specloopname_ln35 = specloopname void @_ssdm_op_SpecLoopName, void @empty_20" [src/runge_kutta_45.cpp:35]   --->   Operation 19 'specloopname' 'specloopname_ln35' <Predicate = (!icmp_ln35)> <Delay = 0.00>
ST_2 : Operation 20 [1/1] (1.70ns)   --->   "%tmp_s = mux i86 @_ssdm_op_Mux.ap_auto.3i86.i2, i86 %r_in_V_0_4_2_reload_read, i86 %r_in_V_1_4_2_reload_read, i86 %r_in_V_2_4_2_reload_read, i2 %i_2"   --->   Operation 20 'mux' 'tmp_s' <Predicate = (!icmp_ln35)> <Delay = 1.70> <CoreInst = "Multiplexer">   --->   Core 76 'Multiplexer' <Latency = 0> <II = 1> <Delay = 1.70> <FuncUnit> <Opcode : 'mux'> <InPorts = 2> <OutPorts = 1>
ST_2 : Operation 21 [1/1] (0.00ns)   --->   "%trunc_ln859 = trunc i86 %tmp_s"   --->   Operation 21 'trunc' 'trunc_ln859' <Predicate = (!icmp_ln35)> <Delay = 0.00>
ST_2 : Operation 22 [1/1] (21.3ns)   --->   "%squared_sum_V_1 = call i177 @macply, i177 %squared_sum_V_load_1, i85 %trunc_ln859, i85 %trunc_ln859" [src/runge_kutta_45.cpp:39]   --->   Operation 22 'call' 'squared_sum_V_1' <Predicate = (!icmp_ln35)> <Delay = 21.3> <CoreType = "Generic">   --->   Core 0 '' <Latency = 0> <II = 1> <Delay = 1.00> <Generic> <Opcode : >
ST_2 : Operation 23 [1/1] (1.58ns)   --->   "%store_ln35 = store i177 %squared_sum_V_1, i177 %squared_sum_V" [src/runge_kutta_45.cpp:35]   --->   Operation 23 'store' 'store_ln35' <Predicate = (!icmp_ln35)> <Delay = 1.58>
ST_2 : Operation 24 [1/1] (1.58ns)   --->   "%store_ln35 = store i2 %add_ln35, i2 %i" [src/runge_kutta_45.cpp:35]   --->   Operation 24 'store' 'store_ln35' <Predicate = (!icmp_ln35)> <Delay = 1.58>
ST_2 : Operation 25 [1/1] (0.00ns)   --->   "%br_ln35 = br void %for.body12.i.i" [src/runge_kutta_45.cpp:35]   --->   Operation 25 'br' 'br_ln35' <Predicate = (!icmp_ln35)> <Delay = 0.00>
ST_2 : Operation 26 [1/1] (0.00ns)   --->   "%squared_sum_V_load = load i177 %squared_sum_V"   --->   Operation 26 'load' 'squared_sum_V_load' <Predicate = (icmp_ln35)> <Delay = 0.00>
ST_2 : Operation 27 [1/1] (0.00ns)   --->   "%write_ln0 = write void @_ssdm_op_Write.ap_auto.i177P0A, i177 %squared_sum_V_3_0_out, i177 %squared_sum_V_load"   --->   Operation 27 'write' 'write_ln0' <Predicate = (icmp_ln35)> <Delay = 0.00>
ST_2 : Operation 28 [1/1] (0.00ns)   --->   "%ret_ln0 = ret"   --->   Operation 28 'ret' 'ret_ln0' <Predicate = (icmp_ln35)> <Delay = 0.00>


============================================================
+ Verbose Summary: Timing violations
============================================================
Target clock period: 50ns, clock uncertainty: 13.5ns.

 <State 1>: 1.59ns
The critical path consists of the following:
	'alloca' operation ('squared_sum.V') [6]  (0 ns)
	'store' operation ('store_ln0') of constant 0 on local variable 'squared_sum.V' [10]  (1.59 ns)

 <State 2>: 24.7ns
The critical path consists of the following:
	'load' operation ('i', src/runge_kutta_45.cpp:35) on local variable 'i' [14]  (0 ns)
	'mux' operation ('tmp_s') [23]  (1.71 ns)
	'call' operation ('squared_sum.V', src/runge_kutta_45.cpp:39) to 'macply' [25]  (21.4 ns)
	'store' operation ('store_ln35', src/runge_kutta_45.cpp:35) of variable 'squared_sum.V', src/runge_kutta_45.cpp:39 on local variable 'squared_sum.V' [26]  (1.59 ns)


============================================================
+ Verbose Summary: Binding
============================================================
N/A
* FSMD analyzer results:
  - Output states:
 - Input state : 
  - Chain level:
	State 1
	State 2


============================================================
+ Verbose Summary: Datapath Resource usage 
============================================================
N/A
