

================================================================
== Vitis HLS Report for 'runge_kutta_45_Pipeline_axi_write_tt'
================================================================
* Date:           Mon Jun 26 10:21:25 2023

* Version:        2022.1 (Build 3526262 on Mon Apr 18 15:47:01 MDT 2022)
* Project:        rk45_vitis
* Solution:       solution1 (Vivado IP Flow Target)
* Product family: zynq
* Target device:  xc7z020-clg400-1


================================================================
== Performance Estimates
================================================================
+ Timing: 
    * Summary: 
    +--------+----------+-----------+------------+
    |  Clock |  Target  | Estimated | Uncertainty|
    +--------+----------+-----------+------------+
    |ap_clk  |  50.00 ns|  36.500 ns|    13.50 ns|
    +--------+----------+-----------+------------+

+ Latency: 
    * Summary: 
    +---------+---------+----------+----------+------+------+---------+
    |  Latency (cycles) |  Latency (absolute) |   Interval  | Pipeline|
    |   min   |   max   |    min   |    max   |  min |  max |   Type  |
    +---------+---------+----------+----------+------+------+---------+
    |     4099|     4099|  0.205 ms|  0.205 ms|  4099|  4099|       no|
    +---------+---------+----------+----------+------+------+---------+

    + Detail: 
        * Instance: 
        N/A

        * Loop: 
        +----------------+---------+---------+----------+-----------+-----------+------+----------+
        |                |  Latency (cycles) | Iteration|  Initiation Interval  | Trip |          |
        |    Loop Name   |   min   |   max   |  Latency |  achieved |   target  | Count| Pipelined|
        +----------------+---------+---------+----------+-----------+-----------+------+----------+
        |- axi_write_tt  |     4097|     4097|         3|          1|          1|  4096|       yes|
        +----------------+---------+---------+----------+-----------+-----------+------+----------+

============================================================
+ Verbose Summary: Synthesis Manager
============================================================
InlineROM: 1
ExposeGlobal: 0
============================================================
+ Verbose Summary: CDFG Model
============================================================
IsTopModel: 0
ResetActiveHigh: 1
IsCombinational: 0
IsDatapathOnly: 0
HasWiredReturn: 1
HasMFsm: 2
HasVarLatency: 1
IsPipeline: 0
IsRtlPipelined: 0
IsInstanceOverlapped: 0
IsDontTouch: 0
HasImplIP: 0
IsGatedGlobalClock: 0

+ Individual pipeline summary: 
  * Pipeline-0: initiation interval (II) = 1, depth = 3


============================================================
+ Verbose Summary: Schedule
============================================================
* Number of FSM states : 3
* Pipeline : 1
  Pipeline-0 : II = 1, D = 3, States = { 1 2 3 }
* Dataflow Pipeline: 0

* FSM state transitions: 
1 --> 2 
2 --> 3 
3 --> 

* FSM state operations: 

State 1 <SV = 0> <Delay = 3.68>
ST_1 : Operation 6 [1/1] (0.00ns)   --->   "%phi_ln143 = alloca i32 1"   --->   Operation 6 'alloca' 'phi_ln143' <Predicate = true> <Delay = 0.00>
ST_1 : Operation 7 [1/1] (0.00ns)   --->   "%i_3 = alloca i32 1"   --->   Operation 7 'alloca' 'i_3' <Predicate = true> <Delay = 0.00>
ST_1 : Operation 8 [1/1] (0.00ns)   --->   "%sext_ln142_read = read i60 @_ssdm_op_Read.ap_auto.i60, i60 %sext_ln142"   --->   Operation 8 'read' 'sext_ln142_read' <Predicate = true> <Delay = 0.00>
ST_1 : Operation 9 [1/1] (0.00ns)   --->   "%sext_ln142_cast = sext i60 %sext_ln142_read"   --->   Operation 9 'sext' 'sext_ln142_cast' <Predicate = true> <Delay = 0.00>
ST_1 : Operation 10 [1/1] (0.00ns)   --->   "%specinterface_ln0 = specinterface void @_ssdm_op_SpecInterface, i128 %T_BUS, void @empty_9, i32 0, i32 0, void @empty_24, i32 0, i32 2048, void @empty_12, void @empty_11, void @empty_24, i32 1, i32 8, i32 16, i32 16, void @empty_24, void @empty_24, i32 4294967295, i32 0"   --->   Operation 10 'specinterface' 'specinterface_ln0' <Predicate = true> <Delay = 0.00>
ST_1 : Operation 11 [1/1] (1.58ns)   --->   "%store_ln0 = store i13 0, i13 %i_3"   --->   Operation 11 'store' 'store_ln0' <Predicate = true> <Delay = 1.58>
ST_1 : Operation 12 [1/1] (1.58ns)   --->   "%store_ln0 = store i64 0, i64 %phi_ln143"   --->   Operation 12 'store' 'store_ln0' <Predicate = true> <Delay = 1.58>
ST_1 : Operation 13 [1/1] (0.00ns)   --->   "%br_ln0 = br void %for.body140"   --->   Operation 13 'br' 'br_ln0' <Predicate = true> <Delay = 0.00>
ST_1 : Operation 14 [1/1] (0.00ns)   --->   "%i = load i13 %i_3"   --->   Operation 14 'load' 'i' <Predicate = true> <Delay = 0.00>
ST_1 : Operation 15 [1/1] (2.09ns)   --->   "%icmp_ln142 = icmp_eq  i13 %i, i13 4096" [src/runge_kutta_45.cpp:142]   --->   Operation 15 'icmp' 'icmp_ln142' <Predicate = true> <Delay = 2.09> <CoreInst = "Cmp">   --->   Core 9 'Cmp' <Latency = 0> <II = 1> <Delay = 2.09> <FuncUnit> <Opcode : 'icmp'> <InPorts = 2> <OutPorts = 1>
ST_1 : Operation 16 [1/1] (1.67ns)   --->   "%add_ln142 = add i13 %i, i13 1" [src/runge_kutta_45.cpp:142]   --->   Operation 16 'add' 'add_ln142' <Predicate = true> <Delay = 1.67> <CoreInst = "Adder">   --->   Core 1 'Adder' <Latency = 0> <II = 1> <Delay = 1.67> <FuncUnit> <Opcode : 'add' 'sub'> <InPorts = 2> <OutPorts = 1>
ST_1 : Operation 17 [1/1] (0.00ns)   --->   "%br_ln142 = br i1 %icmp_ln142, void %for.body140.split_ifconv, void %for.end149.exitStub" [src/runge_kutta_45.cpp:142]   --->   Operation 17 'br' 'br_ln142' <Predicate = true> <Delay = 0.00>
ST_1 : Operation 18 [1/1] (0.00ns)   --->   "%i_3_cast189 = zext i13 %i"   --->   Operation 18 'zext' 'i_3_cast189' <Predicate = (!icmp_ln142)> <Delay = 0.00>
ST_1 : Operation 19 [1/1] (0.00ns)   --->   "%empty = trunc i13 %i"   --->   Operation 19 'trunc' 'empty' <Predicate = (!icmp_ln142)> <Delay = 0.00>
ST_1 : Operation 20 [1/1] (0.00ns)   --->   "%tt_loc_V_addr = getelementptr i85 %tt_loc_V, i64 0, i64 %i_3_cast189"   --->   Operation 20 'getelementptr' 'tt_loc_V_addr' <Predicate = (!icmp_ln142)> <Delay = 0.00>
ST_1 : Operation 21 [2/2] (3.25ns)   --->   "%p_Val2_s = load i12 %tt_loc_V_addr"   --->   Operation 21 'load' 'p_Val2_s' <Predicate = (!icmp_ln142)> <Delay = 3.25> <CoreInst = "RAM">   --->   Core 82 'RAM' <Latency = 1> <II = 1> <Delay = 3.25> <Storage> <Opcode : 'load' 'store'> <Ports = 2> <Width = 85> <Depth = 4096> <RAM>
ST_1 : Operation 22 [1/1] (0.00ns)   --->   "%br_ln143 = br i1 %empty, void %for.inc147._crit_edge, void" [src/runge_kutta_45.cpp:143]   --->   Operation 22 'br' 'br_ln143' <Predicate = (!icmp_ln142)> <Delay = 0.00>
ST_1 : Operation 23 [1/1] (1.58ns)   --->   "%store_ln142 = store i13 %add_ln142, i13 %i_3" [src/runge_kutta_45.cpp:142]   --->   Operation 23 'store' 'store_ln142' <Predicate = (!icmp_ln142)> <Delay = 1.58>

State 2 <SV = 1> <Delay = 31.0>
ST_2 : Operation 24 [1/1] (0.00ns)   --->   "%specbitsmap_ln0 = specbitsmap void @_ssdm_op_SpecBitsMap, i128 %T_BUS"   --->   Operation 24 'specbitsmap' 'specbitsmap_ln0' <Predicate = true> <Delay = 0.00>
ST_2 : Operation 25 [1/1] (0.00ns)   --->   "%T_BUS_addr = getelementptr i128 %T_BUS, i64 %sext_ln142_cast" [src/runge_kutta_45.cpp:142]   --->   Operation 25 'getelementptr' 'T_BUS_addr' <Predicate = true> <Delay = 0.00>
ST_2 : Operation 26 [1/1] (0.00ns)   --->   "%specpipeline_ln0 = specpipeline void @_ssdm_op_SpecPipeline, i32 4294967295, i32 0, i32 1, i32 0, void @p_str"   --->   Operation 26 'specpipeline' 'specpipeline_ln0' <Predicate = true> <Delay = 0.00>
ST_2 : Operation 27 [1/1] (0.00ns)   --->   "%speclooptripcount_ln0 = speclooptripcount void @_ssdm_op_SpecLoopTripCount, i64 4096, i64 4096, i64 4096"   --->   Operation 27 'speclooptripcount' 'speclooptripcount_ln0' <Predicate = true> <Delay = 0.00>
ST_2 : Operation 28 [1/2] (3.25ns)   --->   "%p_Val2_s = load i12 %tt_loc_V_addr"   --->   Operation 28 'load' 'p_Val2_s' <Predicate = (!icmp_ln142)> <Delay = 3.25> <CoreInst = "RAM">   --->   Core 82 'RAM' <Latency = 1> <II = 1> <Delay = 3.25> <Storage> <Opcode : 'load' 'store'> <Ports = 2> <Width = 85> <Depth = 4096> <RAM>
ST_2 : Operation 29 [1/1] (3.00ns)   --->   "%icmp_ln1086 = icmp_eq  i85 %p_Val2_s, i85 0"   --->   Operation 29 'icmp' 'icmp_ln1086' <Predicate = (!icmp_ln142)> <Delay = 3.00> <CoreInst = "Cmp">   --->   Core 9 'Cmp' <Latency = 0> <II = 1> <Delay = 3.00> <FuncUnit> <Opcode : 'icmp'> <InPorts = 2> <OutPorts = 1>
ST_2 : Operation 30 [1/1] (0.00ns)   --->   "%p_Result_20 = bitselect i1 @_ssdm_op_BitSelect.i1.i85.i32, i85 %p_Val2_s, i32 84"   --->   Operation 30 'bitselect' 'p_Result_20' <Predicate = (!icmp_ln142)> <Delay = 0.00>
ST_2 : Operation 31 [1/1] (4.12ns)   --->   "%tmp_V = sub i85 0, i85 %p_Val2_s"   --->   Operation 31 'sub' 'tmp_V' <Predicate = (!icmp_ln142)> <Delay = 4.12> <CoreInst = "Adder">   --->   Core 1 'Adder' <Latency = 0> <II = 1> <Delay = 4.12> <FuncUnit> <Opcode : 'add' 'sub'> <InPorts = 2> <OutPorts = 1>
ST_2 : Operation 32 [1/1] (1.05ns)   --->   "%tmp_V_8 = select i1 %p_Result_20, i85 %tmp_V, i85 %p_Val2_s"   --->   Operation 32 'select' 'tmp_V_8' <Predicate = (!icmp_ln142)> <Delay = 1.05> <CoreInst = "Sel">   --->   Core 73 'Sel' <Latency = 0> <II = 1> <Delay = 1.05> <FuncUnit> <Opcode : 'select'> <InPorts = 3> <OutPorts = 1>
ST_2 : Operation 33 [1/1] (0.00ns)   --->   "%t = partselect i64 @_ssdm_op_PartSelect.i64.i85.i32.i32, i85 %tmp_V_8, i32 21, i32 84"   --->   Operation 33 'partselect' 't' <Predicate = (!icmp_ln142)> <Delay = 0.00>
ST_2 : Operation 34 [1/1] (0.00ns)   --->   "%tmp_7 = ctlz i64 @llvm.ctlz.i64, i64 %t, i1 1"   --->   Operation 34 'ctlz' 'tmp_7' <Predicate = (!icmp_ln142)> <Delay = 0.00>
ST_2 : Operation 35 [1/1] (0.00ns)   --->   "%NZeros = trunc i64 %tmp_7"   --->   Operation 35 'trunc' 'NZeros' <Predicate = (!icmp_ln142)> <Delay = 0.00>
ST_2 : Operation 36 [1/1] (2.77ns)   --->   "%hitNonZero = icmp_eq  i64 %t, i64 0"   --->   Operation 36 'icmp' 'hitNonZero' <Predicate = (!icmp_ln142)> <Delay = 2.77> <CoreInst = "Cmp">   --->   Core 9 'Cmp' <Latency = 0> <II = 1> <Delay = 2.77> <FuncUnit> <Opcode : 'icmp'> <InPorts = 2> <OutPorts = 1>
ST_2 : Operation 37 [1/1] (0.00ns)   --->   "%trunc_ln1267 = trunc i85 %tmp_V_8"   --->   Operation 37 'trunc' 'trunc_ln1267' <Predicate = (!icmp_ln142)> <Delay = 0.00>
ST_2 : Operation 38 [1/1] (0.00ns)   --->   "%p_Result_21 = bitconcatenate i64 @_ssdm_op_BitConcatenate.i64.i21.i43, i21 %trunc_ln1267, i43 8796093022207"   --->   Operation 38 'bitconcatenate' 'p_Result_21' <Predicate = (!icmp_ln142)> <Delay = 0.00>
ST_2 : Operation 39 [1/1] (0.00ns)   --->   "%tmp_s = ctlz i64 @llvm.ctlz.i64, i64 %p_Result_21, i1 1"   --->   Operation 39 'ctlz' 'tmp_s' <Predicate = (!icmp_ln142)> <Delay = 0.00>
ST_2 : Operation 40 [1/1] (0.00ns)   --->   "%trunc_ln1269 = trunc i64 %tmp_s"   --->   Operation 40 'trunc' 'trunc_ln1269' <Predicate = (!icmp_ln142)> <Delay = 0.00>
ST_2 : Operation 41 [1/1] (2.55ns)   --->   "%NZeros_10 = add i32 %trunc_ln1269, i32 %NZeros"   --->   Operation 41 'add' 'NZeros_10' <Predicate = (!icmp_ln142)> <Delay = 2.55> <CoreInst = "Adder">   --->   Core 1 'Adder' <Latency = 0> <II = 1> <Delay = 2.55> <FuncUnit> <Opcode : 'add' 'sub'> <InPorts = 2> <OutPorts = 1>
ST_2 : Operation 42 [1/1] (0.69ns)   --->   "%NZeros_12 = select i1 %hitNonZero, i32 %NZeros_10, i32 %NZeros"   --->   Operation 42 'select' 'NZeros_12' <Predicate = (!icmp_ln142)> <Delay = 0.69> <CoreInst = "Sel">   --->   Core 73 'Sel' <Latency = 0> <II = 1> <Delay = 0.69> <FuncUnit> <Opcode : 'select'> <InPorts = 3> <OutPorts = 1>
ST_2 : Operation 43 [1/1] (2.55ns)   --->   "%sub_ln1095 = sub i32 85, i32 %NZeros_12"   --->   Operation 43 'sub' 'sub_ln1095' <Predicate = (!icmp_ln142)> <Delay = 2.55> <CoreInst = "Adder">   --->   Core 1 'Adder' <Latency = 0> <II = 1> <Delay = 2.55> <FuncUnit> <Opcode : 'add' 'sub'> <InPorts = 2> <OutPorts = 1>
ST_2 : Operation 44 [1/1] (2.55ns)   --->   "%lsb_index = add i32 %sub_ln1095, i32 4294967243"   --->   Operation 44 'add' 'lsb_index' <Predicate = (!icmp_ln142)> <Delay = 2.55> <CoreInst = "Adder">   --->   Core 1 'Adder' <Latency = 0> <II = 1> <Delay = 2.55> <FuncUnit> <Opcode : 'add' 'sub'> <InPorts = 2> <OutPorts = 1>
ST_2 : Operation 45 [1/1] (0.00ns)   --->   "%tmp = partselect i31 @_ssdm_op_PartSelect.i31.i32.i32.i32, i32 %lsb_index, i32 1, i32 31"   --->   Operation 45 'partselect' 'tmp' <Predicate = (!icmp_ln142)> <Delay = 0.00>
ST_2 : Operation 46 [1/1] (2.47ns)   --->   "%icmp_ln1097 = icmp_sgt  i31 %tmp, i31 0"   --->   Operation 46 'icmp' 'icmp_ln1097' <Predicate = (!icmp_ln142)> <Delay = 2.47> <CoreInst = "Cmp">   --->   Core 9 'Cmp' <Latency = 0> <II = 1> <Delay = 2.47> <FuncUnit> <Opcode : 'icmp'> <InPorts = 2> <OutPorts = 1>
ST_2 : Operation 47 [1/1] (0.00ns)   --->   "%trunc_ln1098 = trunc i32 %sub_ln1095"   --->   Operation 47 'trunc' 'trunc_ln1098' <Predicate = (!icmp_ln142)> <Delay = 0.00>
ST_2 : Operation 48 [1/1] (1.87ns)   --->   "%sub_ln1098 = sub i7 11, i7 %trunc_ln1098"   --->   Operation 48 'sub' 'sub_ln1098' <Predicate = (!icmp_ln142)> <Delay = 1.87> <CoreInst = "Adder">   --->   Core 1 'Adder' <Latency = 0> <II = 1> <Delay = 1.87> <FuncUnit> <Opcode : 'add' 'sub'> <InPorts = 2> <OutPorts = 1>
ST_2 : Operation 49 [1/1] (0.00ns) (grouped into LUT with out node icmp_ln1098)   --->   "%zext_ln1098 = zext i7 %sub_ln1098"   --->   Operation 49 'zext' 'zext_ln1098' <Predicate = (!icmp_ln142)> <Delay = 0.00>
ST_2 : Operation 50 [1/1] (0.00ns) (grouped into LUT with out node icmp_ln1098)   --->   "%lshr_ln1098 = lshr i85 38685626227668133590597631, i85 %zext_ln1098"   --->   Operation 50 'lshr' 'lshr_ln1098' <Predicate = (!icmp_ln142)> <Delay = 0.00> <CoreInst = "Shifter">   --->   Core 75 'Shifter' <Latency = 0> <II = 1> <Delay = 3.04> <FuncUnit> <Opcode : 'shl' 'lshr' 'ashr'> <InPorts = 2> <OutPorts = 1>
ST_2 : Operation 51 [1/1] (0.00ns) (grouped into LUT with out node icmp_ln1098)   --->   "%p_Result_s = and i85 %tmp_V_8, i85 %lshr_ln1098"   --->   Operation 51 'and' 'p_Result_s' <Predicate = (!icmp_ln142)> <Delay = 0.00> <CoreInst = "LogicGate">   --->   Core 74 'LogicGate' <Latency = 0> <II = 1> <Delay = 1.00> <FuncUnit> <Opcode : 'and' 'or' 'xor'> <InPorts = 2> <OutPorts = 1>
ST_2 : Operation 52 [1/1] (3.04ns) (out node of the LUT)   --->   "%icmp_ln1098 = icmp_ne  i85 %p_Result_s, i85 0"   --->   Operation 52 'icmp' 'icmp_ln1098' <Predicate = (!icmp_ln142)> <Delay = 3.04> <CoreInst = "Cmp">   --->   Core 9 'Cmp' <Latency = 0> <II = 1> <Delay = 3.00> <FuncUnit> <Opcode : 'icmp'> <InPorts = 2> <OutPorts = 1>
ST_2 : Operation 53 [1/1] (0.00ns) (grouped into LUT with out node or_ln1100_2)   --->   "%a = and i1 %icmp_ln1097, i1 %icmp_ln1098"   --->   Operation 53 'and' 'a' <Predicate = (!icmp_ln142)> <Delay = 0.00> <CoreInst = "LogicGate">   --->   Core 74 'LogicGate' <Latency = 0> <II = 1> <Delay = 0.97> <FuncUnit> <Opcode : 'and' 'or' 'xor'> <InPorts = 2> <OutPorts = 1>
ST_2 : Operation 54 [1/1] (0.00ns) (grouped into LUT with out node or_ln1100_2)   --->   "%tmp_8 = bitselect i1 @_ssdm_op_BitSelect.i1.i32.i32, i32 %lsb_index, i32 31"   --->   Operation 54 'bitselect' 'tmp_8' <Predicate = (!icmp_ln142)> <Delay = 0.00>
ST_2 : Operation 55 [1/1] (0.00ns) (grouped into LUT with out node or_ln1100_2)   --->   "%xor_ln1100 = xor i1 %tmp_8, i1 1"   --->   Operation 55 'xor' 'xor_ln1100' <Predicate = (!icmp_ln142)> <Delay = 0.00> <CoreInst = "LogicGate">   --->   Core 74 'LogicGate' <Latency = 0> <II = 1> <Delay = 0.97> <FuncUnit> <Opcode : 'and' 'or' 'xor'> <InPorts = 2> <OutPorts = 1>
ST_2 : Operation 56 [1/1] (0.00ns) (grouped into LUT with out node or_ln1100_2)   --->   "%p_Result_8 = bitselect i1 @_ssdm_op_BitSelect.i1.i85.i32, i85 %tmp_V_8, i32 %lsb_index"   --->   Operation 56 'bitselect' 'p_Result_8' <Predicate = (!icmp_ln142)> <Delay = 0.00>
ST_2 : Operation 57 [1/1] (0.00ns) (grouped into LUT with out node or_ln1100_2)   --->   "%and_ln1100 = and i1 %p_Result_8, i1 %xor_ln1100"   --->   Operation 57 'and' 'and_ln1100' <Predicate = (!icmp_ln142)> <Delay = 0.00> <CoreInst = "LogicGate">   --->   Core 74 'LogicGate' <Latency = 0> <II = 1> <Delay = 0.97> <FuncUnit> <Opcode : 'and' 'or' 'xor'> <InPorts = 2> <OutPorts = 1>
ST_2 : Operation 58 [1/1] (0.00ns) (grouped into LUT with out node or_ln1100_2)   --->   "%or_ln1100 = or i1 %and_ln1100, i1 %a"   --->   Operation 58 'or' 'or_ln1100' <Predicate = (!icmp_ln142)> <Delay = 0.00> <CoreInst = "LogicGate">   --->   Core 74 'LogicGate' <Latency = 0> <II = 1> <Delay = 0.97> <FuncUnit> <Opcode : 'and' 'or' 'xor'> <InPorts = 2> <OutPorts = 1>
ST_2 : Operation 59 [1/1] (0.97ns) (out node of the LUT)   --->   "%or_ln1100_2 = bitconcatenate i2 @_ssdm_op_BitConcatenate.i2.i1.i1, i1 0, i1 %or_ln1100"   --->   Operation 59 'bitconcatenate' 'or_ln1100_2' <Predicate = (!icmp_ln142)> <Delay = 0.97>
ST_2 : Operation 60 [1/1] (2.47ns)   --->   "%icmp_ln1105 = icmp_sgt  i32 %lsb_index, i32 0"   --->   Operation 60 'icmp' 'icmp_ln1105' <Predicate = (!icmp_ln142)> <Delay = 2.47> <CoreInst = "Cmp">   --->   Core 9 'Cmp' <Latency = 0> <II = 1> <Delay = 2.47> <FuncUnit> <Opcode : 'icmp'> <InPorts = 2> <OutPorts = 1>
ST_2 : Operation 61 [1/1] (2.55ns)   --->   "%add_ln1105 = add i32 %sub_ln1095, i32 4294967242"   --->   Operation 61 'add' 'add_ln1105' <Predicate = (!icmp_ln142)> <Delay = 2.55> <CoreInst = "Adder">   --->   Core 1 'Adder' <Latency = 0> <II = 1> <Delay = 2.55> <FuncUnit> <Opcode : 'add' 'sub'> <InPorts = 2> <OutPorts = 1>
ST_2 : Operation 62 [1/1] (0.00ns) (grouped into LUT with out node m_13)   --->   "%zext_ln1105 = zext i32 %add_ln1105"   --->   Operation 62 'zext' 'zext_ln1105' <Predicate = (!icmp_ln142)> <Delay = 0.00>
ST_2 : Operation 63 [1/1] (0.00ns) (grouped into LUT with out node m_13)   --->   "%lshr_ln1105 = lshr i85 %tmp_V_8, i85 %zext_ln1105"   --->   Operation 63 'lshr' 'lshr_ln1105' <Predicate = (!icmp_ln142)> <Delay = 0.00> <CoreInst = "Shifter">   --->   Core 75 'Shifter' <Latency = 0> <II = 1> <Delay = 4.67> <FuncUnit> <Opcode : 'shl' 'lshr' 'ashr'> <InPorts = 2> <OutPorts = 1>
ST_2 : Operation 64 [1/1] (2.55ns)   --->   "%sub_ln1106 = sub i32 54, i32 %sub_ln1095"   --->   Operation 64 'sub' 'sub_ln1106' <Predicate = (!icmp_ln142)> <Delay = 2.55> <CoreInst = "Adder">   --->   Core 1 'Adder' <Latency = 0> <II = 1> <Delay = 2.55> <FuncUnit> <Opcode : 'add' 'sub'> <InPorts = 2> <OutPorts = 1>
ST_2 : Operation 65 [1/1] (0.00ns) (grouped into LUT with out node m_13)   --->   "%zext_ln1106 = zext i32 %sub_ln1106"   --->   Operation 65 'zext' 'zext_ln1106' <Predicate = (!icmp_ln142)> <Delay = 0.00>
ST_2 : Operation 66 [1/1] (0.00ns) (grouped into LUT with out node m_13)   --->   "%shl_ln1106 = shl i85 %tmp_V_8, i85 %zext_ln1106"   --->   Operation 66 'shl' 'shl_ln1106' <Predicate = (!icmp_ln142)> <Delay = 0.00> <CoreInst = "Shifter">   --->   Core 75 'Shifter' <Latency = 0> <II = 1> <Delay = 4.67> <FuncUnit> <Opcode : 'shl' 'lshr' 'ashr'> <InPorts = 2> <OutPorts = 1>
ST_2 : Operation 67 [1/1] (0.00ns) (grouped into LUT with out node m_13)   --->   "%trunc_ln1106 = trunc i85 %lshr_ln1105"   --->   Operation 67 'trunc' 'trunc_ln1106' <Predicate = (!icmp_ln142)> <Delay = 0.00>
ST_2 : Operation 68 [1/1] (0.00ns) (grouped into LUT with out node m_13)   --->   "%trunc_ln1106_4 = trunc i85 %shl_ln1106"   --->   Operation 68 'trunc' 'trunc_ln1106_4' <Predicate = (!icmp_ln142)> <Delay = 0.00>
ST_2 : Operation 69 [1/1] (0.00ns) (grouped into LUT with out node m_13)   --->   "%m = select i1 %icmp_ln1105, i64 %trunc_ln1106, i64 %trunc_ln1106_4"   --->   Operation 69 'select' 'm' <Predicate = (!icmp_ln142)> <Delay = 0.00> <CoreInst = "Sel">   --->   Core 73 'Sel' <Latency = 0> <II = 1> <Delay = 1.48> <FuncUnit> <Opcode : 'select'> <InPorts = 3> <OutPorts = 1>
ST_2 : Operation 70 [1/1] (0.00ns) (grouped into LUT with out node m_13)   --->   "%zext_ln1112 = zext i2 %or_ln1100_2"   --->   Operation 70 'zext' 'zext_ln1112' <Predicate = (!icmp_ln142)> <Delay = 0.00>
ST_2 : Operation 71 [1/1] (4.67ns) (out node of the LUT)   --->   "%m_13 = add i64 %m, i64 %zext_ln1112"   --->   Operation 71 'add' 'm_13' <Predicate = (!icmp_ln142)> <Delay = 4.67> <CoreInst = "Adder">   --->   Core 1 'Adder' <Latency = 0> <II = 1> <Delay = 3.52> <FuncUnit> <Opcode : 'add' 'sub'> <InPorts = 2> <OutPorts = 1>
ST_2 : Operation 72 [1/1] (0.00ns)   --->   "%m_15 = partselect i63 @_ssdm_op_PartSelect.i63.i64.i32.i32, i64 %m_13, i32 1, i32 63"   --->   Operation 72 'partselect' 'm_15' <Predicate = (!icmp_ln142)> <Delay = 0.00>
ST_2 : Operation 73 [1/1] (0.00ns)   --->   "%zext_ln1113 = zext i63 %m_15"   --->   Operation 73 'zext' 'zext_ln1113' <Predicate = (!icmp_ln142)> <Delay = 0.00>
ST_2 : Operation 74 [1/1] (0.00ns)   --->   "%p_Result_18 = bitselect i1 @_ssdm_op_BitSelect.i1.i64.i32, i64 %m_13, i32 54"   --->   Operation 74 'bitselect' 'p_Result_18' <Predicate = (!icmp_ln142)> <Delay = 0.00>
ST_2 : Operation 75 [1/1] (0.69ns)   --->   "%select_ln1094 = select i1 %p_Result_18, i11 1023, i11 1022"   --->   Operation 75 'select' 'select_ln1094' <Predicate = (!icmp_ln142)> <Delay = 0.69> <CoreInst = "Sel">   --->   Core 73 'Sel' <Latency = 0> <II = 1> <Delay = 0.69> <FuncUnit> <Opcode : 'select'> <InPorts = 3> <OutPorts = 1>
ST_2 : Operation 76 [1/1] (0.00ns)   --->   "%trunc_ln1094 = trunc i32 %NZeros_12"   --->   Operation 76 'trunc' 'trunc_ln1094' <Predicate = (!icmp_ln142)> <Delay = 0.00>
ST_2 : Operation 77 [1/1] (0.00ns) (grouped into TernaryAdder)   --->   "%sub_ln1116 = sub i11 30, i11 %trunc_ln1094"   --->   Operation 77 'sub' 'sub_ln1116' <Predicate = (!icmp_ln142)> <Delay = 0.00> <CoreInst = "TAddSub">   --->   Core 10 'TAddSub' <Latency = 0> <II = 1> <Delay = 1.87> <IPBlock> <Opcode : 'add' 'sub'> <InPorts = 3> <OutPorts = 1> <Sync> <CReg>
ST_2 : Operation 78 [1/1] (3.75ns) (root node of TernaryAdder)   --->   "%add_ln1122 = add i11 %sub_ln1116, i11 %select_ln1094"   --->   Operation 78 'add' 'add_ln1122' <Predicate = (!icmp_ln142)> <Delay = 3.75> <CoreInst = "TAddSub">   --->   Core 10 'TAddSub' <Latency = 0> <II = 1> <Delay = 1.87> <IPBlock> <Opcode : 'add' 'sub'> <InPorts = 3> <OutPorts = 1> <Sync> <CReg>
ST_2 : Operation 79 [1/1] (0.00ns)   --->   "%tmp_9 = bitconcatenate i12 @_ssdm_op_BitConcatenate.i12.i1.i11, i1 %p_Result_20, i11 %add_ln1122"   --->   Operation 79 'bitconcatenate' 'tmp_9' <Predicate = (!icmp_ln142)> <Delay = 0.00>
ST_2 : Operation 80 [1/1] (0.00ns)   --->   "%p_Result_22 = partset i64 @_ssdm_op_PartSet.i64.i64.i12.i32.i32, i64 %zext_ln1113, i12 %tmp_9, i32 52, i32 63"   --->   Operation 80 'partset' 'p_Result_22' <Predicate = (!icmp_ln142)> <Delay = 0.00>
ST_2 : Operation 81 [1/1] (1.48ns)   --->   "%select_ln1086 = select i1 %icmp_ln1086, i64 0, i64 %p_Result_22"   --->   Operation 81 'select' 'select_ln1086' <Predicate = (!icmp_ln142)> <Delay = 1.48> <CoreInst = "Sel">   --->   Core 73 'Sel' <Latency = 0> <II = 1> <Delay = 1.48> <FuncUnit> <Opcode : 'select'> <InPorts = 3> <OutPorts = 1>
ST_2 : Operation 90 [1/1] (0.00ns)   --->   "%ret_ln0 = ret"   --->   Operation 90 'ret' 'ret_ln0' <Predicate = (icmp_ln142)> <Delay = 0.00>

State 3 <SV = 2> <Delay = 36.5>
ST_3 : Operation 82 [1/1] (0.00ns)   --->   "%phi_ln143_load = load i64 %phi_ln143" [src/runge_kutta_45.cpp:143]   --->   Operation 82 'load' 'phi_ln143_load' <Predicate = true> <Delay = 0.00>
ST_3 : Operation 83 [1/1] (0.00ns)   --->   "%specloopname_ln142 = specloopname void @_ssdm_op_SpecLoopName, void @empty_18" [src/runge_kutta_45.cpp:142]   --->   Operation 83 'specloopname' 'specloopname_ln142' <Predicate = true> <Delay = 0.00>
ST_3 : Operation 84 [1/1] (0.00ns)   --->   "%or_ln3 = bitconcatenate i128 @_ssdm_op_BitConcatenate.i128.i64.i64, i64 %select_ln1086, i64 %phi_ln143_load" [src/runge_kutta_45.cpp:143]   --->   Operation 84 'bitconcatenate' 'or_ln3' <Predicate = true> <Delay = 0.00>
ST_3 : Operation 85 [1/1] (36.5ns)   --->   "%write_ln143 = write void @_ssdm_op_Write.m_axi.p1i128, i128 %T_BUS_addr, i128 %or_ln3, i16 65535" [src/runge_kutta_45.cpp:143]   --->   Operation 85 'write' 'write_ln143' <Predicate = (empty)> <Delay = 36.5> <CoreInst = "m_axi">   --->   Core 113 'm_axi' <Latency = 0> <II = 1> <Delay = 1.00> <Adapter> <Opcode : 'read' 'write' 'readreq' 'writereq' 'writeresp'>
ST_3 : Operation 86 [1/1] (0.00ns)   --->   "%br_ln143 = br void %for.inc147._crit_edge" [src/runge_kutta_45.cpp:143]   --->   Operation 86 'br' 'br_ln143' <Predicate = (empty)> <Delay = 0.00>
ST_3 : Operation 87 [1/1] (1.48ns)   --->   "%select_ln142 = select i1 %empty, i64 0, i64 %select_ln1086" [src/runge_kutta_45.cpp:142]   --->   Operation 87 'select' 'select_ln142' <Predicate = true> <Delay = 1.48> <CoreInst = "Sel">   --->   Core 73 'Sel' <Latency = 0> <II = 1> <Delay = 1.48> <FuncUnit> <Opcode : 'select'> <InPorts = 3> <OutPorts = 1>
ST_3 : Operation 88 [1/1] (1.58ns)   --->   "%store_ln142 = store i64 %select_ln142, i64 %phi_ln143" [src/runge_kutta_45.cpp:142]   --->   Operation 88 'store' 'store_ln142' <Predicate = true> <Delay = 1.58>
ST_3 : Operation 89 [1/1] (0.00ns)   --->   "%br_ln142 = br void %for.body140" [src/runge_kutta_45.cpp:142]   --->   Operation 89 'br' 'br_ln142' <Predicate = true> <Delay = 0.00>


============================================================
+ Verbose Summary: Timing violations
============================================================
Target clock period: 50ns, clock uncertainty: 13.5ns.

 <State 1>: 3.69ns
The critical path consists of the following:
	'alloca' operation ('i') [5]  (0 ns)
	'load' operation ('i') on local variable 'i' [13]  (0 ns)
	'add' operation ('add_ln142', src/runge_kutta_45.cpp:142) [19]  (1.68 ns)
	'store' operation ('store_ln142', src/runge_kutta_45.cpp:142) of variable 'add_ln142', src/runge_kutta_45.cpp:142 on local variable 'i' [88]  (1.59 ns)
	blocking operation 0.42 ns on control path)

 <State 2>: 31.1ns
The critical path consists of the following:
	'load' operation ('__Val2__') on array 'tt_loc_V' [27]  (3.25 ns)
	'sub' operation ('tmp.V') [30]  (4.12 ns)
	'select' operation ('tmp.V') [31]  (1.05 ns)
	'icmp' operation ('hitNonZero') [35]  (2.78 ns)
	'select' operation ('NZeros') [41]  (0.698 ns)
	'sub' operation ('sub_ln1095') [42]  (2.55 ns)
	'add' operation ('lsb_index') [43]  (2.55 ns)
	'icmp' operation ('icmp_ln1097') [45]  (2.47 ns)
	'and' operation ('a') [52]  (0 ns)
	'or' operation ('or_ln1100') [57]  (0 ns)
	'add' operation ('m') [70]  (4.68 ns)
	'select' operation ('select_ln1094') [74]  (0.692 ns)
	'add' operation ('add_ln1122') [77]  (3.76 ns)
	'select' operation ('select_ln1086') [80]  (1.48 ns)
	blocking operation 0.978 ns on control path)

 <State 3>: 36.5ns
The critical path consists of the following:
	'load' operation ('phi_ln143_load', src/runge_kutta_45.cpp:143) on local variable 'phi_ln143' [22]  (0 ns)
	bus write operation ('write_ln143', src/runge_kutta_45.cpp:143) on port 'T_BUS' (src/runge_kutta_45.cpp:143) [84]  (36.5 ns)


============================================================
+ Verbose Summary: Binding
============================================================
N/A
* FSMD analyzer results:
  - Output states:
 - Input state : 
  - Chain level:
	State 1
	State 2
	State 3


============================================================
+ Verbose Summary: Datapath Resource usage 
============================================================
N/A
