
*** Running vivado
    with args -log design_1_auto_ds_3.vds -m64 -product Vivado -mode batch -messageDb vivado.pb -notrace -source design_1_auto_ds_3.tcl


****** Vivado v2022.2 (64-bit)
  **** SW Build 3671981 on Fri Oct 14 04:59:54 MDT 2022
  **** IP Build 3669848 on Fri Oct 14 08:30:02 MDT 2022
    ** Copyright 1986-2022 Xilinx, Inc. All Rights Reserved.

source design_1_auto_ds_3.tcl -notrace
INFO: [IP_Flow 19-234] Refreshing IP repositories
INFO: [IP_Flow 19-1700] Loaded user IP repository '/home/davide/workspaces/runge_kutta_45'.
WARNING: [IP_Flow 19-3656] If you move the project, the path for repository '/home/davide/workspaces/runge_kutta_45' may become invalid. A better location for the repository would be in a path adjacent to the project. (Current project location is '/home/davide/workspaces/runge_kutta_45/rk45_vivado/rk45_vivado.runs/design_1_auto_ds_3_synth_1'.)
INFO: [IP_Flow 19-2313] Loaded Vivado IP repository '/opt/Xilinx/Vivado/2022.2/data/ip'.
INFO: [IP_Flow 19-6924] IPCACHE: Running cache check for IP inst: design_1_auto_ds_3
Command: synth_design -top design_1_auto_ds_3 -part xc7z020clg400-1 -incremental_mode off -mode out_of_context
Starting synth_design
Attempting to get a license for feature 'Synthesis' and/or device 'xc7z020'
INFO: [Common 17-349] Got license for feature 'Synthesis' and/or device 'xc7z020'
INFO: [Device 21-403] Loading part xc7z020clg400-1
INFO: [Synth 8-7079] Multithreading enabled for synth_design using a maximum of 4 processes.
INFO: [Synth 8-7078] Launching helper process for spawning children vivado processes
INFO: [Synth 8-7075] Helper process launched with PID 134155
INFO: [Synth 8-11241] undeclared symbol 'REGCCE', assumed default net type 'wire' [/opt/Xilinx/Vivado/2022.2/data/verilog/src/unimacro/BRAM_SINGLE_MACRO.v:2170]
---------------------------------------------------------------------------------
Starting RTL Elaboration : Time (s): cpu = 00:00:05 ; elapsed = 00:00:06 . Memory (MB): peak = 2758.656 ; gain = 377.801 ; free physical = 4886 ; free virtual = 16291
Synthesis current peak Physical Memory [PSS] (MB): peak = 1984.495; parent = 1849.914; children = 134.581
Synthesis current peak Virtual Memory [VSS] (MB): peak = 3757.059; parent = 2770.566; children = 986.492
---------------------------------------------------------------------------------
INFO: [Synth 8-6157] synthesizing module 'design_1_auto_ds_3' [/home/davide/workspaces/runge_kutta_45/rk45_vivado/rk45_vivado.gen/sources_1/bd/design_1/ip/design_1_auto_ds_3_2/synth/design_1_auto_ds_3.v:53]
INFO: [Synth 8-6157] synthesizing module 'axi_dwidth_converter_v2_1_27_top' [/home/davide/workspaces/runge_kutta_45/rk45_vivado/rk45_vivado.gen/sources_1/bd/design_1/ipshared/4675/hdl/axi_dwidth_converter_v2_1_vlsyn_rfs.v:14461]
INFO: [Synth 8-6157] synthesizing module 'axi_protocol_converter_v2_1_27_axi_protocol_converter' [/home/davide/workspaces/runge_kutta_45/rk45_vivado/rk45_vivado.gen/sources_1/bd/design_1/ipshared/aeb3/hdl/axi_protocol_converter_v2_1_vl_rfs.v:4807]
INFO: [Synth 8-6157] synthesizing module 'axi_protocol_converter_v2_1_27_axi3_conv' [/home/davide/workspaces/runge_kutta_45/rk45_vivado/rk45_vivado.gen/sources_1/bd/design_1/ipshared/aeb3/hdl/axi_protocol_converter_v2_1_vl_rfs.v:953]
INFO: [Synth 8-6157] synthesizing module 'axi_protocol_converter_v2_1_27_b_downsizer' [/home/davide/workspaces/runge_kutta_45/rk45_vivado/rk45_vivado.gen/sources_1/bd/design_1/ipshared/aeb3/hdl/axi_protocol_converter_v2_1_vl_rfs.v:2275]
INFO: [Synth 8-6155] done synthesizing module 'axi_protocol_converter_v2_1_27_b_downsizer' (0#1) [/home/davide/workspaces/runge_kutta_45/rk45_vivado/rk45_vivado.gen/sources_1/bd/design_1/ipshared/aeb3/hdl/axi_protocol_converter_v2_1_vl_rfs.v:2275]
INFO: [Synth 8-6157] synthesizing module 'axi_protocol_converter_v2_1_27_a_axi3_conv' [/home/davide/workspaces/runge_kutta_45/rk45_vivado/rk45_vivado.gen/sources_1/bd/design_1/ipshared/aeb3/hdl/axi_protocol_converter_v2_1_vl_rfs.v:61]
INFO: [Synth 8-6157] synthesizing module 'axi_data_fifo_v2_1_26_axic_fifo' [/home/davide/workspaces/runge_kutta_45/rk45_vivado/rk45_vivado.gen/sources_1/bd/design_1/ipshared/3111/hdl/axi_data_fifo_v2_1_vl_rfs.v:63]
INFO: [Synth 8-6157] synthesizing module 'axi_data_fifo_v2_1_26_fifo_gen' [/home/davide/workspaces/runge_kutta_45/rk45_vivado/rk45_vivado.gen/sources_1/bd/design_1/ipshared/3111/hdl/axi_data_fifo_v2_1_vl_rfs.v:167]
INFO: [Synth 8-6157] synthesizing module 'xpm_cdc_async_rst' [/opt/Xilinx/Vivado/2022.2/data/ip/xpm/xpm_cdc/hdl/xpm_cdc.sv:1174]
INFO: [Synth 8-6155] done synthesizing module 'xpm_cdc_async_rst' (0#1) [/opt/Xilinx/Vivado/2022.2/data/ip/xpm/xpm_cdc/hdl/xpm_cdc.sv:1174]
INFO: [Synth 8-6155] done synthesizing module 'axi_data_fifo_v2_1_26_fifo_gen' (0#1) [/home/davide/workspaces/runge_kutta_45/rk45_vivado/rk45_vivado.gen/sources_1/bd/design_1/ipshared/3111/hdl/axi_data_fifo_v2_1_vl_rfs.v:167]
INFO: [Synth 8-6155] done synthesizing module 'axi_data_fifo_v2_1_26_axic_fifo' (0#1) [/home/davide/workspaces/runge_kutta_45/rk45_vivado/rk45_vivado.gen/sources_1/bd/design_1/ipshared/3111/hdl/axi_data_fifo_v2_1_vl_rfs.v:63]
INFO: [Synth 8-6155] done synthesizing module 'axi_protocol_converter_v2_1_27_a_axi3_conv' (0#1) [/home/davide/workspaces/runge_kutta_45/rk45_vivado/rk45_vivado.gen/sources_1/bd/design_1/ipshared/aeb3/hdl/axi_protocol_converter_v2_1_vl_rfs.v:61]
INFO: [Synth 8-6157] synthesizing module 'axi_protocol_converter_v2_1_27_w_axi3_conv' [/home/davide/workspaces/runge_kutta_45/rk45_vivado/rk45_vivado.gen/sources_1/bd/design_1/ipshared/aeb3/hdl/axi_protocol_converter_v2_1_vl_rfs.v:2003]
INFO: [Synth 8-6155] done synthesizing module 'axi_protocol_converter_v2_1_27_w_axi3_conv' (0#1) [/home/davide/workspaces/runge_kutta_45/rk45_vivado/rk45_vivado.gen/sources_1/bd/design_1/ipshared/aeb3/hdl/axi_protocol_converter_v2_1_vl_rfs.v:2003]
INFO: [Synth 8-6157] synthesizing module 'axi_protocol_converter_v2_1_27_a_axi3_conv__parameterized0' [/home/davide/workspaces/runge_kutta_45/rk45_vivado/rk45_vivado.gen/sources_1/bd/design_1/ipshared/aeb3/hdl/axi_protocol_converter_v2_1_vl_rfs.v:61]
INFO: [Synth 8-6157] synthesizing module 'axi_data_fifo_v2_1_26_axic_fifo__parameterized0' [/home/davide/workspaces/runge_kutta_45/rk45_vivado/rk45_vivado.gen/sources_1/bd/design_1/ipshared/3111/hdl/axi_data_fifo_v2_1_vl_rfs.v:63]
INFO: [Synth 8-6157] synthesizing module 'axi_data_fifo_v2_1_26_fifo_gen__parameterized0' [/home/davide/workspaces/runge_kutta_45/rk45_vivado/rk45_vivado.gen/sources_1/bd/design_1/ipshared/3111/hdl/axi_data_fifo_v2_1_vl_rfs.v:167]
INFO: [Synth 8-6155] done synthesizing module 'axi_data_fifo_v2_1_26_fifo_gen__parameterized0' (0#1) [/home/davide/workspaces/runge_kutta_45/rk45_vivado/rk45_vivado.gen/sources_1/bd/design_1/ipshared/3111/hdl/axi_data_fifo_v2_1_vl_rfs.v:167]
INFO: [Synth 8-6155] done synthesizing module 'axi_data_fifo_v2_1_26_axic_fifo__parameterized0' (0#1) [/home/davide/workspaces/runge_kutta_45/rk45_vivado/rk45_vivado.gen/sources_1/bd/design_1/ipshared/3111/hdl/axi_data_fifo_v2_1_vl_rfs.v:63]
INFO: [Synth 8-6155] done synthesizing module 'axi_protocol_converter_v2_1_27_a_axi3_conv__parameterized0' (0#1) [/home/davide/workspaces/runge_kutta_45/rk45_vivado/rk45_vivado.gen/sources_1/bd/design_1/ipshared/aeb3/hdl/axi_protocol_converter_v2_1_vl_rfs.v:61]
INFO: [Synth 8-6157] synthesizing module 'axi_protocol_converter_v2_1_27_r_axi3_conv' [/home/davide/workspaces/runge_kutta_45/rk45_vivado/rk45_vivado.gen/sources_1/bd/design_1/ipshared/aeb3/hdl/axi_protocol_converter_v2_1_vl_rfs.v:1788]
INFO: [Synth 8-6155] done synthesizing module 'axi_protocol_converter_v2_1_27_r_axi3_conv' (0#1) [/home/davide/workspaces/runge_kutta_45/rk45_vivado/rk45_vivado.gen/sources_1/bd/design_1/ipshared/aeb3/hdl/axi_protocol_converter_v2_1_vl_rfs.v:1788]
INFO: [Synth 8-6155] done synthesizing module 'axi_protocol_converter_v2_1_27_axi3_conv' (0#1) [/home/davide/workspaces/runge_kutta_45/rk45_vivado/rk45_vivado.gen/sources_1/bd/design_1/ipshared/aeb3/hdl/axi_protocol_converter_v2_1_vl_rfs.v:953]
INFO: [Synth 8-6155] done synthesizing module 'axi_protocol_converter_v2_1_27_axi_protocol_converter' (0#1) [/home/davide/workspaces/runge_kutta_45/rk45_vivado/rk45_vivado.gen/sources_1/bd/design_1/ipshared/aeb3/hdl/axi_protocol_converter_v2_1_vl_rfs.v:4807]
INFO: [Synth 8-6157] synthesizing module 'axi_dwidth_converter_v2_1_27_axi_downsizer' [/home/davide/workspaces/runge_kutta_45/rk45_vivado/rk45_vivado.gen/sources_1/bd/design_1/ipshared/4675/hdl/axi_dwidth_converter_v2_1_vlsyn_rfs.v:2379]
INFO: [Synth 8-6157] synthesizing module 'axi_dwidth_converter_v2_1_27_b_downsizer' [/home/davide/workspaces/runge_kutta_45/rk45_vivado/rk45_vivado.gen/sources_1/bd/design_1/ipshared/4675/hdl/axi_dwidth_converter_v2_1_vlsyn_rfs.v:1250]
INFO: [Synth 8-6155] done synthesizing module 'axi_dwidth_converter_v2_1_27_b_downsizer' (0#1) [/home/davide/workspaces/runge_kutta_45/rk45_vivado/rk45_vivado.gen/sources_1/bd/design_1/ipshared/4675/hdl/axi_dwidth_converter_v2_1_vlsyn_rfs.v:1250]
INFO: [Synth 8-6157] synthesizing module 'axi_dwidth_converter_v2_1_27_a_downsizer' [/home/davide/workspaces/runge_kutta_45/rk45_vivado/rk45_vivado.gen/sources_1/bd/design_1/ipshared/4675/hdl/axi_dwidth_converter_v2_1_vlsyn_rfs.v:63]
INFO: [Synth 8-6157] synthesizing module 'axi_data_fifo_v2_1_26_axic_fifo__parameterized1' [/home/davide/workspaces/runge_kutta_45/rk45_vivado/rk45_vivado.gen/sources_1/bd/design_1/ipshared/3111/hdl/axi_data_fifo_v2_1_vl_rfs.v:63]
INFO: [Synth 8-6157] synthesizing module 'axi_data_fifo_v2_1_26_fifo_gen__parameterized1' [/home/davide/workspaces/runge_kutta_45/rk45_vivado/rk45_vivado.gen/sources_1/bd/design_1/ipshared/3111/hdl/axi_data_fifo_v2_1_vl_rfs.v:167]
INFO: [Synth 8-6155] done synthesizing module 'axi_data_fifo_v2_1_26_fifo_gen__parameterized1' (0#1) [/home/davide/workspaces/runge_kutta_45/rk45_vivado/rk45_vivado.gen/sources_1/bd/design_1/ipshared/3111/hdl/axi_data_fifo_v2_1_vl_rfs.v:167]
INFO: [Synth 8-6155] done synthesizing module 'axi_data_fifo_v2_1_26_axic_fifo__parameterized1' (0#1) [/home/davide/workspaces/runge_kutta_45/rk45_vivado/rk45_vivado.gen/sources_1/bd/design_1/ipshared/3111/hdl/axi_data_fifo_v2_1_vl_rfs.v:63]
INFO: [Synth 8-6157] synthesizing module 'axi_data_fifo_v2_1_26_axic_fifo__parameterized2' [/home/davide/workspaces/runge_kutta_45/rk45_vivado/rk45_vivado.gen/sources_1/bd/design_1/ipshared/3111/hdl/axi_data_fifo_v2_1_vl_rfs.v:63]
INFO: [Synth 8-6157] synthesizing module 'axi_data_fifo_v2_1_26_fifo_gen__parameterized2' [/home/davide/workspaces/runge_kutta_45/rk45_vivado/rk45_vivado.gen/sources_1/bd/design_1/ipshared/3111/hdl/axi_data_fifo_v2_1_vl_rfs.v:167]
INFO: [Synth 8-6155] done synthesizing module 'axi_data_fifo_v2_1_26_fifo_gen__parameterized2' (0#1) [/home/davide/workspaces/runge_kutta_45/rk45_vivado/rk45_vivado.gen/sources_1/bd/design_1/ipshared/3111/hdl/axi_data_fifo_v2_1_vl_rfs.v:167]
INFO: [Synth 8-6155] done synthesizing module 'axi_data_fifo_v2_1_26_axic_fifo__parameterized2' (0#1) [/home/davide/workspaces/runge_kutta_45/rk45_vivado/rk45_vivado.gen/sources_1/bd/design_1/ipshared/3111/hdl/axi_data_fifo_v2_1_vl_rfs.v:63]
INFO: [Synth 8-6155] done synthesizing module 'axi_dwidth_converter_v2_1_27_a_downsizer' (0#1) [/home/davide/workspaces/runge_kutta_45/rk45_vivado/rk45_vivado.gen/sources_1/bd/design_1/ipshared/4675/hdl/axi_dwidth_converter_v2_1_vlsyn_rfs.v:63]
INFO: [Synth 8-6157] synthesizing module 'axi_dwidth_converter_v2_1_27_w_downsizer' [/home/davide/workspaces/runge_kutta_45/rk45_vivado/rk45_vivado.gen/sources_1/bd/design_1/ipshared/4675/hdl/axi_dwidth_converter_v2_1_vlsyn_rfs.v:2015]
INFO: [Synth 8-6155] done synthesizing module 'axi_dwidth_converter_v2_1_27_w_downsizer' (0#1) [/home/davide/workspaces/runge_kutta_45/rk45_vivado/rk45_vivado.gen/sources_1/bd/design_1/ipshared/4675/hdl/axi_dwidth_converter_v2_1_vlsyn_rfs.v:2015]
INFO: [Synth 8-6157] synthesizing module 'axi_dwidth_converter_v2_1_27_a_downsizer__parameterized0' [/home/davide/workspaces/runge_kutta_45/rk45_vivado/rk45_vivado.gen/sources_1/bd/design_1/ipshared/4675/hdl/axi_dwidth_converter_v2_1_vlsyn_rfs.v:63]
INFO: [Synth 8-6155] done synthesizing module 'axi_dwidth_converter_v2_1_27_a_downsizer__parameterized0' (0#1) [/home/davide/workspaces/runge_kutta_45/rk45_vivado/rk45_vivado.gen/sources_1/bd/design_1/ipshared/4675/hdl/axi_dwidth_converter_v2_1_vlsyn_rfs.v:63]
INFO: [Synth 8-6157] synthesizing module 'axi_dwidth_converter_v2_1_27_r_downsizer' [/home/davide/workspaces/runge_kutta_45/rk45_vivado/rk45_vivado.gen/sources_1/bd/design_1/ipshared/4675/hdl/axi_dwidth_converter_v2_1_vlsyn_rfs.v:1532]
INFO: [Synth 8-6155] done synthesizing module 'axi_dwidth_converter_v2_1_27_r_downsizer' (0#1) [/home/davide/workspaces/runge_kutta_45/rk45_vivado/rk45_vivado.gen/sources_1/bd/design_1/ipshared/4675/hdl/axi_dwidth_converter_v2_1_vlsyn_rfs.v:1532]
INFO: [Synth 8-6155] done synthesizing module 'axi_dwidth_converter_v2_1_27_axi_downsizer' (0#1) [/home/davide/workspaces/runge_kutta_45/rk45_vivado/rk45_vivado.gen/sources_1/bd/design_1/ipshared/4675/hdl/axi_dwidth_converter_v2_1_vlsyn_rfs.v:2379]
INFO: [Synth 8-6155] done synthesizing module 'axi_dwidth_converter_v2_1_27_top' (0#1) [/home/davide/workspaces/runge_kutta_45/rk45_vivado/rk45_vivado.gen/sources_1/bd/design_1/ipshared/4675/hdl/axi_dwidth_converter_v2_1_vlsyn_rfs.v:14461]
INFO: [Synth 8-6155] done synthesizing module 'design_1_auto_ds_3' (0#1) [/home/davide/workspaces/runge_kutta_45/rk45_vivado/rk45_vivado.gen/sources_1/bd/design_1/ip/design_1_auto_ds_3_2/synth/design_1_auto_ds_3.v:53]
WARNING: [Synth 8-6014] Unused sequential element S_AXI_AUSER_Q_reg was removed.  [/home/davide/workspaces/runge_kutta_45/rk45_vivado/rk45_vivado.gen/sources_1/bd/design_1/ipshared/aeb3/hdl/axi_protocol_converter_v2_1_vl_rfs.v:281]
WARNING: [Synth 8-6014] Unused sequential element NO_B_CHANNEL.cmd_b_depth_reg was removed.  [/home/davide/workspaces/runge_kutta_45/rk45_vivado/rk45_vivado.gen/sources_1/bd/design_1/ipshared/aeb3/hdl/axi_protocol_converter_v2_1_vl_rfs.v:853]
WARNING: [Synth 8-6014] Unused sequential element S_AXI_AUSER_Q_reg was removed.  [/home/davide/workspaces/runge_kutta_45/rk45_vivado/rk45_vivado.gen/sources_1/bd/design_1/ipshared/aeb3/hdl/axi_protocol_converter_v2_1_vl_rfs.v:281]
WARNING: [Synth 8-6014] Unused sequential element cmd_b_push_block_reg was removed.  [/home/davide/workspaces/runge_kutta_45/rk45_vivado/rk45_vivado.gen/sources_1/bd/design_1/ipshared/aeb3/hdl/axi_protocol_converter_v2_1_vl_rfs.v:637]
WARNING: [Synth 8-6014] Unused sequential element cmd_empty_reg was removed.  [/home/davide/workspaces/runge_kutta_45/rk45_vivado/rk45_vivado.gen/sources_1/bd/design_1/ipshared/4675/hdl/axi_dwidth_converter_v2_1_vlsyn_rfs.v:1053]
WARNING: [Synth 8-6014] Unused sequential element cmd_depth_reg was removed.  [/home/davide/workspaces/runge_kutta_45/rk45_vivado/rk45_vivado.gen/sources_1/bd/design_1/ipshared/4675/hdl/axi_dwidth_converter_v2_1_vlsyn_rfs.v:1054]
WARNING: [Synth 8-6014] Unused sequential element USE_B_CHANNEL.cmd_b_empty_i_reg was removed.  [/home/davide/workspaces/runge_kutta_45/rk45_vivado/rk45_vivado.gen/sources_1/bd/design_1/ipshared/4675/hdl/axi_dwidth_converter_v2_1_vlsyn_rfs.v:1132]
WARNING: [Synth 8-6014] Unused sequential element USE_B_CHANNEL.cmd_b_depth_reg was removed.  [/home/davide/workspaces/runge_kutta_45/rk45_vivado/rk45_vivado.gen/sources_1/bd/design_1/ipshared/4675/hdl/axi_dwidth_converter_v2_1_vlsyn_rfs.v:1133]
WARNING: [Synth 8-6014] Unused sequential element cmd_b_push_block_reg was removed.  [/home/davide/workspaces/runge_kutta_45/rk45_vivado/rk45_vivado.gen/sources_1/bd/design_1/ipshared/4675/hdl/axi_dwidth_converter_v2_1_vlsyn_rfs.v:976]
WARNING: [Synth 8-6014] Unused sequential element cmd_empty_reg was removed.  [/home/davide/workspaces/runge_kutta_45/rk45_vivado/rk45_vivado.gen/sources_1/bd/design_1/ipshared/4675/hdl/axi_dwidth_converter_v2_1_vlsyn_rfs.v:968]
WARNING: [Synth 8-6014] Unused sequential element cmd_depth_reg was removed.  [/home/davide/workspaces/runge_kutta_45/rk45_vivado/rk45_vivado.gen/sources_1/bd/design_1/ipshared/4675/hdl/axi_dwidth_converter_v2_1_vlsyn_rfs.v:1054]
WARNING: [Synth 8-7129] Port ALMOST_FULL_I in module output_blk__parameterized2 is either unconnected or has no load
WARNING: [Synth 8-7129] Port PROG_FULL_I in module output_blk__parameterized2 is either unconnected or has no load
WARNING: [Synth 8-7129] Port ALMOST_EMPTY_I in module output_blk__parameterized2 is either unconnected or has no load
WARNING: [Synth 8-7129] Port PROG_EMPTY_I in module output_blk__parameterized2 is either unconnected or has no load
WARNING: [Synth 8-7129] Port WR_ACK_I in module output_blk__parameterized2 is either unconnected or has no load
WARNING: [Synth 8-7129] Port VALID_I in module output_blk__parameterized2 is either unconnected or has no load
WARNING: [Synth 8-7129] Port OVERFLOW_I in module output_blk__parameterized2 is either unconnected or has no load
WARNING: [Synth 8-7129] Port UNDERFLOW_I in module output_blk__parameterized2 is either unconnected or has no load
WARNING: [Synth 8-7129] Port DATA_COUNT_I[5] in module output_blk__parameterized2 is either unconnected or has no load
WARNING: [Synth 8-7129] Port DATA_COUNT_I[4] in module output_blk__parameterized2 is either unconnected or has no load
WARNING: [Synth 8-7129] Port DATA_COUNT_I[3] in module output_blk__parameterized2 is either unconnected or has no load
WARNING: [Synth 8-7129] Port DATA_COUNT_I[2] in module output_blk__parameterized2 is either unconnected or has no load
WARNING: [Synth 8-7129] Port DATA_COUNT_I[1] in module output_blk__parameterized2 is either unconnected or has no load
WARNING: [Synth 8-7129] Port DATA_COUNT_I[0] in module output_blk__parameterized2 is either unconnected or has no load
WARNING: [Synth 8-7129] Port WR_DATA_COUNT_I[5] in module output_blk__parameterized2 is either unconnected or has no load
WARNING: [Synth 8-7129] Port WR_DATA_COUNT_I[4] in module output_blk__parameterized2 is either unconnected or has no load
WARNING: [Synth 8-7129] Port WR_DATA_COUNT_I[3] in module output_blk__parameterized2 is either unconnected or has no load
WARNING: [Synth 8-7129] Port WR_DATA_COUNT_I[2] in module output_blk__parameterized2 is either unconnected or has no load
WARNING: [Synth 8-7129] Port WR_DATA_COUNT_I[1] in module output_blk__parameterized2 is either unconnected or has no load
WARNING: [Synth 8-7129] Port WR_DATA_COUNT_I[0] in module output_blk__parameterized2 is either unconnected or has no load
WARNING: [Synth 8-7129] Port RD_DATA_COUNT_I[5] in module output_blk__parameterized2 is either unconnected or has no load
WARNING: [Synth 8-7129] Port RD_DATA_COUNT_I[4] in module output_blk__parameterized2 is either unconnected or has no load
WARNING: [Synth 8-7129] Port RD_DATA_COUNT_I[3] in module output_blk__parameterized2 is either unconnected or has no load
WARNING: [Synth 8-7129] Port RD_DATA_COUNT_I[2] in module output_blk__parameterized2 is either unconnected or has no load
WARNING: [Synth 8-7129] Port RD_DATA_COUNT_I[1] in module output_blk__parameterized2 is either unconnected or has no load
WARNING: [Synth 8-7129] Port RD_DATA_COUNT_I[0] in module output_blk__parameterized2 is either unconnected or has no load
WARNING: [Synth 8-7129] Port SBITERR_I in module output_blk__parameterized2 is either unconnected or has no load
WARNING: [Synth 8-7129] Port DBITERR_I in module output_blk__parameterized2 is either unconnected or has no load
WARNING: [Synth 8-7129] Port SRST_FULL_FF in module wr_status_flags_ss is either unconnected or has no load
WARNING: [Synth 8-7129] Port WR_RST in module wr_status_flags_ss is either unconnected or has no load
WARNING: [Synth 8-7129] Port SRST in module wr_status_flags_ss is either unconnected or has no load
WARNING: [Synth 8-7129] Port SAFETY_CKT_WR_RST in module wr_status_flags_ss is either unconnected or has no load
WARNING: [Synth 8-7129] Port WR_PNTR_PLUS2[4] in module wr_status_flags_ss is either unconnected or has no load
WARNING: [Synth 8-7129] Port WR_PNTR_PLUS2[3] in module wr_status_flags_ss is either unconnected or has no load
WARNING: [Synth 8-7129] Port WR_PNTR_PLUS2[2] in module wr_status_flags_ss is either unconnected or has no load
WARNING: [Synth 8-7129] Port WR_PNTR_PLUS2[1] in module wr_status_flags_ss is either unconnected or has no load
WARNING: [Synth 8-7129] Port WR_PNTR_PLUS2[0] in module wr_status_flags_ss is either unconnected or has no load
WARNING: [Synth 8-7129] Port WR_PNTR_PLUS3[4] in module wr_status_flags_ss is either unconnected or has no load
WARNING: [Synth 8-7129] Port WR_PNTR_PLUS3[3] in module wr_status_flags_ss is either unconnected or has no load
WARNING: [Synth 8-7129] Port WR_PNTR_PLUS3[2] in module wr_status_flags_ss is either unconnected or has no load
WARNING: [Synth 8-7129] Port WR_PNTR_PLUS3[1] in module wr_status_flags_ss is either unconnected or has no load
WARNING: [Synth 8-7129] Port WR_PNTR_PLUS3[0] in module wr_status_flags_ss is either unconnected or has no load
WARNING: [Synth 8-7129] Port SRST in module wr_bin_cntr is either unconnected or has no load
WARNING: [Synth 8-7129] Port WR_EN_INTO_LOGIC in module wr_logic is either unconnected or has no load
WARNING: [Synth 8-7129] Port WR_RST_INTO_LOGIC in module wr_logic is either unconnected or has no load
WARNING: [Synth 8-7129] Port RD_EN in module wr_logic is either unconnected or has no load
WARNING: [Synth 8-7129] Port WR_RST_BUSY in module wr_logic is either unconnected or has no load
WARNING: [Synth 8-7129] Port EMPTY in module wr_logic is either unconnected or has no load
WARNING: [Synth 8-7129] Port ALMOST_EMPTY in module wr_logic is either unconnected or has no load
WARNING: [Synth 8-7129] Port PROG_FULL_THRESH[4] in module wr_logic is either unconnected or has no load
WARNING: [Synth 8-7129] Port PROG_FULL_THRESH[3] in module wr_logic is either unconnected or has no load
WARNING: [Synth 8-7129] Port PROG_FULL_THRESH[2] in module wr_logic is either unconnected or has no load
WARNING: [Synth 8-7129] Port PROG_FULL_THRESH[1] in module wr_logic is either unconnected or has no load
WARNING: [Synth 8-7129] Port PROG_FULL_THRESH[0] in module wr_logic is either unconnected or has no load
WARNING: [Synth 8-7129] Port PROG_FULL_THRESH_ASSERT[4] in module wr_logic is either unconnected or has no load
WARNING: [Synth 8-7129] Port PROG_FULL_THRESH_ASSERT[3] in module wr_logic is either unconnected or has no load
WARNING: [Synth 8-7129] Port PROG_FULL_THRESH_ASSERT[2] in module wr_logic is either unconnected or has no load
WARNING: [Synth 8-7129] Port PROG_FULL_THRESH_ASSERT[1] in module wr_logic is either unconnected or has no load
WARNING: [Synth 8-7129] Port PROG_FULL_THRESH_ASSERT[0] in module wr_logic is either unconnected or has no load
WARNING: [Synth 8-7129] Port PROG_FULL_THRESH_NEGATE[4] in module wr_logic is either unconnected or has no load
WARNING: [Synth 8-7129] Port PROG_FULL_THRESH_NEGATE[3] in module wr_logic is either unconnected or has no load
WARNING: [Synth 8-7129] Port PROG_FULL_THRESH_NEGATE[2] in module wr_logic is either unconnected or has no load
WARNING: [Synth 8-7129] Port PROG_FULL_THRESH_NEGATE[1] in module wr_logic is either unconnected or has no load
WARNING: [Synth 8-7129] Port PROG_FULL_THRESH_NEGATE[0] in module wr_logic is either unconnected or has no load
WARNING: [Synth 8-7129] Port SRST in module rd_fwft is either unconnected or has no load
WARNING: [Synth 8-7129] Port SAFETY_CKT_RD_RST in module rd_fwft is either unconnected or has no load
WARNING: [Synth 8-7129] Port RAM_ALMOST_EMPTY in module rd_fwft is either unconnected or has no load
WARNING: [Synth 8-7129] Port SRST in module rd_status_flags_ss is either unconnected or has no load
WARNING: [Synth 8-7129] Port SAFETY_CKT_RD_RST in module rd_status_flags_ss is either unconnected or has no load
WARNING: [Synth 8-7129] Port RD_PNTR_PLUS2[4] in module rd_status_flags_ss is either unconnected or has no load
WARNING: [Synth 8-7129] Port RD_PNTR_PLUS2[3] in module rd_status_flags_ss is either unconnected or has no load
WARNING: [Synth 8-7129] Port RD_PNTR_PLUS2[2] in module rd_status_flags_ss is either unconnected or has no load
WARNING: [Synth 8-7129] Port RD_PNTR_PLUS2[1] in module rd_status_flags_ss is either unconnected or has no load
WARNING: [Synth 8-7129] Port RD_PNTR_PLUS2[0] in module rd_status_flags_ss is either unconnected or has no load
WARNING: [Synth 8-7129] Port SRST in module rd_bin_cntr is either unconnected or has no load
WARNING: [Synth 8-7129] Port RD_EN_INTO_LOGIC in module rd_logic is either unconnected or has no load
WARNING: [Synth 8-7129] Port RD_RST_INTO_LOGIC in module rd_logic is either unconnected or has no load
WARNING: [Synth 8-7129] Port RD_RST_BUSY in module rd_logic is either unconnected or has no load
WARNING: [Synth 8-7129] Port RST_FULL_FF in module rd_logic is either unconnected or has no load
WARNING: [Synth 8-7129] Port ALMOST_FULL_FB in module rd_logic is either unconnected or has no load
WARNING: [Synth 8-7129] Port FULL in module rd_logic is either unconnected or has no load
WARNING: [Synth 8-7129] Port WR_PNTR_PLUS1_RD[4] in module rd_logic is either unconnected or has no load
WARNING: [Synth 8-7129] Port WR_PNTR_PLUS1_RD[3] in module rd_logic is either unconnected or has no load
WARNING: [Synth 8-7129] Port WR_PNTR_PLUS1_RD[2] in module rd_logic is either unconnected or has no load
WARNING: [Synth 8-7129] Port WR_PNTR_PLUS1_RD[1] in module rd_logic is either unconnected or has no load
WARNING: [Synth 8-7129] Port WR_PNTR_PLUS1_RD[0] in module rd_logic is either unconnected or has no load
WARNING: [Synth 8-7129] Port PROG_EMPTY_THRESH[4] in module rd_logic is either unconnected or has no load
WARNING: [Synth 8-7129] Port PROG_EMPTY_THRESH[3] in module rd_logic is either unconnected or has no load
WARNING: [Synth 8-7129] Port PROG_EMPTY_THRESH[2] in module rd_logic is either unconnected or has no load
WARNING: [Synth 8-7129] Port PROG_EMPTY_THRESH[1] in module rd_logic is either unconnected or has no load
WARNING: [Synth 8-7129] Port PROG_EMPTY_THRESH[0] in module rd_logic is either unconnected or has no load
WARNING: [Synth 8-7129] Port PROG_EMPTY_THRESH_ASSERT[4] in module rd_logic is either unconnected or has no load
WARNING: [Synth 8-7129] Port PROG_EMPTY_THRESH_ASSERT[3] in module rd_logic is either unconnected or has no load
WARNING: [Synth 8-7129] Port PROG_EMPTY_THRESH_ASSERT[2] in module rd_logic is either unconnected or has no load
WARNING: [Synth 8-7129] Port PROG_EMPTY_THRESH_ASSERT[1] in module rd_logic is either unconnected or has no load
WARNING: [Synth 8-7129] Port PROG_EMPTY_THRESH_ASSERT[0] in module rd_logic is either unconnected or has no load
WARNING: [Synth 8-7129] Port PROG_EMPTY_THRESH_NEGATE[4] in module rd_logic is either unconnected or has no load
WARNING: [Synth 8-7129] Port PROG_EMPTY_THRESH_NEGATE[3] in module rd_logic is either unconnected or has no load
WARNING: [Synth 8-7129] Port PROG_EMPTY_THRESH_NEGATE[2] in module rd_logic is either unconnected or has no load
WARNING: [Synth 8-7129] Port PROG_EMPTY_THRESH_NEGATE[1] in module rd_logic is either unconnected or has no load
INFO: [Common 17-14] Message 'Synth 8-7129' appears 100 times and further instances of the messages will be disabled. Use the Tcl command set_msg_config to change the current settings.
---------------------------------------------------------------------------------
Finished RTL Elaboration : Time (s): cpu = 00:00:09 ; elapsed = 00:00:11 . Memory (MB): peak = 2960.531 ; gain = 579.676 ; free physical = 5290 ; free virtual = 16694
Synthesis current peak Physical Memory [PSS] (MB): peak = 2192.534; parent = 2057.957; children = 134.581
Synthesis current peak Virtual Memory [VSS] (MB): peak = 3947.027; parent = 2960.535; children = 986.492
---------------------------------------------------------------------------------
---------------------------------------------------------------------------------
Start Handling Custom Attributes
---------------------------------------------------------------------------------
---------------------------------------------------------------------------------
Finished Handling Custom Attributes : Time (s): cpu = 00:00:10 ; elapsed = 00:00:11 . Memory (MB): peak = 2978.344 ; gain = 597.488 ; free physical = 5255 ; free virtual = 16659
Synthesis current peak Physical Memory [PSS] (MB): peak = 2192.534; parent = 2057.957; children = 134.581
Synthesis current peak Virtual Memory [VSS] (MB): peak = 3964.840; parent = 2978.348; children = 986.492
---------------------------------------------------------------------------------
---------------------------------------------------------------------------------
Finished RTL Optimization Phase 1 : Time (s): cpu = 00:00:10 ; elapsed = 00:00:11 . Memory (MB): peak = 2978.344 ; gain = 597.488 ; free physical = 5240 ; free virtual = 16643
Synthesis current peak Physical Memory [PSS] (MB): peak = 2192.534; parent = 2057.957; children = 134.581
Synthesis current peak Virtual Memory [VSS] (MB): peak = 3964.840; parent = 2978.348; children = 986.492
---------------------------------------------------------------------------------
Netlist sorting complete. Time (s): cpu = 00:00:00.06 ; elapsed = 00:00:00.06 . Memory (MB): peak = 2984.281 ; gain = 0.000 ; free physical = 5166 ; free virtual = 16570
INFO: [Project 1-570] Preparing netlist for logic optimization

Processing XDC Constraints
Initializing timing engine
Parsing XDC File [/home/davide/workspaces/runge_kutta_45/rk45_vivado/rk45_vivado.gen/sources_1/bd/design_1/ip/design_1_auto_ds_3_2/design_1_auto_ds_3_ooc.xdc] for cell 'inst'
Finished Parsing XDC File [/home/davide/workspaces/runge_kutta_45/rk45_vivado/rk45_vivado.gen/sources_1/bd/design_1/ip/design_1_auto_ds_3_2/design_1_auto_ds_3_ooc.xdc] for cell 'inst'
Parsing XDC File [/home/davide/workspaces/runge_kutta_45/rk45_vivado/rk45_vivado.runs/design_1_auto_ds_3_synth_1/dont_touch.xdc]
Finished Parsing XDC File [/home/davide/workspaces/runge_kutta_45/rk45_vivado/rk45_vivado.runs/design_1_auto_ds_3_synth_1/dont_touch.xdc]
INFO: [Project 1-1714] 6 XPM XDC files have been applied to the design.
Completed Processing XDC Constraints

Netlist sorting complete. Time (s): cpu = 00:00:00 ; elapsed = 00:00:00 . Memory (MB): peak = 3090.094 ; gain = 0.000 ; free physical = 4910 ; free virtual = 16301
INFO: [Project 1-111] Unisim Transformation Summary:
No Unisim elements were transformed.

Constraint Validation Runtime : Time (s): cpu = 00:00:00.1 ; elapsed = 00:00:00.06 . Memory (MB): peak = 3090.094 ; gain = 0.000 ; free physical = 4907 ; free virtual = 16298
INFO: [Designutils 20-5008] Incremental synthesis strategy off
INFO: [Synth 8-11241] undeclared symbol 'REGCCE', assumed default net type 'wire' [/opt/Xilinx/Vivado/2022.2/data/verilog/src/unimacro/BRAM_SINGLE_MACRO.v:2170]
---------------------------------------------------------------------------------
Finished Constraint Validation : Time (s): cpu = 00:00:16 ; elapsed = 00:00:17 . Memory (MB): peak = 3090.094 ; gain = 709.238 ; free physical = 5110 ; free virtual = 16512
Synthesis current peak Physical Memory [PSS] (MB): peak = 2192.534; parent = 2057.957; children = 134.581
Synthesis current peak Virtual Memory [VSS] (MB): peak = 4044.574; parent = 3058.082; children = 986.492
---------------------------------------------------------------------------------
---------------------------------------------------------------------------------
Start Loading Part and Timing Information
---------------------------------------------------------------------------------
Loading part: xc7z020clg400-1
---------------------------------------------------------------------------------
Finished Loading Part and Timing Information : Time (s): cpu = 00:00:16 ; elapsed = 00:00:17 . Memory (MB): peak = 3090.094 ; gain = 709.238 ; free physical = 5111 ; free virtual = 16512
Synthesis current peak Physical Memory [PSS] (MB): peak = 2192.534; parent = 2057.957; children = 134.581
Synthesis current peak Virtual Memory [VSS] (MB): peak = 4044.574; parent = 3058.082; children = 986.492
---------------------------------------------------------------------------------
---------------------------------------------------------------------------------
Start Applying 'set_property' XDC Constraints
---------------------------------------------------------------------------------
Applied set_property KEEP_HIERARCHY = SOFT for inst. (constraint file  /home/davide/workspaces/runge_kutta_45/rk45_vivado/rk45_vivado.runs/design_1_auto_ds_3_synth_1/dont_touch.xdc, line 9).
Applied set_property KEEP_HIERARCHY = SOFT for inst/\gen_downsizer.gen_cascaded_downsizer.gen_axi3_conv.axi3_conv_inst /\gen_axi4_axi3.axi3_conv_inst /\USE_WRITE.write_addr_inst /\USE_BURSTS.cmd_queue /inst/fifo_gen_inst/inst_fifo_gen/\gconvfifo.rf /\grf.rf /rstblk/\ngwrdrst.grst.g7serrst.gnsckt_wrst.rst_wr_reg2_inst . (constraint file  auto generated constraint).
Applied set_property KEEP_HIERARCHY = SOFT for inst/\gen_downsizer.gen_cascaded_downsizer.gen_axi3_conv.axi3_conv_inst /\gen_axi4_axi3.axi3_conv_inst /\USE_WRITE.write_addr_inst /\USE_B_CHANNEL.cmd_b_queue /inst/fifo_gen_inst/inst_fifo_gen/\gconvfifo.rf /\grf.rf /rstblk/\ngwrdrst.grst.g7serrst.gnsckt_wrst.rst_wr_reg2_inst . (constraint file  auto generated constraint).
Applied set_property KEEP_HIERARCHY = SOFT for inst/\gen_downsizer.gen_cascaded_downsizer.gen_axi3_conv.axi3_conv_inst /\gen_axi4_axi3.axi3_conv_inst /\USE_READ.USE_SPLIT_R.read_addr_inst /\USE_R_CHANNEL.cmd_queue /inst/fifo_gen_inst/inst_fifo_gen/\gconvfifo.rf /\grf.rf /rstblk/\ngwrdrst.grst.g7serrst.gnsckt_wrst.rst_wr_reg2_inst . (constraint file  auto generated constraint).
Applied set_property KEEP_HIERARCHY = SOFT for inst/\gen_downsizer.gen_cascaded_downsizer.first_downsizer_inst /\USE_WRITE.write_addr_inst /\USE_B_CHANNEL.cmd_b_queue /inst/fifo_gen_inst/inst_fifo_gen/\gconvfifo.rf /\grf.rf /rstblk/\ngwrdrst.grst.g7serrst.gnsckt_wrst.rst_wr_reg2_inst . (constraint file  auto generated constraint).
Applied set_property KEEP_HIERARCHY = SOFT for inst/\gen_downsizer.gen_cascaded_downsizer.first_downsizer_inst /\USE_WRITE.write_addr_inst /cmd_queue/inst/fifo_gen_inst/inst_fifo_gen/\gconvfifo.rf /\grf.rf /rstblk/\ngwrdrst.grst.g7serrst.gnsckt_wrst.rst_wr_reg2_inst . (constraint file  auto generated constraint).
Applied set_property KEEP_HIERARCHY = SOFT for inst/\gen_downsizer.gen_cascaded_downsizer.first_downsizer_inst /\USE_READ.read_addr_inst /cmd_queue/inst/fifo_gen_inst/inst_fifo_gen/\gconvfifo.rf /\grf.rf /rstblk/\ngwrdrst.grst.g7serrst.gnsckt_wrst.rst_wr_reg2_inst . (constraint file  auto generated constraint).
---------------------------------------------------------------------------------
Finished applying 'set_property' XDC Constraints : Time (s): cpu = 00:00:16 ; elapsed = 00:00:17 . Memory (MB): peak = 3090.094 ; gain = 709.238 ; free physical = 5092 ; free virtual = 16493
Synthesis current peak Physical Memory [PSS] (MB): peak = 2192.534; parent = 2057.957; children = 134.581
Synthesis current peak Virtual Memory [VSS] (MB): peak = 4044.574; parent = 3058.082; children = 986.492
---------------------------------------------------------------------------------
INFO: [Synth 8-802] inferred FSM for state register 'gpregsm1.curr_fwft_state_reg' in module 'rd_fwft'
INFO: [Synth 8-6159] Found Keep on FSM register 'gpregsm1.curr_fwft_state_reg' in module 'rd_fwft', re-encoding will not be performed
---------------------------------------------------------------------------------------------------
                   State |                     New Encoding |                Previous Encoding 
---------------------------------------------------------------------------------------------------
                 invalid |                               00 |                               00
            stage1_valid |                               10 |                               10
       both_stages_valid |                               11 |                               11
            stage2_valid |                               01 |                               01
---------------------------------------------------------------------------------------------------
---------------------------------------------------------------------------------
Finished RTL Optimization Phase 2 : Time (s): cpu = 00:00:17 ; elapsed = 00:00:19 . Memory (MB): peak = 3090.094 ; gain = 709.238 ; free physical = 4803 ; free virtual = 16220
Synthesis current peak Physical Memory [PSS] (MB): peak = 2192.534; parent = 2057.957; children = 134.581
Synthesis current peak Virtual Memory [VSS] (MB): peak = 4044.574; parent = 3058.082; children = 986.492
---------------------------------------------------------------------------------
---------------------------------------------------------------------------------
Start RTL Component Statistics 
---------------------------------------------------------------------------------
Detailed RTL Component Info : 
+---Adders : 
	   2 Input   64 Bit       Adders := 4     
	   2 Input    8 Bit       Adders := 8     
	   3 Input    8 Bit       Adders := 2     
	   2 Input    6 Bit       Adders := 3     
	   2 Input    5 Bit       Adders := 14    
	   2 Input    4 Bit       Adders := 7     
+---XORs : 
	   2 Input      1 Bit         XORs := 120   
+---Registers : 
	               64 Bit    Registers := 16    
	               29 Bit    Registers := 4     
	               16 Bit    Registers := 2     
	               12 Bit    Registers := 4     
	                9 Bit    Registers := 2     
	                8 Bit    Registers := 16    
	                7 Bit    Registers := 2     
	                6 Bit    Registers := 3     
	                5 Bit    Registers := 28    
	                4 Bit    Registers := 29    
	                3 Bit    Registers := 8     
	                2 Bit    Registers := 21    
	                1 Bit    Registers := 123   
+---Muxes : 
	   8 Input   64 Bit        Muxes := 4     
	   2 Input   64 Bit        Muxes := 9     
	   3 Input   16 Bit        Muxes := 2     
	   2 Input   16 Bit        Muxes := 2     
	   8 Input   12 Bit        Muxes := 2     
	   2 Input   12 Bit        Muxes := 2     
	   2 Input    8 Bit        Muxes := 14    
	   8 Input    7 Bit        Muxes := 2     
	   2 Input    4 Bit        Muxes := 7     
	   8 Input    4 Bit        Muxes := 6     
	   2 Input    3 Bit        Muxes := 2     
	   2 Input    2 Bit        Muxes := 81    
	   4 Input    2 Bit        Muxes := 6     
	   5 Input    2 Bit        Muxes := 6     
	   3 Input    2 Bit        Muxes := 2     
	   3 Input    1 Bit        Muxes := 6     
	   2 Input    1 Bit        Muxes := 52    
	   4 Input    1 Bit        Muxes := 13    
---------------------------------------------------------------------------------
Finished RTL Component Statistics 
---------------------------------------------------------------------------------
---------------------------------------------------------------------------------
Start Part Resource Summary
---------------------------------------------------------------------------------
Part Resources:
DSPs: 220 (col length:60)
BRAMs: 280 (col length: RAMB18 60 RAMB36 30)
---------------------------------------------------------------------------------
Finished Part Resource Summary
---------------------------------------------------------------------------------
---------------------------------------------------------------------------------
Start Cross Boundary and Area Optimization
---------------------------------------------------------------------------------
WARNING: [Synth 8-7080] Parallel synthesis criteria is not met
---------------------------------------------------------------------------------
Finished Cross Boundary and Area Optimization : Time (s): cpu = 00:00:22 ; elapsed = 00:00:24 . Memory (MB): peak = 3090.094 ; gain = 709.238 ; free physical = 5300 ; free virtual = 16698
Synthesis current peak Physical Memory [PSS] (MB): peak = 2192.534; parent = 2057.957; children = 138.492
Synthesis current peak Virtual Memory [VSS] (MB): peak = 4044.574; parent = 3058.082; children = 986.492
---------------------------------------------------------------------------------
---------------------------------------------------------------------------------
Start ROM, RAM, DSP, Shift Register and Retiming Reporting
---------------------------------------------------------------------------------

Distributed RAM: Preliminary Mapping Report (see note below)
+-------------------------------------------------------------------------------------------------------------------------------------------------------------------------------------+-------------------------------------------------------------------------------+----------------+----------------------+---------------+
|Module Name                                                                                                                                                                          | RTL Object                                                                    | Inference      | Size (Depth x Width) | Primitives    | 
+-------------------------------------------------------------------------------------------------------------------------------------------------------------------------------------+-------------------------------------------------------------------------------+----------------+----------------------+---------------+
|inst/\gen_downsizer.gen_cascaded_downsizer.gen_axi3_conv.axi3_conv_inst/gen_axi4_axi3.axi3_conv_inst/USE_WRITE.write_addr_inst/USE_BURSTS.cmd_queue/inst/fifo_gen_inst               | inst_fifo_gen/gconvfifo.rf/grf.rf/gntv_or_sync_fifo.mem/gdm.dm_gen.dm/RAM_reg | User Attribute | 32 x 5               | RAM32M x 1    | 
|inst/\gen_downsizer.gen_cascaded_downsizer.gen_axi3_conv.axi3_conv_inst/gen_axi4_axi3.axi3_conv_inst/USE_WRITE.write_addr_inst/USE_B_CHANNEL.cmd_b_queue/inst/fifo_gen_inst          | inst_fifo_gen/gconvfifo.rf/grf.rf/gntv_or_sync_fifo.mem/gdm.dm_gen.dm/RAM_reg | User Attribute | 32 x 5               | RAM32M x 1    | 
|inst/\gen_downsizer.gen_cascaded_downsizer.gen_axi3_conv.axi3_conv_inst/gen_axi4_axi3.axi3_conv_inst/USE_READ.USE_SPLIT_R.read_addr_inst/USE_R_CHANNEL.cmd_queue/inst/fifo_gen_inst  | inst_fifo_gen/gconvfifo.rf/grf.rf/gntv_or_sync_fifo.mem/gdm.dm_gen.dm/RAM_reg | User Attribute | 32 x 1               | RAM32X1D x 1  | 
|inst/\gen_downsizer.gen_cascaded_downsizer.first_downsizer_inst/USE_WRITE.write_addr_inst/USE_B_CHANNEL.cmd_b_queue/inst/fifo_gen_inst                                               | inst_fifo_gen/gconvfifo.rf/grf.rf/gntv_or_sync_fifo.mem/gdm.dm_gen.dm/RAM_reg | User Attribute | 32 x 9               | RAM32M x 2    | 
|inst/\gen_downsizer.gen_cascaded_downsizer.first_downsizer_inst/USE_WRITE.write_addr_inst/cmd_queue/inst/fifo_gen_inst                                                               | inst_fifo_gen/gconvfifo.rf/grf.rf/gntv_or_sync_fifo.mem/gdm.dm_gen.dm/RAM_reg | User Attribute | 32 x 29              | RAM32M x 5    | 
|inst/\gen_downsizer.gen_cascaded_downsizer.first_downsizer_inst/USE_READ.read_addr_inst/cmd_queue/inst/fifo_gen_inst                                                                 | inst_fifo_gen/gconvfifo.rf/grf.rf/gntv_or_sync_fifo.mem/gdm.dm_gen.dm/RAM_reg | User Attribute | 32 x 29              | RAM32M x 5    | 
+-------------------------------------------------------------------------------------------------------------------------------------------------------------------------------------+-------------------------------------------------------------------------------+----------------+----------------------+---------------+

Note: The table above is a preliminary report that shows the Distributed RAMs at the current stage of the synthesis flow. Some Distributed RAMs may be reimplemented as non Distributed RAM primitives later in the synthesis flow. Multiple instantiated RAMs are reported only once.
---------------------------------------------------------------------------------
Finished ROM, RAM, DSP, Shift Register and Retiming Reporting
---------------------------------------------------------------------------------
---------------------------------------------------------------------------------
Start Applying XDC Timing Constraints
---------------------------------------------------------------------------------
---------------------------------------------------------------------------------
Finished Applying XDC Timing Constraints : Time (s): cpu = 00:00:26 ; elapsed = 00:00:28 . Memory (MB): peak = 3090.094 ; gain = 709.238 ; free physical = 10496 ; free virtual = 21925
Synthesis current peak Physical Memory [PSS] (MB): peak = 2192.534; parent = 2057.957; children = 152.709
Synthesis current peak Virtual Memory [VSS] (MB): peak = 4044.574; parent = 3058.082; children = 986.492
---------------------------------------------------------------------------------
---------------------------------------------------------------------------------
Start Timing Optimization
---------------------------------------------------------------------------------
---------------------------------------------------------------------------------
Finished Timing Optimization : Time (s): cpu = 00:00:29 ; elapsed = 00:00:31 . Memory (MB): peak = 3090.094 ; gain = 709.238 ; free physical = 10683 ; free virtual = 22108
Synthesis current peak Physical Memory [PSS] (MB): peak = 2192.534; parent = 2057.957; children = 155.947
Synthesis current peak Virtual Memory [VSS] (MB): peak = 4044.574; parent = 3058.082; children = 986.492
---------------------------------------------------------------------------------
---------------------------------------------------------------------------------
Start ROM, RAM, DSP, Shift Register and Retiming Reporting
---------------------------------------------------------------------------------

Distributed RAM: Final Mapping Report
+-------------------------------------------------------------------------------------------------------------------------------------------------------------------------------------+-------------------------------------------------------------------------------+----------------+----------------------+---------------+
|Module Name                                                                                                                                                                          | RTL Object                                                                    | Inference      | Size (Depth x Width) | Primitives    | 
+-------------------------------------------------------------------------------------------------------------------------------------------------------------------------------------+-------------------------------------------------------------------------------+----------------+----------------------+---------------+
|inst/\gen_downsizer.gen_cascaded_downsizer.gen_axi3_conv.axi3_conv_inst/gen_axi4_axi3.axi3_conv_inst/USE_WRITE.write_addr_inst/USE_BURSTS.cmd_queue/inst/fifo_gen_inst               | inst_fifo_gen/gconvfifo.rf/grf.rf/gntv_or_sync_fifo.mem/gdm.dm_gen.dm/RAM_reg | User Attribute | 32 x 5               | RAM32M x 1    | 
|inst/\gen_downsizer.gen_cascaded_downsizer.gen_axi3_conv.axi3_conv_inst/gen_axi4_axi3.axi3_conv_inst/USE_WRITE.write_addr_inst/USE_B_CHANNEL.cmd_b_queue/inst/fifo_gen_inst          | inst_fifo_gen/gconvfifo.rf/grf.rf/gntv_or_sync_fifo.mem/gdm.dm_gen.dm/RAM_reg | User Attribute | 32 x 5               | RAM32M x 1    | 
|inst/\gen_downsizer.gen_cascaded_downsizer.gen_axi3_conv.axi3_conv_inst/gen_axi4_axi3.axi3_conv_inst/USE_READ.USE_SPLIT_R.read_addr_inst/USE_R_CHANNEL.cmd_queue/inst/fifo_gen_inst  | inst_fifo_gen/gconvfifo.rf/grf.rf/gntv_or_sync_fifo.mem/gdm.dm_gen.dm/RAM_reg | User Attribute | 32 x 1               | RAM32X1D x 1  | 
|inst/\gen_downsizer.gen_cascaded_downsizer.first_downsizer_inst/USE_WRITE.write_addr_inst/USE_B_CHANNEL.cmd_b_queue/inst/fifo_gen_inst                                               | inst_fifo_gen/gconvfifo.rf/grf.rf/gntv_or_sync_fifo.mem/gdm.dm_gen.dm/RAM_reg | User Attribute | 32 x 9               | RAM32M x 2    | 
|inst/\gen_downsizer.gen_cascaded_downsizer.first_downsizer_inst/USE_WRITE.write_addr_inst/cmd_queue/inst/fifo_gen_inst                                                               | inst_fifo_gen/gconvfifo.rf/grf.rf/gntv_or_sync_fifo.mem/gdm.dm_gen.dm/RAM_reg | User Attribute | 32 x 29              | RAM32M x 5    | 
|inst/\gen_downsizer.gen_cascaded_downsizer.first_downsizer_inst/USE_READ.read_addr_inst/cmd_queue/inst/fifo_gen_inst                                                                 | inst_fifo_gen/gconvfifo.rf/grf.rf/gntv_or_sync_fifo.mem/gdm.dm_gen.dm/RAM_reg | User Attribute | 32 x 29              | RAM32M x 5    | 
+-------------------------------------------------------------------------------------------------------------------------------------------------------------------------------------+-------------------------------------------------------------------------------+----------------+----------------------+---------------+

---------------------------------------------------------------------------------
Finished ROM, RAM, DSP, Shift Register and Retiming Reporting
---------------------------------------------------------------------------------
---------------------------------------------------------------------------------
Start Technology Mapping
---------------------------------------------------------------------------------
---------------------------------------------------------------------------------
Finished Technology Mapping : Time (s): cpu = 00:00:30 ; elapsed = 00:00:32 . Memory (MB): peak = 3090.094 ; gain = 709.238 ; free physical = 10378 ; free virtual = 21811
Synthesis current peak Physical Memory [PSS] (MB): peak = 2192.534; parent = 2057.957; children = 155.947
Synthesis current peak Virtual Memory [VSS] (MB): peak = 4044.574; parent = 3058.082; children = 986.492
---------------------------------------------------------------------------------
---------------------------------------------------------------------------------
Start IO Insertion
---------------------------------------------------------------------------------
---------------------------------------------------------------------------------
Start Flattening Before IO Insertion
---------------------------------------------------------------------------------
---------------------------------------------------------------------------------
Finished Flattening Before IO Insertion
---------------------------------------------------------------------------------
---------------------------------------------------------------------------------
Start Final Netlist Cleanup
---------------------------------------------------------------------------------
---------------------------------------------------------------------------------
Finished Final Netlist Cleanup
---------------------------------------------------------------------------------
---------------------------------------------------------------------------------
Finished IO Insertion : Time (s): cpu = 00:00:33 ; elapsed = 00:00:35 . Memory (MB): peak = 3090.094 ; gain = 709.238 ; free physical = 9699 ; free virtual = 21124
Synthesis current peak Physical Memory [PSS] (MB): peak = 2192.534; parent = 2057.957; children = 155.947
Synthesis current peak Virtual Memory [VSS] (MB): peak = 4044.574; parent = 3058.082; children = 986.492
---------------------------------------------------------------------------------
---------------------------------------------------------------------------------
Start Renaming Generated Instances
---------------------------------------------------------------------------------
---------------------------------------------------------------------------------
Finished Renaming Generated Instances : Time (s): cpu = 00:00:33 ; elapsed = 00:00:35 . Memory (MB): peak = 3090.094 ; gain = 709.238 ; free physical = 9775 ; free virtual = 21200
Synthesis current peak Physical Memory [PSS] (MB): peak = 2192.534; parent = 2057.957; children = 155.947
Synthesis current peak Virtual Memory [VSS] (MB): peak = 4044.574; parent = 3058.082; children = 986.492
---------------------------------------------------------------------------------
---------------------------------------------------------------------------------
Start Rebuilding User Hierarchy
---------------------------------------------------------------------------------
---------------------------------------------------------------------------------
Finished Rebuilding User Hierarchy : Time (s): cpu = 00:00:33 ; elapsed = 00:00:35 . Memory (MB): peak = 3090.094 ; gain = 709.238 ; free physical = 9516 ; free virtual = 20941
Synthesis current peak Physical Memory [PSS] (MB): peak = 2192.534; parent = 2057.957; children = 155.947
Synthesis current peak Virtual Memory [VSS] (MB): peak = 4044.574; parent = 3058.082; children = 986.492
---------------------------------------------------------------------------------
---------------------------------------------------------------------------------
Start Renaming Generated Ports
---------------------------------------------------------------------------------
---------------------------------------------------------------------------------
Finished Renaming Generated Ports : Time (s): cpu = 00:00:33 ; elapsed = 00:00:35 . Memory (MB): peak = 3090.094 ; gain = 709.238 ; free physical = 9467 ; free virtual = 20893
Synthesis current peak Physical Memory [PSS] (MB): peak = 2192.534; parent = 2057.957; children = 155.947
Synthesis current peak Virtual Memory [VSS] (MB): peak = 4044.574; parent = 3058.082; children = 986.492
---------------------------------------------------------------------------------
---------------------------------------------------------------------------------
Start Handling Custom Attributes
---------------------------------------------------------------------------------
---------------------------------------------------------------------------------
Finished Handling Custom Attributes : Time (s): cpu = 00:00:33 ; elapsed = 00:00:35 . Memory (MB): peak = 3090.094 ; gain = 709.238 ; free physical = 9375 ; free virtual = 20808
Synthesis current peak Physical Memory [PSS] (MB): peak = 2192.534; parent = 2057.957; children = 155.947
Synthesis current peak Virtual Memory [VSS] (MB): peak = 4044.574; parent = 3058.082; children = 986.492
---------------------------------------------------------------------------------
---------------------------------------------------------------------------------
Start Renaming Generated Nets
---------------------------------------------------------------------------------
---------------------------------------------------------------------------------
Finished Renaming Generated Nets : Time (s): cpu = 00:00:33 ; elapsed = 00:00:35 . Memory (MB): peak = 3090.094 ; gain = 709.238 ; free physical = 9363 ; free virtual = 20796
Synthesis current peak Physical Memory [PSS] (MB): peak = 2192.534; parent = 2057.957; children = 155.947
Synthesis current peak Virtual Memory [VSS] (MB): peak = 4044.574; parent = 3058.082; children = 986.492
---------------------------------------------------------------------------------
---------------------------------------------------------------------------------
Start Writing Synthesis Report
---------------------------------------------------------------------------------

Report BlackBoxes: 
+-+--------------+----------+
| |BlackBox name |Instances |
+-+--------------+----------+
+-+--------------+----------+

Report Cell Usage: 
+------+---------+------+
|      |Cell     |Count |
+------+---------+------+
|1     |CARRY4   |    66|
|2     |LUT1     |    90|
|3     |LUT2     |    85|
|4     |LUT3     |   194|
|5     |LUT4     |   299|
|6     |LUT5     |   385|
|7     |LUT6     |   489|
|8     |RAM32M   |    14|
|9     |RAM32X1D |     1|
|10    |FDCE     |   138|
|11    |FDPE     |    66|
|12    |FDRE     |  1284|
|13    |FDSE     |     5|
+------+---------+------+
---------------------------------------------------------------------------------
Finished Writing Synthesis Report : Time (s): cpu = 00:00:33 ; elapsed = 00:00:35 . Memory (MB): peak = 3090.094 ; gain = 709.238 ; free physical = 9349 ; free virtual = 20783
Synthesis current peak Physical Memory [PSS] (MB): peak = 2192.534; parent = 2057.957; children = 155.947
Synthesis current peak Virtual Memory [VSS] (MB): peak = 4044.574; parent = 3058.082; children = 986.492
---------------------------------------------------------------------------------
Synthesis finished with 0 errors, 0 critical warnings and 3209 warnings.
Synthesis Optimization Runtime : Time (s): cpu = 00:00:31 ; elapsed = 00:00:33 . Memory (MB): peak = 3090.094 ; gain = 597.488 ; free physical = 9374 ; free virtual = 20807
Synthesis Optimization Complete : Time (s): cpu = 00:00:33 ; elapsed = 00:00:36 . Memory (MB): peak = 3090.094 ; gain = 709.238 ; free physical = 9364 ; free virtual = 20797
INFO: [Project 1-571] Translating synthesized netlist
Netlist sorting complete. Time (s): cpu = 00:00:00.04 ; elapsed = 00:00:00.04 . Memory (MB): peak = 3090.094 ; gain = 0.000 ; free physical = 9361 ; free virtual = 20794
INFO: [Netlist 29-17] Analyzing 81 Unisim elements for replacement
INFO: [Netlist 29-28] Unisim Transformation completed in 0 CPU seconds
INFO: [Project 1-570] Preparing netlist for logic optimization
INFO: [Opt 31-138] Pushed 0 inverter(s) to 0 load pin(s).
Netlist sorting complete. Time (s): cpu = 00:00:00 ; elapsed = 00:00:00.01 . Memory (MB): peak = 3090.094 ; gain = 0.000 ; free physical = 8919 ; free virtual = 20352
INFO: [Project 1-111] Unisim Transformation Summary:
  A total of 15 instances were transformed.
  RAM32M => RAM32M (RAMD32(x6), RAMS32(x2)): 14 instances
  RAM32X1D => RAM32X1D (RAMD32(x2)): 1 instance 

Synth Design complete, checksum: 5c1a702d
INFO: [Common 17-83] Releasing license: Synthesis
73 Infos, 113 Warnings, 0 Critical Warnings and 0 Errors encountered.
synth_design completed successfully
synth_design: Time (s): cpu = 00:00:41 ; elapsed = 00:00:40 . Memory (MB): peak = 3090.094 ; gain = 1042.801 ; free physical = 8976 ; free virtual = 20410
INFO: [Common 17-1381] The checkpoint '/home/davide/workspaces/runge_kutta_45/rk45_vivado/rk45_vivado.runs/design_1_auto_ds_3_synth_1/design_1_auto_ds_3.dcp' has been generated.
INFO: [Coretcl 2-1648] Added synthesis output to IP cache for IP design_1_auto_ds_3, cache-ID = e6a6d52cd861a552
INFO: [Coretcl 2-1174] Renamed 115 cell refs.
INFO: [Common 17-1381] The checkpoint '/home/davide/workspaces/runge_kutta_45/rk45_vivado/rk45_vivado.runs/design_1_auto_ds_3_synth_1/design_1_auto_ds_3.dcp' has been generated.
INFO: [runtcl-4] Executing : report_utilization -file design_1_auto_ds_3_utilization_synth.rpt -pb design_1_auto_ds_3_utilization_synth.pb
INFO: [Common 17-206] Exiting Vivado at Mon Jun 26 15:32:22 2023...
