Copyright 1986-2022 Xilinx, Inc. All Rights Reserved.
------------------------------------------------------------------------------------
| Tool Version : Vivado v.2022.1 (lin64) Build 3526262 Mon Apr 18 15:47:01 MDT 2022
| Date         : Mon Jun 26 11:09:51 2023
| Host         : davide-N552VW running 64-bit Ubuntu 20.04.6 LTS
| Command      : upgrade_ip
| Device       : xc7z020clg400-1
------------------------------------------------------------------------------------

Upgrade Log for IP 'design_1_runge_kutta_45_0_0'

1. Summary
----------

SUCCESS in the upgrade of design_1_runge_kutta_45_0_0 (xilinx.com:hls:runge_kutta_45:1.0) from (Rev. 2113091986) to (Rev. 2113092009)






Copyright 1986-2022 Xilinx, Inc. All Rights Reserved.
------------------------------------------------------------------------------------
| Tool Version : Vivado v.2022.1 (lin64) Build 3526262 Mon Apr 18 15:47:01 MDT 2022
| Date         : Mon Jun 26 10:48:00 2023
| Host         : davide-N552VW running 64-bit Ubuntu 20.04.6 LTS
| Command      : upgrade_ip
| Device       : xc7z020clg400-1
------------------------------------------------------------------------------------

Upgrade Log for IP 'design_1_runge_kutta_45_0_0'

1. Summary
----------

SUCCESS in the upgrade of design_1_runge_kutta_45_0_0 (xilinx.com:hls:runge_kutta_45:1.0) from (Rev. 2113091962) to (Rev. 2113091986)






Copyright 1986-2022 Xilinx, Inc. All Rights Reserved.
------------------------------------------------------------------------------------
| Tool Version : Vivado v.2022.1 (lin64) Build 3526262 Mon Apr 18 15:47:01 MDT 2022
| Date         : Mon Jun 26 10:23:51 2023
| Host         : davide-N552VW running 64-bit Ubuntu 20.04.6 LTS
| Command      : upgrade_ip
| Device       : xc7z020clg400-1
------------------------------------------------------------------------------------

Upgrade Log for IP 'design_1_runge_kutta_45_0_0'

1. Summary
----------

SUCCESS in the upgrade of design_1_runge_kutta_45_0_0 (xilinx.com:hls:runge_kutta_45:1.0) from (Rev. 2113091683) to (Rev. 2113091962)

